2019-12-12 08:57:23,159 DEBUG - 60.293ms,commonrequest:getBlockNumber:DONE
2019-12-12 08:57:23,204 DEBUG - 44.977ms,commonrequest:getClientVersion:DONE
2019-12-12 08:57:57,256 DEBUG - 10.214ms,commonrequest:getBlockNumber:DONE
2019-12-12 08:57:57,302 DEBUG - 45.350ms,commonrequest:getBlockNumber:DONE
2019-12-12 08:58:36,415 DEBUG - 9.620ms,commonrequest:getBlockNumber:DONE
2019-12-12 09:53:20,605 DEBUG - 39.358ms,commonrequest:getBlockNumber:DONE
2019-12-12 09:53:20,661 DEBUG - 48.097ms,commonrequest:getClientVersion:DONE
2019-12-12 09:56:34,860 DEBUG - 12.644ms,commonrequest:getBlockNumber:DONE
2019-12-12 09:56:34,913 DEBUG - 52.339ms,commonrequest:getClientVersion:DONE
2019-12-12 09:57:07,055 DEBUG - 11.563ms,commonrequest:getBlockNumber:DONE
2019-12-12 09:57:07,099 DEBUG - 43.308ms,commonrequest:getClientVersion:DONE
2019-12-12 09:57:45,742 DEBUG - 8.919ms,commonrequest:getBlockNumber:DONE
2019-12-12 09:57:45,788 DEBUG - 45.036ms,commonrequest:getPeers:DONE
2019-12-12 10:01:47,922 DEBUG - 6.385ms,commonrequest:getBlockNumber:DONE
2019-12-12 10:01:48,998 DEBUG - 36.181ms,commonrequest:call:DONE
2019-12-12 11:44:15,364 DEBUG - 37.791ms,commonrequest:getBlockNumber:DONE
2019-12-12 11:44:16,837 DEBUG - 450.675ms,commonrequest:sendRawTransaction:DONE
2019-12-12 11:44:17,347 DEBUG - 497.961ms,commonrequest:sendRawTransaction:DONE
2019-12-12 11:44:17,355 DEBUG - 7.063ms,commonrequest:getTransactionByHash:DONE
2019-12-12 11:44:17,366 DEBUG - 10.099ms,commonrequest:call:DONE
2019-12-12 11:44:17,372 DEBUG - 5.358ms,commonrequest:call:DONE
2019-12-12 11:44:17,381 DEBUG - 8.010ms,commonrequest:call:DONE
2019-12-12 11:44:17,384 DEBUG - 1.951ms,commonrequest:call:DONE
2019-12-12 23:55:00,950 DEBUG - 22.941ms,commonrequest:getBlockNumber:DONE
2019-12-12 23:57:43,642 DEBUG - 12.225ms,commonrequest:getBlockNumber:DONE
2019-12-13 00:01:17,200 DEBUG - 22.673ms,commonrequest:getBlockNumber:DONE
2019-12-13 00:03:26,228 DEBUG - 11.262ms,commonrequest:getBlockNumber:DONE
2019-12-13 00:04:11,363 DEBUG - 4.826ms,commonrequest:getBlockNumber:DONE
2019-12-13 00:06:08,109 DEBUG - 4.407ms,commonrequest:getBlockNumber:DONE
2019-12-13 00:06:35,914 DEBUG - 10.322ms,commonrequest:getBlockNumber:DONE
2019-12-13 00:08:01,179 DEBUG - 9.586ms,commonrequest:getBlockNumber:DONE
2019-12-13 00:09:44,549 DEBUG - 9.334ms,commonrequest:getBlockNumber:DONE
2019-12-13 00:12:36,511 DEBUG - 18.691ms,commonrequest:getBlockNumber:DONE
2019-12-13 00:28:08,920 DEBUG - 38.214ms,commonrequest:getBlockNumber:DONE
2019-12-13 00:31:33,332 DEBUG - 20.504ms,commonrequest:getBlockNumber:DONE
2019-12-13 00:34:50,494 DEBUG - 18.748ms,commonrequest:getBlockNumber:DONE
2019-12-13 00:37:40,171 DEBUG - 26.047ms,commonrequest:getBlockNumber:DONE
2019-12-13 00:41:47,615 DEBUG - 36.538ms,commonrequest:getBlockNumber:DONE
2019-12-13 00:42:39,955 DEBUG - 26.201ms,commonrequest:getBlockNumber:DONE
2019-12-13 00:42:58,743 DEBUG - 882.486ms,commonrequest:sendRawTransaction:DONE
2019-12-13 00:48:21,497 DEBUG - 61.067ms,commonrequest:getBlockNumber:DONE
2019-12-13 00:48:41,615 DEBUG - 149.060ms,commonrequest:sendRawTransaction:DONE
2019-12-13 00:54:52,869 DEBUG - 50.235ms,commonrequest:getBlockNumber:DONE
2019-12-13 00:55:04,484 DEBUG - 792.109ms,commonrequest:sendRawTransaction:DONE
2019-12-13 01:17:10,451 DEBUG - 64.472ms,commonrequest:getBlockNumber:DONE
2019-12-13 01:17:26,502 DEBUG - 639.643ms,commonrequest:sendRawTransaction:DONE
2019-12-13 01:17:27,042 DEBUG - 520.519ms,commonrequest:sendRawTransaction:DONE
2019-12-13 01:19:07,916 DEBUG - 19.646ms,commonrequest:getBlockNumber:DONE
2019-12-13 01:19:20,970 DEBUG - 57.096ms,commonrequest:sendRawTransaction:DONE
2019-12-13 01:19:21,536 DEBUG - 543.599ms,commonrequest:sendRawTransaction:DONE
2019-12-13 01:22:57,502 DEBUG - 19.730ms,commonrequest:getBlockNumber:DONE
2019-12-13 01:25:12,101 DEBUG - 14.673ms,commonrequest:getBlockNumber:DONE
2019-12-13 01:26:08,913 DEBUG - 10.584ms,commonrequest:getBlockNumber:DONE
2019-12-13 01:29:59,946 DEBUG - 17.158ms,commonrequest:getBlockNumber:DONE
2019-12-13 01:31:29,664 DEBUG - 10.562ms,commonrequest:getBlockNumber:DONE
2019-12-13 01:31:43,432 DEBUG - 422.126ms,commonrequest:sendRawTransaction:DONE
2019-12-13 01:31:43,979 DEBUG - 525.639ms,commonrequest:sendRawTransaction:DONE
2019-12-13 01:35:42,152 DEBUG - 23.860ms,commonrequest:getBlockNumber:DONE
2019-12-13 01:35:54,377 DEBUG - 346.265ms,commonrequest:sendRawTransaction:DONE
2019-12-13 01:35:54,921 DEBUG - 519.644ms,commonrequest:sendRawTransaction:DONE
2019-12-13 01:39:00,330 DEBUG - 17.789ms,commonrequest:getBlockNumber:DONE
2019-12-13 01:39:14,212 DEBUG - 573.453ms,commonrequest:sendRawTransaction:DONE
2019-12-13 01:39:14,760 DEBUG - 528.101ms,commonrequest:sendRawTransaction:DONE
2019-12-13 01:39:15,342 DEBUG - 530.284ms,commonrequest:sendRawTransaction:DONE
2019-12-13 01:40:03,817 DEBUG - 16.753ms,commonrequest:getBlockNumber:DONE
2019-12-13 01:48:45,803 DEBUG - 19.944ms,commonrequest:getBlockNumber:DONE
2019-12-13 01:49:35,674 DEBUG - 18.881ms,commonrequest:getBlockNumber:DONE
2019-12-13 01:54:08,310 DEBUG - 26.251ms,commonrequest:getBlockNumber:DONE
2019-12-13 01:54:18,776 DEBUG - 16.341ms,commonrequest:getBlockNumber:DONE
2019-12-13 01:58:20,895 DEBUG - 15.745ms,commonrequest:getBlockNumber:DONE
2019-12-13 02:11:16,677 DEBUG - 18.209ms,commonrequest:getBlockNumber:DONE
2019-12-13 02:12:19,245 DEBUG - 17.068ms,commonrequest:getBlockNumber:DONE
2019-12-13 02:16:40,780 DEBUG - 18.762ms,commonrequest:getBlockNumber:DONE
2019-12-13 02:20:06,861 DEBUG - 17.348ms,commonrequest:getBlockNumber:DONE
2019-12-13 02:21:03,209 DEBUG - 19.880ms,commonrequest:getBlockNumber:DONE
2019-12-13 02:22:40,120 DEBUG - 27.718ms,commonrequest:getBlockNumber:DONE
2019-12-13 02:22:50,341 DEBUG - 170.744ms,commonrequest:sendRawTransaction:DONE
2019-12-13 02:22:50,885 DEBUG - 525.306ms,commonrequest:sendRawTransaction:DONE
2019-12-13 02:22:51,431 DEBUG - 514.240ms,commonrequest:sendRawTransaction:DONE
2019-12-13 02:23:38,930 DEBUG - 21.173ms,commonrequest:getBlockNumber:DONE
2019-12-13 02:27:44,840 DEBUG - 21.369ms,commonrequest:getBlockNumber:DONE
2019-12-13 02:31:09,901 DEBUG - 20.491ms,commonrequest:getBlockNumber:DONE
2019-12-13 02:35:36,655 DEBUG - 14.254ms,commonrequest:getBlockNumber:DONE
2019-12-13 02:38:53,717 DEBUG - 24.597ms,commonrequest:getBlockNumber:DONE
2019-12-13 02:39:05,457 DEBUG - 126.167ms,commonrequest:sendRawTransaction:DONE
2019-12-13 02:39:06,045 DEBUG - 550.783ms,commonrequest:sendRawTransaction:DONE
2019-12-13 02:39:06,614 DEBUG - 536.097ms,commonrequest:sendRawTransaction:DONE
2019-12-13 02:39:35,058 DEBUG - 19.001ms,commonrequest:getBlockNumber:DONE
2019-12-13 02:39:46,080 DEBUG - 305.539ms,commonrequest:sendRawTransaction:DONE
2019-12-13 03:13:55,757 DEBUG - 18.266ms,commonrequest:getBlockNumber:DONE
2019-12-13 03:14:12,863 DEBUG - 501.576ms,commonrequest:sendRawTransaction:DONE
2019-12-13 03:14:13,398 DEBUG - 526.516ms,commonrequest:sendRawTransaction:DONE
2019-12-13 03:14:13,913 DEBUG - 506.295ms,commonrequest:sendRawTransaction:DONE
2019-12-13 03:14:44,644 DEBUG - 8.037ms,commonrequest:getBlockNumber:DONE
2019-12-13 03:14:59,059 DEBUG - 223.463ms,commonrequest:sendRawTransaction:DONE
2019-12-13 03:16:56,665 DEBUG - 165.962ms,commonrequest:sendRawTransaction:DONE
2019-12-13 03:16:57,190 DEBUG - 518.025ms,commonrequest:sendRawTransaction:DONE
2019-12-13 03:18:03,202 DEBUG - 9.847ms,commonrequest:getBlockNumber:DONE
2019-12-13 03:26:29,409 DEBUG - 6.589ms,commonrequest:getBlockNumber:DONE
2019-12-13 03:26:53,067 DEBUG - 176.828ms,commonrequest:sendRawTransaction:DONE
2019-12-13 03:37:02,925 DEBUG - 598.258ms,commonrequest:sendRawTransaction:DONE
2019-12-13 03:37:03,427 DEBUG - 488.800ms,commonrequest:sendRawTransaction:DONE
2019-12-13 03:38:02,355 DEBUG - 12.002ms,commonrequest:getBlockNumber:DONE
2019-12-13 03:38:49,927 DEBUG - 4.875ms,commonrequest:getBlockNumber:DONE
2019-12-13 03:39:24,188 DEBUG - 9.006ms,commonrequest:getBlockNumber:DONE
2019-12-13 03:39:30,967 DEBUG - 437.782ms,commonrequest:sendRawTransaction:DONE
