warning|2019-12-12 16:56:12.963490|[g:1][CONSENSUS][PBFT]ViewChangeWarning: not caused by omit empty block ,v=7838,toV=7839,curNum=16,hash=f723565c...,nodeIdx=0,myNode=44c8a1fa...
info|2019-12-12 16:56:12.963556|[g:1][CONSENSUS][PBFT]checkTimeout Succ,view=7838,toView=7839,nodeIdx=0,changeCycle=1,myNode=44c8a1fa...,timecost=0.206
info|2019-12-12 16:56:12.971180|[g:1][CONSENSUS][PBFT]checkAndChangeView: Reach consensus,org_view=7838,org_changeCycle=1,cur_changeCycle=1,to_view=7839
info|2019-12-12 16:56:13.268248|[P2P][Service] heartBeat,connected count=3
info|2019-12-12 16:56:13.976946|[g:1][CONSENSUS]addRawPrepare,height=17,reqIdx=3,hash=cb97a925...
info|2019-12-12 16:56:13.977152|[g:1][CONSENSUS][PBFT]checkTimeout Succ,view=7839,toView=7840,nodeIdx=0,changeCycle=0,myNode=44c8a1fa...,timecost=0.188
info|2019-12-12 16:56:13.978533|[g:1][CONSENSUS][PBFT]checkAndChangeView: Reach consensus,org_view=7839,org_changeCycle=0,cur_changeCycle=0,to_view=7840
info|2019-12-12 16:56:14.978662|[g:1][CONSENSUS][SEALER]++++++++++++++++ Generating seal on,blkNum=17,tx=0,nodeIdx=0,hash=ebe0865b...
info|2019-12-12 16:56:14.983209|[g:1][CONSENSUS][PBFT]checkTimeout Succ,view=7840,toView=7841,nodeIdx=0,changeCycle=0,myNode=44c8a1fa...,timecost=0.199
info|2019-12-12 16:56:14.983904|[g:1][CONSENSUS][PBFT]checkAndChangeView: Reach consensus,org_view=7840,org_changeCycle=0,cur_changeCycle=0,to_view=7841
info|2019-12-12 16:56:15.984221|[g:1][CONSENSUS]addRawPrepare,height=17,reqIdx=1,hash=38375a4d...
info|2019-12-12 16:56:15.984416|[g:1][CONSENSUS][PBFT]checkTimeout Succ,view=7841,toView=7842,nodeIdx=0,changeCycle=0,myNode=44c8a1fa...,timecost=0.141
info|2019-12-12 16:56:15.986821|[g:1][CONSENSUS][PBFT]checkAndChangeView: Reach consensus,org_view=7841,org_changeCycle=0,cur_changeCycle=0,to_view=7842
info|2019-12-12 16:56:16.993152|[g:1][CONSENSUS]addRawPrepare,height=17,reqIdx=2,hash=b6c8af13...
info|2019-12-12 16:56:16.993616|[g:1][CONSENSUS][PBFT]checkTimeout Succ,view=7842,toView=7843,nodeIdx=0,changeCycle=0,myNode=44c8a1fa...,timecost=0.414
info|2019-12-12 16:56:16.997126|[g:1][CONSENSUS][PBFT]checkAndChangeView: Reach consensus,org_view=7842,org_changeCycle=0,cur_changeCycle=0,to_view=7843
info|2019-12-12 16:56:18.000323|[g:1][CONSENSUS]addRawPrepare,height=17,reqIdx=3,hash=d791fa51...
info|2019-12-12 16:56:18.000487|[g:1][CONSENSUS][PBFT]checkTimeout Succ,view=7843,toView=7844,nodeIdx=0,changeCycle=0,myNode=44c8a1fa...,timecost=0.147
info|2019-12-12 16:56:18.001277|[g:1][CONSENSUS][PBFT]checkAndChangeView: Reach consensus,org_view=7843,org_changeCycle=0,cur_changeCycle=0,to_view=7844
info|2019-12-12 16:56:19.001350|[g:1][CONSENSUS][SEALER]++++++++++++++++ Generating seal on,blkNum=17,tx=0,nodeIdx=0,hash=4e242f98...
info|2019-12-12 16:56:19.006180|[g:1][CONSENSUS][PBFT]checkTimeout Succ,view=7844,toView=7845,nodeIdx=0,changeCycle=0,myNode=44c8a1fa...,timecost=0.147
info|2019-12-12 16:56:19.006872|[g:1][CONSENSUS][PBFT]checkAndChangeView: Reach consensus,org_view=7844,org_changeCycle=0,cur_changeCycle=0,to_view=7845
info|2019-12-12 16:56:20.004915|[g:1][CONSENSUS]addRawPrepare,height=17,reqIdx=1,hash=0008b6a5...
info|2019-12-12 16:56:20.005126|[g:1][CONSENSUS][PBFT]checkTimeout Succ,view=7845,toView=7846,nodeIdx=0,changeCycle=0,myNode=44c8a1fa...,timecost=0.149
info|2019-12-12 16:56:20.007641|[g:1][CONSENSUS][PBFT]checkAndChangeView: Reach consensus,org_view=7845,org_changeCycle=0,cur_changeCycle=0,to_view=7846
info|2019-12-12 16:56:21.010227|[g:1][CONSENSUS]addRawPrepare,height=17,reqIdx=2,hash=327371c2...
info|2019-12-12 16:56:21.010409|[g:1][CONSENSUS][PBFT]checkTimeout Succ,view=7846,toView=7847,nodeIdx=0,changeCycle=0,myNode=44c8a1fa...,timecost=0.161
info|2019-12-12 16:56:21.012426|[g:1][CONSENSUS][PBFT]checkAndChangeView: Reach consensus,org_view=7846,org_changeCycle=0,cur_changeCycle=0,to_view=7847
info|2019-12-12 16:56:22.014153|[g:1][CONSENSUS]addRawPrepare,height=17,reqIdx=3,hash=afca6cbf...
info|2019-12-12 16:56:22.014340|[g:1][CONSENSUS][PBFT]checkTimeout Succ,view=7847,toView=7848,nodeIdx=0,changeCycle=0,myNode=44c8a1fa...,timecost=0.172
info|2019-12-12 16:56:22.016498|[g:1][CONSENSUS][PBFT]checkAndChangeView: Reach consensus,org_view=7847,org_changeCycle=0,cur_changeCycle=0,to_view=7848
info|2019-12-12 16:56:23.016796|[g:1][CONSENSUS][SEALER]++++++++++++++++ Generating seal on,blkNum=17,tx=0,nodeIdx=0,hash=e8cb5485...
info|2019-12-12 16:56:23.021558|[g:1][CONSENSUS][PBFT]checkTimeout Succ,view=7848,toView=7849,nodeIdx=0,changeCycle=0,myNode=44c8a1fa...,timecost=0.178
info|2019-12-12 16:56:23.022245|[g:1][CONSENSUS][PBFT]checkAndChangeView: Reach consensus,org_view=7848,org_changeCycle=0,cur_changeCycle=0,to_view=7849
info|2019-12-12 16:56:23.268599|[P2P][Service] heartBeat,connected count=3
info|2019-12-12 16:56:24.022167|[g:1][CONSENSUS]addRawPrepare,height=17,reqIdx=1,hash=41b8f1c6...
info|2019-12-12 16:56:24.022362|[g:1][CONSENSUS][PBFT]checkTimeout Succ,view=7849,toView=7850,nodeIdx=0,changeCycle=0,myNode=44c8a1fa...,timecost=0.141
info|2019-12-12 16:56:24.024636|[g:1][CONSENSUS][PBFT]checkAndChangeView: Reach consensus,org_view=7849,org_changeCycle=0,cur_changeCycle=0,to_view=7850
info|2019-12-12 16:56:25.027694|[g:1][CONSENSUS]addRawPrepare,height=17,reqIdx=2,hash=e4ab84ab...
info|2019-12-12 16:56:25.027853|[g:1][CONSENSUS][PBFT]checkTimeout Succ,view=7850,toView=7851,nodeIdx=0,changeCycle=0,myNode=44c8a1fa...,timecost=0.143
info|2019-12-12 16:56:25.030105|[g:1][CONSENSUS][PBFT]checkAndChangeView: Reach consensus,org_view=7850,org_changeCycle=0,cur_changeCycle=0,to_view=7851
info|2019-12-12 16:56:26.033302|[g:1][CONSENSUS]addRawPrepare,height=17,reqIdx=3,hash=0802c7a6...
info|2019-12-12 16:56:26.033473|[g:1][CONSENSUS][PBFT]checkTimeout Succ,view=7851,toView=7852,nodeIdx=0,changeCycle=0,myNode=44c8a1fa...,timecost=0.148
info|2019-12-12 16:56:26.034799|[g:1][CONSENSUS][PBFT]checkAndChangeView: Reach consensus,org_view=7851,org_changeCycle=0,cur_changeCycle=0,to_view=7852
info|2019-12-12 16:56:27.035123|[g:1][CONSENSUS][SEALER]++++++++++++++++ Generating seal on,blkNum=17,tx=0,nodeIdx=0,hash=cc9b69d7...
info|2019-12-12 16:56:27.039576|[g:1][CONSENSUS][PBFT]checkTimeout Succ,view=7852,toView=7853,nodeIdx=0,changeCycle=0,myNode=44c8a1fa...,timecost=0.147
info|2019-12-12 16:56:27.040288|[g:1][CONSENSUS][PBFT]checkAndChangeView: Reach consensus,org_view=7852,org_changeCycle=0,cur_changeCycle=0,to_view=7853
info|2019-12-12 16:56:28.039168|[g:1][CONSENSUS]addRawPrepare,height=17,reqIdx=1,hash=5a07cb36...
info|2019-12-12 16:56:28.039378|[g:1][CONSENSUS][PBFT]checkTimeout Succ,view=7853,toView=7854,nodeIdx=0,changeCycle=0,myNode=44c8a1fa...,timecost=0.161
info|2019-12-12 16:56:28.042105|[g:1][CONSENSUS][PBFT]checkAndChangeView: Reach consensus,org_view=7853,org_changeCycle=0,cur_changeCycle=0,to_view=7854
info|2019-12-12 16:56:29.043654|[g:1][CONSENSUS]addRawPrepare,height=17,reqIdx=2,hash=6bf3748c...
info|2019-12-12 16:56:29.043838|[g:1][CONSENSUS][PBFT]checkTimeout Succ,view=7854,toView=7855,nodeIdx=0,changeCycle=0,myNode=44c8a1fa...,timecost=0.168
info|2019-12-12 16:56:29.045251|[g:1][CONSENSUS][PBFT]checkAndChangeView: Reach consensus,org_view=7854,org_changeCycle=0,cur_changeCycle=0,to_view=7855
info|2019-12-12 16:56:30.046852|[g:1][CONSENSUS]addRawPrepare,height=17,reqIdx=3,hash=9b3201b7...
info|2019-12-12 16:56:30.047018|[g:1][CONSENSUS][PBFT]checkTimeout Succ,view=7855,toView=7856,nodeIdx=0,changeCycle=0,myNode=44c8a1fa...,timecost=0.147
info|2019-12-12 16:56:30.048917|[g:1][CONSENSUS][PBFT]checkAndChangeView: Reach consensus,org_view=7855,org_changeCycle=0,cur_changeCycle=0,to_view=7856
info|2019-12-12 16:56:31.048969|[g:1][CONSENSUS][SEALER]++++++++++++++++ Generating seal on,blkNum=17,tx=0,nodeIdx=0,hash=5d82939a...
info|2019-12-12 16:56:31.053471|[g:1][CONSENSUS][PBFT]checkTimeout Succ,view=7856,toView=7857,nodeIdx=0,changeCycle=0,myNode=44c8a1fa...,timecost=0.136
info|2019-12-12 16:56:31.054007|[g:1][CONSENSUS][PBFT]checkAndChangeView: Reach consensus,org_view=7856,org_changeCycle=0,cur_changeCycle=0,to_view=7857
info|2019-12-12 16:56:32.053145|[g:1][CONSENSUS]addRawPrepare,height=17,reqIdx=1,hash=7ebd77d4...
info|2019-12-12 16:56:32.053345|[g:1][CONSENSUS][PBFT]checkTimeout Succ,view=7857,toView=7858,nodeIdx=0,changeCycle=0,myNode=44c8a1fa...,timecost=0.14
info|2019-12-12 16:56:32.055645|[g:1][CONSENSUS][PBFT]checkAndChangeView: Reach consensus,org_view=7857,org_changeCycle=0,cur_changeCycle=0,to_view=7858
info|2019-12-12 16:56:33.058318|[g:1][CONSENSUS]addRawPrepare,height=17,reqIdx=2,hash=702c3d05...
info|2019-12-12 16:56:33.058486|[g:1][CONSENSUS][PBFT]checkTimeout Succ,view=7858,toView=7859,nodeIdx=0,changeCycle=0,myNode=44c8a1fa...,timecost=0.154
info|2019-12-12 16:56:33.058720|[g:1][CONSENSUS][PBFT]checkAndChangeView: Reach consensus,org_view=7858,org_changeCycle=0,cur_changeCycle=0,to_view=7859
info|2019-12-12 16:56:33.269234|[P2P][Service] heartBeat,connected count=3
info|2019-12-12 16:56:34.060819|[g:1][CONSENSUS]addRawPrepare,height=17,reqIdx=3,hash=3c78146a...
info|2019-12-12 16:56:34.060983|[g:1][CONSENSUS][PBFT]checkTimeout Succ,view=7859,toView=7860,nodeIdx=0,changeCycle=0,myNode=44c8a1fa...,timecost=0.147
info|2019-12-12 16:56:34.062132|[g:1][CONSENSUS][PBFT]checkAndChangeView: Reach consensus,org_view=7859,org_changeCycle=0,cur_changeCycle=0,to_view=7860
info|2019-12-12 16:56:35.063407|[g:1][CONSENSUS][SEALER]++++++++++++++++ Generating seal on,blkNum=17,tx=0,nodeIdx=0,hash=1bfc68a9...
info|2019-12-12 16:56:35.067846|[g:1][CONSENSUS][PBFT]checkTimeout Succ,view=7860,toView=7861,nodeIdx=0,changeCycle=0,myNode=44c8a1fa...,timecost=0.156
info|2019-12-12 16:56:35.068400|[g:1][CONSENSUS][PBFT]checkAndChangeView: Reach consensus,org_view=7860,org_changeCycle=0,cur_changeCycle=0,to_view=7861
info|2019-12-12 16:56:36.066969|[g:1][CONSENSUS]addRawPrepare,height=17,reqIdx=1,hash=ef56a560...
info|2019-12-12 16:56:36.067161|[g:1][CONSENSUS][PBFT]checkTimeout Succ,view=7861,toView=7862,nodeIdx=0,changeCycle=0,myNode=44c8a1fa...,timecost=0.139
info|2019-12-12 16:56:36.069645|[g:1][CONSENSUS][PBFT]checkAndChangeView: Reach consensus,org_view=7861,org_changeCycle=0,cur_changeCycle=0,to_view=7862
info|2019-12-12 16:56:37.071383|[g:1][CONSENSUS]addRawPrepare,height=17,reqIdx=2,hash=0c6c46b1...
info|2019-12-12 16:56:37.071541|[g:1][CONSENSUS][PBFT]checkTimeout Succ,view=7862,toView=7863,nodeIdx=0,changeCycle=0,myNode=44c8a1fa...,timecost=0.142
info|2019-12-12 16:56:37.073751|[g:1][CONSENSUS][PBFT]checkAndChangeView: Reach consensus,org_view=7862,org_changeCycle=0,cur_changeCycle=0,to_view=7863
info|2019-12-12 16:56:38.075989|[g:1][CONSENSUS]addRawPrepare,height=17,reqIdx=3,hash=db056da6...
info|2019-12-12 16:56:38.076145|[g:1][CONSENSUS][PBFT]checkTimeout Succ,view=7863,toView=7864,nodeIdx=0,changeCycle=0,myNode=44c8a1fa...,timecost=0.14
info|2019-12-12 16:56:38.076350|[g:1][CONSENSUS][PBFT]checkAndChangeView: Reach consensus,org_view=7863,org_changeCycle=0,cur_changeCycle=0,to_view=7864
info|2019-12-12 16:56:39.076715|[g:1][CONSENSUS][SEALER]++++++++++++++++ Generating seal on,blkNum=17,tx=0,nodeIdx=0,hash=3ad115a1...
info|2019-12-12 16:56:39.081205|[g:1][CONSENSUS][PBFT]checkTimeout Succ,view=7864,toView=7865,nodeIdx=0,changeCycle=0,myNode=44c8a1fa...,timecost=0.186
info|2019-12-12 16:56:39.082012|[g:1][CONSENSUS][PBFT]checkAndChangeView: Reach consensus,org_view=7864,org_changeCycle=0,cur_changeCycle=0,to_view=7865
info|2019-12-12 16:56:40.081718|[g:1][CONSENSUS]addRawPrepare,height=17,reqIdx=1,hash=c1bf8556...
info|2019-12-12 16:56:40.081965|[g:1][CONSENSUS][PBFT]checkTimeout Succ,view=7865,toView=7866,nodeIdx=0,changeCycle=0,myNode=44c8a1fa...,timecost=0.142
info|2019-12-12 16:56:40.084212|[g:1][CONSENSUS][PBFT]checkAndChangeView: Reach consensus,org_view=7865,org_changeCycle=0,cur_changeCycle=0,to_view=7866
info|2019-12-12 16:56:41.086746|[g:1][CONSENSUS]addRawPrepare,height=17,reqIdx=2,hash=0138fd57...
info|2019-12-12 16:56:41.086901|[g:1][CONSENSUS][PBFT]checkTimeout Succ,view=7866,toView=7867,nodeIdx=0,changeCycle=0,myNode=44c8a1fa...,timecost=0.139
info|2019-12-12 16:56:41.089529|[g:1][CONSENSUS][PBFT]checkAndChangeView: Reach consensus,org_view=7866,org_changeCycle=0,cur_changeCycle=0,to_view=7867
info|2019-12-12 16:56:42.093131|[g:1][CONSENSUS]addRawPrepare,height=17,reqIdx=3,hash=c2be76aa...
info|2019-12-12 16:56:42.093297|[g:1][CONSENSUS][PBFT]checkTimeout Succ,view=7867,toView=7868,nodeIdx=0,changeCycle=0,myNode=44c8a1fa...,timecost=0.147
info|2019-12-12 16:56:42.094910|[g:1][CONSENSUS][PBFT]checkAndChangeView: Reach consensus,org_view=7867,org_changeCycle=0,cur_changeCycle=0,to_view=7868
info|2019-12-12 16:56:43.095041|[g:1][CONSENSUS][SEALER]++++++++++++++++ Generating seal on,blkNum=17,tx=0,nodeIdx=0,hash=dca60e80...
info|2019-12-12 16:56:43.099523|[g:1][CONSENSUS][PBFT]checkTimeout Succ,view=7868,toView=7869,nodeIdx=0,changeCycle=0,myNode=44c8a1fa...,timecost=0.142
info|2019-12-12 16:56:43.100078|[g:1][CONSENSUS][PBFT]checkAndChangeView: Reach consensus,org_view=7868,org_changeCycle=0,cur_changeCycle=0,to_view=7869
info|2019-12-12 16:56:43.269613|[P2P][Service] heartBeat,connected count=3
info|2019-12-12 16:56:44.099389|[g:1][CONSENSUS]addRawPrepare,height=17,reqIdx=1,hash=309cb995...
info|2019-12-12 16:56:44.099587|[g:1][CONSENSUS][PBFT]checkTimeout Succ,view=7869,toView=7870,nodeIdx=0,changeCycle=0,myNode=44c8a1fa...,timecost=0.142
info|2019-12-12 16:56:44.101919|[g:1][CONSENSUS][PBFT]checkAndChangeView: Reach consensus,org_view=7869,org_changeCycle=0,cur_changeCycle=0,to_view=7870
info|2019-12-12 16:56:45.104994|[g:1][CONSENSUS]addRawPrepare,height=17,reqIdx=2,hash=90c204ea...
info|2019-12-12 16:56:45.105213|[g:1][CONSENSUS][PBFT]checkTimeout Succ,view=7870,toView=7871,nodeIdx=0,changeCycle=0,myNode=44c8a1fa...,timecost=0.204
info|2019-12-12 16:56:45.107053|[g:1][CONSENSUS][PBFT]checkAndChangeView: Reach consensus,org_view=7870,org_changeCycle=0,cur_changeCycle=0,to_view=7871
info|2019-12-12 16:56:46.109599|[g:1][CONSENSUS]addRawPrepare,height=17,reqIdx=3,hash=827ac3b1...
info|2019-12-12 16:56:46.109748|[g:1][CONSENSUS][PBFT]checkTimeout Succ,view=7871,toView=7872,nodeIdx=0,changeCycle=0,myNode=44c8a1fa...,timecost=0.132
info|2019-12-12 16:56:46.110798|[g:1][CONSENSUS][PBFT]checkAndChangeView: Reach consensus,org_view=7871,org_changeCycle=0,cur_changeCycle=0,to_view=7872
info|2019-12-12 16:56:47.110397|[g:1][CONSENSUS][SEALER]++++++++++++++++ Generating seal on,blkNum=17,tx=0,nodeIdx=0,hash=51af1c49...
info|2019-12-12 16:56:47.114517|[g:1][CONSENSUS][PBFT]checkTimeout Succ,view=7872,toView=7873,nodeIdx=0,changeCycle=0,myNode=44c8a1fa...,timecost=0.142
info|2019-12-12 16:56:47.115156|[g:1][CONSENSUS][PBFT]checkAndChangeView: Reach consensus,org_view=7872,org_changeCycle=0,cur_changeCycle=0,to_view=7873
info|2019-12-12 16:56:48.115025|[g:1][CONSENSUS]addRawPrepare,height=17,reqIdx=1,hash=8f8ff000...
info|2019-12-12 16:56:48.115244|[g:1][CONSENSUS][PBFT]checkTimeout Succ,view=7873,toView=7874,nodeIdx=0,changeCycle=0,myNode=44c8a1fa...,timecost=0.167
info|2019-12-12 16:56:48.118279|[g:1][CONSENSUS][PBFT]checkAndChangeView: Reach consensus,org_view=7873,org_changeCycle=0,cur_changeCycle=0,to_view=7874
info|2019-12-12 16:56:49.120405|[g:1][CONSENSUS]addRawPrepare,height=17,reqIdx=2,hash=1b23a769...
info|2019-12-12 16:56:49.120573|[g:1][CONSENSUS][PBFT]checkTimeout Succ,view=7874,toView=7875,nodeIdx=0,changeCycle=0,myNode=44c8a1fa...,timecost=0.152
info|2019-12-12 16:56:49.122347|[g:1][CONSENSUS][PBFT]checkAndChangeView: Reach consensus,org_view=7874,org_changeCycle=0,cur_changeCycle=0,to_view=7875
info|2019-12-12 16:56:50.122516|[g:1][CONSENSUS]addRawPrepare,height=17,reqIdx=3,hash=1d7e6ba2...
info|2019-12-12 16:56:50.122675|[g:1][CONSENSUS][PBFT]checkTimeout Succ,view=7875,toView=7876,nodeIdx=0,changeCycle=0,myNode=44c8a1fa...,timecost=0.141
info|2019-12-12 16:56:50.124681|[g:1][CONSENSUS][PBFT]checkAndChangeView: Reach consensus,org_view=7875,org_changeCycle=0,cur_changeCycle=0,to_view=7876
info|2019-12-12 16:56:51.125015|[g:1][CONSENSUS][SEALER]++++++++++++++++ Generating seal on,blkNum=17,tx=0,nodeIdx=0,hash=b3c96dcc...
info|2019-12-12 16:56:51.129384|[g:1][CONSENSUS][PBFT]checkTimeout Succ,view=7876,toView=7877,nodeIdx=0,changeCycle=0,myNode=44c8a1fa...,timecost=0.187
info|2019-12-12 16:56:51.130138|[g:1][CONSENSUS][PBFT]checkAndChangeView: Reach consensus,org_view=7876,org_changeCycle=0,cur_changeCycle=0,to_view=7877
info|2019-12-12 16:56:52.129036|[g:1][CONSENSUS]addRawPrepare,height=17,reqIdx=1,hash=37b25ce0...
info|2019-12-12 16:56:52.129230|[g:1][CONSENSUS][PBFT]checkTimeout Succ,view=7877,toView=7878,nodeIdx=0,changeCycle=0,myNode=44c8a1fa...,timecost=0.139
info|2019-12-12 16:56:52.131501|[g:1][CONSENSUS][PBFT]checkAndChangeView: Reach consensus,org_view=7877,org_changeCycle=0,cur_changeCycle=0,to_view=7878
info|2019-12-12 16:56:53.135176|[g:1][CONSENSUS]addRawPrepare,height=17,reqIdx=2,hash=540647e6...
info|2019-12-12 16:56:53.135353|[g:1][CONSENSUS][PBFT]checkTimeout Succ,view=7878,toView=7879,nodeIdx=0,changeCycle=0,myNode=44c8a1fa...,timecost=0.154
info|2019-12-12 16:56:53.135567|[g:1][CONSENSUS][PBFT]checkAndChangeView: Reach consensus,org_view=7878,org_changeCycle=0,cur_changeCycle=0,to_view=7879
info|2019-12-12 16:56:53.269776|[P2P][Service] heartBeat,connected count=3
info|2019-12-12 16:56:54.139079|[g:1][CONSENSUS]addRawPrepare,height=17,reqIdx=3,hash=5c443698...
info|2019-12-12 16:56:54.139247|[g:1][CONSENSUS][PBFT]checkTimeout Succ,view=7879,toView=7880,nodeIdx=0,changeCycle=0,myNode=44c8a1fa...,timecost=0.15
info|2019-12-12 16:56:54.140791|[g:1][CONSENSUS][PBFT]checkAndChangeView: Reach consensus,org_view=7879,org_changeCycle=0,cur_changeCycle=0,to_view=7880
info|2019-12-12 16:56:55.141364|[g:1][CONSENSUS][SEALER]++++++++++++++++ Generating seal on,blkNum=17,tx=0,nodeIdx=0,hash=a93b058b...
info|2019-12-12 16:56:55.145633|[g:1][CONSENSUS][PBFT]checkTimeout Succ,view=7880,toView=7881,nodeIdx=0,changeCycle=0,myNode=44c8a1fa...,timecost=0.144
info|2019-12-12 16:56:55.146270|[g:1][CONSENSUS][PBFT]checkAndChangeView: Reach consensus,org_view=7880,org_changeCycle=0,cur_changeCycle=0,to_view=7881
info|2019-12-12 16:56:56.145823|[g:1][CONSENSUS]addRawPrepare,height=17,reqIdx=1,hash=09e8b4ff...
info|2019-12-12 16:56:56.146017|[g:1][CONSENSUS][PBFT]checkTimeout Succ,view=7881,toView=7882,nodeIdx=0,changeCycle=0,myNode=44c8a1fa...,timecost=0.14
info|2019-12-12 16:56:56.149842|[g:1][CONSENSUS][PBFT]checkAndChangeView: Reach consensus,org_view=7881,org_changeCycle=0,cur_changeCycle=0,to_view=7882
info|2019-12-12 16:56:57.150562|[g:1][CONSENSUS]addRawPrepare,height=17,reqIdx=2,hash=a30e1ae1...
info|2019-12-12 16:56:57.150707|[g:1][CONSENSUS][PBFT]checkTimeout Succ,view=7882,toView=7883,nodeIdx=0,changeCycle=0,myNode=44c8a1fa...,timecost=0.13
info|2019-12-12 16:56:57.152472|[g:1][CONSENSUS][PBFT]checkAndChangeView: Reach consensus,org_view=7882,org_changeCycle=0,cur_changeCycle=0,to_view=7883
info|2019-12-12 16:56:58.153485|[g:1][CONSENSUS]addRawPrepare,height=17,reqIdx=3,hash=b8af5a22...
info|2019-12-12 16:56:58.153664|[g:1][CONSENSUS][PBFT]checkTimeout Succ,view=7883,toView=7884,nodeIdx=0,changeCycle=0,myNode=44c8a1fa...,timecost=0.158
info|2019-12-12 16:56:58.155254|[g:1][CONSENSUS][PBFT]checkAndChangeView: Reach consensus,org_view=7883,org_changeCycle=0,cur_changeCycle=0,to_view=7884
info|2019-12-12 16:56:59.155333|[g:1][CONSENSUS][SEALER]++++++++++++++++ Generating seal on,blkNum=17,tx=0,nodeIdx=0,hash=75355f4d...
info|2019-12-12 16:56:59.160309|[g:1][CONSENSUS][PBFT]checkTimeout Succ,view=7884,toView=7885,nodeIdx=0,changeCycle=0,myNode=44c8a1fa...,timecost=0.14
info|2019-12-12 16:56:59.160766|[g:1][CONSENSUS][PBFT]checkAndChangeView: Reach consensus,org_view=7884,org_changeCycle=0,cur_changeCycle=0,to_view=7885
info|2019-12-12 16:57:00.160424|[g:1][CONSENSUS]addRawPrepare,height=17,reqIdx=1,hash=7cb37ee1...
info|2019-12-12 16:57:00.160618|[g:1][CONSENSUS][PBFT]checkTimeout Succ,view=7885,toView=7886,nodeIdx=0,changeCycle=0,myNode=44c8a1fa...,timecost=0.14
info|2019-12-12 16:57:00.162843|[g:1][CONSENSUS][PBFT]checkAndChangeView: Reach consensus,org_view=7885,org_changeCycle=0,cur_changeCycle=0,to_view=7886
info|2019-12-12 16:57:01.165161|[g:1][CONSENSUS]addRawPrepare,height=17,reqIdx=2,hash=dcbe55e5...
info|2019-12-12 16:57:01.165345|[g:1][CONSENSUS][PBFT]checkTimeout Succ,view=7886,toView=7887,nodeIdx=0,changeCycle=0,myNode=44c8a1fa...,timecost=0.162
info|2019-12-12 16:57:01.167695|[g:1][CONSENSUS][PBFT]checkAndChangeView: Reach consensus,org_view=7886,org_changeCycle=0,cur_changeCycle=0,to_view=7887
info|2019-12-12 16:57:02.168957|[g:1][CONSENSUS]addRawPrepare,height=17,reqIdx=3,hash=2bdc53e6...
info|2019-12-12 16:57:02.169149|[g:1][CONSENSUS][PBFT]checkTimeout Succ,view=7887,toView=7888,nodeIdx=0,changeCycle=0,myNode=44c8a1fa...,timecost=0.175
info|2019-12-12 16:57:02.171413|[g:1][CONSENSUS][PBFT]checkAndChangeView: Reach consensus,org_view=7887,org_changeCycle=0,cur_changeCycle=0,to_view=7888
info|2019-12-12 16:57:03.171312|[g:1][CONSENSUS][SEALER]++++++++++++++++ Generating seal on,blkNum=17,tx=0,nodeIdx=0,hash=5f2d8cf5...
info|2019-12-12 16:57:03.176379|[g:1][CONSENSUS][PBFT]checkTimeout Succ,view=7888,toView=7889,nodeIdx=0,changeCycle=0,myNode=44c8a1fa...,timecost=0.165
info|2019-12-12 16:57:03.176886|[g:1][CONSENSUS][PBFT]checkAndChangeView: Reach consensus,org_view=7888,org_changeCycle=0,cur_changeCycle=0,to_view=7889
info|2019-12-12 16:57:03.270784|[P2P][Service] heartBeat,connected count=3
info|2019-12-12 16:57:04.176054|[g:1][CONSENSUS]addRawPrepare,height=17,reqIdx=1,hash=7a4259c5...
info|2019-12-12 16:57:04.176250|[g:1][CONSENSUS][PBFT]checkTimeout Succ,view=7889,toView=7890,nodeIdx=0,changeCycle=0,myNode=44c8a1fa...,timecost=0.14
info|2019-12-12 16:57:04.178548|[g:1][CONSENSUS][PBFT]checkAndChangeView: Reach consensus,org_view=7889,org_changeCycle=0,cur_changeCycle=0,to_view=7890
info|2019-12-12 16:57:05.180435|[g:1][CONSENSUS]addRawPrepare,height=17,reqIdx=2,hash=e10dd7d6...
info|2019-12-12 16:57:05.180675|[g:1][CONSENSUS][PBFT]checkTimeout Succ,view=7890,toView=7891,nodeIdx=0,changeCycle=0,myNode=44c8a1fa...,timecost=0.201
info|2019-12-12 16:57:05.182826|[g:1][CONSENSUS][PBFT]checkAndChangeView: Reach consensus,org_view=7890,org_changeCycle=0,cur_changeCycle=0,to_view=7891
info|2019-12-12 16:57:06.183832|[g:1][CONSENSUS]addRawPrepare,height=17,reqIdx=3,hash=699743f4...
info|2019-12-12 16:57:06.184003|[g:1][CONSENSUS][PBFT]checkTimeout Succ,view=7891,toView=7892,nodeIdx=0,changeCycle=0,myNode=44c8a1fa...,timecost=0.151
info|2019-12-12 16:57:06.186171|[g:1][CONSENSUS][PBFT]checkAndChangeView: Reach consensus,org_view=7891,org_changeCycle=0,cur_changeCycle=0,to_view=7892
info|2019-12-12 16:57:07.187022|[g:1][CONSENSUS][SEALER]++++++++++++++++ Generating seal on,blkNum=17,tx=0,nodeIdx=0,hash=b5ef138f...
info|2019-12-12 16:57:07.191702|[g:1][CONSENSUS][PBFT]checkTimeout Succ,view=7892,toView=7893,nodeIdx=0,changeCycle=0,myNode=44c8a1fa...,timecost=0.145
info|2019-12-12 16:57:07.192352|[g:1][CONSENSUS][PBFT]checkAndChangeView: Reach consensus,org_view=7892,org_changeCycle=0,cur_changeCycle=0,to_view=7893
info|2019-12-12 16:57:08.190667|[g:1][CONSENSUS]addRawPrepare,height=17,reqIdx=1,hash=2008c370...
info|2019-12-12 16:57:08.190860|[g:1][CONSENSUS][PBFT]checkTimeout Succ,view=7893,toView=7894,nodeIdx=0,changeCycle=0,myNode=44c8a1fa...,timecost=0.138
info|2019-12-12 16:57:08.193337|[g:1][CONSENSUS][PBFT]checkAndChangeView: Reach consensus,org_view=7893,org_changeCycle=0,cur_changeCycle=0,to_view=7894
info|2019-12-12 16:57:09.196249|[g:1][CONSENSUS]addRawPrepare,height=17,reqIdx=2,hash=cb7db27b...
info|2019-12-12 16:57:09.196413|[g:1][CONSENSUS][PBFT]checkTimeout Succ,view=7894,toView=7895,nodeIdx=0,changeCycle=0,myNode=44c8a1fa...,timecost=0.145
info|2019-12-12 16:57:09.197165|[g:1][CONSENSUS][PBFT]checkAndChangeView: Reach consensus,org_view=7894,org_changeCycle=0,cur_changeCycle=0,to_view=7895
info|2019-12-12 16:57:10.202268|[g:1][CONSENSUS]addRawPrepare,height=17,reqIdx=3,hash=9d5bcf1e...
info|2019-12-12 16:57:10.202417|[g:1][CONSENSUS][PBFT]checkTimeout Succ,view=7895,toView=7896,nodeIdx=0,changeCycle=0,myNode=44c8a1fa...,timecost=0.132
info|2019-12-12 16:57:10.203395|[g:1][CONSENSUS][PBFT]checkAndChangeView: Reach consensus,org_view=7895,org_changeCycle=0,cur_changeCycle=0,to_view=7896
info|2019-12-12 16:57:11.203860|[g:1][CONSENSUS][SEALER]++++++++++++++++ Generating seal on,blkNum=17,tx=0,nodeIdx=0,hash=6f558f5a...
info|2019-12-12 16:57:11.208081|[g:1][CONSENSUS][PBFT]checkTimeout Succ,view=7896,toView=7897,nodeIdx=0,changeCycle=0,myNode=44c8a1fa...,timecost=0.144
info|2019-12-12 16:57:11.208746|[g:1][CONSENSUS][PBFT]checkAndChangeView: Reach consensus,org_view=7896,org_changeCycle=0,cur_changeCycle=0,to_view=7897
info|2019-12-12 16:57:12.208742|[g:1][CONSENSUS]addRawPrepare,height=17,reqIdx=1,hash=5e953865...
info|2019-12-12 16:57:12.208953|[g:1][CONSENSUS][PBFT]checkTimeout Succ,view=7897,toView=7898,nodeIdx=0,changeCycle=0,myNode=44c8a1fa...,timecost=0.147
info|2019-12-12 16:57:12.211592|[g:1][CONSENSUS][PBFT]checkAndChangeView: Reach consensus,org_view=7897,org_changeCycle=0,cur_changeCycle=0,to_view=7898
info|2019-12-12 16:57:13.213502|[g:1][CONSENSUS]addRawPrepare,height=17,reqIdx=2,hash=7dddfe37...
info|2019-12-12 16:57:13.213661|[g:1][CONSENSUS][PBFT]checkTimeout Succ,view=7898,toView=7899,nodeIdx=0,changeCycle=0,myNode=44c8a1fa...,timecost=0.141
info|2019-12-12 16:57:13.213865|[g:1][CONSENSUS][PBFT]checkAndChangeView: Reach consensus,org_view=7898,org_changeCycle=0,cur_changeCycle=0,to_view=7899
info|2019-12-12 16:57:13.271465|[P2P][Service] heartBeat,connected count=3
info|2019-12-12 16:57:14.216456|[g:1][CONSENSUS]addRawPrepare,height=17,reqIdx=3,hash=9c058085...
info|2019-12-12 16:57:14.216621|[g:1][CONSENSUS][PBFT]checkTimeout Succ,view=7899,toView=7900,nodeIdx=0,changeCycle=0,myNode=44c8a1fa...,timecost=0.145
info|2019-12-12 16:57:14.218673|[g:1][CONSENSUS][PBFT]checkAndChangeView: Reach consensus,org_view=7899,org_changeCycle=0,cur_changeCycle=0,to_view=7900
info|2019-12-12 16:57:15.219147|[g:1][CONSENSUS][SEALER]++++++++++++++++ Generating seal on,blkNum=17,tx=0,nodeIdx=0,hash=d6ae427f...
info|2019-12-12 16:57:15.223636|[g:1][CONSENSUS][PBFT]checkTimeout Succ,view=7900,toView=7901,nodeIdx=0,changeCycle=0,myNode=44c8a1fa...,timecost=0.153
info|2019-12-12 16:57:15.224166|[g:1][CONSENSUS][PBFT]checkAndChangeView: Reach consensus,org_view=7900,org_changeCycle=0,cur_changeCycle=0,to_view=7901
info|2019-12-12 16:57:16.224200|[g:1][CONSENSUS]addRawPrepare,height=17,reqIdx=1,hash=029e2aad...
info|2019-12-12 16:57:16.224415|[g:1][CONSENSUS][PBFT]checkTimeout Succ,view=7901,toView=7902,nodeIdx=0,changeCycle=0,myNode=44c8a1fa...,timecost=0.141
info|2019-12-12 16:57:16.226680|[g:1][CONSENSUS][PBFT]checkAndChangeView: Reach consensus,org_view=7901,org_changeCycle=0,cur_changeCycle=0,to_view=7902
info|2019-12-12 16:57:17.229651|[g:1][CONSENSUS]addRawPrepare,height=17,reqIdx=2,hash=dc0cefa7...
info|2019-12-12 16:57:17.229812|[g:1][CONSENSUS][PBFT]checkTimeout Succ,view=7902,toView=7903,nodeIdx=0,changeCycle=0,myNode=44c8a1fa...,timecost=0.144
info|2019-12-12 16:57:17.232168|[g:1][CONSENSUS][PBFT]checkAndChangeView: Reach consensus,org_view=7902,org_changeCycle=0,cur_changeCycle=0,to_view=7903
info|2019-12-12 16:57:18.233473|[g:1][CONSENSUS]addRawPrepare,height=17,reqIdx=3,hash=5497f5ce...
info|2019-12-12 16:57:18.233635|[g:1][CONSENSUS][PBFT]checkTimeout Succ,view=7903,toView=7904,nodeIdx=0,changeCycle=0,myNode=44c8a1fa...,timecost=0.145
info|2019-12-12 16:57:18.235992|[g:1][CONSENSUS][PBFT]checkAndChangeView: Reach consensus,org_view=7903,org_changeCycle=0,cur_changeCycle=0,to_view=7904
info|2019-12-12 16:57:19.236726|[g:1][CONSENSUS][SEALER]++++++++++++++++ Generating seal on,blkNum=17,tx=0,nodeIdx=0,hash=5264e465...
info|2019-12-12 16:57:19.241362|[g:1][CONSENSUS][PBFT]checkTimeout Succ,view=7904,toView=7905,nodeIdx=0,changeCycle=0,myNode=44c8a1fa...,timecost=0.158
info|2019-12-12 16:57:19.242152|[g:1][CONSENSUS][PBFT]checkAndChangeView: Reach consensus,org_view=7904,org_changeCycle=0,cur_changeCycle=0,to_view=7905
info|2019-12-12 16:57:20.240740|[g:1][CONSENSUS]addRawPrepare,height=17,reqIdx=1,hash=fcd0a6a3...
info|2019-12-12 16:57:20.240934|[g:1][CONSENSUS][PBFT]checkTimeout Succ,view=7905,toView=7906,nodeIdx=0,changeCycle=0,myNode=44c8a1fa...,timecost=0.14
info|2019-12-12 16:57:20.243199|[g:1][CONSENSUS][PBFT]checkAndChangeView: Reach consensus,org_view=7905,org_changeCycle=0,cur_changeCycle=0,to_view=7906
info|2019-12-12 16:57:21.245667|[g:1][CONSENSUS]addRawPrepare,height=17,reqIdx=2,hash=efd7af6d...
info|2019-12-12 16:57:21.245817|[g:1][CONSENSUS][PBFT]checkTimeout Succ,view=7906,toView=7907,nodeIdx=0,changeCycle=0,myNode=44c8a1fa...,timecost=0.134
info|2019-12-12 16:57:21.247500|[g:1][CONSENSUS][PBFT]checkAndChangeView: Reach consensus,org_view=7906,org_changeCycle=0,cur_changeCycle=0,to_view=7907
info|2019-12-12 16:57:22.249692|[g:1][CONSENSUS]addRawPrepare,height=17,reqIdx=3,hash=accfd7d5...
info|2019-12-12 16:57:22.249838|[g:1][CONSENSUS][PBFT]checkTimeout Succ,view=7907,toView=7908,nodeIdx=0,changeCycle=0,myNode=44c8a1fa...,timecost=0.13
info|2019-12-12 16:57:22.250883|[g:1][CONSENSUS][PBFT]checkAndChangeView: Reach consensus,org_view=7907,org_changeCycle=0,cur_changeCycle=0,to_view=7908
info|2019-12-12 16:57:23.250521|[g:1][CONSENSUS][SEALER]++++++++++++++++ Generating seal on,blkNum=17,tx=0,nodeIdx=0,hash=7781e376...
info|2019-12-12 16:57:23.255317|[g:1][CONSENSUS][PBFT]checkTimeout Succ,view=7908,toView=7909,nodeIdx=0,changeCycle=0,myNode=44c8a1fa...,timecost=0.171
info|2019-12-12 16:57:23.255901|[g:1][CONSENSUS][PBFT]checkAndChangeView: Reach consensus,org_view=7908,org_changeCycle=0,cur_changeCycle=0,to_view=7909
info|2019-12-12 16:57:23.271945|[P2P][Service] heartBeat,connected count=3
info|2019-12-12 16:57:24.255372|[g:1][CONSENSUS]addRawPrepare,height=17,reqIdx=1,hash=97a1e792...
info|2019-12-12 16:57:24.255572|[g:1][CONSENSUS][PBFT]checkTimeout Succ,view=7909,toView=7910,nodeIdx=0,changeCycle=0,myNode=44c8a1fa...,timecost=0.143
info|2019-12-12 16:57:24.257801|[g:1][CONSENSUS][PBFT]checkAndChangeView: Reach consensus,org_view=7909,org_changeCycle=0,cur_changeCycle=0,to_view=7910
info|2019-12-12 16:57:25.260004|[g:1][CONSENSUS]addRawPrepare,height=17,reqIdx=2,hash=49350581...
info|2019-12-12 16:57:25.260177|[g:1][CONSENSUS][PBFT]checkTimeout Succ,view=7910,toView=7911,nodeIdx=0,changeCycle=0,myNode=44c8a1fa...,timecost=0.158
info|2019-12-12 16:57:25.261990|[g:1][CONSENSUS][PBFT]checkAndChangeView: Reach consensus,org_view=7910,org_changeCycle=0,cur_changeCycle=0,to_view=7911
info|2019-12-12 16:57:26.263592|[g:1][CONSENSUS]addRawPrepare,height=17,reqIdx=3,hash=7558f36f...
info|2019-12-12 16:57:26.263757|[g:1][CONSENSUS][PBFT]checkTimeout Succ,view=7911,toView=7912,nodeIdx=0,changeCycle=0,myNode=44c8a1fa...,timecost=0.147
info|2019-12-12 16:57:26.266183|[g:1][CONSENSUS][PBFT]checkAndChangeView: Reach consensus,org_view=7911,org_changeCycle=0,cur_changeCycle=0,to_view=7912
info|2019-12-12 16:57:27.267059|[g:1][CONSENSUS][SEALER]++++++++++++++++ Generating seal on,blkNum=17,tx=0,nodeIdx=0,hash=08fb7b17...
info|2019-12-12 16:57:27.271333|[g:1][CONSENSUS][PBFT]checkTimeout Succ,view=7912,toView=7913,nodeIdx=0,changeCycle=0,myNode=44c8a1fa...,timecost=0.16
info|2019-12-12 16:57:27.271959|[g:1][CONSENSUS][PBFT]checkAndChangeView: Reach consensus,org_view=7912,org_changeCycle=0,cur_changeCycle=0,to_view=7913
info|2019-12-12 16:57:28.270583|[g:1][CONSENSUS]addRawPrepare,height=17,reqIdx=1,hash=599b6432...
info|2019-12-12 16:57:28.270772|[g:1][CONSENSUS][PBFT]checkTimeout Succ,view=7913,toView=7914,nodeIdx=0,changeCycle=0,myNode=44c8a1fa...,timecost=0.137
info|2019-12-12 16:57:28.273818|[g:1][CONSENSUS][PBFT]checkAndChangeView: Reach consensus,org_view=7913,org_changeCycle=0,cur_changeCycle=0,to_view=7914
info|2019-12-12 16:57:29.277121|[g:1][CONSENSUS]addRawPrepare,height=17,reqIdx=2,hash=003314ee...
info|2019-12-12 16:57:29.277278|[g:1][CONSENSUS][PBFT]checkTimeout Succ,view=7914,toView=7915,nodeIdx=0,changeCycle=0,myNode=44c8a1fa...,timecost=0.142
info|2019-12-12 16:57:29.278032|[g:1][CONSENSUS][PBFT]checkAndChangeView: Reach consensus,org_view=7914,org_changeCycle=0,cur_changeCycle=0,to_view=7915
info|2019-12-12 16:57:30.281007|[g:1][CONSENSUS]addRawPrepare,height=17,reqIdx=3,hash=7a8e4cad...
info|2019-12-12 16:57:30.281248|[g:1][CONSENSUS][PBFT]checkTimeout Succ,view=7915,toView=7916,nodeIdx=0,changeCycle=0,myNode=44c8a1fa...,timecost=0.222
info|2019-12-12 16:57:30.283641|[g:1][CONSENSUS][PBFT]checkAndChangeView: Reach consensus,org_view=7915,org_changeCycle=0,cur_changeCycle=0,to_view=7916
info|2019-12-12 16:57:31.283124|[g:1][CONSENSUS][SEALER]++++++++++++++++ Generating seal on,blkNum=17,tx=0,nodeIdx=0,hash=6de60807...
info|2019-12-12 16:57:31.287251|[g:1][CONSENSUS][PBFT]checkTimeout Succ,view=7916,toView=7917,nodeIdx=0,changeCycle=0,myNode=44c8a1fa...,timecost=0.146
info|2019-12-12 16:57:31.287840|[g:1][CONSENSUS][PBFT]checkAndChangeView: Reach consensus,org_view=7916,org_changeCycle=0,cur_changeCycle=0,to_view=7917
info|2019-12-12 16:57:32.287432|[g:1][CONSENSUS]addRawPrepare,height=17,reqIdx=1,hash=b4d579a8...
info|2019-12-12 16:57:32.287626|[g:1][CONSENSUS][PBFT]checkTimeout Succ,view=7917,toView=7918,nodeIdx=0,changeCycle=0,myNode=44c8a1fa...,timecost=0.137
info|2019-12-12 16:57:32.289828|[g:1][CONSENSUS][PBFT]checkAndChangeView: Reach consensus,org_view=7917,org_changeCycle=0,cur_changeCycle=0,to_view=7918
info|2019-12-12 16:57:33.272768|[P2P][Service] heartBeat,connected count=3
info|2019-12-12 16:57:33.293523|[g:1][CONSENSUS]addRawPrepare,height=17,reqIdx=2,hash=3e6fc43d...
info|2019-12-12 16:57:33.293701|[g:1][CONSENSUS][PBFT]checkTimeout Succ,view=7918,toView=7919,nodeIdx=0,changeCycle=0,myNode=44c8a1fa...,timecost=0.142
info|2019-12-12 16:57:33.295474|[g:1][CONSENSUS][PBFT]checkAndChangeView: Reach consensus,org_view=7918,org_changeCycle=0,cur_changeCycle=0,to_view=7919
info|2019-12-12 16:57:34.299072|[g:1][CONSENSUS]addRawPrepare,height=17,reqIdx=3,hash=535d3acd...
info|2019-12-12 16:57:34.299229|[g:1][CONSENSUS][PBFT]checkTimeout Succ,view=7919,toView=7920,nodeIdx=0,changeCycle=0,myNode=44c8a1fa...,timecost=0.141
info|2019-12-12 16:57:34.301107|[g:1][CONSENSUS][PBFT]checkAndChangeView: Reach consensus,org_view=7919,org_changeCycle=0,cur_changeCycle=0,to_view=7920
info|2019-12-12 16:57:35.301523|[g:1][CONSENSUS][SEALER]++++++++++++++++ Generating seal on,blkNum=17,tx=0,nodeIdx=0,hash=7d656058...
info|2019-12-12 16:57:35.306283|[g:1][CONSENSUS][PBFT]checkTimeout Succ,view=7920,toView=7921,nodeIdx=0,changeCycle=0,myNode=44c8a1fa...,timecost=0.144
info|2019-12-12 16:57:35.306934|[g:1][CONSENSUS][PBFT]checkAndChangeView: Reach consensus,org_view=7920,org_changeCycle=0,cur_changeCycle=0,to_view=7921
info|2019-12-12 16:57:36.305002|[g:1][CONSENSUS]addRawPrepare,height=17,reqIdx=1,hash=fe54f6d5...
info|2019-12-12 16:57:36.305200|[g:1][CONSENSUS][PBFT]checkTimeout Succ,view=7921,toView=7922,nodeIdx=0,changeCycle=0,myNode=44c8a1fa...,timecost=0.142
info|2019-12-12 16:57:36.307459|[g:1][CONSENSUS][PBFT]checkAndChangeView: Reach consensus,org_view=7921,org_changeCycle=0,cur_changeCycle=0,to_view=7922
info|2019-12-12 16:57:37.311152|[g:1][CONSENSUS]addRawPrepare,height=17,reqIdx=2,hash=4987e725...
info|2019-12-12 16:57:37.311313|[g:1][CONSENSUS][PBFT]checkTimeout Succ,view=7922,toView=7923,nodeIdx=0,changeCycle=0,myNode=44c8a1fa...,timecost=0.142
info|2019-12-12 16:57:37.313043|[g:1][CONSENSUS][PBFT]checkAndChangeView: Reach consensus,org_view=7922,org_changeCycle=0,cur_changeCycle=0,to_view=7923
info|2019-12-12 16:57:38.314230|[g:1][CONSENSUS]addRawPrepare,height=17,reqIdx=3,hash=a59bc2d1...
info|2019-12-12 16:57:38.314410|[g:1][CONSENSUS][PBFT]checkTimeout Succ,view=7923,toView=7924,nodeIdx=0,changeCycle=0,myNode=44c8a1fa...,timecost=0.147
info|2019-12-12 16:57:38.316834|[g:1][CONSENSUS][PBFT]checkAndChangeView: Reach consensus,org_view=7923,org_changeCycle=0,cur_changeCycle=0,to_view=7924
info|2019-12-12 16:57:39.316461|[g:1][CONSENSUS][SEALER]++++++++++++++++ Generating seal on,blkNum=17,tx=0,nodeIdx=0,hash=8dabf158...
info|2019-12-12 16:57:39.322286|[g:1][CONSENSUS][PBFT]checkTimeout Succ,view=7924,toView=7925,nodeIdx=0,changeCycle=0,myNode=44c8a1fa...,timecost=0.167
info|2019-12-12 16:57:39.323058|[g:1][CONSENSUS][PBFT]checkAndChangeView: Reach consensus,org_view=7924,org_changeCycle=0,cur_changeCycle=0,to_view=7925
info|2019-12-12 16:57:40.322623|[g:1][CONSENSUS]addRawPrepare,height=17,reqIdx=1,hash=23e0ce7d...
info|2019-12-12 16:57:40.322813|[g:1][CONSENSUS][PBFT]checkTimeout Succ,view=7925,toView=7926,nodeIdx=0,changeCycle=0,myNode=44c8a1fa...,timecost=0.137
info|2019-12-12 16:57:40.325264|[g:1][CONSENSUS][PBFT]checkAndChangeView: Reach consensus,org_view=7925,org_changeCycle=0,cur_changeCycle=0,to_view=7926
info|2019-12-12 16:57:41.327987|[g:1][CONSENSUS]addRawPrepare,height=17,reqIdx=2,hash=eec5a3dd...
info|2019-12-12 16:57:41.328164|[g:1][CONSENSUS][PBFT]checkTimeout Succ,view=7926,toView=7927,nodeIdx=0,changeCycle=0,myNode=44c8a1fa...,timecost=0.156
info|2019-12-12 16:57:41.330164|[g:1][CONSENSUS][PBFT]checkAndChangeView: Reach consensus,org_view=7926,org_changeCycle=0,cur_changeCycle=0,to_view=7927
info|2019-12-12 16:57:42.331818|[g:1][CONSENSUS]addRawPrepare,height=17,reqIdx=3,hash=9be05b5d...
info|2019-12-12 16:57:42.331968|[g:1][CONSENSUS][PBFT]checkTimeout Succ,view=7927,toView=7928,nodeIdx=0,changeCycle=0,myNode=44c8a1fa...,timecost=0.135
info|2019-12-12 16:57:42.333194|[g:1][CONSENSUS][PBFT]checkAndChangeView: Reach consensus,org_view=7927,org_changeCycle=0,cur_changeCycle=0,to_view=7928
info|2019-12-12 16:57:43.273590|[P2P][Service] heartBeat,connected count=3
info|2019-12-12 16:57:43.334257|[g:1][CONSENSUS][SEALER]++++++++++++++++ Generating seal on,blkNum=17,tx=0,nodeIdx=0,hash=deb9c245...
info|2019-12-12 16:57:43.348282|[g:1][CONSENSUS][PBFT]checkTimeout Succ,view=7928,toView=7929,nodeIdx=0,changeCycle=0,myNode=44c8a1fa...,timecost=0.292
info|2019-12-12 16:57:43.349304|[g:1][CONSENSUS][PBFT]checkAndChangeView: Reach consensus,org_view=7928,org_changeCycle=0,cur_changeCycle=0,to_view=7929
info|2019-12-12 16:57:44.349426|[g:1][CONSENSUS]addRawPrepare,height=17,reqIdx=1,hash=9631fd28...
info|2019-12-12 16:57:44.349940|[g:1][CONSENSUS][PBFT]checkTimeout Succ,view=7929,toView=7930,nodeIdx=0,changeCycle=0,myNode=44c8a1fa...,timecost=0.377
info|2019-12-12 16:57:44.358919|[g:1][CONSENSUS][PBFT]checkAndChangeView: Reach consensus,org_view=7929,org_changeCycle=0,cur_changeCycle=0,to_view=7930
info|2019-12-12 16:57:45.364693|[g:1][CONSENSUS]addRawPrepare,height=17,reqIdx=2,hash=d457273b...
info|2019-12-12 16:57:45.365133|[g:1][CONSENSUS][PBFT]checkTimeout Succ,view=7930,toView=7931,nodeIdx=0,changeCycle=0,myNode=44c8a1fa...,timecost=0.401
info|2019-12-12 16:57:45.366146|[g:1][CONSENSUS][PBFT]checkAndChangeView: Reach consensus,org_view=7930,org_changeCycle=0,cur_changeCycle=0,to_view=7931
info|2019-12-12 16:57:46.374839|[g:1][CONSENSUS]addRawPrepare,height=17,reqIdx=3,hash=92200dc4...
info|2019-12-12 16:57:46.375313|[g:1][CONSENSUS][PBFT]checkTimeout Succ,view=7931,toView=7932,nodeIdx=0,changeCycle=0,myNode=44c8a1fa...,timecost=0.434
info|2019-12-12 16:57:46.376814|[g:1][CONSENSUS][PBFT]checkAndChangeView: Reach consensus,org_view=7931,org_changeCycle=0,cur_changeCycle=0,to_view=7932
info|2019-12-12 16:57:47.377386|[g:1][CONSENSUS][SEALER]++++++++++++++++ Generating seal on,blkNum=17,tx=0,nodeIdx=0,hash=41fb1c3b...
info|2019-12-12 16:57:47.393413|[g:1][CONSENSUS][PBFT]checkTimeout Succ,view=7932,toView=7933,nodeIdx=0,changeCycle=0,myNode=44c8a1fa...,timecost=0.294
info|2019-12-12 16:57:47.394692|[g:1][CONSENSUS][PBFT]checkAndChangeView: Reach consensus,org_view=7932,org_changeCycle=0,cur_changeCycle=0,to_view=7933
info|2019-12-12 16:57:48.392507|[g:1][CONSENSUS]addRawPrepare,height=17,reqIdx=1,hash=5fc3c83c...
info|2019-12-12 16:57:48.392988|[g:1][CONSENSUS][PBFT]checkTimeout Succ,view=7933,toView=7934,nodeIdx=0,changeCycle=0,myNode=44c8a1fa...,timecost=0.354
info|2019-12-12 16:57:48.401001|[g:1][CONSENSUS][PBFT]checkAndChangeView: Reach consensus,org_view=7933,org_changeCycle=0,cur_changeCycle=0,to_view=7934
info|2019-12-12 16:57:49.403831|[g:1][CONSENSUS]addRawPrepare,height=17,reqIdx=2,hash=bdca35f7...
info|2019-12-12 16:57:49.404061|[g:1][CONSENSUS][PBFT]checkTimeout Succ,view=7934,toView=7935,nodeIdx=0,changeCycle=0,myNode=44c8a1fa...,timecost=0.207
info|2019-12-12 16:57:49.406521|[g:1][CONSENSUS][PBFT]checkAndChangeView: Reach consensus,org_view=7934,org_changeCycle=0,cur_changeCycle=0,to_view=7935
info|2019-12-12 16:57:50.412473|[g:1][CONSENSUS]addRawPrepare,height=17,reqIdx=3,hash=24a74dcf...
info|2019-12-12 16:57:50.418682|[g:1][CONSENSUS][PBFT]checkTimeout Succ,view=7935,toView=7936,nodeIdx=0,changeCycle=0,myNode=44c8a1fa...,timecost=6.138
info|2019-12-12 16:57:50.420397|[g:1][CONSENSUS][PBFT]checkAndChangeView: Reach consensus,org_view=7935,org_changeCycle=0,cur_changeCycle=0,to_view=7936
info|2019-12-12 16:57:51.421254|[g:1][CONSENSUS][SEALER]++++++++++++++++ Generating seal on,blkNum=17,tx=0,nodeIdx=0,hash=3cae4cd1...
info|2019-12-12 16:57:51.426920|[g:1][CONSENSUS][PBFT]checkTimeout Succ,view=7936,toView=7937,nodeIdx=0,changeCycle=0,myNode=44c8a1fa...,timecost=0.2
info|2019-12-12 16:57:51.427750|[g:1][CONSENSUS][PBFT]checkAndChangeView: Reach consensus,org_view=7936,org_changeCycle=0,cur_changeCycle=0,to_view=7937
info|2019-12-12 16:57:52.427052|[g:1][CONSENSUS]addRawPrepare,height=17,reqIdx=1,hash=9707fb8c...
info|2019-12-12 16:57:52.427391|[g:1][CONSENSUS][PBFT]checkTimeout Succ,view=7937,toView=7938,nodeIdx=0,changeCycle=0,myNode=44c8a1fa...,timecost=0.26
info|2019-12-12 16:57:52.430842|[g:1][CONSENSUS][PBFT]checkAndChangeView: Reach consensus,org_view=7937,org_changeCycle=0,cur_changeCycle=0,to_view=7938
info|2019-12-12 16:57:53.274429|[P2P][Service] heartBeat,connected count=3
info|2019-12-12 16:57:53.436085|[g:1][CONSENSUS]addRawPrepare,height=17,reqIdx=2,hash=9fb13ab1...
info|2019-12-12 16:57:53.441017|[g:1][CONSENSUS][PBFT]checkTimeout Succ,view=7938,toView=7939,nodeIdx=0,changeCycle=0,myNode=44c8a1fa...,timecost=1.074
info|2019-12-12 16:57:53.443395|[g:1][CONSENSUS][PBFT]checkAndChangeView: Reach consensus,org_view=7938,org_changeCycle=0,cur_changeCycle=0,to_view=7939
info|2019-12-12 16:57:54.447509|[g:1][CONSENSUS]addRawPrepare,height=17,reqIdx=3,hash=57313d60...
info|2019-12-12 16:57:54.451433|[g:1][CONSENSUS][PBFT]checkTimeout Succ,view=7939,toView=7940,nodeIdx=0,changeCycle=0,myNode=44c8a1fa...,timecost=3.859
info|2019-12-12 16:57:54.453972|[g:1][CONSENSUS][PBFT]checkAndChangeView: Reach consensus,org_view=7939,org_changeCycle=0,cur_changeCycle=0,to_view=7940
info|2019-12-12 16:57:55.455604|[g:1][CONSENSUS][SEALER]++++++++++++++++ Generating seal on,blkNum=17,tx=0,nodeIdx=0,hash=bb4edc1c...
info|2019-12-12 16:57:55.471822|[g:1][CONSENSUS][PBFT]checkTimeout Succ,view=7940,toView=7941,nodeIdx=0,changeCycle=0,myNode=44c8a1fa...,timecost=0.364
info|2019-12-12 16:57:55.473370|[g:1][CONSENSUS][PBFT]checkAndChangeView: Reach consensus,org_view=7940,org_changeCycle=0,cur_changeCycle=0,to_view=7941
info|2019-12-12 16:57:56.475920|[g:1][CONSENSUS]addRawPrepare,height=17,reqIdx=1,hash=434d4124...
info|2019-12-12 16:57:56.476468|[g:1][CONSENSUS][PBFT]checkTimeout Succ,view=7941,toView=7942,nodeIdx=0,changeCycle=0,myNode=44c8a1fa...,timecost=0.444
info|2019-12-12 16:57:56.482879|[g:1][CONSENSUS][PBFT]checkAndChangeView: Reach consensus,org_view=7941,org_changeCycle=0,cur_changeCycle=0,to_view=7942
info|2019-12-12 16:57:57.488165|[g:1][CONSENSUS]addRawPrepare,height=17,reqIdx=2,hash=1d38b5d8...
info|2019-12-12 16:57:57.488604|[g:1][CONSENSUS][PBFT]checkTimeout Succ,view=7942,toView=7943,nodeIdx=0,changeCycle=0,myNode=44c8a1fa...,timecost=0.391
info|2019-12-12 16:57:57.491962|[g:1][CONSENSUS][PBFT]checkAndChangeView: Reach consensus,org_view=7942,org_changeCycle=0,cur_changeCycle=0,to_view=7943
info|2019-12-12 16:57:58.495912|[g:1][CONSENSUS]addRawPrepare,height=17,reqIdx=3,hash=d65575c0...
info|2019-12-12 16:57:58.496103|[g:1][CONSENSUS][PBFT]checkTimeout Succ,view=7943,toView=7944,nodeIdx=0,changeCycle=0,myNode=44c8a1fa...,timecost=0.169
info|2019-12-12 16:57:58.497865|[g:1][CONSENSUS][PBFT]checkAndChangeView: Reach consensus,org_view=7943,org_changeCycle=0,cur_changeCycle=0,to_view=7944
info|2019-12-12 16:57:59.497939|[g:1][CONSENSUS][SEALER]++++++++++++++++ Generating seal on,blkNum=17,tx=0,nodeIdx=0,hash=1a09a8da...
info|2019-12-12 16:57:59.505959|[g:1][CONSENSUS][PBFT]checkTimeout Succ,view=7944,toView=7945,nodeIdx=0,changeCycle=0,myNode=44c8a1fa...,timecost=0.147
info|2019-12-12 16:57:59.506566|[g:1][CONSENSUS][PBFT]checkAndChangeView: Reach consensus,org_view=7944,org_changeCycle=0,cur_changeCycle=0,to_view=7945
info|2019-12-12 16:58:00.506749|[g:1][CONSENSUS]addRawPrepare,height=17,reqIdx=1,hash=05efdd8a...
info|2019-12-12 16:58:00.507327|[g:1][CONSENSUS][PBFT]checkTimeout Succ,view=7945,toView=7946,nodeIdx=0,changeCycle=0,myNode=44c8a1fa...,timecost=0.432
info|2019-12-12 16:58:00.515095|[g:1][CONSENSUS][PBFT]checkAndChangeView: Reach consensus,org_view=7945,org_changeCycle=0,cur_changeCycle=0,to_view=7946
info|2019-12-12 16:58:01.520500|[g:1][CONSENSUS]addRawPrepare,height=17,reqIdx=2,hash=4fd12dda...
info|2019-12-12 16:58:01.525213|[g:1][CONSENSUS][PBFT]checkTimeout Succ,view=7946,toView=7947,nodeIdx=0,changeCycle=0,myNode=44c8a1fa...,timecost=4.641
info|2019-12-12 16:58:01.530743|[g:1][CONSENSUS][PBFT]checkAndChangeView: Reach consensus,org_view=7946,org_changeCycle=0,cur_changeCycle=0,to_view=7947
info|2019-12-12 16:58:02.535909|[g:1][CONSENSUS]addRawPrepare,height=17,reqIdx=3,hash=863f40c8...
info|2019-12-12 16:58:02.536084|[g:1][CONSENSUS][PBFT]checkTimeout Succ,view=7947,toView=7948,nodeIdx=0,changeCycle=0,myNode=44c8a1fa...,timecost=0.157
info|2019-12-12 16:58:02.538144|[g:1][CONSENSUS][PBFT]checkAndChangeView: Reach consensus,org_view=7947,org_changeCycle=0,cur_changeCycle=0,to_view=7948
info|2019-12-12 16:58:03.275182|[P2P][Service] heartBeat,connected count=3
info|2019-12-12 16:58:03.539421|[g:1][CONSENSUS][SEALER]++++++++++++++++ Generating seal on,blkNum=17,tx=0,nodeIdx=0,hash=ea1b9e86...
info|2019-12-12 16:58:03.554058|[g:1][CONSENSUS][PBFT]checkTimeout Succ,view=7948,toView=7949,nodeIdx=0,changeCycle=0,myNode=44c8a1fa...,timecost=0.154
info|2019-12-12 16:58:03.554714|[g:1][CONSENSUS][PBFT]checkAndChangeView: Reach consensus,org_view=7948,org_changeCycle=0,cur_changeCycle=0,to_view=7949
info|2019-12-12 16:58:04.557397|[g:1][CONSENSUS]addRawPrepare,height=17,reqIdx=1,hash=a9d9bb9b...
info|2019-12-12 16:58:04.561475|[g:1][CONSENSUS][PBFT]checkTimeout Succ,view=7949,toView=7950,nodeIdx=0,changeCycle=0,myNode=44c8a1fa...,timecost=0.69
info|2019-12-12 16:58:04.570898|[g:1][CONSENSUS][PBFT]checkAndChangeView: Reach consensus,org_view=7949,org_changeCycle=0,cur_changeCycle=0,to_view=7950
info|2019-12-12 16:58:05.579757|[g:1][CONSENSUS]addRawPrepare,height=17,reqIdx=2,hash=39ba7888...
info|2019-12-12 16:58:05.583481|[g:1][CONSENSUS][PBFT]checkTimeout Succ,view=7950,toView=7951,nodeIdx=0,changeCycle=0,myNode=44c8a1fa...,timecost=3.667
info|2019-12-12 16:58:05.588394|[g:1][CONSENSUS][PBFT]checkAndChangeView: Reach consensus,org_view=7950,org_changeCycle=0,cur_changeCycle=0,to_view=7951
info|2019-12-12 16:58:06.593420|[g:1][CONSENSUS]addRawPrepare,height=17,reqIdx=3,hash=b1db6c15...
info|2019-12-12 16:58:06.593641|[g:1][CONSENSUS][PBFT]checkTimeout Succ,view=7951,toView=7952,nodeIdx=0,changeCycle=0,myNode=44c8a1fa...,timecost=0.202
info|2019-12-12 16:58:06.596056|[g:1][CONSENSUS][PBFT]checkAndChangeView: Reach consensus,org_view=7951,org_changeCycle=0,cur_changeCycle=0,to_view=7952
info|2019-12-12 16:58:07.596692|[g:1][CONSENSUS][SEALER]++++++++++++++++ Generating seal on,blkNum=17,tx=0,nodeIdx=0,hash=8fccaead...
info|2019-12-12 16:58:07.611209|[g:1][CONSENSUS][PBFT]checkTimeout Succ,view=7952,toView=7953,nodeIdx=0,changeCycle=0,myNode=44c8a1fa...,timecost=0.341
info|2019-12-12 16:58:07.612600|[g:1][CONSENSUS][PBFT]checkAndChangeView: Reach consensus,org_view=7952,org_changeCycle=0,cur_changeCycle=0,to_view=7953
info|2019-12-12 16:58:08.611138|[g:1][CONSENSUS]addRawPrepare,height=17,reqIdx=1,hash=fb3253e8...
info|2019-12-12 16:58:08.611358|[g:1][CONSENSUS][PBFT]checkTimeout Succ,view=7953,toView=7954,nodeIdx=0,changeCycle=0,myNode=44c8a1fa...,timecost=0.165
info|2019-12-12 16:58:08.614310|[g:1][CONSENSUS][PBFT]checkAndChangeView: Reach consensus,org_view=7953,org_changeCycle=0,cur_changeCycle=0,to_view=7954
info|2019-12-12 16:58:09.616208|[g:1][CONSENSUS]addRawPrepare,height=17,reqIdx=2,hash=add72064...
info|2019-12-12 16:58:09.616372|[g:1][CONSENSUS][PBFT]checkTimeout Succ,view=7954,toView=7955,nodeIdx=0,changeCycle=0,myNode=44c8a1fa...,timecost=0.145
info|2019-12-12 16:58:09.617695|[g:1][CONSENSUS][PBFT]checkAndChangeView: Reach consensus,org_view=7954,org_changeCycle=0,cur_changeCycle=0,to_view=7955
info|2019-12-12 16:58:10.621003|[g:1][CONSENSUS]addRawPrepare,height=17,reqIdx=3,hash=1b6ffe37...
info|2019-12-12 16:58:10.621155|[g:1][CONSENSUS][PBFT]checkTimeout Succ,view=7955,toView=7956,nodeIdx=0,changeCycle=0,myNode=44c8a1fa...,timecost=0.135
info|2019-12-12 16:58:10.622180|[g:1][CONSENSUS][PBFT]checkAndChangeView: Reach consensus,org_view=7955,org_changeCycle=0,cur_changeCycle=0,to_view=7956
info|2019-12-12 16:58:11.622412|[g:1][CONSENSUS][SEALER]++++++++++++++++ Generating seal on,blkNum=17,tx=0,nodeIdx=0,hash=6de9a36c...
info|2019-12-12 16:58:11.635704|[g:1][CONSENSUS][PBFT]checkTimeout Succ,view=7956,toView=7957,nodeIdx=0,changeCycle=0,myNode=44c8a1fa...,timecost=0.435
info|2019-12-12 16:58:11.637453|[g:1][CONSENSUS][PBFT]checkAndChangeView: Reach consensus,org_view=7956,org_changeCycle=0,cur_changeCycle=0,to_view=7957
info|2019-12-12 16:58:12.634073|[g:1][CONSENSUS]addRawPrepare,height=17,reqIdx=1,hash=39af2687...
info|2019-12-12 16:58:12.634277|[g:1][CONSENSUS][PBFT]checkTimeout Succ,view=7957,toView=7958,nodeIdx=0,changeCycle=0,myNode=44c8a1fa...,timecost=0.147
info|2019-12-12 16:58:12.636601|[g:1][CONSENSUS][PBFT]checkAndChangeView: Reach consensus,org_view=7957,org_changeCycle=0,cur_changeCycle=0,to_view=7958
info|2019-12-12 16:58:13.275412|[P2P][Service] heartBeat,connected count=3
info|2019-12-12 16:58:13.641544|[g:1][CONSENSUS]addRawPrepare,height=17,reqIdx=2,hash=a8713269...
info|2019-12-12 16:58:13.641696|[g:1][CONSENSUS][PBFT]checkTimeout Succ,view=7958,toView=7959,nodeIdx=0,changeCycle=0,myNode=44c8a1fa...,timecost=0.136
info|2019-12-12 16:58:13.642279|[g:1][CONSENSUS][PBFT]checkAndChangeView: Reach consensus,org_view=7958,org_changeCycle=0,cur_changeCycle=0,to_view=7959
info|2019-12-12 16:58:14.646891|[g:1][CONSENSUS]addRawPrepare,height=17,reqIdx=3,hash=5ff38242...
info|2019-12-12 16:58:14.647223|[g:1][CONSENSUS][PBFT]checkTimeout Succ,view=7959,toView=7960,nodeIdx=0,changeCycle=0,myNode=44c8a1fa...,timecost=0.318
info|2019-12-12 16:58:14.649804|[g:1][CONSENSUS][PBFT]checkAndChangeView: Reach consensus,org_view=7959,org_changeCycle=0,cur_changeCycle=0,to_view=7960
info|2019-12-12 16:58:15.652443|[g:1][CONSENSUS][SEALER]++++++++++++++++ Generating seal on,blkNum=17,tx=0,nodeIdx=0,hash=d075f553...
info|2019-12-12 16:58:15.806287|[g:1][CONSENSUS][PBFT]checkTimeout Succ,view=7960,toView=7961,nodeIdx=0,changeCycle=0,myNode=44c8a1fa...,timecost=0.302
info|2019-12-12 16:58:15.815329|[g:1][CONSENSUS][PBFT]checkAndChangeView: Reach consensus,org_view=7960,org_changeCycle=0,cur_changeCycle=0,to_view=7961
info|2019-12-12 16:58:16.834220|[g:1][CONSENSUS]addRawPrepare,height=17,reqIdx=1,hash=17a9edda...
info|2019-12-12 16:58:16.855564|[g:1][CONSENSUS][PBFT]checkTimeout Succ,view=7961,toView=7962,nodeIdx=0,changeCycle=0,myNode=44c8a1fa...,timecost=21.081
info|2019-12-12 16:58:16.869645|[g:1][CONSENSUS][PBFT]checkAndChangeView: Reach consensus,org_view=7961,org_changeCycle=0,cur_changeCycle=0,to_view=7962
info|2019-12-12 16:58:17.876810|[g:1][CONSENSUS]addRawPrepare,height=17,reqIdx=2,hash=cfddef7d...
info|2019-12-12 16:58:17.883773|[g:1][CONSENSUS][PBFT]checkTimeout Succ,view=7962,toView=7963,nodeIdx=0,changeCycle=0,myNode=44c8a1fa...,timecost=6.609
info|2019-12-12 16:58:17.923411|[g:1][CONSENSUS][PBFT]checkAndChangeView: Reach consensus,org_view=7962,org_changeCycle=0,cur_changeCycle=0,to_view=7963
info|2019-12-12 16:58:18.892648|[g:1][CONSENSUS]addRawPrepare,height=17,reqIdx=3,hash=0f5b386a...
info|2019-12-12 16:58:18.898491|[g:1][CONSENSUS][PBFT]checkTimeout Succ,view=7963,toView=7964,nodeIdx=0,changeCycle=0,myNode=44c8a1fa...,timecost=5.799
info|2019-12-12 16:58:18.904682|[g:1][CONSENSUS][PBFT]checkAndChangeView: Reach consensus,org_view=7963,org_changeCycle=0,cur_changeCycle=0,to_view=7964
info|2019-12-12 16:58:19.914247|[g:1][CONSENSUS][SEALER]++++++++++++++++ Generating seal on,blkNum=17,tx=0,nodeIdx=0,hash=a4fb72c5...
info|2019-12-12 16:58:19.919155|[g:1][CONSENSUS][PBFT]checkTimeout Succ,view=7964,toView=7965,nodeIdx=0,changeCycle=0,myNode=44c8a1fa...,timecost=0.181
info|2019-12-12 16:58:19.919902|[g:1][CONSENSUS][PBFT]checkAndChangeView: Reach consensus,org_view=7964,org_changeCycle=0,cur_changeCycle=0,to_view=7965
info|2019-12-12 16:58:20.933128|[g:1][CONSENSUS]addRawPrepare,height=17,reqIdx=1,hash=8bdf6a0a...
info|2019-12-12 16:58:21.030269|[g:1][CONSENSUS][PBFT]checkTimeout Succ,view=7965,toView=7966,nodeIdx=0,changeCycle=0,myNode=44c8a1fa...,timecost=84.668
info|2019-12-12 16:58:21.048171|[g:1][CONSENSUS][PBFT]checkAndChangeView: Reach consensus,org_view=7965,org_changeCycle=0,cur_changeCycle=0,to_view=7966
info|2019-12-12 16:58:22.051021|[g:1][CONSENSUS]addRawPrepare,height=17,reqIdx=2,hash=54364db0...
info|2019-12-12 16:58:22.051296|[g:1][CONSENSUS][PBFT]checkTimeout Succ,view=7966,toView=7967,nodeIdx=0,changeCycle=0,myNode=44c8a1fa...,timecost=0.25
info|2019-12-12 16:58:22.054921|[g:1][CONSENSUS][PBFT]checkAndChangeView: Reach consensus,org_view=7966,org_changeCycle=0,cur_changeCycle=0,to_view=7967
info|2019-12-12 16:58:23.057170|[g:1][CONSENSUS][PBFT]Trigger fast-viewchange,view=7967,toView=7967,minView=7968,INFO=,reqNum=16,curNum=16,GenIdx=1,Cview=7968,view=7967,fromIdx=1,fromNode=7ab09f71...,fromIp=127.0.0.1:46722,hash=f723565c...,nodeIdx=0,myNode=44c8a1fa...
info|2019-12-12 16:58:23.057777|[g:1][CONSENSUS][PBFT]checkAndChangeView: Reach consensus,org_view=7967,org_changeCycle=0,cur_changeCycle=0,to_view=7968
info|2019-12-12 16:58:23.057784|[g:1][CONSENSUS][PBFT]checkTimeout Succ,view=7968,toView=7968,nodeIdx=0,changeCycle=0,myNode=44c8a1fa...,timecost=0.588
info|2019-12-12 16:58:23.275766|[P2P][Service] heartBeat,connected count=3
info|2019-12-12 16:58:24.058925|[g:1][CONSENSUS][SEALER]++++++++++++++++ Generating seal on,blkNum=17,tx=0,nodeIdx=0,hash=22d52f89...
info|2019-12-12 16:58:24.081069|[g:1][CONSENSUS][PBFT]checkTimeout Succ,view=7968,toView=7969,nodeIdx=0,changeCycle=0,myNode=44c8a1fa...,timecost=1.02
info|2019-12-12 16:58:24.086513|[g:1][CONSENSUS][PBFT]checkAndChangeView: Reach consensus,org_view=7968,org_changeCycle=0,cur_changeCycle=0,to_view=7969
info|2019-12-12 16:58:25.090462|[g:1][CONSENSUS]addRawPrepare,height=17,reqIdx=1,hash=f7704fc6...
info|2019-12-12 16:58:25.090662|[g:1][CONSENSUS][PBFT]checkTimeout Succ,view=7969,toView=7970,nodeIdx=0,changeCycle=0,myNode=44c8a1fa...,timecost=0.142
info|2019-12-12 16:58:25.093608|[g:1][CONSENSUS][PBFT]checkAndChangeView: Reach consensus,org_view=7969,org_changeCycle=0,cur_changeCycle=0,to_view=7970
info|2019-12-12 16:58:26.094899|[g:1][CONSENSUS]addRawPrepare,height=17,reqIdx=2,hash=b989f58a...
info|2019-12-12 16:58:26.095065|[g:1][CONSENSUS][PBFT]checkTimeout Succ,view=7970,toView=7971,nodeIdx=0,changeCycle=0,myNode=44c8a1fa...,timecost=0.147
info|2019-12-12 16:58:26.096439|[g:1][CONSENSUS][PBFT]checkAndChangeView: Reach consensus,org_view=7970,org_changeCycle=0,cur_changeCycle=0,to_view=7971
info|2019-12-12 16:58:27.100570|[g:1][CONSENSUS]addRawPrepare,height=17,reqIdx=3,hash=872ff8de...
info|2019-12-12 16:58:27.100725|[g:1][CONSENSUS][PBFT]checkTimeout Succ,view=7971,toView=7972,nodeIdx=0,changeCycle=0,myNode=44c8a1fa...,timecost=0.139
info|2019-12-12 16:58:27.101921|[g:1][CONSENSUS][PBFT]checkAndChangeView: Reach consensus,org_view=7971,org_changeCycle=0,cur_changeCycle=0,to_view=7972
info|2019-12-12 16:58:28.102392|[g:1][CONSENSUS][SEALER]++++++++++++++++ Generating seal on,blkNum=17,tx=0,nodeIdx=0,hash=33541517...
info|2019-12-12 16:58:28.109121|[g:1][CONSENSUS][PBFT]checkTimeout Succ,view=7972,toView=7973,nodeIdx=0,changeCycle=0,myNode=44c8a1fa...,timecost=0.16
info|2019-12-12 16:58:28.109764|[g:1][CONSENSUS][PBFT]checkAndChangeView: Reach consensus,org_view=7972,org_changeCycle=0,cur_changeCycle=0,to_view=7973
info|2019-12-12 16:58:29.109486|[g:1][CONSENSUS]addRawPrepare,height=17,reqIdx=1,hash=9192136c...
info|2019-12-12 16:58:29.109706|[g:1][CONSENSUS][PBFT]checkTimeout Succ,view=7973,toView=7974,nodeIdx=0,changeCycle=0,myNode=44c8a1fa...,timecost=0.168
info|2019-12-12 16:58:29.112029|[g:1][CONSENSUS][PBFT]checkAndChangeView: Reach consensus,org_view=7973,org_changeCycle=0,cur_changeCycle=0,to_view=7974
info|2019-12-12 16:58:30.114135|[g:1][CONSENSUS]addRawPrepare,height=17,reqIdx=2,hash=67ddd512...
info|2019-12-12 16:58:30.114325|[g:1][CONSENSUS][PBFT]checkTimeout Succ,view=7974,toView=7975,nodeIdx=0,changeCycle=0,myNode=44c8a1fa...,timecost=0.175
info|2019-12-12 16:58:30.116255|[g:1][CONSENSUS][PBFT]checkAndChangeView: Reach consensus,org_view=7974,org_changeCycle=0,cur_changeCycle=0,to_view=7975
info|2019-12-12 16:58:31.117822|[g:1][CONSENSUS]addRawPrepare,height=17,reqIdx=3,hash=1d6c437f...
info|2019-12-12 16:58:31.118014|[g:1][CONSENSUS][PBFT]checkTimeout Succ,view=7975,toView=7976,nodeIdx=0,changeCycle=0,myNode=44c8a1fa...,timecost=0.176
info|2019-12-12 16:58:31.120187|[g:1][CONSENSUS][PBFT]checkAndChangeView: Reach consensus,org_view=7975,org_changeCycle=0,cur_changeCycle=0,to_view=7976
info|2019-12-12 16:58:32.120227|[g:1][CONSENSUS][SEALER]++++++++++++++++ Generating seal on,blkNum=17,tx=0,nodeIdx=0,hash=9b081135...
info|2019-12-12 16:58:32.124915|[g:1][CONSENSUS][PBFT]checkTimeout Succ,view=7976,toView=7977,nodeIdx=0,changeCycle=0,myNode=44c8a1fa...,timecost=0.147
info|2019-12-12 16:58:32.125416|[g:1][CONSENSUS][PBFT]checkAndChangeView: Reach consensus,org_view=7976,org_changeCycle=0,cur_changeCycle=0,to_view=7977
