warning|2019-12-12 19:58:34.366493|[g:1][CONSENSUS][PBFT]ViewChangeWarning: not caused by omit empty block ,v=7977,toV=7978,curNum=16,hash=f723565c...,nodeIdx=0,myNode=44c8a1fa...
info|2019-12-12 19:58:34.366592|[g:1][CONSENSUS][PBFT]checkTimeout Succ,view=7977,toView=7978,nodeIdx=0,changeCycle=1,myNode=44c8a1fa...,timecost=0.335
info|2019-12-12 19:58:34.412472|[g:1][CONSENSUS][PBFT]checkAndChangeView: Reach consensus,org_view=7977,org_changeCycle=1,cur_changeCycle=1,to_view=7978
info|2019-12-12 19:58:33.845229|[P2P][Service] heartBeat,connected count=3
info|2019-12-12 19:58:35.427842|[g:1][CONSENSUS]addRawPrepare,height=17,reqIdx=2,hash=49095644...
info|2019-12-12 19:58:35.427994|[g:1][CONSENSUS][PBFT]checkTimeout Succ,view=7978,toView=7979,nodeIdx=0,changeCycle=0,myNode=44c8a1fa...,timecost=0.136
info|2019-12-12 19:58:35.429350|[g:1][CONSENSUS][PBFT]checkAndChangeView: Reach consensus,org_view=7978,org_changeCycle=0,cur_changeCycle=0,to_view=7979
info|2019-12-12 19:58:36.430874|[g:1][CONSENSUS]addRawPrepare,height=17,reqIdx=3,hash=3dbc4f77...
info|2019-12-12 19:58:36.431116|[g:1][CONSENSUS][PBFT]checkTimeout Succ,view=7979,toView=7980,nodeIdx=0,changeCycle=0,myNode=44c8a1fa...,timecost=0.2
info|2019-12-12 19:58:36.433640|[g:1][CONSENSUS][PBFT]checkAndChangeView: Reach consensus,org_view=7979,org_changeCycle=0,cur_changeCycle=0,to_view=7980
info|2019-12-12 19:58:37.433400|[g:1][CONSENSUS][SEALER]++++++++++++++++ Generating seal on,blkNum=17,tx=0,nodeIdx=0,hash=1c6372d3...
info|2019-12-12 19:58:37.438079|[g:1][CONSENSUS][PBFT]checkTimeout Succ,view=7980,toView=7981,nodeIdx=0,changeCycle=0,myNode=44c8a1fa...,timecost=0.152
info|2019-12-12 19:58:37.438792|[g:1][CONSENSUS][PBFT]checkAndChangeView: Reach consensus,org_view=7980,org_changeCycle=0,cur_changeCycle=0,to_view=7981
info|2019-12-12 19:58:38.436700|[g:1][CONSENSUS]addRawPrepare,height=17,reqIdx=1,hash=f78f407b...
info|2019-12-12 19:58:38.436935|[g:1][CONSENSUS][PBFT]checkTimeout Succ,view=7981,toView=7982,nodeIdx=0,changeCycle=0,myNode=44c8a1fa...,timecost=0.142
info|2019-12-12 19:58:38.439170|[g:1][CONSENSUS][PBFT]checkAndChangeView: Reach consensus,org_view=7981,org_changeCycle=0,cur_changeCycle=0,to_view=7982
info|2019-12-12 19:58:39.441881|[g:1][CONSENSUS]addRawPrepare,height=17,reqIdx=2,hash=53a5ff50...
info|2019-12-12 19:58:39.442043|[g:1][CONSENSUS][PBFT]checkTimeout Succ,view=7982,toView=7983,nodeIdx=0,changeCycle=0,myNode=44c8a1fa...,timecost=0.144
info|2019-12-12 19:58:39.442253|[g:1][CONSENSUS][PBFT]checkAndChangeView: Reach consensus,org_view=7982,org_changeCycle=0,cur_changeCycle=0,to_view=7983
info|2019-12-12 19:58:40.448743|[g:1][CONSENSUS]addRawPrepare,height=17,reqIdx=3,hash=98231dea...
info|2019-12-12 19:58:40.448924|[g:1][CONSENSUS][PBFT]checkTimeout Succ,view=7983,toView=7984,nodeIdx=0,changeCycle=0,myNode=44c8a1fa...,timecost=0.159
info|2019-12-12 19:58:40.451575|[g:1][CONSENSUS][PBFT]checkAndChangeView: Reach consensus,org_view=7983,org_changeCycle=0,cur_changeCycle=0,to_view=7984
info|2019-12-12 19:58:41.451900|[g:1][CONSENSUS][SEALER]++++++++++++++++ Generating seal on,blkNum=17,tx=0,nodeIdx=0,hash=e1a84aa6...
info|2019-12-12 19:58:41.460420|[g:1][CONSENSUS][PBFT]checkTimeout Succ,view=7984,toView=7985,nodeIdx=0,changeCycle=0,myNode=44c8a1fa...,timecost=0.163
info|2019-12-12 19:58:41.461065|[g:1][CONSENSUS][PBFT]checkAndChangeView: Reach consensus,org_view=7984,org_changeCycle=0,cur_changeCycle=0,to_view=7985
info|2019-12-12 19:58:42.454922|[g:1][CONSENSUS]addRawPrepare,height=17,reqIdx=1,hash=e218e389...
info|2019-12-12 19:58:42.455184|[g:1][CONSENSUS][PBFT]checkTimeout Succ,view=7985,toView=7986,nodeIdx=0,changeCycle=0,myNode=44c8a1fa...,timecost=0.191
info|2019-12-12 19:58:42.457427|[g:1][CONSENSUS][PBFT]checkAndChangeView: Reach consensus,org_view=7985,org_changeCycle=0,cur_changeCycle=0,to_view=7986
info|2019-12-12 19:58:43.458690|[g:1][CONSENSUS]addRawPrepare,height=17,reqIdx=2,hash=4703124b...
info|2019-12-12 19:58:43.458852|[g:1][CONSENSUS][PBFT]checkTimeout Succ,view=7986,toView=7987,nodeIdx=0,changeCycle=0,myNode=44c8a1fa...,timecost=0.144
info|2019-12-12 19:58:43.461303|[g:1][CONSENSUS][PBFT]checkAndChangeView: Reach consensus,org_view=7986,org_changeCycle=0,cur_changeCycle=0,to_view=7987
info|2019-12-12 19:58:43.845902|[P2P][Service] heartBeat,connected count=3
info|2019-12-12 19:58:44.462047|[g:1][CONSENSUS]addRawPrepare,height=17,reqIdx=3,hash=73e904f9...
info|2019-12-12 19:58:44.462259|[g:1][CONSENSUS][PBFT]checkTimeout Succ,view=7987,toView=7988,nodeIdx=0,changeCycle=0,myNode=44c8a1fa...,timecost=0.197
info|2019-12-12 19:58:44.463981|[g:1][CONSENSUS][PBFT]checkAndChangeView: Reach consensus,org_view=7987,org_changeCycle=0,cur_changeCycle=0,to_view=7988
info|2019-12-12 19:58:45.463239|[g:1][CONSENSUS][SEALER]++++++++++++++++ Generating seal on,blkNum=17,tx=0,nodeIdx=0,hash=439c68e4...
info|2019-12-12 19:58:45.467486|[g:1][CONSENSUS][PBFT]checkTimeout Succ,view=7988,toView=7989,nodeIdx=0,changeCycle=0,myNode=44c8a1fa...,timecost=0.168
info|2019-12-12 19:58:45.468091|[g:1][CONSENSUS][PBFT]checkAndChangeView: Reach consensus,org_view=7988,org_changeCycle=0,cur_changeCycle=0,to_view=7989
info|2019-12-12 19:58:46.467191|[g:1][CONSENSUS]addRawPrepare,height=17,reqIdx=1,hash=796cbdf4...
info|2019-12-12 19:58:46.467426|[g:1][CONSENSUS][PBFT]checkTimeout Succ,view=7989,toView=7990,nodeIdx=0,changeCycle=0,myNode=44c8a1fa...,timecost=0.139
info|2019-12-12 19:58:46.469661|[g:1][CONSENSUS][PBFT]checkAndChangeView: Reach consensus,org_view=7989,org_changeCycle=0,cur_changeCycle=0,to_view=7990
info|2019-12-12 19:58:47.472657|[g:1][CONSENSUS]addRawPrepare,height=17,reqIdx=2,hash=05f6d217...
info|2019-12-12 19:58:47.472841|[g:1][CONSENSUS][PBFT]checkTimeout Succ,view=7990,toView=7991,nodeIdx=0,changeCycle=0,myNode=44c8a1fa...,timecost=0.169
info|2019-12-12 19:58:47.475051|[g:1][CONSENSUS][PBFT]checkAndChangeView: Reach consensus,org_view=7990,org_changeCycle=0,cur_changeCycle=0,to_view=7991
info|2019-12-12 19:58:48.475787|[g:1][CONSENSUS]addRawPrepare,height=17,reqIdx=3,hash=5d5b9ab5...
info|2019-12-12 19:58:48.475978|[g:1][CONSENSUS][PBFT]checkTimeout Succ,view=7991,toView=7992,nodeIdx=0,changeCycle=0,myNode=44c8a1fa...,timecost=0.175
info|2019-12-12 19:58:48.476813|[g:1][CONSENSUS][PBFT]checkAndChangeView: Reach consensus,org_view=7991,org_changeCycle=0,cur_changeCycle=0,to_view=7992
info|2019-12-12 19:58:49.476438|[g:1][CONSENSUS][SEALER]++++++++++++++++ Generating seal on,blkNum=17,tx=0,nodeIdx=0,hash=b95dd8fa...
info|2019-12-12 19:58:49.481605|[g:1][CONSENSUS][PBFT]checkTimeout Succ,view=7992,toView=7993,nodeIdx=0,changeCycle=0,myNode=44c8a1fa...,timecost=0.168
info|2019-12-12 19:58:49.482278|[g:1][CONSENSUS][PBFT]checkAndChangeView: Reach consensus,org_view=7992,org_changeCycle=0,cur_changeCycle=0,to_view=7993
info|2019-12-12 19:58:50.481397|[g:1][CONSENSUS]addRawPrepare,height=17,reqIdx=1,hash=6f7d190a...
info|2019-12-12 19:58:50.481620|[g:1][CONSENSUS][PBFT]checkTimeout Succ,view=7993,toView=7994,nodeIdx=0,changeCycle=0,myNode=44c8a1fa...,timecost=0.169
info|2019-12-12 19:58:50.486901|[g:1][CONSENSUS][PBFT]checkAndChangeView: Reach consensus,org_view=7993,org_changeCycle=0,cur_changeCycle=0,to_view=7994
info|2019-12-12 19:58:51.487897|[g:1][CONSENSUS]addRawPrepare,height=17,reqIdx=2,hash=f3754964...
info|2019-12-12 19:58:51.488108|[g:1][CONSENSUS][PBFT]checkTimeout Succ,view=7994,toView=7995,nodeIdx=0,changeCycle=0,myNode=44c8a1fa...,timecost=0.193
info|2019-12-12 19:58:51.489616|[g:1][CONSENSUS][PBFT]checkAndChangeView: Reach consensus,org_view=7994,org_changeCycle=0,cur_changeCycle=0,to_view=7995
info|2019-12-12 19:58:52.491531|[g:1][CONSENSUS]addRawPrepare,height=17,reqIdx=3,hash=a0294f38...
info|2019-12-12 19:58:52.491732|[g:1][CONSENSUS][PBFT]checkTimeout Succ,view=7995,toView=7996,nodeIdx=0,changeCycle=0,myNode=44c8a1fa...,timecost=0.181
info|2019-12-12 19:58:52.493224|[g:1][CONSENSUS][PBFT]checkAndChangeView: Reach consensus,org_view=7995,org_changeCycle=0,cur_changeCycle=0,to_view=7996
info|2019-12-12 19:58:53.494813|[g:1][CONSENSUS][SEALER]++++++++++++++++ Generating seal on,blkNum=17,tx=0,nodeIdx=0,hash=30e3d478...
info|2019-12-12 19:58:53.499650|[g:1][CONSENSUS][PBFT]checkTimeout Succ,view=7996,toView=7997,nodeIdx=0,changeCycle=0,myNode=44c8a1fa...,timecost=0.15
info|2019-12-12 19:58:53.500261|[g:1][CONSENSUS][PBFT]checkAndChangeView: Reach consensus,org_view=7996,org_changeCycle=0,cur_changeCycle=0,to_view=7997
info|2019-12-12 19:58:53.845965|[P2P][Service] heartBeat,connected count=3
info|2019-12-12 19:58:54.498795|[g:1][CONSENSUS]addRawPrepare,height=17,reqIdx=1,hash=b987b00f...
info|2019-12-12 19:58:54.499008|[g:1][CONSENSUS][PBFT]checkTimeout Succ,view=7997,toView=7998,nodeIdx=0,changeCycle=0,myNode=44c8a1fa...,timecost=0.148
info|2019-12-12 19:58:54.544221|[g:1][CONSENSUS][PBFT]checkAndChangeView: Reach consensus,org_view=7997,org_changeCycle=0,cur_changeCycle=0,to_view=7998
info|2019-12-12 19:58:55.503908|[g:1][CONSENSUS]addRawPrepare,height=17,reqIdx=2,hash=1adab993...
info|2019-12-12 19:58:55.504104|[g:1][CONSENSUS][PBFT]checkTimeout Succ,view=7998,toView=7999,nodeIdx=0,changeCycle=0,myNode=44c8a1fa...,timecost=0.18
info|2019-12-12 19:58:55.504332|[g:1][CONSENSUS][PBFT]checkAndChangeView: Reach consensus,org_view=7998,org_changeCycle=0,cur_changeCycle=0,to_view=7999
info|2019-12-12 19:58:56.506936|[g:1][CONSENSUS]addRawPrepare,height=17,reqIdx=3,hash=72d8fa97...
info|2019-12-12 19:58:56.507098|[g:1][CONSENSUS][PBFT]checkTimeout Succ,view=7999,toView=8000,nodeIdx=0,changeCycle=0,myNode=44c8a1fa...,timecost=0.145
info|2019-12-12 19:58:56.508991|[g:1][CONSENSUS][PBFT]checkAndChangeView: Reach consensus,org_view=7999,org_changeCycle=0,cur_changeCycle=0,to_view=8000
info|2019-12-12 19:58:57.508698|[g:1][CONSENSUS][SEALER]++++++++++++++++ Generating seal on,blkNum=17,tx=0,nodeIdx=0,hash=8244015e...
info|2019-12-12 19:58:57.513356|[g:1][CONSENSUS][PBFT]checkTimeout Succ,view=8000,toView=8001,nodeIdx=0,changeCycle=0,myNode=44c8a1fa...,timecost=0.247
info|2019-12-12 19:58:57.513991|[g:1][CONSENSUS][PBFT]checkAndChangeView: Reach consensus,org_view=8000,org_changeCycle=0,cur_changeCycle=0,to_view=8001
info|2019-12-12 19:58:58.513701|[g:1][CONSENSUS]addRawPrepare,height=17,reqIdx=1,hash=096a17d4...
info|2019-12-12 19:58:58.513990|[g:1][CONSENSUS][PBFT]checkTimeout Succ,view=8001,toView=8002,nodeIdx=0,changeCycle=0,myNode=44c8a1fa...,timecost=0.22
info|2019-12-12 19:58:58.521902|[g:1][CONSENSUS][PBFT]checkAndChangeView: Reach consensus,org_view=8001,org_changeCycle=0,cur_changeCycle=0,to_view=8002
info|2019-12-12 19:58:59.528012|[g:1][CONSENSUS]addRawPrepare,height=17,reqIdx=2,hash=c3a5b15b...
info|2019-12-12 19:58:59.528170|[g:1][CONSENSUS][PBFT]checkTimeout Succ,view=8002,toView=8003,nodeIdx=0,changeCycle=0,myNode=44c8a1fa...,timecost=0.141
info|2019-12-12 19:58:59.528371|[g:1][CONSENSUS][PBFT]checkAndChangeView: Reach consensus,org_view=8002,org_changeCycle=0,cur_changeCycle=0,to_view=8003
info|2019-12-12 19:59:00.532005|[g:1][CONSENSUS][PBFT]Trigger fast-viewchange,view=8003,toView=8003,minView=8004,INFO=,reqNum=16,curNum=16,GenIdx=1,Cview=8004,view=8003,fromIdx=1,fromNode=7ab09f71...,fromIp=127.0.0.1:46722,hash=f723565c...,nodeIdx=0,myNode=44c8a1fa...
info|2019-12-12 19:59:00.532185|[g:1][CONSENSUS][PBFT]checkAndChangeView: Reach consensus,org_view=8003,org_changeCycle=0,cur_changeCycle=0,to_view=8004
info|2019-12-12 19:59:00.532190|[g:1][CONSENSUS][PBFT]checkTimeout Succ,view=8004,toView=8004,nodeIdx=0,changeCycle=0,myNode=44c8a1fa...,timecost=0.16
info|2019-12-12 19:59:01.533470|[g:1][CONSENSUS][SEALER]++++++++++++++++ Generating seal on,blkNum=17,tx=0,nodeIdx=0,hash=96ea5972...
info|2019-12-12 19:59:01.539888|[g:1][CONSENSUS][PBFT]checkTimeout Succ,view=8004,toView=8005,nodeIdx=0,changeCycle=0,myNode=44c8a1fa...,timecost=0.152
info|2019-12-12 19:59:01.540542|[g:1][CONSENSUS][PBFT]checkAndChangeView: Reach consensus,org_view=8004,org_changeCycle=0,cur_changeCycle=0,to_view=8005
info|2019-12-12 19:59:02.538643|[g:1][CONSENSUS]addRawPrepare,height=17,reqIdx=1,hash=e5804ec9...
info|2019-12-12 19:59:02.538867|[g:1][CONSENSUS][PBFT]checkTimeout Succ,view=8005,toView=8006,nodeIdx=0,changeCycle=0,myNode=44c8a1fa...,timecost=0.155
info|2019-12-12 19:59:02.544698|[g:1][CONSENSUS][PBFT]checkAndChangeView: Reach consensus,org_view=8005,org_changeCycle=0,cur_changeCycle=0,to_view=8006
info|2019-12-12 19:59:03.548412|[g:1][CONSENSUS]addRawPrepare,height=17,reqIdx=2,hash=e7aa3e6d...
info|2019-12-12 19:59:03.548595|[g:1][CONSENSUS][PBFT]checkTimeout Succ,view=8006,toView=8007,nodeIdx=0,changeCycle=0,myNode=44c8a1fa...,timecost=0.152
info|2019-12-12 19:59:03.548814|[g:1][CONSENSUS][PBFT]checkAndChangeView: Reach consensus,org_view=8006,org_changeCycle=0,cur_changeCycle=0,to_view=8007
info|2019-12-12 19:59:03.846078|[P2P][Service] heartBeat,connected count=3
info|2019-12-12 19:59:04.550494|[g:1][CONSENSUS]addRawPrepare,height=17,reqIdx=3,hash=71668cfa...
info|2019-12-12 19:59:04.550676|[g:1][CONSENSUS][PBFT]checkTimeout Succ,view=8007,toView=8008,nodeIdx=0,changeCycle=0,myNode=44c8a1fa...,timecost=0.166
info|2019-12-12 19:59:04.552587|[g:1][CONSENSUS][PBFT]checkAndChangeView: Reach consensus,org_view=8007,org_changeCycle=0,cur_changeCycle=0,to_view=8008
info|2019-12-12 19:59:05.552295|[g:1][CONSENSUS][SEALER]++++++++++++++++ Generating seal on,blkNum=17,tx=0,nodeIdx=0,hash=01d7b624...
info|2019-12-12 19:59:05.562901|[g:1][CONSENSUS][PBFT]checkTimeout Succ,view=8008,toView=8009,nodeIdx=0,changeCycle=0,myNode=44c8a1fa...,timecost=0.163
info|2019-12-12 19:59:05.563640|[g:1][CONSENSUS][PBFT]checkAndChangeView: Reach consensus,org_view=8008,org_changeCycle=0,cur_changeCycle=0,to_view=8009
info|2019-12-12 19:59:06.559034|[g:1][CONSENSUS]addRawPrepare,height=17,reqIdx=1,hash=09391b7e...
info|2019-12-12 19:59:06.559252|[g:1][CONSENSUS][PBFT]checkTimeout Succ,view=8009,toView=8010,nodeIdx=0,changeCycle=0,myNode=44c8a1fa...,timecost=0.164
info|2019-12-12 19:59:06.561447|[g:1][CONSENSUS][PBFT]checkAndChangeView: Reach consensus,org_view=8009,org_changeCycle=0,cur_changeCycle=0,to_view=8010
info|2019-12-12 19:59:07.563210|[g:1][CONSENSUS]addRawPrepare,height=17,reqIdx=2,hash=1a6f4726...
info|2019-12-12 19:59:07.563368|[g:1][CONSENSUS][PBFT]checkTimeout Succ,view=8010,toView=8011,nodeIdx=0,changeCycle=0,myNode=44c8a1fa...,timecost=0.142
info|2019-12-12 19:59:07.565237|[g:1][CONSENSUS][PBFT]checkAndChangeView: Reach consensus,org_view=8010,org_changeCycle=0,cur_changeCycle=0,to_view=8011
info|2019-12-12 19:59:08.566603|[g:1][CONSENSUS]addRawPrepare,height=17,reqIdx=3,hash=7de45272...
info|2019-12-12 19:59:08.566788|[g:1][CONSENSUS][PBFT]checkTimeout Succ,view=8011,toView=8012,nodeIdx=0,changeCycle=0,myNode=44c8a1fa...,timecost=0.16
info|2019-12-12 19:59:08.568625|[g:1][CONSENSUS][PBFT]checkAndChangeView: Reach consensus,org_view=8011,org_changeCycle=0,cur_changeCycle=0,to_view=8012
info|2019-12-12 19:59:09.569043|[g:1][CONSENSUS][SEALER]++++++++++++++++ Generating seal on,blkNum=17,tx=0,nodeIdx=0,hash=13cd4de5...
info|2019-12-12 19:59:09.574162|[g:1][CONSENSUS][PBFT]checkTimeout Succ,view=8012,toView=8013,nodeIdx=0,changeCycle=0,myNode=44c8a1fa...,timecost=0.178
info|2019-12-12 19:59:09.574899|[g:1][CONSENSUS][PBFT]checkAndChangeView: Reach consensus,org_view=8012,org_changeCycle=0,cur_changeCycle=0,to_view=8013
info|2019-12-12 19:59:10.575055|[g:1][CONSENSUS]addRawPrepare,height=17,reqIdx=1,hash=de33cf80...
info|2019-12-12 19:59:10.575247|[g:1][CONSENSUS][PBFT]checkTimeout Succ,view=8013,toView=8014,nodeIdx=0,changeCycle=0,myNode=44c8a1fa...,timecost=0.14
info|2019-12-12 19:59:10.578224|[g:1][CONSENSUS][PBFT]checkAndChangeView: Reach consensus,org_view=8013,org_changeCycle=0,cur_changeCycle=0,to_view=8014
info|2019-12-12 19:59:11.581322|[g:1][CONSENSUS]addRawPrepare,height=17,reqIdx=2,hash=afdd7e27...
info|2019-12-12 19:59:11.581596|[g:1][CONSENSUS][PBFT]checkTimeout Succ,view=8014,toView=8015,nodeIdx=0,changeCycle=0,myNode=44c8a1fa...,timecost=0.256
info|2019-12-12 19:59:11.583457|[g:1][CONSENSUS][PBFT]checkAndChangeView: Reach consensus,org_view=8014,org_changeCycle=0,cur_changeCycle=0,to_view=8015
info|2019-12-12 19:59:12.583742|[g:1][CONSENSUS]addRawPrepare,height=17,reqIdx=3,hash=c3059f82...
info|2019-12-12 19:59:12.583951|[g:1][CONSENSUS][PBFT]checkTimeout Succ,view=8015,toView=8016,nodeIdx=0,changeCycle=0,myNode=44c8a1fa...,timecost=0.164
info|2019-12-12 19:59:12.586263|[g:1][CONSENSUS][PBFT]checkAndChangeView: Reach consensus,org_view=8015,org_changeCycle=0,cur_changeCycle=0,to_view=8016
info|2019-12-12 19:59:13.586344|[g:1][CONSENSUS][SEALER]++++++++++++++++ Generating seal on,blkNum=17,tx=0,nodeIdx=0,hash=3a9b3941...
info|2019-12-12 19:59:13.590901|[g:1][CONSENSUS][PBFT]checkTimeout Succ,view=8016,toView=8017,nodeIdx=0,changeCycle=0,myNode=44c8a1fa...,timecost=0.162
info|2019-12-12 19:59:13.591503|[g:1][CONSENSUS][PBFT]checkAndChangeView: Reach consensus,org_view=8016,org_changeCycle=0,cur_changeCycle=0,to_view=8017
info|2019-12-12 19:59:13.847961|[P2P][Service] heartBeat,connected count=3
info|2019-12-12 19:59:14.590638|[g:1][CONSENSUS]addRawPrepare,height=17,reqIdx=1,hash=955a6973...
info|2019-12-12 19:59:14.590832|[g:1][CONSENSUS][PBFT]checkTimeout Succ,view=8017,toView=8018,nodeIdx=0,changeCycle=0,myNode=44c8a1fa...,timecost=0.139
info|2019-12-12 19:59:14.593762|[g:1][CONSENSUS][PBFT]checkAndChangeView: Reach consensus,org_view=8017,org_changeCycle=0,cur_changeCycle=0,to_view=8018
info|2019-12-12 19:59:15.594484|[g:1][CONSENSUS]addRawPrepare,height=17,reqIdx=2,hash=9265edea...
info|2019-12-12 19:59:15.594651|[g:1][CONSENSUS][PBFT]checkTimeout Succ,view=8018,toView=8019,nodeIdx=0,changeCycle=0,myNode=44c8a1fa...,timecost=0.149
info|2019-12-12 19:59:15.596636|[g:1][CONSENSUS][PBFT]checkAndChangeView: Reach consensus,org_view=8018,org_changeCycle=0,cur_changeCycle=0,to_view=8019
info|2019-12-12 19:59:16.598542|[g:1][CONSENSUS]addRawPrepare,height=17,reqIdx=3,hash=be3fcefe...
info|2019-12-12 19:59:16.598712|[g:1][CONSENSUS][PBFT]checkTimeout Succ,view=8019,toView=8020,nodeIdx=0,changeCycle=0,myNode=44c8a1fa...,timecost=0.15
info|2019-12-12 19:59:16.600978|[g:1][CONSENSUS][PBFT]checkAndChangeView: Reach consensus,org_view=8019,org_changeCycle=0,cur_changeCycle=0,to_view=8020
info|2019-12-12 19:59:17.600136|[g:1][CONSENSUS][SEALER]++++++++++++++++ Generating seal on,blkNum=17,tx=0,nodeIdx=0,hash=504e9416...
info|2019-12-12 19:59:17.604770|[g:1][CONSENSUS][PBFT]checkTimeout Succ,view=8020,toView=8021,nodeIdx=0,changeCycle=0,myNode=44c8a1fa...,timecost=0.158
info|2019-12-12 19:59:17.605452|[g:1][CONSENSUS][PBFT]checkAndChangeView: Reach consensus,org_view=8020,org_changeCycle=0,cur_changeCycle=0,to_view=8021
info|2019-12-12 19:59:18.604913|[g:1][CONSENSUS]addRawPrepare,height=17,reqIdx=1,hash=af7fb5c7...
info|2019-12-12 19:59:18.605135|[g:1][CONSENSUS][PBFT]checkTimeout Succ,view=8021,toView=8022,nodeIdx=0,changeCycle=0,myNode=44c8a1fa...,timecost=0.139
info|2019-12-12 19:59:18.608043|[g:1][CONSENSUS][PBFT]checkAndChangeView: Reach consensus,org_view=8021,org_changeCycle=0,cur_changeCycle=0,to_view=8022
info|2019-12-12 19:59:19.608143|[g:1][CONSENSUS]addRawPrepare,height=17,reqIdx=2,hash=04bf6a61...
info|2019-12-12 19:59:19.608309|[g:1][CONSENSUS][PBFT]checkTimeout Succ,view=8022,toView=8023,nodeIdx=0,changeCycle=0,myNode=44c8a1fa...,timecost=0.149
info|2019-12-12 19:59:19.611567|[g:1][CONSENSUS][PBFT]checkAndChangeView: Reach consensus,org_view=8022,org_changeCycle=0,cur_changeCycle=0,to_view=8023
info|2019-12-12 19:59:20.613591|[g:1][CONSENSUS][PBFT]Trigger fast-viewchange,view=8023,toView=8023,minView=8024,INFO=,reqNum=16,curNum=16,GenIdx=1,Cview=8024,view=8023,fromIdx=1,fromNode=7ab09f71...,fromIp=127.0.0.1:46722,hash=f723565c...,nodeIdx=0,myNode=44c8a1fa...
info|2019-12-12 19:59:20.613769|[g:1][CONSENSUS][PBFT]checkAndChangeView: Reach consensus,org_view=8023,org_changeCycle=0,cur_changeCycle=0,to_view=8024
info|2019-12-12 19:59:20.613774|[g:1][CONSENSUS][PBFT]checkTimeout Succ,view=8024,toView=8024,nodeIdx=0,changeCycle=0,myNode=44c8a1fa...,timecost=0.156
info|2019-12-12 19:59:21.613943|[g:1][CONSENSUS][SEALER]++++++++++++++++ Generating seal on,blkNum=17,tx=0,nodeIdx=0,hash=aa86aabe...
info|2019-12-12 19:59:21.618385|[g:1][CONSENSUS][PBFT]checkTimeout Succ,view=8024,toView=8025,nodeIdx=0,changeCycle=0,myNode=44c8a1fa...,timecost=0.154
info|2019-12-12 19:59:21.619061|[g:1][CONSENSUS][PBFT]checkAndChangeView: Reach consensus,org_view=8024,org_changeCycle=0,cur_changeCycle=0,to_view=8025
info|2019-12-12 19:59:22.618168|[g:1][CONSENSUS]addRawPrepare,height=17,reqIdx=1,hash=9713f5d3...
info|2019-12-12 19:59:22.618383|[g:1][CONSENSUS][PBFT]checkTimeout Succ,view=8025,toView=8026,nodeIdx=0,changeCycle=0,myNode=44c8a1fa...,timecost=0.145
info|2019-12-12 19:59:22.620791|[g:1][CONSENSUS][PBFT]checkAndChangeView: Reach consensus,org_view=8025,org_changeCycle=0,cur_changeCycle=0,to_view=8026
info|2019-12-12 19:59:23.623455|[g:1][CONSENSUS]addRawPrepare,height=17,reqIdx=2,hash=214ba8e5...
info|2019-12-12 19:59:23.623634|[g:1][CONSENSUS][PBFT]checkTimeout Succ,view=8026,toView=8027,nodeIdx=0,changeCycle=0,myNode=44c8a1fa...,timecost=0.18
info|2019-12-12 19:59:23.625256|[g:1][CONSENSUS][PBFT]checkAndChangeView: Reach consensus,org_view=8026,org_changeCycle=0,cur_changeCycle=0,to_view=8027
info|2019-12-12 19:59:23.848644|[P2P][Service] heartBeat,connected count=3
info|2019-12-12 19:59:24.626418|[g:1][CONSENSUS]addRawPrepare,height=17,reqIdx=3,hash=f5d7731f...
info|2019-12-12 19:59:24.626585|[g:1][CONSENSUS][PBFT]checkTimeout Succ,view=8027,toView=8028,nodeIdx=0,changeCycle=0,myNode=44c8a1fa...,timecost=0.15
info|2019-12-12 19:59:24.627945|[g:1][CONSENSUS][PBFT]checkAndChangeView: Reach consensus,org_view=8027,org_changeCycle=0,cur_changeCycle=0,to_view=8028
info|2019-12-12 19:59:25.627424|[g:1][CONSENSUS][SEALER]++++++++++++++++ Generating seal on,blkNum=17,tx=0,nodeIdx=0,hash=f749bf93...
info|2019-12-12 19:59:25.632721|[g:1][CONSENSUS][PBFT]checkTimeout Succ,view=8028,toView=8029,nodeIdx=0,changeCycle=0,myNode=44c8a1fa...,timecost=0.159
info|2019-12-12 19:59:25.633347|[g:1][CONSENSUS][PBFT]checkAndChangeView: Reach consensus,org_view=8028,org_changeCycle=0,cur_changeCycle=0,to_view=8029
info|2019-12-12 19:59:26.632298|[g:1][CONSENSUS]addRawPrepare,height=17,reqIdx=1,hash=148d9d5b...
info|2019-12-12 19:59:26.632493|[g:1][CONSENSUS][PBFT]checkTimeout Succ,view=8029,toView=8030,nodeIdx=0,changeCycle=0,myNode=44c8a1fa...,timecost=0.138
info|2019-12-12 19:59:26.634750|[g:1][CONSENSUS][PBFT]checkAndChangeView: Reach consensus,org_view=8029,org_changeCycle=0,cur_changeCycle=0,to_view=8030
info|2019-12-12 19:59:27.636970|[g:1][CONSENSUS]addRawPrepare,height=17,reqIdx=2,hash=a836b695...
info|2019-12-12 19:59:27.637134|[g:1][CONSENSUS][PBFT]checkTimeout Succ,view=8030,toView=8031,nodeIdx=0,changeCycle=0,myNode=44c8a1fa...,timecost=0.146
info|2019-12-12 19:59:27.639578|[g:1][CONSENSUS][PBFT]checkAndChangeView: Reach consensus,org_view=8030,org_changeCycle=0,cur_changeCycle=0,to_view=8031
info|2019-12-12 19:59:28.642270|[g:1][CONSENSUS]addRawPrepare,height=17,reqIdx=3,hash=f508422f...
info|2019-12-12 19:59:28.642450|[g:1][CONSENSUS][PBFT]checkTimeout Succ,view=8031,toView=8032,nodeIdx=0,changeCycle=0,myNode=44c8a1fa...,timecost=0.164
info|2019-12-12 19:59:28.643279|[g:1][CONSENSUS][PBFT]checkAndChangeView: Reach consensus,org_view=8031,org_changeCycle=0,cur_changeCycle=0,to_view=8032
info|2019-12-12 19:59:29.643523|[g:1][CONSENSUS][SEALER]++++++++++++++++ Generating seal on,blkNum=17,tx=0,nodeIdx=0,hash=5944096d...
info|2019-12-12 19:59:29.648225|[g:1][CONSENSUS][PBFT]checkTimeout Succ,view=8032,toView=8033,nodeIdx=0,changeCycle=0,myNode=44c8a1fa...,timecost=0.15
info|2019-12-12 19:59:29.648860|[g:1][CONSENSUS][PBFT]checkAndChangeView: Reach consensus,org_view=8032,org_changeCycle=0,cur_changeCycle=0,to_view=8033
info|2019-12-12 19:59:30.649090|[g:1][CONSENSUS]addRawPrepare,height=17,reqIdx=1,hash=3a2e1ec9...
info|2019-12-12 19:59:30.649280|[g:1][CONSENSUS][PBFT]checkTimeout Succ,view=8033,toView=8034,nodeIdx=0,changeCycle=0,myNode=44c8a1fa...,timecost=0.137
info|2019-12-12 19:59:30.652169|[g:1][CONSENSUS][PBFT]checkAndChangeView: Reach consensus,org_view=8033,org_changeCycle=0,cur_changeCycle=0,to_view=8034
info|2019-12-12 19:59:31.653472|[g:1][CONSENSUS]addRawPrepare,height=17,reqIdx=2,hash=103b8e9a...
info|2019-12-12 19:59:31.653637|[g:1][CONSENSUS][PBFT]checkTimeout Succ,view=8034,toView=8035,nodeIdx=0,changeCycle=0,myNode=44c8a1fa...,timecost=0.149
info|2019-12-12 19:59:31.655472|[g:1][CONSENSUS][PBFT]checkAndChangeView: Reach consensus,org_view=8034,org_changeCycle=0,cur_changeCycle=0,to_view=8035
info|2019-12-12 19:59:32.661733|[g:1][CONSENSUS]addRawPrepare,height=17,reqIdx=3,hash=c2991e5c...
info|2019-12-12 19:59:32.661907|[g:1][CONSENSUS][PBFT]checkTimeout Succ,view=8035,toView=8036,nodeIdx=0,changeCycle=0,myNode=44c8a1fa...,timecost=0.151
info|2019-12-12 19:59:32.662128|[g:1][CONSENSUS][PBFT]checkAndChangeView: Reach consensus,org_view=8035,org_changeCycle=0,cur_changeCycle=0,to_view=8036
info|2019-12-12 19:59:33.663550|[g:1][CONSENSUS][SEALER]++++++++++++++++ Generating seal on,blkNum=17,tx=0,nodeIdx=0,hash=42125389...
info|2019-12-12 19:59:33.667776|[g:1][CONSENSUS][PBFT]checkTimeout Succ,view=8036,toView=8037,nodeIdx=0,changeCycle=0,myNode=44c8a1fa...,timecost=0.137
info|2019-12-12 19:59:33.668216|[g:1][CONSENSUS][PBFT]checkAndChangeView: Reach consensus,org_view=8036,org_changeCycle=0,cur_changeCycle=0,to_view=8037
info|2019-12-12 19:59:33.849067|[P2P][Service] heartBeat,connected count=3
info|2019-12-12 19:59:34.667939|[g:1][CONSENSUS]addRawPrepare,height=17,reqIdx=1,hash=656af677...
info|2019-12-12 19:59:34.673536|[g:1][CONSENSUS][PBFT]checkTimeout Succ,view=8037,toView=8038,nodeIdx=0,changeCycle=0,myNode=44c8a1fa...,timecost=5.096
info|2019-12-12 19:59:34.674064|[g:1][CONSENSUS][PBFT]checkAndChangeView: Reach consensus,org_view=8037,org_changeCycle=0,cur_changeCycle=0,to_view=8038
info|2019-12-12 19:59:35.675356|[g:1][CONSENSUS]addRawPrepare,height=17,reqIdx=2,hash=56e4e880...
info|2019-12-12 19:59:35.675557|[g:1][CONSENSUS][PBFT]checkTimeout Succ,view=8038,toView=8039,nodeIdx=0,changeCycle=0,myNode=44c8a1fa...,timecost=0.165
info|2019-12-12 19:59:35.678281|[g:1][CONSENSUS][PBFT]checkAndChangeView: Reach consensus,org_view=8038,org_changeCycle=0,cur_changeCycle=0,to_view=8039
info|2019-12-12 19:59:36.679687|[g:1][CONSENSUS]addRawPrepare,height=17,reqIdx=3,hash=e418164c...
info|2019-12-12 19:59:36.679868|[g:1][CONSENSUS][PBFT]checkTimeout Succ,view=8039,toView=8040,nodeIdx=0,changeCycle=0,myNode=44c8a1fa...,timecost=0.163
info|2019-12-12 19:59:36.682092|[g:1][CONSENSUS][PBFT]checkAndChangeView: Reach consensus,org_view=8039,org_changeCycle=0,cur_changeCycle=0,to_view=8040
info|2019-12-12 19:59:37.682252|[g:1][CONSENSUS][SEALER]++++++++++++++++ Generating seal on,blkNum=17,tx=0,nodeIdx=0,hash=39c03b34...
info|2019-12-12 19:59:37.686954|[g:1][CONSENSUS][PBFT]checkTimeout Succ,view=8040,toView=8041,nodeIdx=0,changeCycle=0,myNode=44c8a1fa...,timecost=0.148
info|2019-12-12 19:59:37.687657|[g:1][CONSENSUS][PBFT]checkAndChangeView: Reach consensus,org_view=8040,org_changeCycle=0,cur_changeCycle=0,to_view=8041
info|2019-12-12 19:59:38.686702|[g:1][CONSENSUS]addRawPrepare,height=17,reqIdx=1,hash=57ca0398...
info|2019-12-12 19:59:38.686900|[g:1][CONSENSUS][PBFT]checkTimeout Succ,view=8041,toView=8042,nodeIdx=0,changeCycle=0,myNode=44c8a1fa...,timecost=0.141
info|2019-12-12 19:59:38.690387|[g:1][CONSENSUS][PBFT]checkAndChangeView: Reach consensus,org_view=8041,org_changeCycle=0,cur_changeCycle=0,to_view=8042
info|2019-12-12 19:59:39.689892|[g:1][CONSENSUS]addRawPrepare,height=17,reqIdx=2,hash=4cae1d96...
info|2019-12-12 19:59:39.690054|[g:1][CONSENSUS][PBFT]checkTimeout Succ,view=8042,toView=8043,nodeIdx=0,changeCycle=0,myNode=44c8a1fa...,timecost=0.145
info|2019-12-12 19:59:39.690916|[g:1][CONSENSUS][PBFT]checkAndChangeView: Reach consensus,org_view=8042,org_changeCycle=0,cur_changeCycle=0,to_view=8043
info|2019-12-12 19:59:40.694614|[g:1][CONSENSUS]addRawPrepare,height=17,reqIdx=3,hash=25c30b48...
info|2019-12-12 19:59:40.694814|[g:1][CONSENSUS][PBFT]checkTimeout Succ,view=8043,toView=8044,nodeIdx=0,changeCycle=0,myNode=44c8a1fa...,timecost=0.181
info|2019-12-12 19:59:40.697109|[g:1][CONSENSUS][PBFT]checkAndChangeView: Reach consensus,org_view=8043,org_changeCycle=0,cur_changeCycle=0,to_view=8044
info|2019-12-12 19:59:41.697296|[g:1][CONSENSUS][SEALER]++++++++++++++++ Generating seal on,blkNum=17,tx=0,nodeIdx=0,hash=f164c9f1...
info|2019-12-12 19:59:41.702073|[g:1][CONSENSUS][PBFT]checkTimeout Succ,view=8044,toView=8045,nodeIdx=0,changeCycle=0,myNode=44c8a1fa...,timecost=0.146
info|2019-12-12 19:59:41.702553|[g:1][CONSENSUS][PBFT]checkAndChangeView: Reach consensus,org_view=8044,org_changeCycle=0,cur_changeCycle=0,to_view=8045
info|2019-12-12 19:59:42.701679|[g:1][CONSENSUS]addRawPrepare,height=17,reqIdx=1,hash=bc25bfcc...
info|2019-12-12 19:59:42.701876|[g:1][CONSENSUS][PBFT]checkTimeout Succ,view=8045,toView=8046,nodeIdx=0,changeCycle=0,myNode=44c8a1fa...,timecost=0.141
info|2019-12-12 19:59:42.704292|[g:1][CONSENSUS][PBFT]checkAndChangeView: Reach consensus,org_view=8045,org_changeCycle=0,cur_changeCycle=0,to_view=8046
info|2019-12-12 19:59:43.706936|[g:1][CONSENSUS]addRawPrepare,height=17,reqIdx=2,hash=6d28b5b2...
info|2019-12-12 19:59:43.707105|[g:1][CONSENSUS][PBFT]checkTimeout Succ,view=8046,toView=8047,nodeIdx=0,changeCycle=0,myNode=44c8a1fa...,timecost=0.148
info|2019-12-12 19:59:43.709040|[g:1][CONSENSUS][PBFT]checkAndChangeView: Reach consensus,org_view=8046,org_changeCycle=0,cur_changeCycle=0,to_view=8047
info|2019-12-12 19:59:43.849632|[P2P][Service] heartBeat,connected count=3
info|2019-12-12 19:59:44.710053|[g:1][CONSENSUS]addRawPrepare,height=17,reqIdx=3,hash=c58ba240...
info|2019-12-12 19:59:44.710241|[g:1][CONSENSUS][PBFT]checkTimeout Succ,view=8047,toView=8048,nodeIdx=0,changeCycle=0,myNode=44c8a1fa...,timecost=0.163
info|2019-12-12 19:59:44.713759|[g:1][CONSENSUS][PBFT]checkAndChangeView: Reach consensus,org_view=8047,org_changeCycle=0,cur_changeCycle=0,to_view=8048
info|2019-12-12 19:59:45.714068|[g:1][CONSENSUS][SEALER]++++++++++++++++ Generating seal on,blkNum=17,tx=0,nodeIdx=0,hash=292cb5d4...
info|2019-12-12 19:59:45.718733|[g:1][CONSENSUS][PBFT]checkTimeout Succ,view=8048,toView=8049,nodeIdx=0,changeCycle=0,myNode=44c8a1fa...,timecost=0.168
info|2019-12-12 19:59:45.719409|[g:1][CONSENSUS][PBFT]checkAndChangeView: Reach consensus,org_view=8048,org_changeCycle=0,cur_changeCycle=0,to_view=8049
info|2019-12-12 19:59:46.718786|[g:1][CONSENSUS]addRawPrepare,height=17,reqIdx=1,hash=c3cde393...
info|2019-12-12 19:59:46.718981|[g:1][CONSENSUS][PBFT]checkTimeout Succ,view=8049,toView=8050,nodeIdx=0,changeCycle=0,myNode=44c8a1fa...,timecost=0.139
info|2019-12-12 19:59:46.721295|[g:1][CONSENSUS][PBFT]checkAndChangeView: Reach consensus,org_view=8049,org_changeCycle=0,cur_changeCycle=0,to_view=8050
info|2019-12-12 19:59:47.723833|[g:1][CONSENSUS]addRawPrepare,height=17,reqIdx=2,hash=7374c2bb...
info|2019-12-12 19:59:47.723995|[g:1][CONSENSUS][PBFT]checkTimeout Succ,view=8050,toView=8051,nodeIdx=0,changeCycle=0,myNode=44c8a1fa...,timecost=0.145
info|2019-12-12 19:59:47.725851|[g:1][CONSENSUS][PBFT]checkAndChangeView: Reach consensus,org_view=8050,org_changeCycle=0,cur_changeCycle=0,to_view=8051
info|2019-12-12 19:59:48.727439|[g:1][CONSENSUS][PBFT]Trigger fast-viewchange,view=8051,toView=8051,minView=8052,INFO=,reqNum=16,curNum=16,GenIdx=1,Cview=8052,view=8051,fromIdx=1,fromNode=7ab09f71...,fromIp=127.0.0.1:46722,hash=f723565c...,nodeIdx=0,myNode=44c8a1fa...
info|2019-12-12 19:59:48.727599|[g:1][CONSENSUS][PBFT]checkAndChangeView: Reach consensus,org_view=8051,org_changeCycle=0,cur_changeCycle=0,to_view=8052
info|2019-12-12 19:59:48.727603|[g:1][CONSENSUS][PBFT]checkTimeout Succ,view=8052,toView=8052,nodeIdx=0,changeCycle=0,myNode=44c8a1fa...,timecost=0.135
info|2019-12-12 19:59:49.727807|[g:1][CONSENSUS][SEALER]++++++++++++++++ Generating seal on,blkNum=17,tx=0,nodeIdx=0,hash=92aaf209...
info|2019-12-12 19:59:49.732927|[g:1][CONSENSUS][PBFT]checkTimeout Succ,view=8052,toView=8053,nodeIdx=0,changeCycle=0,myNode=44c8a1fa...,timecost=0.166
info|2019-12-12 19:59:49.733566|[g:1][CONSENSUS][PBFT]checkAndChangeView: Reach consensus,org_view=8052,org_changeCycle=0,cur_changeCycle=0,to_view=8053
info|2019-12-12 19:59:50.732482|[g:1][CONSENSUS]addRawPrepare,height=17,reqIdx=1,hash=4404ea2d...
info|2019-12-12 19:59:50.732764|[g:1][CONSENSUS][PBFT]checkTimeout Succ,view=8053,toView=8054,nodeIdx=0,changeCycle=0,myNode=44c8a1fa...,timecost=0.229
info|2019-12-12 19:59:50.735321|[g:1][CONSENSUS][PBFT]checkAndChangeView: Reach consensus,org_view=8053,org_changeCycle=0,cur_changeCycle=0,to_view=8054
info|2019-12-12 19:59:51.739122|[g:1][CONSENSUS]addRawPrepare,height=17,reqIdx=2,hash=5f70dbb5...
info|2019-12-12 19:59:51.739290|[g:1][CONSENSUS][PBFT]checkTimeout Succ,view=8054,toView=8055,nodeIdx=0,changeCycle=0,myNode=44c8a1fa...,timecost=0.147
info|2019-12-12 19:59:51.741153|[g:1][CONSENSUS][PBFT]checkAndChangeView: Reach consensus,org_view=8054,org_changeCycle=0,cur_changeCycle=0,to_view=8055
info|2019-12-12 19:59:52.743026|[g:1][CONSENSUS]addRawPrepare,height=17,reqIdx=3,hash=5c0c6cf8...
info|2019-12-12 19:59:52.743210|[g:1][CONSENSUS][PBFT]checkTimeout Succ,view=8055,toView=8056,nodeIdx=0,changeCycle=0,myNode=44c8a1fa...,timecost=0.158
info|2019-12-12 19:59:52.744465|[g:1][CONSENSUS][PBFT]checkAndChangeView: Reach consensus,org_view=8055,org_changeCycle=0,cur_changeCycle=0,to_view=8056
info|2019-12-12 19:59:53.744489|[g:1][CONSENSUS][SEALER]++++++++++++++++ Generating seal on,blkNum=17,tx=0,nodeIdx=0,hash=b4f1c5c6...
info|2019-12-12 19:59:53.748978|[g:1][CONSENSUS][PBFT]checkTimeout Succ,view=8056,toView=8057,nodeIdx=0,changeCycle=0,myNode=44c8a1fa...,timecost=0.147
info|2019-12-12 19:59:53.749576|[g:1][CONSENSUS][PBFT]checkAndChangeView: Reach consensus,org_view=8056,org_changeCycle=0,cur_changeCycle=0,to_view=8057
info|2019-12-12 19:59:53.850087|[P2P][Service] heartBeat,connected count=3
info|2019-12-12 19:59:54.750077|[g:1][CONSENSUS]addRawPrepare,height=17,reqIdx=1,hash=c85e19f6...
info|2019-12-12 19:59:54.750329|[g:1][CONSENSUS][PBFT]checkTimeout Succ,view=8057,toView=8058,nodeIdx=0,changeCycle=0,myNode=44c8a1fa...,timecost=0.179
info|2019-12-12 19:59:54.795824|[g:1][CONSENSUS][PBFT]checkAndChangeView: Reach consensus,org_view=8057,org_changeCycle=0,cur_changeCycle=0,to_view=8058
info|2019-12-12 19:59:55.755240|[g:1][CONSENSUS]addRawPrepare,height=17,reqIdx=2,hash=8d18e0f1...
info|2019-12-12 19:59:55.755419|[g:1][CONSENSUS][PBFT]checkTimeout Succ,view=8058,toView=8059,nodeIdx=0,changeCycle=0,myNode=44c8a1fa...,timecost=0.164
info|2019-12-12 19:59:55.756260|[g:1][CONSENSUS][PBFT]checkAndChangeView: Reach consensus,org_view=8058,org_changeCycle=0,cur_changeCycle=0,to_view=8059
info|2019-12-12 19:59:56.759304|[g:1][CONSENSUS]addRawPrepare,height=17,reqIdx=3,hash=1ec18961...
info|2019-12-12 19:59:56.759461|[g:1][CONSENSUS][PBFT]checkTimeout Succ,view=8059,toView=8060,nodeIdx=0,changeCycle=0,myNode=44c8a1fa...,timecost=0.14
info|2019-12-12 19:59:56.761386|[g:1][CONSENSUS][PBFT]checkAndChangeView: Reach consensus,org_view=8059,org_changeCycle=0,cur_changeCycle=0,to_view=8060
info|2019-12-12 19:59:57.762558|[g:1][CONSENSUS][SEALER]++++++++++++++++ Generating seal on,blkNum=17,tx=0,nodeIdx=0,hash=c0a8485b...
info|2019-12-12 19:59:57.767222|[g:1][CONSENSUS][PBFT]checkTimeout Succ,view=8060,toView=8061,nodeIdx=0,changeCycle=0,myNode=44c8a1fa...,timecost=0.153
info|2019-12-12 19:59:57.767894|[g:1][CONSENSUS][PBFT]checkAndChangeView: Reach consensus,org_view=8060,org_changeCycle=0,cur_changeCycle=0,to_view=8061
info|2019-12-12 19:59:58.767698|[g:1][CONSENSUS]addRawPrepare,height=17,reqIdx=1,hash=7407f547...
info|2019-12-12 19:59:58.767889|[g:1][CONSENSUS][PBFT]checkTimeout Succ,view=8061,toView=8062,nodeIdx=0,changeCycle=0,myNode=44c8a1fa...,timecost=0.138
info|2019-12-12 19:59:58.770688|[g:1][CONSENSUS][PBFT]checkAndChangeView: Reach consensus,org_view=8061,org_changeCycle=0,cur_changeCycle=0,to_view=8062
info|2019-12-12 19:59:59.771007|[g:1][CONSENSUS]addRawPrepare,height=17,reqIdx=2,hash=83b9ade5...
info|2019-12-12 19:59:59.771170|[g:1][CONSENSUS][PBFT]checkTimeout Succ,view=8062,toView=8063,nodeIdx=0,changeCycle=0,myNode=44c8a1fa...,timecost=0.146
info|2019-12-12 19:59:59.773249|[g:1][CONSENSUS][PBFT]checkAndChangeView: Reach consensus,org_view=8062,org_changeCycle=0,cur_changeCycle=0,to_view=8063
