info|2019-12-12 20:00:00.775829|[g:1][CONSENSUS][PBFT]Trigger fast-viewchange,view=8063,toView=8063,minView=8064,INFO=,reqNum=16,curNum=16,GenIdx=1,Cview=8064,view=8063,fromIdx=1,fromNode=7ab09f71...,fromIp=127.0.0.1:46722,hash=f723565c...,nodeIdx=0,myNode=44c8a1fa...
info|2019-12-12 20:00:00.776004|[g:1][CONSENSUS][PBFT]checkAndChangeView: Reach consensus,org_view=8063,org_changeCycle=0,cur_changeCycle=0,to_view=8064
info|2019-12-12 20:00:00.776009|[g:1][CONSENSUS][PBFT]checkTimeout Succ,view=8064,toView=8064,nodeIdx=0,changeCycle=0,myNode=44c8a1fa...,timecost=0.145
info|2019-12-12 20:00:01.777637|[g:1][CONSENSUS][SEALER]++++++++++++++++ Generating seal on,blkNum=17,tx=0,nodeIdx=0,hash=4c224d0c...
info|2019-12-12 20:00:01.782365|[g:1][CONSENSUS][PBFT]checkTimeout Succ,view=8064,toView=8065,nodeIdx=0,changeCycle=0,myNode=44c8a1fa...,timecost=0.153
info|2019-12-12 20:00:01.783024|[g:1][CONSENSUS][PBFT]checkAndChangeView: Reach consensus,org_view=8064,org_changeCycle=0,cur_changeCycle=0,to_view=8065
info|2019-12-12 20:00:02.782800|[g:1][CONSENSUS]addRawPrepare,height=17,reqIdx=1,hash=3653e1b7...
info|2019-12-12 20:00:02.782997|[g:1][CONSENSUS][PBFT]checkTimeout Succ,view=8065,toView=8066,nodeIdx=0,changeCycle=0,myNode=44c8a1fa...,timecost=0.139
info|2019-12-12 20:00:02.785596|[g:1][CONSENSUS][PBFT]checkAndChangeView: Reach consensus,org_view=8065,org_changeCycle=0,cur_changeCycle=0,to_view=8066
info|2019-12-12 20:00:03.789106|[g:1][CONSENSUS]addRawPrepare,height=17,reqIdx=2,hash=c62e9cdb...
info|2019-12-12 20:00:03.789265|[g:1][CONSENSUS][PBFT]checkTimeout Succ,view=8066,toView=8067,nodeIdx=0,changeCycle=0,myNode=44c8a1fa...,timecost=0.143
info|2019-12-12 20:00:03.790639|[g:1][CONSENSUS][PBFT]checkAndChangeView: Reach consensus,org_view=8066,org_changeCycle=0,cur_changeCycle=0,to_view=8067
info|2019-12-12 20:00:03.850984|[P2P][Service] heartBeat,connected count=3
info|2019-12-12 20:00:04.791829|[g:1][CONSENSUS]addRawPrepare,height=17,reqIdx=3,hash=e54b1a0c...
info|2019-12-12 20:00:04.792004|[g:1][CONSENSUS][PBFT]checkTimeout Succ,view=8067,toView=8068,nodeIdx=0,changeCycle=0,myNode=44c8a1fa...,timecost=0.157
info|2019-12-12 20:00:04.793932|[g:1][CONSENSUS][PBFT]checkAndChangeView: Reach consensus,org_view=8067,org_changeCycle=0,cur_changeCycle=0,to_view=8068
info|2019-12-12 20:00:05.793334|[g:1][CONSENSUS][SEALER]++++++++++++++++ Generating seal on,blkNum=17,tx=0,nodeIdx=0,hash=ae265f83...
info|2019-12-12 20:00:05.809909|[g:1][CONSENSUS][PBFT]checkTimeout Succ,view=8068,toView=8069,nodeIdx=0,changeCycle=0,myNode=44c8a1fa...,timecost=0.482
info|2019-12-12 20:00:05.811760|[g:1][CONSENSUS][PBFT]checkAndChangeView: Reach consensus,org_view=8068,org_changeCycle=0,cur_changeCycle=0,to_view=8069
info|2019-12-12 20:00:06.811485|[g:1][CONSENSUS]addRawPrepare,height=17,reqIdx=1,hash=29d0a553...
info|2019-12-12 20:00:06.821270|[g:1][CONSENSUS][PBFT]checkTimeout Succ,view=8069,toView=8070,nodeIdx=0,changeCycle=0,myNode=44c8a1fa...,timecost=4.405
info|2019-12-12 20:00:06.824009|[g:1][CONSENSUS][PBFT]checkAndChangeView: Reach consensus,org_view=8069,org_changeCycle=0,cur_changeCycle=0,to_view=8070
info|2019-12-12 20:00:07.830220|[g:1][CONSENSUS]addRawPrepare,height=17,reqIdx=2,hash=d11d810e...
info|2019-12-12 20:00:07.832958|[g:1][CONSENSUS][PBFT]checkTimeout Succ,view=8070,toView=8071,nodeIdx=0,changeCycle=0,myNode=44c8a1fa...,timecost=2.656
info|2019-12-12 20:00:07.833882|[g:1][CONSENSUS][PBFT]checkAndChangeView: Reach consensus,org_view=8070,org_changeCycle=0,cur_changeCycle=0,to_view=8071
info|2019-12-12 20:00:08.837472|[g:1][CONSENSUS]addRawPrepare,height=17,reqIdx=3,hash=70984b81...
info|2019-12-12 20:00:08.837684|[g:1][CONSENSUS][PBFT]checkTimeout Succ,view=8071,toView=8072,nodeIdx=0,changeCycle=0,myNode=44c8a1fa...,timecost=0.191
info|2019-12-12 20:00:08.839481|[g:1][CONSENSUS][PBFT]checkAndChangeView: Reach consensus,org_view=8071,org_changeCycle=0,cur_changeCycle=0,to_view=8072
info|2019-12-12 20:00:09.841030|[g:1][CONSENSUS][SEALER]++++++++++++++++ Generating seal on,blkNum=17,tx=0,nodeIdx=0,hash=51f7ca17...
info|2019-12-12 20:00:09.852988|[g:1][CONSENSUS][PBFT]checkTimeout Succ,view=8072,toView=8073,nodeIdx=0,changeCycle=0,myNode=44c8a1fa...,timecost=0.345
info|2019-12-12 20:00:09.854343|[g:1][CONSENSUS][PBFT]checkAndChangeView: Reach consensus,org_view=8072,org_changeCycle=0,cur_changeCycle=0,to_view=8073
info|2019-12-12 20:00:10.852853|[g:1][CONSENSUS]addRawPrepare,height=17,reqIdx=1,hash=7b99c73b...
info|2019-12-12 20:00:10.853355|[g:1][CONSENSUS][PBFT]checkTimeout Succ,view=8073,toView=8074,nodeIdx=0,changeCycle=0,myNode=44c8a1fa...,timecost=0.323
info|2019-12-12 20:00:10.860410|[g:1][CONSENSUS][PBFT]checkAndChangeView: Reach consensus,org_view=8073,org_changeCycle=0,cur_changeCycle=0,to_view=8074
info|2019-12-12 20:00:11.865235|[g:1][CONSENSUS]addRawPrepare,height=17,reqIdx=2,hash=b83ac3b9...
info|2019-12-12 20:00:11.865680|[g:1][CONSENSUS][PBFT]checkTimeout Succ,view=8074,toView=8075,nodeIdx=0,changeCycle=0,myNode=44c8a1fa...,timecost=0.395
info|2019-12-12 20:00:11.870567|[g:1][CONSENSUS][PBFT]checkAndChangeView: Reach consensus,org_view=8074,org_changeCycle=0,cur_changeCycle=0,to_view=8075
info|2019-12-12 20:00:12.876340|[g:1][CONSENSUS]addRawPrepare,height=17,reqIdx=3,hash=574b05cd...
info|2019-12-12 20:00:12.881089|[g:1][CONSENSUS][PBFT]checkTimeout Succ,view=8075,toView=8076,nodeIdx=0,changeCycle=0,myNode=44c8a1fa...,timecost=4.69
info|2019-12-12 20:00:12.885490|[g:1][CONSENSUS][PBFT]checkAndChangeView: Reach consensus,org_view=8075,org_changeCycle=0,cur_changeCycle=0,to_view=8076
info|2019-12-12 20:00:13.851284|[P2P][Service] heartBeat,connected count=3
info|2019-12-12 20:00:13.886270|[g:1][CONSENSUS][SEALER]++++++++++++++++ Generating seal on,blkNum=17,tx=0,nodeIdx=0,hash=a5d50e08...
info|2019-12-12 20:00:13.898818|[g:1][CONSENSUS][PBFT]checkTimeout Succ,view=8076,toView=8077,nodeIdx=0,changeCycle=0,myNode=44c8a1fa...,timecost=0.185
info|2019-12-12 20:00:13.899323|[g:1][CONSENSUS][PBFT]checkAndChangeView: Reach consensus,org_view=8076,org_changeCycle=0,cur_changeCycle=0,to_view=8077
info|2019-12-12 20:00:14.903628|[g:1][CONSENSUS]addRawPrepare,height=17,reqIdx=1,hash=8941b382...
info|2019-12-12 20:00:14.908136|[g:1][CONSENSUS][PBFT]checkTimeout Succ,view=8077,toView=8078,nodeIdx=0,changeCycle=0,myNode=44c8a1fa...,timecost=4.289
info|2019-12-12 20:00:14.909681|[g:1][CONSENSUS][PBFT]checkAndChangeView: Reach consensus,org_view=8077,org_changeCycle=0,cur_changeCycle=0,to_view=8078
info|2019-12-12 20:00:15.913670|[g:1][CONSENSUS]addRawPrepare,height=17,reqIdx=2,hash=0b6d41e9...
info|2019-12-12 20:00:15.916053|[g:1][CONSENSUS][PBFT]checkTimeout Succ,view=8078,toView=8079,nodeIdx=0,changeCycle=0,myNode=44c8a1fa...,timecost=2.336
info|2019-12-12 20:00:15.922091|[g:1][CONSENSUS][PBFT]checkAndChangeView: Reach consensus,org_view=8078,org_changeCycle=0,cur_changeCycle=0,to_view=8079
info|2019-12-12 20:00:16.930005|[g:1][CONSENSUS]addRawPrepare,height=17,reqIdx=3,hash=9f0c9f14...
info|2019-12-12 20:00:16.933617|[g:1][CONSENSUS][PBFT]checkTimeout Succ,view=8079,toView=8080,nodeIdx=0,changeCycle=0,myNode=44c8a1fa...,timecost=3.382
info|2019-12-12 20:00:16.934325|[g:1][CONSENSUS][PBFT]checkAndChangeView: Reach consensus,org_view=8079,org_changeCycle=0,cur_changeCycle=0,to_view=8080
info|2019-12-12 20:00:17.937264|[g:1][CONSENSUS][SEALER]++++++++++++++++ Generating seal on,blkNum=17,tx=0,nodeIdx=0,hash=29b3ce77...
info|2019-12-12 20:00:17.954128|[g:1][CONSENSUS][PBFT]checkTimeout Succ,view=8080,toView=8081,nodeIdx=0,changeCycle=0,myNode=44c8a1fa...,timecost=0.368
info|2019-12-12 20:00:17.955714|[g:1][CONSENSUS][PBFT]checkAndChangeView: Reach consensus,org_view=8080,org_changeCycle=0,cur_changeCycle=0,to_view=8081
info|2019-12-12 20:00:18.960249|[g:1][CONSENSUS]addRawPrepare,height=17,reqIdx=1,hash=b0d8f103...
info|2019-12-12 20:00:18.967901|[g:1][CONSENSUS][PBFT]checkTimeout Succ,view=8081,toView=8082,nodeIdx=0,changeCycle=0,myNode=44c8a1fa...,timecost=4.193
info|2019-12-12 20:00:18.971112|[g:1][CONSENSUS][PBFT]checkAndChangeView: Reach consensus,org_view=8081,org_changeCycle=0,cur_changeCycle=0,to_view=8082
info|2019-12-12 20:00:19.976650|[g:1][CONSENSUS]addRawPrepare,height=17,reqIdx=2,hash=5c2cad04...
info|2019-12-12 20:00:19.976838|[g:1][CONSENSUS][PBFT]checkTimeout Succ,view=8082,toView=8083,nodeIdx=0,changeCycle=0,myNode=44c8a1fa...,timecost=0.159
info|2019-12-12 20:00:19.977066|[g:1][CONSENSUS][PBFT]checkAndChangeView: Reach consensus,org_view=8082,org_changeCycle=0,cur_changeCycle=0,to_view=8083
info|2019-12-12 20:00:20.984683|[g:1][CONSENSUS]addRawPrepare,height=17,reqIdx=3,hash=0c664560...
info|2019-12-12 20:00:20.986254|[g:1][CONSENSUS][PBFT]checkTimeout Succ,view=8083,toView=8084,nodeIdx=0,changeCycle=0,myNode=44c8a1fa...,timecost=1.492
info|2019-12-12 20:00:20.992143|[g:1][CONSENSUS][PBFT]checkAndChangeView: Reach consensus,org_view=8083,org_changeCycle=0,cur_changeCycle=0,to_view=8084
info|2019-12-12 20:00:21.993143|[g:1][CONSENSUS][SEALER]++++++++++++++++ Generating seal on,blkNum=17,tx=0,nodeIdx=0,hash=d43369bd...
info|2019-12-12 20:00:22.003650|[g:1][CONSENSUS][PBFT]checkTimeout Succ,view=8084,toView=8085,nodeIdx=0,changeCycle=0,myNode=44c8a1fa...,timecost=0.233
info|2019-12-12 20:00:22.004273|[g:1][CONSENSUS][PBFT]checkAndChangeView: Reach consensus,org_view=8084,org_changeCycle=0,cur_changeCycle=0,to_view=8085
info|2019-12-12 20:00:23.004576|[g:1][CONSENSUS]addRawPrepare,height=17,reqIdx=1,hash=0d487150...
info|2019-12-12 20:00:23.005191|[g:1][CONSENSUS][PBFT]checkTimeout Succ,view=8085,toView=8086,nodeIdx=0,changeCycle=0,myNode=44c8a1fa...,timecost=0.471
info|2019-12-12 20:00:23.010679|[g:1][CONSENSUS][PBFT]checkAndChangeView: Reach consensus,org_view=8085,org_changeCycle=0,cur_changeCycle=0,to_view=8086
info|2019-12-12 20:00:23.852289|[P2P][Service] heartBeat,connected count=3
info|2019-12-12 20:00:24.012663|[g:1][CONSENSUS]addRawPrepare,height=17,reqIdx=2,hash=7ac22d81...
info|2019-12-12 20:00:24.012828|[g:1][CONSENSUS][PBFT]checkTimeout Succ,view=8086,toView=8087,nodeIdx=0,changeCycle=0,myNode=44c8a1fa...,timecost=0.146
info|2019-12-12 20:00:24.014466|[g:1][CONSENSUS][PBFT]checkAndChangeView: Reach consensus,org_view=8086,org_changeCycle=0,cur_changeCycle=0,to_view=8087
info|2019-12-12 20:00:25.017424|[g:1][CONSENSUS]addRawPrepare,height=17,reqIdx=3,hash=6ab07d57...
info|2019-12-12 20:00:25.017583|[g:1][CONSENSUS][PBFT]checkTimeout Succ,view=8087,toView=8088,nodeIdx=0,changeCycle=0,myNode=44c8a1fa...,timecost=0.141
info|2019-12-12 20:00:25.019193|[g:1][CONSENSUS][PBFT]checkAndChangeView: Reach consensus,org_view=8087,org_changeCycle=0,cur_changeCycle=0,to_view=8088
info|2019-12-12 20:00:26.019465|[g:1][CONSENSUS][SEALER]++++++++++++++++ Generating seal on,blkNum=17,tx=0,nodeIdx=0,hash=1016f997...
info|2019-12-12 20:00:26.024330|[g:1][CONSENSUS][PBFT]checkTimeout Succ,view=8088,toView=8089,nodeIdx=0,changeCycle=0,myNode=44c8a1fa...,timecost=0.156
info|2019-12-12 20:00:26.024995|[g:1][CONSENSUS][PBFT]checkAndChangeView: Reach consensus,org_view=8088,org_changeCycle=0,cur_changeCycle=0,to_view=8089
info|2019-12-12 20:00:27.026353|[g:1][CONSENSUS]addRawPrepare,height=17,reqIdx=1,hash=1ffef7be...
info|2019-12-12 20:00:27.036244|[g:1][CONSENSUS][PBFT]checkTimeout Succ,view=8089,toView=8090,nodeIdx=0,changeCycle=0,myNode=44c8a1fa...,timecost=6.586
info|2019-12-12 20:00:27.038765|[g:1][CONSENSUS][PBFT]checkAndChangeView: Reach consensus,org_view=8089,org_changeCycle=0,cur_changeCycle=0,to_view=8090
info|2019-12-12 20:00:28.041561|[g:1][CONSENSUS]addRawPrepare,height=17,reqIdx=2,hash=11181caf...
info|2019-12-12 20:00:28.041791|[g:1][CONSENSUS][PBFT]checkTimeout Succ,view=8090,toView=8091,nodeIdx=0,changeCycle=0,myNode=44c8a1fa...,timecost=0.211
info|2019-12-12 20:00:28.043426|[g:1][CONSENSUS][PBFT]checkAndChangeView: Reach consensus,org_view=8090,org_changeCycle=0,cur_changeCycle=0,to_view=8091
info|2019-12-12 20:00:29.045499|[g:1][CONSENSUS]addRawPrepare,height=17,reqIdx=3,hash=d3217678...
info|2019-12-12 20:00:29.045660|[g:1][CONSENSUS][PBFT]checkTimeout Succ,view=8091,toView=8092,nodeIdx=0,changeCycle=0,myNode=44c8a1fa...,timecost=0.144
info|2019-12-12 20:00:29.047034|[g:1][CONSENSUS][PBFT]checkAndChangeView: Reach consensus,org_view=8091,org_changeCycle=0,cur_changeCycle=0,to_view=8092
info|2019-12-12 20:00:30.047208|[g:1][CONSENSUS][SEALER]++++++++++++++++ Generating seal on,blkNum=17,tx=0,nodeIdx=0,hash=4fbb665f...
info|2019-12-12 20:00:30.052192|[g:1][CONSENSUS][PBFT]checkTimeout Succ,view=8092,toView=8093,nodeIdx=0,changeCycle=0,myNode=44c8a1fa...,timecost=0.176
info|2019-12-12 20:00:30.052907|[g:1][CONSENSUS][PBFT]checkAndChangeView: Reach consensus,org_view=8092,org_changeCycle=0,cur_changeCycle=0,to_view=8093
info|2019-12-12 20:00:31.055990|[g:1][CONSENSUS]addRawPrepare,height=17,reqIdx=1,hash=9bd6ceef...
info|2019-12-12 20:00:31.063595|[g:1][CONSENSUS][PBFT]checkTimeout Succ,view=8093,toView=8094,nodeIdx=0,changeCycle=0,myNode=44c8a1fa...,timecost=5.108
info|2019-12-12 20:00:31.066394|[g:1][CONSENSUS][PBFT]checkAndChangeView: Reach consensus,org_view=8093,org_changeCycle=0,cur_changeCycle=0,to_view=8094
info|2019-12-12 20:00:32.070031|[g:1][CONSENSUS]addRawPrepare,height=17,reqIdx=2,hash=605e8899...
info|2019-12-12 20:00:32.070349|[g:1][CONSENSUS][PBFT]checkTimeout Succ,view=8094,toView=8095,nodeIdx=0,changeCycle=0,myNode=44c8a1fa...,timecost=0.282
info|2019-12-12 20:00:32.072719|[g:1][CONSENSUS][PBFT]checkAndChangeView: Reach consensus,org_view=8094,org_changeCycle=0,cur_changeCycle=0,to_view=8095
info|2019-12-12 20:00:33.078509|[g:1][CONSENSUS]addRawPrepare,height=17,reqIdx=3,hash=d7b74df9...
info|2019-12-12 20:00:33.081597|[g:1][CONSENSUS][PBFT]checkTimeout Succ,view=8095,toView=8096,nodeIdx=0,changeCycle=0,myNode=44c8a1fa...,timecost=3.029
info|2019-12-12 20:00:33.086544|[g:1][CONSENSUS][PBFT]checkAndChangeView: Reach consensus,org_view=8095,org_changeCycle=0,cur_changeCycle=0,to_view=8096
info|2019-12-12 20:00:33.852488|[P2P][Service] heartBeat,connected count=3
info|2019-12-12 20:00:34.089898|[g:1][CONSENSUS][SEALER]++++++++++++++++ Generating seal on,blkNum=17,tx=0,nodeIdx=0,hash=6e7fb70d...
info|2019-12-12 20:00:34.098268|[g:1][CONSENSUS][PBFT]checkTimeout Succ,view=8096,toView=8097,nodeIdx=0,changeCycle=0,myNode=44c8a1fa...,timecost=0.258
info|2019-12-12 20:00:34.099536|[g:1][CONSENSUS][PBFT]checkAndChangeView: Reach consensus,org_view=8096,org_changeCycle=0,cur_changeCycle=0,to_view=8097
info|2019-12-12 20:00:35.097845|[g:1][CONSENSUS]addRawPrepare,height=17,reqIdx=1,hash=d4754e74...
info|2019-12-12 20:00:35.098109|[g:1][CONSENSUS][PBFT]checkTimeout Succ,view=8097,toView=8098,nodeIdx=0,changeCycle=0,myNode=44c8a1fa...,timecost=0.193
info|2019-12-12 20:00:35.101517|[g:1][CONSENSUS][PBFT]checkAndChangeView: Reach consensus,org_view=8097,org_changeCycle=0,cur_changeCycle=0,to_view=8098
info|2019-12-12 20:00:36.109283|[g:1][CONSENSUS]addRawPrepare,height=17,reqIdx=2,hash=746df264...
info|2019-12-12 20:00:36.109442|[g:1][CONSENSUS][PBFT]checkTimeout Succ,view=8098,toView=8099,nodeIdx=0,changeCycle=0,myNode=44c8a1fa...,timecost=0.143
info|2019-12-12 20:00:36.110851|[g:1][CONSENSUS][PBFT]checkAndChangeView: Reach consensus,org_view=8098,org_changeCycle=0,cur_changeCycle=0,to_view=8099
info|2019-12-12 20:00:37.115843|[g:1][CONSENSUS]addRawPrepare,height=17,reqIdx=3,hash=318a74da...
info|2019-12-12 20:00:37.116163|[g:1][CONSENSUS][PBFT]checkTimeout Succ,view=8099,toView=8100,nodeIdx=0,changeCycle=0,myNode=44c8a1fa...,timecost=0.284
info|2019-12-12 20:00:37.119981|[g:1][CONSENSUS][PBFT]checkAndChangeView: Reach consensus,org_view=8099,org_changeCycle=0,cur_changeCycle=0,to_view=8100
info|2019-12-12 20:00:38.121741|[g:1][CONSENSUS][SEALER]++++++++++++++++ Generating seal on,blkNum=17,tx=0,nodeIdx=0,hash=e050d4b0...
info|2019-12-12 20:00:38.137587|[g:1][CONSENSUS][PBFT]checkTimeout Succ,view=8100,toView=8101,nodeIdx=0,changeCycle=0,myNode=44c8a1fa...,timecost=0.3
info|2019-12-12 20:00:38.138959|[g:1][CONSENSUS][PBFT]checkAndChangeView: Reach consensus,org_view=8100,org_changeCycle=0,cur_changeCycle=0,to_view=8101
info|2019-12-12 20:00:39.137469|[g:1][CONSENSUS]addRawPrepare,height=17,reqIdx=1,hash=e39913ce...
info|2019-12-12 20:00:39.137758|[g:1][CONSENSUS][PBFT]checkTimeout Succ,view=8101,toView=8102,nodeIdx=0,changeCycle=0,myNode=44c8a1fa...,timecost=0.223
info|2019-12-12 20:00:39.141571|[g:1][CONSENSUS][PBFT]checkAndChangeView: Reach consensus,org_view=8101,org_changeCycle=0,cur_changeCycle=0,to_view=8102
info|2019-12-12 20:00:40.145187|[g:1][CONSENSUS]addRawPrepare,height=17,reqIdx=2,hash=41c93e6b...
info|2019-12-12 20:00:40.145436|[g:1][CONSENSUS][PBFT]checkTimeout Succ,view=8102,toView=8103,nodeIdx=0,changeCycle=0,myNode=44c8a1fa...,timecost=0.221
info|2019-12-12 20:00:40.148102|[g:1][CONSENSUS][PBFT]checkAndChangeView: Reach consensus,org_view=8102,org_changeCycle=0,cur_changeCycle=0,to_view=8103
info|2019-12-12 20:00:41.156143|[g:1][CONSENSUS]addRawPrepare,height=17,reqIdx=3,hash=7cb08829...
info|2019-12-12 20:00:41.159266|[g:1][CONSENSUS][PBFT]checkTimeout Succ,view=8103,toView=8104,nodeIdx=0,changeCycle=0,myNode=44c8a1fa...,timecost=3.048
info|2019-12-12 20:00:41.161857|[g:1][CONSENSUS][PBFT]checkAndChangeView: Reach consensus,org_view=8103,org_changeCycle=0,cur_changeCycle=0,to_view=8104
info|2019-12-12 20:00:42.163699|[g:1][CONSENSUS][SEALER]++++++++++++++++ Generating seal on,blkNum=17,tx=0,nodeIdx=0,hash=90bc1168...
info|2019-12-12 20:00:42.172154|[g:1][CONSENSUS][PBFT]checkTimeout Succ,view=8104,toView=8105,nodeIdx=0,changeCycle=0,myNode=44c8a1fa...,timecost=0.22
info|2019-12-12 20:00:42.172799|[g:1][CONSENSUS][PBFT]checkAndChangeView: Reach consensus,org_view=8104,org_changeCycle=0,cur_changeCycle=0,to_view=8105
info|2019-12-12 20:00:43.172789|[g:1][CONSENSUS]addRawPrepare,height=17,reqIdx=1,hash=453fe9a0...
info|2019-12-12 20:00:43.173016|[g:1][CONSENSUS][PBFT]checkTimeout Succ,view=8105,toView=8106,nodeIdx=0,changeCycle=0,myNode=44c8a1fa...,timecost=0.151
info|2019-12-12 20:00:43.180494|[g:1][CONSENSUS][PBFT]checkAndChangeView: Reach consensus,org_view=8105,org_changeCycle=0,cur_changeCycle=0,to_view=8106
info|2019-12-12 20:00:43.852761|[P2P][Service] heartBeat,connected count=3
info|2019-12-12 20:00:44.180776|[g:1][CONSENSUS]addRawPrepare,height=17,reqIdx=2,hash=35b56978...
info|2019-12-12 20:00:44.180935|[g:1][CONSENSUS][PBFT]checkTimeout Succ,view=8106,toView=8107,nodeIdx=0,changeCycle=0,myNode=44c8a1fa...,timecost=0.143
info|2019-12-12 20:00:44.182716|[g:1][CONSENSUS][PBFT]checkAndChangeView: Reach consensus,org_view=8106,org_changeCycle=0,cur_changeCycle=0,to_view=8107
info|2019-12-12 20:00:45.184527|[g:1][CONSENSUS]addRawPrepare,height=17,reqIdx=3,hash=e22428c1...
info|2019-12-12 20:00:45.184690|[g:1][CONSENSUS][PBFT]checkTimeout Succ,view=8107,toView=8108,nodeIdx=0,changeCycle=0,myNode=44c8a1fa...,timecost=0.144
info|2019-12-12 20:00:45.186590|[g:1][CONSENSUS][PBFT]checkAndChangeView: Reach consensus,org_view=8107,org_changeCycle=0,cur_changeCycle=0,to_view=8108
