warning|2019-12-12 16:56:12.964945|[g:1][CONSENSUS][PBFT]ViewChangeWarning: not caused by omit empty block ,v=7838,toV=7839,curNum=16,hash=f723565c...,nodeIdx=1,myNode=7ab09f71...
info|2019-12-12 16:56:12.965022|[g:1][CONSENSUS][PBFT]checkTimeout Succ,view=7838,toView=7839,nodeIdx=1,changeCycle=1,myNode=7ab09f71...,timecost=0.377
info|2019-12-12 16:56:12.972061|[g:1][CONSENSUS][PBFT]checkAndChangeView: Reach consensus,org_view=7838,org_changeCycle=1,cur_changeCycle=1,to_view=7839
info|2019-12-12 16:56:12.854108|[P2P][Service] heartBeat,connected count=3
info|2019-12-12 16:56:13.977449|[g:1][CONSENSUS]addRawPrepare,height=17,reqIdx=3,hash=cb97a925...
info|2019-12-12 16:56:13.977627|[g:1][CONSENSUS][PBFT]checkTimeout Succ,view=7839,toView=7840,nodeIdx=1,changeCycle=0,myNode=7ab09f71...,timecost=0.162
info|2019-12-12 16:56:13.978998|[g:1][CONSENSUS][PBFT]checkAndChangeView: Reach consensus,org_view=7839,org_changeCycle=0,cur_changeCycle=0,to_view=7840
info|2019-12-12 16:56:14.979209|[g:1][CONSENSUS]addRawPrepare,height=17,reqIdx=0,hash=ebe0865b...
info|2019-12-12 16:56:14.982085|[g:1][CONSENSUS][PBFT]checkTimeout Succ,view=7840,toView=7841,nodeIdx=1,changeCycle=0,myNode=7ab09f71...,timecost=0.954
info|2019-12-12 16:56:14.982560|[g:1][CONSENSUS][PBFT]checkAndChangeView: Reach consensus,org_view=7840,org_changeCycle=0,cur_changeCycle=0,to_view=7841
info|2019-12-12 16:56:15.983695|[g:1][CONSENSUS][SEALER]++++++++++++++++ Generating seal on,blkNum=17,tx=0,nodeIdx=1,hash=38375a4d...
info|2019-12-12 16:56:15.988118|[g:1][CONSENSUS][PBFT]checkTimeout Succ,view=7841,toView=7842,nodeIdx=1,changeCycle=0,myNode=7ab09f71...,timecost=0.149
info|2019-12-12 16:56:15.988839|[g:1][CONSENSUS][PBFT]checkAndChangeView: Reach consensus,org_view=7841,org_changeCycle=0,cur_changeCycle=0,to_view=7842
info|2019-12-12 16:56:16.991241|[g:1][CONSENSUS]addRawPrepare,height=17,reqIdx=2,hash=b6c8af13...
info|2019-12-12 16:56:16.991684|[g:1][CONSENSUS][PBFT]checkTimeout Succ,view=7842,toView=7843,nodeIdx=1,changeCycle=0,myNode=7ab09f71...,timecost=0.402
info|2019-12-12 16:56:16.996572|[g:1][CONSENSUS][PBFT]checkAndChangeView: Reach consensus,org_view=7842,org_changeCycle=0,cur_changeCycle=0,to_view=7843
info|2019-12-12 16:56:17.999533|[g:1][CONSENSUS]addRawPrepare,height=17,reqIdx=3,hash=d791fa51...
info|2019-12-12 16:56:17.999788|[g:1][CONSENSUS][PBFT]checkTimeout Succ,view=7843,toView=7844,nodeIdx=1,changeCycle=0,myNode=7ab09f71...,timecost=0.239
info|2019-12-12 16:56:18.002265|[g:1][CONSENSUS][PBFT]checkAndChangeView: Reach consensus,org_view=7843,org_changeCycle=0,cur_changeCycle=0,to_view=7844
info|2019-12-12 16:56:19.002200|[g:1][CONSENSUS]addRawPrepare,height=17,reqIdx=0,hash=4e242f98...
info|2019-12-12 16:56:19.002405|[g:1][CONSENSUS][PBFT]checkTimeout Succ,view=7844,toView=7845,nodeIdx=1,changeCycle=0,myNode=7ab09f71...,timecost=0.142
info|2019-12-12 16:56:19.004949|[g:1][CONSENSUS][PBFT]checkAndChangeView: Reach consensus,org_view=7844,org_changeCycle=0,cur_changeCycle=0,to_view=7845
info|2019-12-12 16:56:20.004400|[g:1][CONSENSUS][SEALER]++++++++++++++++ Generating seal on,blkNum=17,tx=0,nodeIdx=1,hash=0008b6a5...
info|2019-12-12 16:56:20.009080|[g:1][CONSENSUS][PBFT]checkTimeout Succ,view=7845,toView=7846,nodeIdx=1,changeCycle=0,myNode=7ab09f71...,timecost=0.151
info|2019-12-12 16:56:20.009751|[g:1][CONSENSUS][PBFT]checkAndChangeView: Reach consensus,org_view=7845,org_changeCycle=0,cur_changeCycle=0,to_view=7846
info|2019-12-12 16:56:21.009706|[g:1][CONSENSUS]addRawPrepare,height=17,reqIdx=2,hash=327371c2...
info|2019-12-12 16:56:21.009887|[g:1][CONSENSUS][PBFT]checkTimeout Succ,view=7846,toView=7847,nodeIdx=1,changeCycle=0,myNode=7ab09f71...,timecost=0.159
info|2019-12-12 16:56:21.011518|[g:1][CONSENSUS][PBFT]checkAndChangeView: Reach consensus,org_view=7846,org_changeCycle=0,cur_changeCycle=0,to_view=7847
info|2019-12-12 16:56:22.014867|[g:1][CONSENSUS]addRawPrepare,height=17,reqIdx=3,hash=afca6cbf...
info|2019-12-12 16:56:22.015020|[g:1][CONSENSUS][PBFT]checkTimeout Succ,view=7847,toView=7848,nodeIdx=1,changeCycle=0,myNode=7ab09f71...,timecost=0.136
info|2019-12-12 16:56:22.016144|[g:1][CONSENSUS][PBFT]checkAndChangeView: Reach consensus,org_view=7847,org_changeCycle=0,cur_changeCycle=0,to_view=7848
info|2019-12-12 16:56:22.854761|[P2P][Service] heartBeat,connected count=3
info|2019-12-12 16:56:23.017330|[g:1][CONSENSUS]addRawPrepare,height=17,reqIdx=0,hash=e8cb5485...
info|2019-12-12 16:56:23.017562|[g:1][CONSENSUS][PBFT]checkTimeout Succ,view=7848,toView=7849,nodeIdx=1,changeCycle=0,myNode=7ab09f71...,timecost=0.176
info|2019-12-12 16:56:23.020586|[g:1][CONSENSUS][PBFT]checkAndChangeView: Reach consensus,org_view=7848,org_changeCycle=0,cur_changeCycle=0,to_view=7849
info|2019-12-12 16:56:24.021328|[g:1][CONSENSUS][SEALER]++++++++++++++++ Generating seal on,blkNum=17,tx=0,nodeIdx=1,hash=41b8f1c6...
info|2019-12-12 16:56:24.025887|[g:1][CONSENSUS][PBFT]checkTimeout Succ,view=7849,toView=7850,nodeIdx=1,changeCycle=0,myNode=7ab09f71...,timecost=0.17
info|2019-12-12 16:56:24.026470|[g:1][CONSENSUS][PBFT]checkAndChangeView: Reach consensus,org_view=7849,org_changeCycle=0,cur_changeCycle=0,to_view=7850
info|2019-12-12 16:56:25.027304|[g:1][CONSENSUS]addRawPrepare,height=17,reqIdx=2,hash=e4ab84ab...
info|2019-12-12 16:56:25.027467|[g:1][CONSENSUS][PBFT]checkTimeout Succ,view=7850,toView=7851,nodeIdx=1,changeCycle=0,myNode=7ab09f71...,timecost=0.146
info|2019-12-12 16:56:25.029115|[g:1][CONSENSUS][PBFT]checkAndChangeView: Reach consensus,org_view=7850,org_changeCycle=0,cur_changeCycle=0,to_view=7851
info|2019-12-12 16:56:26.032233|[g:1][CONSENSUS]addRawPrepare,height=17,reqIdx=3,hash=0802c7a6...
info|2019-12-12 16:56:26.032414|[g:1][CONSENSUS][PBFT]checkTimeout Succ,view=7851,toView=7852,nodeIdx=1,changeCycle=0,myNode=7ab09f71...,timecost=0.157
info|2019-12-12 16:56:26.035126|[g:1][CONSENSUS][PBFT]checkAndChangeView: Reach consensus,org_view=7851,org_changeCycle=0,cur_changeCycle=0,to_view=7852
info|2019-12-12 16:56:27.035666|[g:1][CONSENSUS]addRawPrepare,height=17,reqIdx=0,hash=cc9b69d7...
info|2019-12-12 16:56:27.035882|[g:1][CONSENSUS][PBFT]checkTimeout Succ,view=7852,toView=7853,nodeIdx=1,changeCycle=0,myNode=7ab09f71...,timecost=0.163
info|2019-12-12 16:56:27.038623|[g:1][CONSENSUS][PBFT]checkAndChangeView: Reach consensus,org_view=7852,org_changeCycle=0,cur_changeCycle=0,to_view=7853
info|2019-12-12 16:56:28.038672|[g:1][CONSENSUS][SEALER]++++++++++++++++ Generating seal on,blkNum=17,tx=0,nodeIdx=1,hash=5a07cb36...
info|2019-12-12 16:56:28.043219|[g:1][CONSENSUS][PBFT]checkTimeout Succ,view=7853,toView=7854,nodeIdx=1,changeCycle=0,myNode=7ab09f71...,timecost=0.146
info|2019-12-12 16:56:28.043824|[g:1][CONSENSUS][PBFT]checkAndChangeView: Reach consensus,org_view=7853,org_changeCycle=0,cur_changeCycle=0,to_view=7854
info|2019-12-12 16:56:29.044429|[g:1][CONSENSUS][PBFT]Trigger fast-viewchange,view=7854,toView=7854,minView=7855,INFO=,reqNum=16,curNum=16,GenIdx=0,Cview=7855,view=7854,fromIdx=0,fromNode=44c8a1fa...,fromIp=127.0.0.1:30301,hash=f723565c...,nodeIdx=1,myNode=7ab09f71...
info|2019-12-12 16:56:29.044611|[g:1][CONSENSUS][PBFT]checkAndChangeView: Reach consensus,org_view=7854,org_changeCycle=0,cur_changeCycle=0,to_view=7855
info|2019-12-12 16:56:29.044616|[g:1][CONSENSUS][PBFT]checkTimeout Succ,view=7855,toView=7855,nodeIdx=1,changeCycle=0,myNode=7ab09f71...,timecost=0.16
info|2019-12-12 16:56:30.047488|[g:1][CONSENSUS]addRawPrepare,height=17,reqIdx=3,hash=9b3201b7...
info|2019-12-12 16:56:30.047697|[g:1][CONSENSUS][PBFT]checkTimeout Succ,view=7855,toView=7856,nodeIdx=1,changeCycle=0,myNode=7ab09f71...,timecost=0.192
info|2019-12-12 16:56:30.049239|[g:1][CONSENSUS][PBFT]checkAndChangeView: Reach consensus,org_view=7855,org_changeCycle=0,cur_changeCycle=0,to_view=7856
info|2019-12-12 16:56:31.049485|[g:1][CONSENSUS]addRawPrepare,height=17,reqIdx=0,hash=5d82939a...
info|2019-12-12 16:56:31.049679|[g:1][CONSENSUS][PBFT]checkTimeout Succ,view=7856,toView=7857,nodeIdx=1,changeCycle=0,myNode=7ab09f71...,timecost=0.14
info|2019-12-12 16:56:31.052238|[g:1][CONSENSUS][PBFT]checkAndChangeView: Reach consensus,org_view=7856,org_changeCycle=0,cur_changeCycle=0,to_view=7857
info|2019-12-12 16:56:32.052633|[g:1][CONSENSUS][SEALER]++++++++++++++++ Generating seal on,blkNum=17,tx=0,nodeIdx=1,hash=7ebd77d4...
info|2019-12-12 16:56:32.056925|[g:1][CONSENSUS][PBFT]checkTimeout Succ,view=7857,toView=7858,nodeIdx=1,changeCycle=0,myNode=7ab09f71...,timecost=0.143
info|2019-12-12 16:56:32.057520|[g:1][CONSENSUS][PBFT]checkAndChangeView: Reach consensus,org_view=7857,org_changeCycle=0,cur_changeCycle=0,to_view=7858
info|2019-12-12 16:56:32.855551|[P2P][Service] heartBeat,connected count=3
info|2019-12-12 16:56:33.057168|[g:1][CONSENSUS]addRawPrepare,height=17,reqIdx=2,hash=702c3d05...
info|2019-12-12 16:56:33.057326|[g:1][CONSENSUS][PBFT]checkTimeout Succ,view=7858,toView=7859,nodeIdx=1,changeCycle=0,myNode=7ab09f71...,timecost=0.141
info|2019-12-12 16:56:33.059602|[g:1][CONSENSUS][PBFT]checkAndChangeView: Reach consensus,org_view=7858,org_changeCycle=0,cur_changeCycle=0,to_view=7859
info|2019-12-12 16:56:34.061282|[g:1][CONSENSUS]addRawPrepare,height=17,reqIdx=3,hash=3c78146a...
info|2019-12-12 16:56:34.061462|[g:1][CONSENSUS][PBFT]checkTimeout Succ,view=7859,toView=7860,nodeIdx=1,changeCycle=0,myNode=7ab09f71...,timecost=0.164
info|2019-12-12 16:56:34.062612|[g:1][CONSENSUS][PBFT]checkAndChangeView: Reach consensus,org_view=7859,org_changeCycle=0,cur_changeCycle=0,to_view=7860
info|2019-12-12 16:56:35.063964|[g:1][CONSENSUS]addRawPrepare,height=17,reqIdx=0,hash=1bfc68a9...
info|2019-12-12 16:56:35.064172|[g:1][CONSENSUS][PBFT]checkTimeout Succ,view=7860,toView=7861,nodeIdx=1,changeCycle=0,myNode=7ab09f71...,timecost=0.144
info|2019-12-12 16:56:35.066574|[g:1][CONSENSUS][PBFT]checkAndChangeView: Reach consensus,org_view=7860,org_changeCycle=0,cur_changeCycle=0,to_view=7861
info|2019-12-12 16:56:36.066459|[g:1][CONSENSUS][SEALER]++++++++++++++++ Generating seal on,blkNum=17,tx=0,nodeIdx=1,hash=ef56a560...
info|2019-12-12 16:56:36.070675|[g:1][CONSENSUS][PBFT]checkTimeout Succ,view=7861,toView=7862,nodeIdx=1,changeCycle=0,myNode=7ab09f71...,timecost=0.144
info|2019-12-12 16:56:36.071293|[g:1][CONSENSUS][PBFT]checkAndChangeView: Reach consensus,org_view=7861,org_changeCycle=0,cur_changeCycle=0,to_view=7862
info|2019-12-12 16:56:37.070958|[g:1][CONSENSUS]addRawPrepare,height=17,reqIdx=2,hash=0c6c46b1...
info|2019-12-12 16:56:37.071159|[g:1][CONSENSUS][PBFT]checkTimeout Succ,view=7862,toView=7863,nodeIdx=1,changeCycle=0,myNode=7ab09f71...,timecost=0.182
info|2019-12-12 16:56:37.072584|[g:1][CONSENSUS][PBFT]checkAndChangeView: Reach consensus,org_view=7862,org_changeCycle=0,cur_changeCycle=0,to_view=7863
info|2019-12-12 16:56:38.075033|[g:1][CONSENSUS]addRawPrepare,height=17,reqIdx=3,hash=db056da6...
info|2019-12-12 16:56:38.075196|[g:1][CONSENSUS][PBFT]checkTimeout Succ,view=7863,toView=7864,nodeIdx=1,changeCycle=0,myNode=7ab09f71...,timecost=0.144
info|2019-12-12 16:56:38.076977|[g:1][CONSENSUS][PBFT]checkAndChangeView: Reach consensus,org_view=7863,org_changeCycle=0,cur_changeCycle=0,to_view=7864
info|2019-12-12 16:56:39.077458|[g:1][CONSENSUS]addRawPrepare,height=17,reqIdx=0,hash=3ad115a1...
info|2019-12-12 16:56:39.077651|[g:1][CONSENSUS][PBFT]checkTimeout Succ,view=7864,toView=7865,nodeIdx=1,changeCycle=0,myNode=7ab09f71...,timecost=0.141
info|2019-12-12 16:56:39.080468|[g:1][CONSENSUS][PBFT]checkAndChangeView: Reach consensus,org_view=7864,org_changeCycle=0,cur_changeCycle=0,to_view=7865
info|2019-12-12 16:56:40.081194|[g:1][CONSENSUS][SEALER]++++++++++++++++ Generating seal on,blkNum=17,tx=0,nodeIdx=1,hash=c1bf8556...
info|2019-12-12 16:56:40.085491|[g:1][CONSENSUS][PBFT]checkTimeout Succ,view=7865,toView=7866,nodeIdx=1,changeCycle=0,myNode=7ab09f71...,timecost=0.16
info|2019-12-12 16:56:40.086130|[g:1][CONSENSUS][PBFT]checkAndChangeView: Reach consensus,org_view=7865,org_changeCycle=0,cur_changeCycle=0,to_view=7866
info|2019-12-12 16:56:41.086365|[g:1][CONSENSUS]addRawPrepare,height=17,reqIdx=2,hash=0138fd57...
info|2019-12-12 16:56:41.086525|[g:1][CONSENSUS][PBFT]checkTimeout Succ,view=7866,toView=7867,nodeIdx=1,changeCycle=0,myNode=7ab09f71...,timecost=0.142
info|2019-12-12 16:56:41.088088|[g:1][CONSENSUS][PBFT]checkAndChangeView: Reach consensus,org_view=7866,org_changeCycle=0,cur_changeCycle=0,to_view=7867
info|2019-12-12 16:56:42.092154|[g:1][CONSENSUS]addRawPrepare,height=17,reqIdx=3,hash=c2be76aa...
info|2019-12-12 16:56:42.092331|[g:1][CONSENSUS][PBFT]checkTimeout Succ,view=7867,toView=7868,nodeIdx=1,changeCycle=0,myNode=7ab09f71...,timecost=0.158
info|2019-12-12 16:56:42.094561|[g:1][CONSENSUS][PBFT]checkAndChangeView: Reach consensus,org_view=7867,org_changeCycle=0,cur_changeCycle=0,to_view=7868
info|2019-12-12 16:56:42.855912|[P2P][Service] heartBeat,connected count=3
info|2019-12-12 16:56:43.095588|[g:1][CONSENSUS]addRawPrepare,height=17,reqIdx=0,hash=dca60e80...
info|2019-12-12 16:56:43.095793|[g:1][CONSENSUS][PBFT]checkTimeout Succ,view=7868,toView=7869,nodeIdx=1,changeCycle=0,myNode=7ab09f71...,timecost=0.136
info|2019-12-12 16:56:43.098543|[g:1][CONSENSUS][PBFT]checkAndChangeView: Reach consensus,org_view=7868,org_changeCycle=0,cur_changeCycle=0,to_view=7869
info|2019-12-12 16:56:44.098579|[g:1][CONSENSUS][SEALER]++++++++++++++++ Generating seal on,blkNum=17,tx=0,nodeIdx=1,hash=309cb995...
info|2019-12-12 16:56:44.103522|[g:1][CONSENSUS][PBFT]checkTimeout Succ,view=7869,toView=7870,nodeIdx=1,changeCycle=0,myNode=7ab09f71...,timecost=0.156
info|2019-12-12 16:56:44.104159|[g:1][CONSENSUS][PBFT]checkAndChangeView: Reach consensus,org_view=7869,org_changeCycle=0,cur_changeCycle=0,to_view=7870
info|2019-12-12 16:56:45.104621|[g:1][CONSENSUS]addRawPrepare,height=17,reqIdx=2,hash=90c204ea...
info|2019-12-12 16:56:45.104781|[g:1][CONSENSUS][PBFT]checkTimeout Succ,view=7870,toView=7871,nodeIdx=1,changeCycle=0,myNode=7ab09f71...,timecost=0.142
info|2019-12-12 16:56:45.106161|[g:1][CONSENSUS][PBFT]checkAndChangeView: Reach consensus,org_view=7870,org_changeCycle=0,cur_changeCycle=0,to_view=7871
info|2019-12-12 16:56:46.108780|[g:1][CONSENSUS]addRawPrepare,height=17,reqIdx=3,hash=827ac3b1...
info|2019-12-12 16:56:46.108951|[g:1][CONSENSUS][PBFT]checkTimeout Succ,view=7871,toView=7872,nodeIdx=1,changeCycle=0,myNode=7ab09f71...,timecost=0.156
info|2019-12-12 16:56:46.111191|[g:1][CONSENSUS][PBFT]checkAndChangeView: Reach consensus,org_view=7871,org_changeCycle=0,cur_changeCycle=0,to_view=7872
info|2019-12-12 16:56:47.110896|[g:1][CONSENSUS]addRawPrepare,height=17,reqIdx=0,hash=51af1c49...
info|2019-12-12 16:56:47.111105|[g:1][CONSENSUS][PBFT]checkTimeout Succ,view=7872,toView=7873,nodeIdx=1,changeCycle=0,myNode=7ab09f71...,timecost=0.156
info|2019-12-12 16:56:47.113598|[g:1][CONSENSUS][PBFT]checkAndChangeView: Reach consensus,org_view=7872,org_changeCycle=0,cur_changeCycle=0,to_view=7873
info|2019-12-12 16:56:48.114508|[g:1][CONSENSUS][SEALER]++++++++++++++++ Generating seal on,blkNum=17,tx=0,nodeIdx=1,hash=8f8ff000...
info|2019-12-12 16:56:48.119396|[g:1][CONSENSUS][PBFT]checkTimeout Succ,view=7873,toView=7874,nodeIdx=1,changeCycle=0,myNode=7ab09f71...,timecost=0.147
info|2019-12-12 16:56:48.119984|[g:1][CONSENSUS][PBFT]checkAndChangeView: Reach consensus,org_view=7873,org_changeCycle=0,cur_changeCycle=0,to_view=7874
info|2019-12-12 16:56:49.121115|[g:1][CONSENSUS][PBFT]Trigger fast-viewchange,view=7874,toView=7874,minView=7875,INFO=,reqNum=16,curNum=16,GenIdx=0,Cview=7875,view=7874,fromIdx=0,fromNode=44c8a1fa...,fromIp=127.0.0.1:30301,hash=f723565c...,nodeIdx=1,myNode=7ab09f71...
info|2019-12-12 16:56:49.121273|[g:1][CONSENSUS][PBFT]checkAndChangeView: Reach consensus,org_view=7874,org_changeCycle=0,cur_changeCycle=0,to_view=7875
info|2019-12-12 16:56:49.121277|[g:1][CONSENSUS][PBFT]checkTimeout Succ,view=7875,toView=7875,nodeIdx=1,changeCycle=0,myNode=7ab09f71...,timecost=0.135
info|2019-12-12 16:56:50.123212|[g:1][CONSENSUS]addRawPrepare,height=17,reqIdx=3,hash=1d7e6ba2...
info|2019-12-12 16:56:50.123369|[g:1][CONSENSUS][PBFT]checkTimeout Succ,view=7875,toView=7876,nodeIdx=1,changeCycle=0,myNode=7ab09f71...,timecost=0.139
info|2019-12-12 16:56:50.124434|[g:1][CONSENSUS][PBFT]checkAndChangeView: Reach consensus,org_view=7875,org_changeCycle=0,cur_changeCycle=0,to_view=7876
info|2019-12-12 16:56:51.125538|[g:1][CONSENSUS]addRawPrepare,height=17,reqIdx=0,hash=b3c96dcc...
info|2019-12-12 16:56:51.125734|[g:1][CONSENSUS][PBFT]checkTimeout Succ,view=7876,toView=7877,nodeIdx=1,changeCycle=0,myNode=7ab09f71...,timecost=0.139
info|2019-12-12 16:56:51.128672|[g:1][CONSENSUS][PBFT]checkAndChangeView: Reach consensus,org_view=7876,org_changeCycle=0,cur_changeCycle=0,to_view=7877
info|2019-12-12 16:56:52.128515|[g:1][CONSENSUS][SEALER]++++++++++++++++ Generating seal on,blkNum=17,tx=0,nodeIdx=1,hash=37b25ce0...
info|2019-12-12 16:56:52.132952|[g:1][CONSENSUS][PBFT]checkTimeout Succ,view=7877,toView=7878,nodeIdx=1,changeCycle=0,myNode=7ab09f71...,timecost=0.169
info|2019-12-12 16:56:52.133785|[g:1][CONSENSUS][PBFT]checkAndChangeView: Reach consensus,org_view=7877,org_changeCycle=0,cur_changeCycle=0,to_view=7878
info|2019-12-12 16:56:52.856481|[P2P][Service] heartBeat,connected count=3
info|2019-12-12 16:56:53.133676|[g:1][CONSENSUS]addRawPrepare,height=17,reqIdx=2,hash=540647e6...
info|2019-12-12 16:56:53.133861|[g:1][CONSENSUS][PBFT]checkTimeout Succ,view=7878,toView=7879,nodeIdx=1,changeCycle=0,myNode=7ab09f71...,timecost=0.162
info|2019-12-12 16:56:53.136532|[g:1][CONSENSUS][PBFT]checkAndChangeView: Reach consensus,org_view=7878,org_changeCycle=0,cur_changeCycle=0,to_view=7879
info|2019-12-12 16:56:54.139590|[g:1][CONSENSUS]addRawPrepare,height=17,reqIdx=3,hash=5c443698...
info|2019-12-12 16:56:54.139773|[g:1][CONSENSUS][PBFT]checkTimeout Succ,view=7879,toView=7880,nodeIdx=1,changeCycle=0,myNode=7ab09f71...,timecost=0.16
info|2019-12-12 16:56:54.142037|[g:1][CONSENSUS][PBFT]checkAndChangeView: Reach consensus,org_view=7879,org_changeCycle=0,cur_changeCycle=0,to_view=7880
info|2019-12-12 16:56:55.141895|[g:1][CONSENSUS]addRawPrepare,height=17,reqIdx=0,hash=a93b058b...
info|2019-12-12 16:56:55.142096|[g:1][CONSENSUS][PBFT]checkTimeout Succ,view=7880,toView=7881,nodeIdx=1,changeCycle=0,myNode=7ab09f71...,timecost=0.143
info|2019-12-12 16:56:55.144402|[g:1][CONSENSUS][PBFT]checkAndChangeView: Reach consensus,org_view=7880,org_changeCycle=0,cur_changeCycle=0,to_view=7881
info|2019-12-12 16:56:56.145317|[g:1][CONSENSUS][SEALER]++++++++++++++++ Generating seal on,blkNum=17,tx=0,nodeIdx=1,hash=09e8b4ff...
info|2019-12-12 16:56:56.149497|[g:1][CONSENSUS][PBFT]checkTimeout Succ,view=7881,toView=7882,nodeIdx=1,changeCycle=0,myNode=7ab09f71...,timecost=0.136
info|2019-12-12 16:56:56.150515|[g:1][CONSENSUS][PBFT]checkAndChangeView: Reach consensus,org_view=7881,org_changeCycle=0,cur_changeCycle=0,to_view=7882
info|2019-12-12 16:56:57.149783|[g:1][CONSENSUS]addRawPrepare,height=17,reqIdx=2,hash=a30e1ae1...
info|2019-12-12 16:56:57.149947|[g:1][CONSENSUS][PBFT]checkTimeout Succ,view=7882,toView=7883,nodeIdx=1,changeCycle=0,myNode=7ab09f71...,timecost=0.145
info|2019-12-12 16:56:57.152007|[g:1][CONSENSUS][PBFT]checkAndChangeView: Reach consensus,org_view=7882,org_changeCycle=0,cur_changeCycle=0,to_view=7883
info|2019-12-12 16:56:58.154078|[g:1][CONSENSUS]addRawPrepare,height=17,reqIdx=3,hash=b8af5a22...
info|2019-12-12 16:56:58.154300|[g:1][CONSENSUS][PBFT]checkTimeout Succ,view=7883,toView=7884,nodeIdx=1,changeCycle=0,myNode=7ab09f71...,timecost=0.204
info|2019-12-12 16:56:58.156424|[g:1][CONSENSUS][PBFT]checkAndChangeView: Reach consensus,org_view=7883,org_changeCycle=0,cur_changeCycle=0,to_view=7884
info|2019-12-12 16:56:59.156143|[g:1][CONSENSUS]addRawPrepare,height=17,reqIdx=0,hash=75355f4d...
info|2019-12-12 16:56:59.156352|[g:1][CONSENSUS][PBFT]checkTimeout Succ,view=7884,toView=7885,nodeIdx=1,changeCycle=0,myNode=7ab09f71...,timecost=0.157
info|2019-12-12 16:56:59.159026|[g:1][CONSENSUS][PBFT]checkAndChangeView: Reach consensus,org_view=7884,org_changeCycle=0,cur_changeCycle=0,to_view=7885
info|2019-12-12 16:57:00.159915|[g:1][CONSENSUS][SEALER]++++++++++++++++ Generating seal on,blkNum=17,tx=0,nodeIdx=1,hash=7cb37ee1...
info|2019-12-12 16:57:00.164864|[g:1][CONSENSUS][PBFT]checkTimeout Succ,view=7885,toView=7886,nodeIdx=1,changeCycle=0,myNode=7ab09f71...,timecost=0.146
info|2019-12-12 16:57:00.165384|[g:1][CONSENSUS][PBFT]checkAndChangeView: Reach consensus,org_view=7885,org_changeCycle=0,cur_changeCycle=0,to_view=7886
info|2019-12-12 16:57:01.164682|[g:1][CONSENSUS]addRawPrepare,height=17,reqIdx=2,hash=dcbe55e5...
info|2019-12-12 16:57:01.164847|[g:1][CONSENSUS][PBFT]checkTimeout Succ,view=7886,toView=7887,nodeIdx=1,changeCycle=0,myNode=7ab09f71...,timecost=0.147
info|2019-12-12 16:57:01.166656|[g:1][CONSENSUS][PBFT]checkAndChangeView: Reach consensus,org_view=7886,org_changeCycle=0,cur_changeCycle=0,to_view=7887
info|2019-12-12 16:57:02.169566|[g:1][CONSENSUS]addRawPrepare,height=17,reqIdx=3,hash=2bdc53e6...
info|2019-12-12 16:57:02.169727|[g:1][CONSENSUS][PBFT]checkTimeout Succ,view=7887,toView=7888,nodeIdx=1,changeCycle=0,myNode=7ab09f71...,timecost=0.144
info|2019-12-12 16:57:02.171052|[g:1][CONSENSUS][PBFT]checkAndChangeView: Reach consensus,org_view=7887,org_changeCycle=0,cur_changeCycle=0,to_view=7888
info|2019-12-12 16:57:02.856573|[P2P][Service] heartBeat,connected count=3
info|2019-12-12 16:57:03.171801|[g:1][CONSENSUS]addRawPrepare,height=17,reqIdx=0,hash=5f2d8cf5...
info|2019-12-12 16:57:03.172049|[g:1][CONSENSUS][PBFT]checkTimeout Succ,view=7888,toView=7889,nodeIdx=1,changeCycle=0,myNode=7ab09f71...,timecost=0.178
info|2019-12-12 16:57:03.175614|[g:1][CONSENSUS][PBFT]checkAndChangeView: Reach consensus,org_view=7888,org_changeCycle=0,cur_changeCycle=0,to_view=7889
info|2019-12-12 16:57:04.175270|[g:1][CONSENSUS][SEALER]++++++++++++++++ Generating seal on,blkNum=17,tx=0,nodeIdx=1,hash=7a4259c5...
info|2019-12-12 16:57:04.179815|[g:1][CONSENSUS][PBFT]checkTimeout Succ,view=7889,toView=7890,nodeIdx=1,changeCycle=0,myNode=7ab09f71...,timecost=0.144
info|2019-12-12 16:57:04.180406|[g:1][CONSENSUS][PBFT]checkAndChangeView: Reach consensus,org_view=7889,org_changeCycle=0,cur_changeCycle=0,to_view=7890
info|2019-12-12 16:57:05.180047|[g:1][CONSENSUS]addRawPrepare,height=17,reqIdx=2,hash=e10dd7d6...
info|2019-12-12 16:57:05.180213|[g:1][CONSENSUS][PBFT]checkTimeout Succ,view=7890,toView=7891,nodeIdx=1,changeCycle=0,myNode=7ab09f71...,timecost=0.148
info|2019-12-12 16:57:05.181645|[g:1][CONSENSUS][PBFT]checkAndChangeView: Reach consensus,org_view=7890,org_changeCycle=0,cur_changeCycle=0,to_view=7891
info|2019-12-12 16:57:06.184533|[g:1][CONSENSUS]addRawPrepare,height=17,reqIdx=3,hash=699743f4...
info|2019-12-12 16:57:06.184777|[g:1][CONSENSUS][PBFT]checkTimeout Succ,view=7891,toView=7892,nodeIdx=1,changeCycle=0,myNode=7ab09f71...,timecost=0.165
info|2019-12-12 16:57:06.186487|[g:1][CONSENSUS][PBFT]checkAndChangeView: Reach consensus,org_view=7891,org_changeCycle=0,cur_changeCycle=0,to_view=7892
info|2019-12-12 16:57:07.187527|[g:1][CONSENSUS]addRawPrepare,height=17,reqIdx=0,hash=b5ef138f...
info|2019-12-12 16:57:07.187749|[g:1][CONSENSUS][PBFT]checkTimeout Succ,view=7892,toView=7893,nodeIdx=1,changeCycle=0,myNode=7ab09f71...,timecost=0.168
info|2019-12-12 16:57:07.190069|[g:1][CONSENSUS][PBFT]checkAndChangeView: Reach consensus,org_view=7892,org_changeCycle=0,cur_changeCycle=0,to_view=7893
info|2019-12-12 16:57:08.190145|[g:1][CONSENSUS][SEALER]++++++++++++++++ Generating seal on,blkNum=17,tx=0,nodeIdx=1,hash=2008c370...
info|2019-12-12 16:57:08.194899|[g:1][CONSENSUS][PBFT]checkTimeout Succ,view=7893,toView=7894,nodeIdx=1,changeCycle=0,myNode=7ab09f71...,timecost=0.183
info|2019-12-12 16:57:08.195553|[g:1][CONSENSUS][PBFT]checkAndChangeView: Reach consensus,org_view=7893,org_changeCycle=0,cur_changeCycle=0,to_view=7894
info|2019-12-12 16:57:09.195845|[g:1][CONSENSUS]addRawPrepare,height=17,reqIdx=2,hash=cb7db27b...
info|2019-12-12 16:57:09.196011|[g:1][CONSENSUS][PBFT]checkTimeout Succ,view=7894,toView=7895,nodeIdx=1,changeCycle=0,myNode=7ab09f71...,timecost=0.148
info|2019-12-12 16:57:09.197757|[g:1][CONSENSUS][PBFT]checkAndChangeView: Reach consensus,org_view=7894,org_changeCycle=0,cur_changeCycle=0,to_view=7895
info|2019-12-12 16:57:10.201393|[g:1][CONSENSUS]addRawPrepare,height=17,reqIdx=3,hash=9d5bcf1e...
info|2019-12-12 16:57:10.201569|[g:1][CONSENSUS][PBFT]checkTimeout Succ,view=7895,toView=7896,nodeIdx=1,changeCycle=0,myNode=7ab09f71...,timecost=0.16
info|2019-12-12 16:57:10.203711|[g:1][CONSENSUS][PBFT]checkAndChangeView: Reach consensus,org_view=7895,org_changeCycle=0,cur_changeCycle=0,to_view=7896
info|2019-12-12 16:57:11.204357|[g:1][CONSENSUS]addRawPrepare,height=17,reqIdx=0,hash=6f558f5a...
info|2019-12-12 16:57:11.204579|[g:1][CONSENSUS][PBFT]checkTimeout Succ,view=7896,toView=7897,nodeIdx=1,changeCycle=0,myNode=7ab09f71...,timecost=0.17
info|2019-12-12 16:57:11.207469|[g:1][CONSENSUS][PBFT]checkAndChangeView: Reach consensus,org_view=7896,org_changeCycle=0,cur_changeCycle=0,to_view=7897
info|2019-12-12 16:57:12.208162|[g:1][CONSENSUS][SEALER]++++++++++++++++ Generating seal on,blkNum=17,tx=0,nodeIdx=1,hash=5e953865...
info|2019-12-12 16:57:12.212649|[g:1][CONSENSUS][PBFT]checkTimeout Succ,view=7897,toView=7898,nodeIdx=1,changeCycle=0,myNode=7ab09f71...,timecost=0.146
info|2019-12-12 16:57:12.213292|[g:1][CONSENSUS][PBFT]checkAndChangeView: Reach consensus,org_view=7897,org_changeCycle=0,cur_changeCycle=0,to_view=7898
info|2019-12-12 16:57:12.857011|[P2P][Service] heartBeat,connected count=3
info|2019-12-12 16:57:13.212507|[g:1][CONSENSUS]addRawPrepare,height=17,reqIdx=2,hash=7dddfe37...
info|2019-12-12 16:57:13.212696|[g:1][CONSENSUS][PBFT]checkTimeout Succ,view=7898,toView=7899,nodeIdx=1,changeCycle=0,myNode=7ab09f71...,timecost=0.173
info|2019-12-12 16:57:13.215134|[g:1][CONSENSUS][PBFT]checkAndChangeView: Reach consensus,org_view=7898,org_changeCycle=0,cur_changeCycle=0,to_view=7899
info|2019-12-12 16:57:14.216844|[g:1][CONSENSUS]addRawPrepare,height=17,reqIdx=3,hash=9c058085...
info|2019-12-12 16:57:14.217058|[g:1][CONSENSUS][PBFT]checkTimeout Succ,view=7899,toView=7900,nodeIdx=1,changeCycle=0,myNode=7ab09f71...,timecost=0.198
info|2019-12-12 16:57:14.219033|[g:1][CONSENSUS][PBFT]checkAndChangeView: Reach consensus,org_view=7899,org_changeCycle=0,cur_changeCycle=0,to_view=7900
info|2019-12-12 16:57:15.219672|[g:1][CONSENSUS]addRawPrepare,height=17,reqIdx=0,hash=d6ae427f...
info|2019-12-12 16:57:15.219880|[g:1][CONSENSUS][PBFT]checkTimeout Succ,view=7900,toView=7901,nodeIdx=1,changeCycle=0,myNode=7ab09f71...,timecost=0.156
info|2019-12-12 16:57:15.222159|[g:1][CONSENSUS][PBFT]checkAndChangeView: Reach consensus,org_view=7900,org_changeCycle=0,cur_changeCycle=0,to_view=7901
info|2019-12-12 16:57:16.223703|[g:1][CONSENSUS][SEALER]++++++++++++++++ Generating seal on,blkNum=17,tx=0,nodeIdx=1,hash=029e2aad...
info|2019-12-12 16:57:16.227947|[g:1][CONSENSUS][PBFT]checkTimeout Succ,view=7901,toView=7902,nodeIdx=1,changeCycle=0,myNode=7ab09f71...,timecost=0.145
info|2019-12-12 16:57:16.228659|[g:1][CONSENSUS][PBFT]checkAndChangeView: Reach consensus,org_view=7901,org_changeCycle=0,cur_changeCycle=0,to_view=7902
info|2019-12-12 16:57:17.230310|[g:1][CONSENSUS]addRawPrepare,height=17,reqIdx=2,hash=dc0cefa7...
info|2019-12-12 16:57:17.230473|[g:1][CONSENSUS][PBFT]checkTimeout Succ,view=7902,toView=7903,nodeIdx=1,changeCycle=0,myNode=7ab09f71...,timecost=0.146
info|2019-12-12 16:57:17.231192|[g:1][CONSENSUS][PBFT]checkAndChangeView: Reach consensus,org_view=7902,org_changeCycle=0,cur_changeCycle=0,to_view=7903
info|2019-12-12 16:57:18.232714|[g:1][CONSENSUS]addRawPrepare,height=17,reqIdx=3,hash=5497f5ce...
info|2019-12-12 16:57:18.232910|[g:1][CONSENSUS][PBFT]checkTimeout Succ,view=7903,toView=7904,nodeIdx=1,changeCycle=0,myNode=7ab09f71...,timecost=0.141
info|2019-12-12 16:57:18.235334|[g:1][CONSENSUS][PBFT]checkAndChangeView: Reach consensus,org_view=7903,org_changeCycle=0,cur_changeCycle=0,to_view=7904
info|2019-12-12 16:57:19.237523|[g:1][CONSENSUS]addRawPrepare,height=17,reqIdx=0,hash=5264e465...
info|2019-12-12 16:57:19.237721|[g:1][CONSENSUS][PBFT]checkTimeout Succ,view=7904,toView=7905,nodeIdx=1,changeCycle=0,myNode=7ab09f71...,timecost=0.143
info|2019-12-12 16:57:19.240698|[g:1][CONSENSUS][PBFT]checkAndChangeView: Reach consensus,org_view=7904,org_changeCycle=0,cur_changeCycle=0,to_view=7905
info|2019-12-12 16:57:20.240232|[g:1][CONSENSUS][SEALER]++++++++++++++++ Generating seal on,blkNum=17,tx=0,nodeIdx=1,hash=fcd0a6a3...
info|2019-12-12 16:57:20.244470|[g:1][CONSENSUS][PBFT]checkTimeout Succ,view=7905,toView=7906,nodeIdx=1,changeCycle=0,myNode=7ab09f71...,timecost=0.144
info|2019-12-12 16:57:20.245099|[g:1][CONSENSUS][PBFT]checkAndChangeView: Reach consensus,org_view=7905,org_changeCycle=0,cur_changeCycle=0,to_view=7906
info|2019-12-12 16:57:21.244977|[g:1][CONSENSUS]addRawPrepare,height=17,reqIdx=2,hash=efd7af6d...
info|2019-12-12 16:57:21.245164|[g:1][CONSENSUS][PBFT]checkTimeout Succ,view=7906,toView=7907,nodeIdx=1,changeCycle=0,myNode=7ab09f71...,timecost=0.171
info|2019-12-12 16:57:21.246498|[g:1][CONSENSUS][PBFT]checkAndChangeView: Reach consensus,org_view=7906,org_changeCycle=0,cur_changeCycle=0,to_view=7907
info|2019-12-12 16:57:22.248830|[g:1][CONSENSUS]addRawPrepare,height=17,reqIdx=3,hash=accfd7d5...
info|2019-12-12 16:57:22.248989|[g:1][CONSENSUS][PBFT]checkTimeout Succ,view=7907,toView=7908,nodeIdx=1,changeCycle=0,myNode=7ab09f71...,timecost=0.142
info|2019-12-12 16:57:22.251202|[g:1][CONSENSUS][PBFT]checkAndChangeView: Reach consensus,org_view=7907,org_changeCycle=0,cur_changeCycle=0,to_view=7908
info|2019-12-12 16:57:22.857455|[P2P][Service] heartBeat,connected count=3
info|2019-12-12 16:57:23.251046|[g:1][CONSENSUS]addRawPrepare,height=17,reqIdx=0,hash=7781e376...
info|2019-12-12 16:57:23.251243|[g:1][CONSENSUS][PBFT]checkTimeout Succ,view=7908,toView=7909,nodeIdx=1,changeCycle=0,myNode=7ab09f71...,timecost=0.141
info|2019-12-12 16:57:23.253917|[g:1][CONSENSUS][PBFT]checkAndChangeView: Reach consensus,org_view=7908,org_changeCycle=0,cur_changeCycle=0,to_view=7909
info|2019-12-12 16:57:24.254605|[g:1][CONSENSUS][SEALER]++++++++++++++++ Generating seal on,blkNum=17,tx=0,nodeIdx=1,hash=97a1e792...
info|2019-12-12 16:57:24.259092|[g:1][CONSENSUS][PBFT]checkTimeout Succ,view=7909,toView=7910,nodeIdx=1,changeCycle=0,myNode=7ab09f71...,timecost=0.143
info|2019-12-12 16:57:24.259681|[g:1][CONSENSUS][PBFT]checkAndChangeView: Reach consensus,org_view=7909,org_changeCycle=0,cur_changeCycle=0,to_view=7910
info|2019-12-12 16:57:25.260521|[g:1][CONSENSUS]addRawPrepare,height=17,reqIdx=2,hash=49350581...
info|2019-12-12 16:57:25.260685|[g:1][CONSENSUS][PBFT]checkTimeout Succ,view=7910,toView=7911,nodeIdx=1,changeCycle=0,myNode=7ab09f71...,timecost=0.147
info|2019-12-12 16:57:25.262313|[g:1][CONSENSUS][PBFT]checkAndChangeView: Reach consensus,org_view=7910,org_changeCycle=0,cur_changeCycle=0,to_view=7911
info|2019-12-12 16:57:26.264477|[g:1][CONSENSUS]addRawPrepare,height=17,reqIdx=3,hash=7558f36f...
info|2019-12-12 16:57:26.264625|[g:1][CONSENSUS][PBFT]checkTimeout Succ,view=7911,toView=7912,nodeIdx=1,changeCycle=0,myNode=7ab09f71...,timecost=0.132
info|2019-12-12 16:57:26.265845|[g:1][CONSENSUS][PBFT]checkAndChangeView: Reach consensus,org_view=7911,org_changeCycle=0,cur_changeCycle=0,to_view=7912
info|2019-12-12 16:57:27.267609|[g:1][CONSENSUS]addRawPrepare,height=17,reqIdx=0,hash=08fb7b17...
info|2019-12-12 16:57:27.267822|[g:1][CONSENSUS][PBFT]checkTimeout Succ,view=7912,toView=7913,nodeIdx=1,changeCycle=0,myNode=7ab09f71...,timecost=0.142
info|2019-12-12 16:57:27.270362|[g:1][CONSENSUS][PBFT]checkAndChangeView: Reach consensus,org_view=7912,org_changeCycle=0,cur_changeCycle=0,to_view=7913
info|2019-12-12 16:57:28.270095|[g:1][CONSENSUS][SEALER]++++++++++++++++ Generating seal on,blkNum=17,tx=0,nodeIdx=1,hash=599b6432...
info|2019-12-12 16:57:28.275117|[g:1][CONSENSUS][PBFT]checkTimeout Succ,view=7913,toView=7914,nodeIdx=1,changeCycle=0,myNode=7ab09f71...,timecost=0.152
info|2019-12-12 16:57:28.275805|[g:1][CONSENSUS][PBFT]checkAndChangeView: Reach consensus,org_view=7913,org_changeCycle=0,cur_changeCycle=0,to_view=7914
info|2019-12-12 16:57:29.276733|[g:1][CONSENSUS]addRawPrepare,height=17,reqIdx=2,hash=003314ee...
info|2019-12-12 16:57:29.276900|[g:1][CONSENSUS][PBFT]checkTimeout Succ,view=7914,toView=7915,nodeIdx=1,changeCycle=0,myNode=7ab09f71...,timecost=0.147
info|2019-12-12 16:57:29.279235|[g:1][CONSENSUS][PBFT]checkAndChangeView: Reach consensus,org_view=7914,org_changeCycle=0,cur_changeCycle=0,to_view=7915
info|2019-12-12 16:57:30.281719|[g:1][CONSENSUS]addRawPrepare,height=17,reqIdx=3,hash=7a8e4cad...
info|2019-12-12 16:57:30.281886|[g:1][CONSENSUS][PBFT]checkTimeout Succ,view=7915,toView=7916,nodeIdx=1,changeCycle=0,myNode=7ab09f71...,timecost=0.149
info|2019-12-12 16:57:30.283329|[g:1][CONSENSUS][PBFT]checkAndChangeView: Reach consensus,org_view=7915,org_changeCycle=0,cur_changeCycle=0,to_view=7916
info|2019-12-12 16:57:31.283636|[g:1][CONSENSUS]addRawPrepare,height=17,reqIdx=0,hash=6de60807...
info|2019-12-12 16:57:31.283830|[g:1][CONSENSUS][PBFT]checkTimeout Succ,view=7916,toView=7917,nodeIdx=1,changeCycle=0,myNode=7ab09f71...,timecost=0.138
info|2019-12-12 16:57:31.286020|[g:1][CONSENSUS][PBFT]checkAndChangeView: Reach consensus,org_view=7916,org_changeCycle=0,cur_changeCycle=0,to_view=7917
info|2019-12-12 16:57:32.286917|[g:1][CONSENSUS][SEALER]++++++++++++++++ Generating seal on,blkNum=17,tx=0,nodeIdx=1,hash=b4d579a8...
info|2019-12-12 16:57:32.291074|[g:1][CONSENSUS][PBFT]checkTimeout Succ,view=7917,toView=7918,nodeIdx=1,changeCycle=0,myNode=7ab09f71...,timecost=0.157
info|2019-12-12 16:57:32.291672|[g:1][CONSENSUS][PBFT]checkAndChangeView: Reach consensus,org_view=7917,org_changeCycle=0,cur_changeCycle=0,to_view=7918
info|2019-12-12 16:57:32.857928|[P2P][Service] heartBeat,connected count=3
info|2019-12-12 16:57:33.294415|[g:1][CONSENSUS]addRawPrepare,height=17,reqIdx=2,hash=3e6fc43d...
info|2019-12-12 16:57:33.294660|[g:1][CONSENSUS][PBFT]checkTimeout Succ,view=7918,toView=7919,nodeIdx=1,changeCycle=0,myNode=7ab09f71...,timecost=0.207
info|2019-12-12 16:57:33.294860|[g:1][CONSENSUS][PBFT]checkAndChangeView: Reach consensus,org_view=7918,org_changeCycle=0,cur_changeCycle=0,to_view=7919
info|2019-12-12 16:57:34.299920|[g:1][CONSENSUS]addRawPrepare,height=17,reqIdx=3,hash=535d3acd...
info|2019-12-12 16:57:34.300067|[g:1][CONSENSUS][PBFT]checkTimeout Succ,view=7919,toView=7920,nodeIdx=1,changeCycle=0,myNode=7ab09f71...,timecost=0.132
info|2019-12-12 16:57:34.301466|[g:1][CONSENSUS][PBFT]checkAndChangeView: Reach consensus,org_view=7919,org_changeCycle=0,cur_changeCycle=0,to_view=7920
info|2019-12-12 16:57:35.302018|[g:1][CONSENSUS]addRawPrepare,height=17,reqIdx=0,hash=7d656058...
info|2019-12-12 16:57:35.302248|[g:1][CONSENSUS][PBFT]checkTimeout Succ,view=7920,toView=7921,nodeIdx=1,changeCycle=0,myNode=7ab09f71...,timecost=0.145
info|2019-12-12 16:57:35.304835|[g:1][CONSENSUS][PBFT]checkAndChangeView: Reach consensus,org_view=7920,org_changeCycle=0,cur_changeCycle=0,to_view=7921
info|2019-12-12 16:57:36.304478|[g:1][CONSENSUS][SEALER]++++++++++++++++ Generating seal on,blkNum=17,tx=0,nodeIdx=1,hash=fe54f6d5...
info|2019-12-12 16:57:36.308743|[g:1][CONSENSUS][PBFT]checkTimeout Succ,view=7921,toView=7922,nodeIdx=1,changeCycle=0,myNode=7ab09f71...,timecost=0.145
info|2019-12-12 16:57:36.309360|[g:1][CONSENSUS][PBFT]checkAndChangeView: Reach consensus,org_view=7921,org_changeCycle=0,cur_changeCycle=0,to_view=7922
info|2019-12-12 16:57:37.310452|[g:1][CONSENSUS]addRawPrepare,height=17,reqIdx=2,hash=4987e725...
info|2019-12-12 16:57:37.310618|[g:1][CONSENSUS][PBFT]checkTimeout Succ,view=7922,toView=7923,nodeIdx=1,changeCycle=0,myNode=7ab09f71...,timecost=0.147
info|2019-12-12 16:57:37.312099|[g:1][CONSENSUS][PBFT]checkAndChangeView: Reach consensus,org_view=7922,org_changeCycle=0,cur_changeCycle=0,to_view=7923
info|2019-12-12 16:57:38.314734|[g:1][CONSENSUS]addRawPrepare,height=17,reqIdx=3,hash=a59bc2d1...
info|2019-12-12 16:57:38.314894|[g:1][CONSENSUS][PBFT]checkTimeout Succ,view=7923,toView=7924,nodeIdx=1,changeCycle=0,myNode=7ab09f71...,timecost=0.145
info|2019-12-12 16:57:38.315726|[g:1][CONSENSUS][PBFT]checkAndChangeView: Reach consensus,org_view=7923,org_changeCycle=0,cur_changeCycle=0,to_view=7924
info|2019-12-12 16:57:39.317422|[g:1][CONSENSUS]addRawPrepare,height=17,reqIdx=0,hash=8dabf158...
info|2019-12-12 16:57:39.317618|[g:1][CONSENSUS][PBFT]checkTimeout Succ,view=7924,toView=7925,nodeIdx=1,changeCycle=0,myNode=7ab09f71...,timecost=0.139
info|2019-12-12 16:57:39.321401|[g:1][CONSENSUS][PBFT]checkAndChangeView: Reach consensus,org_view=7924,org_changeCycle=0,cur_changeCycle=0,to_view=7925
info|2019-12-12 16:57:40.321992|[g:1][CONSENSUS][SEALER]++++++++++++++++ Generating seal on,blkNum=17,tx=0,nodeIdx=1,hash=23e0ce7d...
info|2019-12-12 16:57:40.326893|[g:1][CONSENSUS][PBFT]checkTimeout Succ,view=7925,toView=7926,nodeIdx=1,changeCycle=0,myNode=7ab09f71...,timecost=0.159
info|2019-12-12 16:57:40.327542|[g:1][CONSENSUS][PBFT]checkAndChangeView: Reach consensus,org_view=7925,org_changeCycle=0,cur_changeCycle=0,to_view=7926
info|2019-12-12 16:57:41.327545|[g:1][CONSENSUS]addRawPrepare,height=17,reqIdx=2,hash=eec5a3dd...
info|2019-12-12 16:57:41.327723|[g:1][CONSENSUS][PBFT]checkTimeout Succ,view=7926,toView=7927,nodeIdx=1,changeCycle=0,myNode=7ab09f71...,timecost=0.159
info|2019-12-12 16:57:41.329300|[g:1][CONSENSUS][PBFT]checkAndChangeView: Reach consensus,org_view=7926,org_changeCycle=0,cur_changeCycle=0,to_view=7927
info|2019-12-12 16:57:42.330923|[g:1][CONSENSUS]addRawPrepare,height=17,reqIdx=3,hash=9be05b5d...
info|2019-12-12 16:57:42.331084|[g:1][CONSENSUS][PBFT]checkTimeout Succ,view=7927,toView=7928,nodeIdx=1,changeCycle=0,myNode=7ab09f71...,timecost=0.144
info|2019-12-12 16:57:42.333567|[g:1][CONSENSUS][PBFT]checkAndChangeView: Reach consensus,org_view=7927,org_changeCycle=0,cur_changeCycle=0,to_view=7928
info|2019-12-12 16:57:42.858311|[P2P][Service] heartBeat,connected count=3
info|2019-12-12 16:57:43.337381|[g:1][CONSENSUS]addRawPrepare,height=17,reqIdx=0,hash=deb9c245...
info|2019-12-12 16:57:43.343411|[g:1][CONSENSUS][PBFT]checkTimeout Succ,view=7928,toView=7929,nodeIdx=1,changeCycle=0,myNode=7ab09f71...,timecost=5.859
info|2019-12-12 16:57:43.345931|[g:1][CONSENSUS][PBFT]checkAndChangeView: Reach consensus,org_view=7928,org_changeCycle=0,cur_changeCycle=0,to_view=7929
info|2019-12-12 16:57:44.347359|[g:1][CONSENSUS][SEALER]++++++++++++++++ Generating seal on,blkNum=17,tx=0,nodeIdx=1,hash=9631fd28...
info|2019-12-12 16:57:44.361312|[g:1][CONSENSUS][PBFT]checkTimeout Succ,view=7929,toView=7930,nodeIdx=1,changeCycle=0,myNode=7ab09f71...,timecost=0.326
info|2019-12-12 16:57:44.362833|[g:1][CONSENSUS][PBFT]checkAndChangeView: Reach consensus,org_view=7929,org_changeCycle=0,cur_changeCycle=0,to_view=7930
info|2019-12-12 16:57:45.363060|[g:1][CONSENSUS]addRawPrepare,height=17,reqIdx=2,hash=d457273b...
info|2019-12-12 16:57:45.363502|[g:1][CONSENSUS][PBFT]checkTimeout Succ,view=7930,toView=7931,nodeIdx=1,changeCycle=0,myNode=7ab09f71...,timecost=0.366
info|2019-12-12 16:57:45.368391|[g:1][CONSENSUS][PBFT]checkAndChangeView: Reach consensus,org_view=7930,org_changeCycle=0,cur_changeCycle=0,to_view=7931
info|2019-12-12 16:57:46.373029|[g:1][CONSENSUS]addRawPrepare,height=17,reqIdx=3,hash=92200dc4...
info|2019-12-12 16:57:46.373459|[g:1][CONSENSUS][PBFT]checkTimeout Succ,view=7931,toView=7932,nodeIdx=1,changeCycle=0,myNode=7ab09f71...,timecost=0.372
info|2019-12-12 16:57:46.376580|[g:1][CONSENSUS][PBFT]checkAndChangeView: Reach consensus,org_view=7931,org_changeCycle=0,cur_changeCycle=0,to_view=7932
info|2019-12-12 16:57:47.379775|[g:1][CONSENSUS]addRawPrepare,height=17,reqIdx=0,hash=41fb1c3b...
info|2019-12-12 16:57:47.387626|[g:1][CONSENSUS][PBFT]checkTimeout Succ,view=7932,toView=7933,nodeIdx=1,changeCycle=0,myNode=7ab09f71...,timecost=4.778
info|2019-12-12 16:57:47.391134|[g:1][CONSENSUS][PBFT]checkAndChangeView: Reach consensus,org_view=7932,org_changeCycle=0,cur_changeCycle=0,to_view=7933
info|2019-12-12 16:57:48.391264|[g:1][CONSENSUS][SEALER]++++++++++++++++ Generating seal on,blkNum=17,tx=0,nodeIdx=1,hash=5fc3c83c...
info|2019-12-12 16:57:48.402135|[g:1][CONSENSUS][PBFT]checkTimeout Succ,view=7933,toView=7934,nodeIdx=1,changeCycle=0,myNode=7ab09f71...,timecost=0.186
info|2019-12-12 16:57:48.402734|[g:1][CONSENSUS][PBFT]checkAndChangeView: Reach consensus,org_view=7933,org_changeCycle=0,cur_changeCycle=0,to_view=7934
info|2019-12-12 16:57:49.403261|[g:1][CONSENSUS]addRawPrepare,height=17,reqIdx=2,hash=bdca35f7...
info|2019-12-12 16:57:49.403513|[g:1][CONSENSUS][PBFT]checkTimeout Succ,view=7934,toView=7935,nodeIdx=1,changeCycle=0,myNode=7ab09f71...,timecost=0.229
info|2019-12-12 16:57:49.405463|[g:1][CONSENSUS][PBFT]checkAndChangeView: Reach consensus,org_view=7934,org_changeCycle=0,cur_changeCycle=0,to_view=7935
info|2019-12-12 16:57:50.414904|[g:1][CONSENSUS]addRawPrepare,height=17,reqIdx=3,hash=24a74dcf...
info|2019-12-12 16:57:50.416431|[g:1][CONSENSUS][PBFT]checkTimeout Succ,view=7935,toView=7936,nodeIdx=1,changeCycle=0,myNode=7ab09f71...,timecost=1.453
info|2019-12-12 16:57:50.420966|[g:1][CONSENSUS][PBFT]checkAndChangeView: Reach consensus,org_view=7935,org_changeCycle=0,cur_changeCycle=0,to_view=7936
info|2019-12-12 16:57:51.421873|[g:1][CONSENSUS]addRawPrepare,height=17,reqIdx=0,hash=3cae4cd1...
info|2019-12-12 16:57:51.422114|[g:1][CONSENSUS][PBFT]checkTimeout Succ,view=7936,toView=7937,nodeIdx=1,changeCycle=0,myNode=7ab09f71...,timecost=0.175
info|2019-12-12 16:57:51.425805|[g:1][CONSENSUS][PBFT]checkAndChangeView: Reach consensus,org_view=7936,org_changeCycle=0,cur_changeCycle=0,to_view=7937
info|2019-12-12 16:57:52.426149|[g:1][CONSENSUS][SEALER]++++++++++++++++ Generating seal on,blkNum=17,tx=0,nodeIdx=1,hash=9707fb8c...
info|2019-12-12 16:57:52.433418|[g:1][CONSENSUS][PBFT]checkTimeout Succ,view=7937,toView=7938,nodeIdx=1,changeCycle=0,myNode=7ab09f71...,timecost=0.247
info|2019-12-12 16:57:52.434658|[g:1][CONSENSUS][PBFT]checkAndChangeView: Reach consensus,org_view=7937,org_changeCycle=0,cur_changeCycle=0,to_view=7938
info|2019-12-12 16:57:52.858932|[P2P][Service] heartBeat,connected count=3
info|2019-12-12 16:57:53.437584|[g:1][CONSENSUS]addRawPrepare,height=17,reqIdx=2,hash=9fb13ab1...
info|2019-12-12 16:57:53.438459|[g:1][CONSENSUS][PBFT]checkTimeout Succ,view=7938,toView=7939,nodeIdx=1,changeCycle=0,myNode=7ab09f71...,timecost=0.55
info|2019-12-12 16:57:53.441714|[g:1][CONSENSUS][PBFT]checkAndChangeView: Reach consensus,org_view=7938,org_changeCycle=0,cur_changeCycle=0,to_view=7939
info|2019-12-12 16:57:54.449190|[g:1][CONSENSUS]addRawPrepare,height=17,reqIdx=3,hash=57313d60...
info|2019-12-12 16:57:54.451295|[g:1][CONSENSUS][PBFT]checkTimeout Succ,view=7939,toView=7940,nodeIdx=1,changeCycle=0,myNode=7ab09f71...,timecost=2.043
info|2019-12-12 16:57:54.454791|[g:1][CONSENSUS][PBFT]checkAndChangeView: Reach consensus,org_view=7939,org_changeCycle=0,cur_changeCycle=0,to_view=7940
info|2019-12-12 16:57:55.457843|[g:1][CONSENSUS]addRawPrepare,height=17,reqIdx=0,hash=bb4edc1c...
info|2019-12-12 16:57:55.465676|[g:1][CONSENSUS][PBFT]checkTimeout Succ,view=7940,toView=7941,nodeIdx=1,changeCycle=0,myNode=7ab09f71...,timecost=2.704
info|2019-12-12 16:57:55.470652|[g:1][CONSENSUS][PBFT]checkAndChangeView: Reach consensus,org_view=7940,org_changeCycle=0,cur_changeCycle=0,to_view=7941
info|2019-12-12 16:57:56.474865|[g:1][CONSENSUS][SEALER]++++++++++++++++ Generating seal on,blkNum=17,tx=0,nodeIdx=1,hash=434d4124...
info|2019-12-12 16:57:56.485240|[g:1][CONSENSUS][PBFT]checkTimeout Succ,view=7941,toView=7942,nodeIdx=1,changeCycle=0,myNode=7ab09f71...,timecost=0.339
info|2019-12-12 16:57:56.487151|[g:1][CONSENSUS][PBFT]checkAndChangeView: Reach consensus,org_view=7941,org_changeCycle=0,cur_changeCycle=0,to_view=7942
info|2019-12-12 16:57:57.487021|[g:1][CONSENSUS]addRawPrepare,height=17,reqIdx=2,hash=1d38b5d8...
info|2019-12-12 16:57:57.487519|[g:1][CONSENSUS][PBFT]checkTimeout Succ,view=7942,toView=7943,nodeIdx=1,changeCycle=0,myNode=7ab09f71...,timecost=0.455
info|2019-12-12 16:57:57.492658|[g:1][CONSENSUS][PBFT]checkAndChangeView: Reach consensus,org_view=7942,org_changeCycle=0,cur_changeCycle=0,to_view=7943
info|2019-12-12 16:57:58.496769|[g:1][CONSENSUS]addRawPrepare,height=17,reqIdx=3,hash=d65575c0...
info|2019-12-12 16:57:58.496948|[g:1][CONSENSUS][PBFT]checkTimeout Succ,view=7943,toView=7944,nodeIdx=1,changeCycle=0,myNode=7ab09f71...,timecost=0.158
info|2019-12-12 16:57:58.498877|[g:1][CONSENSUS][PBFT]checkAndChangeView: Reach consensus,org_view=7943,org_changeCycle=0,cur_changeCycle=0,to_view=7944
info|2019-12-12 16:57:59.499439|[g:1][CONSENSUS]addRawPrepare,height=17,reqIdx=0,hash=1a09a8da...
info|2019-12-12 16:57:59.499865|[g:1][CONSENSUS][PBFT]checkTimeout Succ,view=7944,toView=7945,nodeIdx=1,changeCycle=0,myNode=7ab09f71...,timecost=0.303
info|2019-12-12 16:57:59.504711|[g:1][CONSENSUS][PBFT]checkAndChangeView: Reach consensus,org_view=7944,org_changeCycle=0,cur_changeCycle=0,to_view=7945
info|2019-12-12 16:58:00.505318|[g:1][CONSENSUS][SEALER]++++++++++++++++ Generating seal on,blkNum=17,tx=0,nodeIdx=1,hash=05efdd8a...
info|2019-12-12 16:58:00.517403|[g:1][CONSENSUS][PBFT]checkTimeout Succ,view=7945,toView=7946,nodeIdx=1,changeCycle=0,myNode=7ab09f71...,timecost=0.38
info|2019-12-12 16:58:00.518915|[g:1][CONSENSUS][PBFT]checkAndChangeView: Reach consensus,org_view=7945,org_changeCycle=0,cur_changeCycle=0,to_view=7946
info|2019-12-12 16:58:01.522205|[g:1][CONSENSUS]addRawPrepare,height=17,reqIdx=2,hash=4fd12dda...
info|2019-12-12 16:58:01.524992|[g:1][CONSENSUS][PBFT]checkTimeout Succ,view=7946,toView=7947,nodeIdx=1,changeCycle=0,myNode=7ab09f71...,timecost=2.725
info|2019-12-12 16:58:01.530021|[g:1][CONSENSUS][PBFT]checkAndChangeView: Reach consensus,org_view=7946,org_changeCycle=0,cur_changeCycle=0,to_view=7947
info|2019-12-12 16:58:02.536543|[g:1][CONSENSUS]addRawPrepare,height=17,reqIdx=3,hash=863f40c8...
info|2019-12-12 16:58:02.536718|[g:1][CONSENSUS][PBFT]checkTimeout Succ,view=7947,toView=7948,nodeIdx=1,changeCycle=0,myNode=7ab09f71...,timecost=0.155
info|2019-12-12 16:58:02.538480|[g:1][CONSENSUS][PBFT]checkAndChangeView: Reach consensus,org_view=7947,org_changeCycle=0,cur_changeCycle=0,to_view=7948
info|2019-12-12 16:58:02.859371|[P2P][Service] heartBeat,connected count=3
info|2019-12-12 16:58:03.545015|[g:1][CONSENSUS]addRawPrepare,height=17,reqIdx=0,hash=ea1b9e86...
info|2019-12-12 16:58:03.545654|[g:1][CONSENSUS][PBFT]checkTimeout Succ,view=7948,toView=7949,nodeIdx=1,changeCycle=0,myNode=7ab09f71...,timecost=0.446
info|2019-12-12 16:58:03.553165|[g:1][CONSENSUS][PBFT]checkAndChangeView: Reach consensus,org_view=7948,org_changeCycle=0,cur_changeCycle=0,to_view=7949
info|2019-12-12 16:58:04.554333|[g:1][CONSENSUS][SEALER]++++++++++++++++ Generating seal on,blkNum=17,tx=0,nodeIdx=1,hash=a9d9bb9b...
info|2019-12-12 16:58:04.573157|[g:1][CONSENSUS][PBFT]checkTimeout Succ,view=7949,toView=7950,nodeIdx=1,changeCycle=0,myNode=7ab09f71...,timecost=0.611
info|2019-12-12 16:58:04.574699|[g:1][CONSENSUS][PBFT]checkAndChangeView: Reach consensus,org_view=7949,org_changeCycle=0,cur_changeCycle=0,to_view=7950
info|2019-12-12 16:58:05.581068|[g:1][CONSENSUS]addRawPrepare,height=17,reqIdx=2,hash=39ba7888...
info|2019-12-12 16:58:05.582349|[g:1][CONSENSUS][PBFT]checkTimeout Succ,view=7950,toView=7951,nodeIdx=1,changeCycle=0,myNode=7ab09f71...,timecost=1.226
info|2019-12-12 16:58:05.587649|[g:1][CONSENSUS][PBFT]checkAndChangeView: Reach consensus,org_view=7950,org_changeCycle=0,cur_changeCycle=0,to_view=7951
info|2019-12-12 16:58:06.594117|[g:1][CONSENSUS]addRawPrepare,height=17,reqIdx=3,hash=b1db6c15...
info|2019-12-12 16:58:06.594281|[g:1][CONSENSUS][PBFT]checkTimeout Succ,view=7951,toView=7952,nodeIdx=1,changeCycle=0,myNode=7ab09f71...,timecost=0.144
info|2019-12-12 16:58:06.595601|[g:1][CONSENSUS][PBFT]checkAndChangeView: Reach consensus,org_view=7951,org_changeCycle=0,cur_changeCycle=0,to_view=7952
info|2019-12-12 16:58:07.598420|[g:1][CONSENSUS]addRawPrepare,height=17,reqIdx=0,hash=8fccaead...
info|2019-12-12 16:58:07.599128|[g:1][CONSENSUS][PBFT]checkTimeout Succ,view=7952,toView=7953,nodeIdx=1,changeCycle=0,myNode=7ab09f71...,timecost=0.482
info|2019-12-12 16:58:07.608920|[g:1][CONSENSUS][PBFT]checkAndChangeView: Reach consensus,org_view=7952,org_changeCycle=0,cur_changeCycle=0,to_view=7953
info|2019-12-12 16:58:08.610605|[g:1][CONSENSUS][SEALER]++++++++++++++++ Generating seal on,blkNum=17,tx=0,nodeIdx=1,hash=fb3253e8...
info|2019-12-12 16:58:08.615473|[g:1][CONSENSUS][PBFT]checkTimeout Succ,view=7953,toView=7954,nodeIdx=1,changeCycle=0,myNode=7ab09f71...,timecost=0.145
info|2019-12-12 16:58:08.616057|[g:1][CONSENSUS][PBFT]checkAndChangeView: Reach consensus,org_view=7953,org_changeCycle=0,cur_changeCycle=0,to_view=7954
info|2019-12-12 16:58:09.615805|[g:1][CONSENSUS]addRawPrepare,height=17,reqIdx=2,hash=add72064...
info|2019-12-12 16:58:09.615968|[g:1][CONSENSUS][PBFT]checkTimeout Succ,view=7954,toView=7955,nodeIdx=1,changeCycle=0,myNode=7ab09f71...,timecost=0.145
info|2019-12-12 16:58:09.617136|[g:1][CONSENSUS][PBFT]checkAndChangeView: Reach consensus,org_view=7954,org_changeCycle=0,cur_changeCycle=0,to_view=7955
info|2019-12-12 16:58:10.620053|[g:1][CONSENSUS]addRawPrepare,height=17,reqIdx=3,hash=1b6ffe37...
info|2019-12-12 16:58:10.620238|[g:1][CONSENSUS][PBFT]checkTimeout Succ,view=7955,toView=7956,nodeIdx=1,changeCycle=0,myNode=7ab09f71...,timecost=0.169
info|2019-12-12 16:58:10.622512|[g:1][CONSENSUS][PBFT]checkAndChangeView: Reach consensus,org_view=7955,org_changeCycle=0,cur_changeCycle=0,to_view=7956
info|2019-12-12 16:58:11.623862|[g:1][CONSENSUS]addRawPrepare,height=17,reqIdx=0,hash=6de9a36c...
info|2019-12-12 16:58:11.624522|[g:1][CONSENSUS][PBFT]checkTimeout Succ,view=7956,toView=7957,nodeIdx=1,changeCycle=0,myNode=7ab09f71...,timecost=0.521
info|2019-12-12 16:58:11.633417|[g:1][CONSENSUS][PBFT]checkAndChangeView: Reach consensus,org_view=7956,org_changeCycle=0,cur_changeCycle=0,to_view=7957
info|2019-12-12 16:58:12.633535|[g:1][CONSENSUS][SEALER]++++++++++++++++ Generating seal on,blkNum=17,tx=0,nodeIdx=1,hash=39af2687...
info|2019-12-12 16:58:12.638539|[g:1][CONSENSUS][PBFT]checkTimeout Succ,view=7957,toView=7958,nodeIdx=1,changeCycle=0,myNode=7ab09f71...,timecost=0.144
info|2019-12-12 16:58:12.638994|[g:1][CONSENSUS][PBFT]checkAndChangeView: Reach consensus,org_view=7957,org_changeCycle=0,cur_changeCycle=0,to_view=7958
info|2019-12-12 16:58:12.860095|[P2P][Service] heartBeat,connected count=3
info|2019-12-12 16:58:13.640470|[g:1][CONSENSUS]addRawPrepare,height=17,reqIdx=2,hash=a8713269...
info|2019-12-12 16:58:13.640635|[g:1][CONSENSUS][PBFT]checkTimeout Succ,view=7958,toView=7959,nodeIdx=1,changeCycle=0,myNode=7ab09f71...,timecost=0.145
info|2019-12-12 16:58:13.642891|[g:1][CONSENSUS][PBFT]checkAndChangeView: Reach consensus,org_view=7958,org_changeCycle=0,cur_changeCycle=0,to_view=7959
info|2019-12-12 16:58:14.647971|[g:1][CONSENSUS]addRawPrepare,height=17,reqIdx=3,hash=5ff38242...
info|2019-12-12 16:58:14.648195|[g:1][CONSENSUS][PBFT]checkTimeout Succ,view=7959,toView=7960,nodeIdx=1,changeCycle=0,myNode=7ab09f71...,timecost=0.204
info|2019-12-12 16:58:14.649335|[g:1][CONSENSUS][PBFT]checkAndChangeView: Reach consensus,org_view=7959,org_changeCycle=0,cur_changeCycle=0,to_view=7960
info|2019-12-12 16:58:15.655992|[g:1][CONSENSUS]addRawPrepare,height=17,reqIdx=0,hash=d075f553...
info|2019-12-12 16:58:15.803191|[g:1][CONSENSUS][PBFT]checkTimeout Succ,view=7960,toView=7961,nodeIdx=1,changeCycle=0,myNode=7ab09f71...,timecost=141.377
info|2019-12-12 16:58:15.820011|[g:1][CONSENSUS][PBFT]checkAndChangeView: Reach consensus,org_view=7960,org_changeCycle=0,cur_changeCycle=0,to_view=7961
info|2019-12-12 16:58:16.831090|[g:1][CONSENSUS][SEALER]++++++++++++++++ Generating seal on,blkNum=17,tx=0,nodeIdx=1,hash=17a9edda...
info|2019-12-12 16:58:16.859802|[g:1][CONSENSUS][PBFT]checkTimeout Succ,view=7961,toView=7962,nodeIdx=1,changeCycle=0,myNode=7ab09f71...,timecost=2.052
info|2019-12-12 16:58:16.866202|[g:1][CONSENSUS][PBFT]checkAndChangeView: Reach consensus,org_view=7961,org_changeCycle=0,cur_changeCycle=0,to_view=7962
info|2019-12-12 16:58:17.879711|[g:1][CONSENSUS]addRawPrepare,height=17,reqIdx=2,hash=cfddef7d...
info|2019-12-12 16:58:17.893681|[g:1][CONSENSUS][PBFT]checkTimeout Succ,view=7962,toView=7963,nodeIdx=1,changeCycle=0,myNode=7ab09f71...,timecost=13.676
info|2019-12-12 16:58:17.894836|[g:1][CONSENSUS][PBFT]checkAndChangeView: Reach consensus,org_view=7962,org_changeCycle=0,cur_changeCycle=0,to_view=7963
info|2019-12-12 16:58:18.894342|[g:1][CONSENSUS]addRawPrepare,height=17,reqIdx=3,hash=0f5b386a...
info|2019-12-12 16:58:18.898229|[g:1][CONSENSUS][PBFT]checkTimeout Succ,view=7963,toView=7964,nodeIdx=1,changeCycle=0,myNode=7ab09f71...,timecost=3.852
info|2019-12-12 16:58:18.913230|[g:1][CONSENSUS][PBFT]checkAndChangeView: Reach consensus,org_view=7963,org_changeCycle=0,cur_changeCycle=0,to_view=7964
info|2019-12-12 16:58:19.914800|[g:1][CONSENSUS]addRawPrepare,height=17,reqIdx=0,hash=a4fb72c5...
info|2019-12-12 16:58:19.915014|[g:1][CONSENSUS][PBFT]checkTimeout Succ,view=7964,toView=7965,nodeIdx=1,changeCycle=0,myNode=7ab09f71...,timecost=0.153
info|2019-12-12 16:58:19.918176|[g:1][CONSENSUS][PBFT]checkAndChangeView: Reach consensus,org_view=7964,org_changeCycle=0,cur_changeCycle=0,to_view=7965
info|2019-12-12 16:58:20.930675|[g:1][CONSENSUS][SEALER]++++++++++++++++ Generating seal on,blkNum=17,tx=0,nodeIdx=1,hash=8bdf6a0a...
info|2019-12-12 16:58:20.993410|[g:1][CONSENSUS][PBFT]checkTimeout Succ,view=7965,toView=7966,nodeIdx=1,changeCycle=0,myNode=7ab09f71...,timecost=2.151
info|2019-12-12 16:58:21.020211|[g:1][CONSENSUS][PBFT]checkAndChangeView: Reach consensus,org_view=7965,org_changeCycle=0,cur_changeCycle=0,to_view=7966
info|2019-12-12 16:58:22.052320|[g:1][CONSENSUS]addRawPrepare,height=17,reqIdx=2,hash=54364db0...
info|2019-12-12 16:58:22.052537|[g:1][CONSENSUS][PBFT]checkTimeout Succ,view=7966,toView=7967,nodeIdx=1,changeCycle=0,myNode=7ab09f71...,timecost=0.183
info|2019-12-12 16:58:22.053536|[g:1][CONSENSUS][PBFT]checkAndChangeView: Reach consensus,org_view=7966,org_changeCycle=0,cur_changeCycle=0,to_view=7967
info|2019-12-12 16:58:22.860379|[P2P][Service] heartBeat,connected count=3
info|2019-12-12 16:58:23.056208|[g:1][CONSENSUS]addRawPrepare,height=17,reqIdx=3,hash=81829f32...
info|2019-12-12 16:58:23.056370|[g:1][CONSENSUS][PBFT]checkTimeout Succ,view=7967,toView=7968,nodeIdx=1,changeCycle=0,myNode=7ab09f71...,timecost=0.145
info|2019-12-12 16:58:23.098859|[g:1][CONSENSUS][PBFT]checkAndChangeView: Reach consensus,org_view=7967,org_changeCycle=0,cur_changeCycle=0,to_view=7968
info|2019-12-12 16:58:24.063252|[g:1][CONSENSUS]addRawPrepare,height=17,reqIdx=0,hash=22d52f89...
info|2019-12-12 16:58:24.076620|[g:1][CONSENSUS][PBFT]checkTimeout Succ,view=7968,toView=7969,nodeIdx=1,changeCycle=0,myNode=7ab09f71...,timecost=5.595
info|2019-12-12 16:58:24.089868|[g:1][CONSENSUS][PBFT]checkAndChangeView: Reach consensus,org_view=7968,org_changeCycle=0,cur_changeCycle=0,to_view=7969
info|2019-12-12 16:58:25.089898|[g:1][CONSENSUS][SEALER]++++++++++++++++ Generating seal on,blkNum=17,tx=0,nodeIdx=1,hash=f7704fc6...
info|2019-12-12 16:58:25.094812|[g:1][CONSENSUS][PBFT]checkTimeout Succ,view=7969,toView=7970,nodeIdx=1,changeCycle=0,myNode=7ab09f71...,timecost=0.151
info|2019-12-12 16:58:25.095567|[g:1][CONSENSUS][PBFT]checkAndChangeView: Reach consensus,org_view=7969,org_changeCycle=0,cur_changeCycle=0,to_view=7970
info|2019-12-12 16:58:26.094475|[g:1][CONSENSUS]addRawPrepare,height=17,reqIdx=2,hash=b989f58a...
info|2019-12-12 16:58:26.094641|[g:1][CONSENSUS][PBFT]checkTimeout Succ,view=7970,toView=7971,nodeIdx=1,changeCycle=0,myNode=7ab09f71...,timecost=0.149
info|2019-12-12 16:58:26.095873|[g:1][CONSENSUS][PBFT]checkAndChangeView: Reach consensus,org_view=7970,org_changeCycle=0,cur_changeCycle=0,to_view=7971
info|2019-12-12 16:58:27.099827|[g:1][CONSENSUS]addRawPrepare,height=17,reqIdx=3,hash=872ff8de...
info|2019-12-12 16:58:27.099982|[g:1][CONSENSUS][PBFT]checkTimeout Succ,view=7971,toView=7972,nodeIdx=1,changeCycle=0,myNode=7ab09f71...,timecost=0.137
info|2019-12-12 16:58:27.102352|[g:1][CONSENSUS][PBFT]checkAndChangeView: Reach consensus,org_view=7971,org_changeCycle=0,cur_changeCycle=0,to_view=7972
info|2019-12-12 16:58:28.103736|[g:1][CONSENSUS]addRawPrepare,height=17,reqIdx=0,hash=33541517...
info|2019-12-12 16:58:28.104125|[g:1][CONSENSUS][PBFT]checkTimeout Succ,view=7972,toView=7973,nodeIdx=1,changeCycle=0,myNode=7ab09f71...,timecost=0.291
info|2019-12-12 16:58:28.107909|[g:1][CONSENSUS][PBFT]checkAndChangeView: Reach consensus,org_view=7972,org_changeCycle=0,cur_changeCycle=0,to_view=7973
info|2019-12-12 16:58:29.108980|[g:1][CONSENSUS][SEALER]++++++++++++++++ Generating seal on,blkNum=17,tx=0,nodeIdx=1,hash=9192136c...
info|2019-12-12 16:58:29.113337|[g:1][CONSENSUS][PBFT]checkTimeout Succ,view=7973,toView=7974,nodeIdx=1,changeCycle=0,myNode=7ab09f71...,timecost=0.149
info|2019-12-12 16:58:29.114023|[g:1][CONSENSUS][PBFT]checkAndChangeView: Reach consensus,org_view=7973,org_changeCycle=0,cur_changeCycle=0,to_view=7974
info|2019-12-12 16:58:30.113738|[g:1][CONSENSUS]addRawPrepare,height=17,reqIdx=2,hash=67ddd512...
info|2019-12-12 16:58:30.113906|[g:1][CONSENSUS][PBFT]checkTimeout Succ,view=7974,toView=7975,nodeIdx=1,changeCycle=0,myNode=7ab09f71...,timecost=0.148
info|2019-12-12 16:58:30.115311|[g:1][CONSENSUS][PBFT]checkAndChangeView: Reach consensus,org_view=7974,org_changeCycle=0,cur_changeCycle=0,to_view=7975
info|2019-12-12 16:58:31.118429|[g:1][CONSENSUS]addRawPrepare,height=17,reqIdx=3,hash=1d6c437f...
info|2019-12-12 16:58:31.118606|[g:1][CONSENSUS][PBFT]checkTimeout Succ,view=7975,toView=7976,nodeIdx=1,changeCycle=0,myNode=7ab09f71...,timecost=0.162
info|2019-12-12 16:58:31.119877|[g:1][CONSENSUS][PBFT]checkAndChangeView: Reach consensus,org_view=7975,org_changeCycle=0,cur_changeCycle=0,to_view=7976
info|2019-12-12 16:58:32.120802|[g:1][CONSENSUS]addRawPrepare,height=17,reqIdx=0,hash=9b081135...
info|2019-12-12 16:58:32.121005|[g:1][CONSENSUS][PBFT]checkTimeout Succ,view=7976,toView=7977,nodeIdx=1,changeCycle=0,myNode=7ab09f71...,timecost=0.143
info|2019-12-12 16:58:32.123426|[g:1][CONSENSUS][PBFT]checkAndChangeView: Reach consensus,org_view=7976,org_changeCycle=0,cur_changeCycle=0,to_view=7977
info|2019-12-12 16:58:32.860931|[P2P][Service] heartBeat,connected count=3
