warning|2019-12-12 19:58:34.403201|[g:1][CONSENSUS][PBFT]ViewChangeWarning: not caused by omit empty block ,v=7977,toV=7978,curNum=16,hash=f723565c...,nodeIdx=1,myNode=7ab09f71...
info|2019-12-12 19:58:34.403314|[g:1][CONSENSUS][PBFT]checkTimeout Succ,view=7977,toView=7978,nodeIdx=1,changeCycle=1,myNode=7ab09f71...,timecost=0.333
info|2019-12-12 19:58:34.431844|[g:1][CONSENSUS][PBFT]checkAndChangeView: Reach consensus,org_view=7977,org_changeCycle=1,cur_changeCycle=1,to_view=7978
info|2019-12-12 19:58:35.427130|[g:1][CONSENSUS]addRawPrepare,height=17,reqIdx=2,hash=49095644...
info|2019-12-12 19:58:35.427320|[g:1][CONSENSUS][PBFT]checkTimeout Succ,view=7978,toView=7979,nodeIdx=1,changeCycle=0,myNode=7ab09f71...,timecost=0.149
info|2019-12-12 19:58:35.428684|[g:1][CONSENSUS][PBFT]checkAndChangeView: Reach consensus,org_view=7978,org_changeCycle=0,cur_changeCycle=0,to_view=7979
info|2019-12-12 19:58:36.432048|[g:1][CONSENSUS]addRawPrepare,height=17,reqIdx=3,hash=3dbc4f77...
info|2019-12-12 19:58:36.432219|[g:1][CONSENSUS][PBFT]checkTimeout Succ,view=7979,toView=7980,nodeIdx=1,changeCycle=0,myNode=7ab09f71...,timecost=0.155
info|2019-12-12 19:58:36.433305|[g:1][CONSENSUS][PBFT]checkAndChangeView: Reach consensus,org_view=7979,org_changeCycle=0,cur_changeCycle=0,to_view=7980
info|2019-12-12 19:58:37.433931|[g:1][CONSENSUS]addRawPrepare,height=17,reqIdx=0,hash=1c6372d3...
info|2019-12-12 19:58:37.434130|[g:1][CONSENSUS][PBFT]checkTimeout Succ,view=7980,toView=7981,nodeIdx=1,changeCycle=0,myNode=7ab09f71...,timecost=0.143
info|2019-12-12 19:58:37.436541|[g:1][CONSENSUS][PBFT]checkAndChangeView: Reach consensus,org_view=7980,org_changeCycle=0,cur_changeCycle=0,to_view=7981
info|2019-12-12 19:58:38.436166|[g:1][CONSENSUS][SEALER]++++++++++++++++ Generating seal on,blkNum=17,tx=0,nodeIdx=1,hash=f78f407b...
info|2019-12-12 19:58:38.440201|[P2P][Service] heartBeat,connected count=3
info|2019-12-12 19:58:38.440607|[g:1][CONSENSUS][PBFT]checkTimeout Succ,view=7981,toView=7982,nodeIdx=1,changeCycle=0,myNode=7ab09f71...,timecost=0.164
info|2019-12-12 19:58:38.441225|[g:1][CONSENSUS][PBFT]checkAndChangeView: Reach consensus,org_view=7981,org_changeCycle=0,cur_changeCycle=0,to_view=7982
info|2019-12-12 19:58:39.440875|[g:1][CONSENSUS]addRawPrepare,height=17,reqIdx=2,hash=53a5ff50...
info|2019-12-12 19:58:39.441045|[g:1][CONSENSUS][PBFT]checkTimeout Succ,view=7982,toView=7983,nodeIdx=1,changeCycle=0,myNode=7ab09f71...,timecost=0.152
info|2019-12-12 19:58:39.442908|[g:1][CONSENSUS][PBFT]checkAndChangeView: Reach consensus,org_view=7982,org_changeCycle=0,cur_changeCycle=0,to_view=7983
info|2019-12-12 19:58:40.449753|[g:1][CONSENSUS]addRawPrepare,height=17,reqIdx=3,hash=98231dea...
info|2019-12-12 19:58:40.449973|[g:1][CONSENSUS][PBFT]checkTimeout Succ,view=7983,toView=7984,nodeIdx=1,changeCycle=0,myNode=7ab09f71...,timecost=0.2
info|2019-12-12 19:58:40.450208|[g:1][CONSENSUS][PBFT]checkAndChangeView: Reach consensus,org_view=7983,org_changeCycle=0,cur_changeCycle=0,to_view=7984
info|2019-12-12 19:58:41.452404|[g:1][CONSENSUS]addRawPrepare,height=17,reqIdx=0,hash=e1a84aa6...
info|2019-12-12 19:58:41.452625|[g:1][CONSENSUS][PBFT]checkTimeout Succ,view=7984,toView=7985,nodeIdx=1,changeCycle=0,myNode=7ab09f71...,timecost=0.147
info|2019-12-12 19:58:41.454944|[g:1][CONSENSUS][PBFT]checkAndChangeView: Reach consensus,org_view=7984,org_changeCycle=0,cur_changeCycle=0,to_view=7985
info|2019-12-12 19:58:42.454430|[g:1][CONSENSUS][SEALER]++++++++++++++++ Generating seal on,blkNum=17,tx=0,nodeIdx=1,hash=e218e389...
info|2019-12-12 19:58:42.458707|[g:1][CONSENSUS][PBFT]checkTimeout Succ,view=7985,toView=7986,nodeIdx=1,changeCycle=0,myNode=7ab09f71...,timecost=0.157
info|2019-12-12 19:58:42.459334|[g:1][CONSENSUS][PBFT]checkAndChangeView: Reach consensus,org_view=7985,org_changeCycle=0,cur_changeCycle=0,to_view=7986
info|2019-12-12 19:58:43.459356|[g:1][CONSENSUS]addRawPrepare,height=17,reqIdx=2,hash=4703124b...
info|2019-12-12 19:58:43.460025|[g:1][CONSENSUS][PBFT]checkTimeout Succ,view=7986,toView=7987,nodeIdx=1,changeCycle=0,myNode=7ab09f71...,timecost=0.654
info|2019-12-12 19:58:43.461726|[g:1][CONSENSUS][PBFT]checkAndChangeView: Reach consensus,org_view=7986,org_changeCycle=0,cur_changeCycle=0,to_view=7987
info|2019-12-12 19:58:44.463038|[g:1][CONSENSUS]addRawPrepare,height=17,reqIdx=3,hash=73e904f9...
info|2019-12-12 19:58:44.463191|[g:1][CONSENSUS][PBFT]checkTimeout Succ,view=7987,toView=7988,nodeIdx=1,changeCycle=0,myNode=7ab09f71...,timecost=0.137
info|2019-12-12 19:58:44.463420|[g:1][CONSENSUS][PBFT]checkAndChangeView: Reach consensus,org_view=7987,org_changeCycle=0,cur_changeCycle=0,to_view=7988
info|2019-12-12 19:58:45.463741|[g:1][CONSENSUS]addRawPrepare,height=17,reqIdx=0,hash=439c68e4...
info|2019-12-12 19:58:45.464022|[g:1][CONSENSUS][PBFT]checkTimeout Succ,view=7988,toView=7989,nodeIdx=1,changeCycle=0,myNode=7ab09f71...,timecost=0.181
info|2019-12-12 19:58:45.466936|[g:1][CONSENSUS][PBFT]checkAndChangeView: Reach consensus,org_view=7988,org_changeCycle=0,cur_changeCycle=0,to_view=7989
info|2019-12-12 19:58:46.466692|[g:1][CONSENSUS][SEALER]++++++++++++++++ Generating seal on,blkNum=17,tx=0,nodeIdx=1,hash=796cbdf4...
info|2019-12-12 19:58:46.470928|[g:1][CONSENSUS][PBFT]checkTimeout Succ,view=7989,toView=7990,nodeIdx=1,changeCycle=0,myNode=7ab09f71...,timecost=0.157
info|2019-12-12 19:58:46.471488|[g:1][CONSENSUS][PBFT]checkAndChangeView: Reach consensus,org_view=7989,org_changeCycle=0,cur_changeCycle=0,to_view=7990
info|2019-12-12 19:58:47.472214|[g:1][CONSENSUS]addRawPrepare,height=17,reqIdx=2,hash=05f6d217...
info|2019-12-12 19:58:47.472424|[g:1][CONSENSUS][PBFT]checkTimeout Succ,view=7990,toView=7991,nodeIdx=1,changeCycle=0,myNode=7ab09f71...,timecost=0.189
info|2019-12-12 19:58:47.474509|[g:1][CONSENSUS][PBFT]checkAndChangeView: Reach consensus,org_view=7990,org_changeCycle=0,cur_changeCycle=0,to_view=7991
info|2019-12-12 19:58:48.440495|[P2P][Service] heartBeat,connected count=3
info|2019-12-12 19:58:48.475144|[g:1][CONSENSUS]addRawPrepare,height=17,reqIdx=3,hash=5d5b9ab5...
info|2019-12-12 19:58:48.475336|[g:1][CONSENSUS][PBFT]checkTimeout Succ,view=7991,toView=7992,nodeIdx=1,changeCycle=0,myNode=7ab09f71...,timecost=0.176
info|2019-12-12 19:58:48.478088|[g:1][CONSENSUS][PBFT]checkAndChangeView: Reach consensus,org_view=7991,org_changeCycle=0,cur_changeCycle=0,to_view=7992
info|2019-12-12 19:58:49.476961|[g:1][CONSENSUS]addRawPrepare,height=17,reqIdx=0,hash=b95dd8fa...
info|2019-12-12 19:58:49.477161|[g:1][CONSENSUS][PBFT]checkTimeout Succ,view=7992,toView=7993,nodeIdx=1,changeCycle=0,myNode=7ab09f71...,timecost=0.143
info|2019-12-12 19:58:49.480382|[g:1][CONSENSUS][PBFT]checkAndChangeView: Reach consensus,org_view=7992,org_changeCycle=0,cur_changeCycle=0,to_view=7993
info|2019-12-12 19:58:50.480692|[g:1][CONSENSUS][SEALER]++++++++++++++++ Generating seal on,blkNum=17,tx=0,nodeIdx=1,hash=6f7d190a...
info|2019-12-12 19:58:50.488609|[g:1][CONSENSUS][PBFT]checkTimeout Succ,view=7993,toView=7994,nodeIdx=1,changeCycle=0,myNode=7ab09f71...,timecost=0.239
info|2019-12-12 19:58:50.489342|[g:1][CONSENSUS][PBFT]checkAndChangeView: Reach consensus,org_view=7993,org_changeCycle=0,cur_changeCycle=0,to_view=7994
info|2019-12-12 19:58:51.487417|[g:1][CONSENSUS]addRawPrepare,height=17,reqIdx=2,hash=f3754964...
info|2019-12-12 19:58:51.487642|[g:1][CONSENSUS][PBFT]checkTimeout Succ,view=7994,toView=7995,nodeIdx=1,changeCycle=0,myNode=7ab09f71...,timecost=0.208
info|2019-12-12 19:58:51.490200|[g:1][CONSENSUS][PBFT]checkAndChangeView: Reach consensus,org_view=7994,org_changeCycle=0,cur_changeCycle=0,to_view=7995
info|2019-12-12 19:58:52.490545|[g:1][CONSENSUS]addRawPrepare,height=17,reqIdx=3,hash=a0294f38...
info|2019-12-12 19:58:52.490727|[g:1][CONSENSUS][PBFT]checkTimeout Succ,view=7995,toView=7996,nodeIdx=1,changeCycle=0,myNode=7ab09f71...,timecost=0.159
info|2019-12-12 19:58:52.492970|[g:1][CONSENSUS][PBFT]checkAndChangeView: Reach consensus,org_view=7995,org_changeCycle=0,cur_changeCycle=0,to_view=7996
info|2019-12-12 19:58:53.495482|[g:1][CONSENSUS]addRawPrepare,height=17,reqIdx=0,hash=30e3d478...
info|2019-12-12 19:58:53.495704|[g:1][CONSENSUS][PBFT]checkTimeout Succ,view=7996,toView=7997,nodeIdx=1,changeCycle=0,myNode=7ab09f71...,timecost=0.171
info|2019-12-12 19:58:53.498980|[g:1][CONSENSUS][PBFT]checkAndChangeView: Reach consensus,org_view=7996,org_changeCycle=0,cur_changeCycle=0,to_view=7997
info|2019-12-12 19:58:54.498287|[g:1][CONSENSUS][SEALER]++++++++++++++++ Generating seal on,blkNum=17,tx=0,nodeIdx=1,hash=b987b00f...
info|2019-12-12 19:58:54.503478|[g:1][CONSENSUS][PBFT]checkTimeout Succ,view=7997,toView=7998,nodeIdx=1,changeCycle=0,myNode=7ab09f71...,timecost=0.146
info|2019-12-12 19:58:54.503873|[g:1][CONSENSUS][PBFT]checkAndChangeView: Reach consensus,org_view=7997,org_changeCycle=0,cur_changeCycle=0,to_view=7998
info|2019-12-12 19:58:55.503008|[g:1][CONSENSUS]addRawPrepare,height=17,reqIdx=2,hash=1adab993...
info|2019-12-12 19:58:55.503175|[g:1][CONSENSUS][PBFT]checkTimeout Succ,view=7998,toView=7999,nodeIdx=1,changeCycle=0,myNode=7ab09f71...,timecost=0.148
info|2019-12-12 19:58:55.505051|[g:1][CONSENSUS][PBFT]checkAndChangeView: Reach consensus,org_view=7998,org_changeCycle=0,cur_changeCycle=0,to_view=7999
info|2019-12-12 19:58:56.507540|[g:1][CONSENSUS]addRawPrepare,height=17,reqIdx=3,hash=72d8fa97...
info|2019-12-12 19:58:56.507703|[g:1][CONSENSUS][PBFT]checkTimeout Succ,view=7999,toView=8000,nodeIdx=1,changeCycle=0,myNode=7ab09f71...,timecost=0.144
info|2019-12-12 19:58:56.509303|[g:1][CONSENSUS][PBFT]checkAndChangeView: Reach consensus,org_view=7999,org_changeCycle=0,cur_changeCycle=0,to_view=8000
info|2019-12-12 19:58:57.509218|[g:1][CONSENSUS]addRawPrepare,height=17,reqIdx=0,hash=8244015e...
info|2019-12-12 19:58:57.509454|[g:1][CONSENSUS][PBFT]checkTimeout Succ,view=8000,toView=8001,nodeIdx=1,changeCycle=0,myNode=7ab09f71...,timecost=0.141
info|2019-12-12 19:58:57.511997|[g:1][CONSENSUS][PBFT]checkAndChangeView: Reach consensus,org_view=8000,org_changeCycle=0,cur_changeCycle=0,to_view=8001
info|2019-12-12 19:58:58.441429|[P2P][Service] heartBeat,connected count=3
info|2019-12-12 19:58:58.512635|[g:1][CONSENSUS][SEALER]++++++++++++++++ Generating seal on,blkNum=17,tx=0,nodeIdx=1,hash=096a17d4...
info|2019-12-12 19:58:58.525809|[g:1][CONSENSUS][PBFT]checkTimeout Succ,view=8001,toView=8002,nodeIdx=1,changeCycle=0,myNode=7ab09f71...,timecost=0.162
info|2019-12-12 19:58:58.526558|[g:1][CONSENSUS][PBFT]checkAndChangeView: Reach consensus,org_view=8001,org_changeCycle=0,cur_changeCycle=0,to_view=8002
info|2019-12-12 19:58:59.526939|[g:1][CONSENSUS]addRawPrepare,height=17,reqIdx=2,hash=c3a5b15b...
info|2019-12-12 19:58:59.527103|[g:1][CONSENSUS][PBFT]checkTimeout Succ,view=8002,toView=8003,nodeIdx=1,changeCycle=0,myNode=7ab09f71...,timecost=0.146
info|2019-12-12 19:58:59.529564|[g:1][CONSENSUS][PBFT]checkAndChangeView: Reach consensus,org_view=8002,org_changeCycle=0,cur_changeCycle=0,to_view=8003
info|2019-12-12 19:59:00.531166|[g:1][CONSENSUS]addRawPrepare,height=17,reqIdx=3,hash=72cf1cf9...
info|2019-12-12 19:59:00.531346|[g:1][CONSENSUS][PBFT]checkTimeout Succ,view=8003,toView=8004,nodeIdx=1,changeCycle=0,myNode=7ab09f71...,timecost=0.156
info|2019-12-12 19:59:00.532846|[g:1][CONSENSUS][PBFT]checkAndChangeView: Reach consensus,org_view=8003,org_changeCycle=0,cur_changeCycle=0,to_view=8004
info|2019-12-12 19:59:01.533974|[g:1][CONSENSUS]addRawPrepare,height=17,reqIdx=0,hash=96ea5972...
info|2019-12-12 19:59:01.534203|[g:1][CONSENSUS][PBFT]checkTimeout Succ,view=8004,toView=8005,nodeIdx=1,changeCycle=0,myNode=7ab09f71...,timecost=0.144
info|2019-12-12 19:59:01.536804|[g:1][CONSENSUS][PBFT]checkAndChangeView: Reach consensus,org_view=8004,org_changeCycle=0,cur_changeCycle=0,to_view=8005
info|2019-12-12 19:59:02.537293|[g:1][CONSENSUS][SEALER]++++++++++++++++ Generating seal on,blkNum=17,tx=0,nodeIdx=1,hash=e5804ec9...
info|2019-12-12 19:59:02.546219|[g:1][CONSENSUS][PBFT]checkTimeout Succ,view=8005,toView=8006,nodeIdx=1,changeCycle=0,myNode=7ab09f71...,timecost=0.162
info|2019-12-12 19:59:02.546880|[g:1][CONSENSUS][PBFT]checkAndChangeView: Reach consensus,org_view=8005,org_changeCycle=0,cur_changeCycle=0,to_view=8006
info|2019-12-12 19:59:03.547410|[g:1][CONSENSUS]addRawPrepare,height=17,reqIdx=2,hash=e7aa3e6d...
info|2019-12-12 19:59:03.547693|[g:1][CONSENSUS][PBFT]checkTimeout Succ,view=8006,toView=8007,nodeIdx=1,changeCycle=0,myNode=7ab09f71...,timecost=0.194
info|2019-12-12 19:59:03.550236|[g:1][CONSENSUS][PBFT]checkAndChangeView: Reach consensus,org_view=8006,org_changeCycle=0,cur_changeCycle=0,to_view=8007
info|2019-12-12 19:59:04.550980|[g:1][CONSENSUS]addRawPrepare,height=17,reqIdx=3,hash=71668cfa...
info|2019-12-12 19:59:04.551616|[g:1][CONSENSUS][PBFT]checkTimeout Succ,view=8007,toView=8008,nodeIdx=1,changeCycle=0,myNode=7ab09f71...,timecost=0.621
info|2019-12-12 19:59:04.552014|[g:1][CONSENSUS][PBFT]checkAndChangeView: Reach consensus,org_view=8007,org_changeCycle=0,cur_changeCycle=0,to_view=8008
info|2019-12-12 19:59:05.552805|[g:1][CONSENSUS]addRawPrepare,height=17,reqIdx=0,hash=01d7b624...
info|2019-12-12 19:59:05.553000|[g:1][CONSENSUS][PBFT]checkTimeout Succ,view=8008,toView=8009,nodeIdx=1,changeCycle=0,myNode=7ab09f71...,timecost=0.139
info|2019-12-12 19:59:05.557287|[g:1][CONSENSUS][PBFT]checkAndChangeView: Reach consensus,org_view=8008,org_changeCycle=0,cur_changeCycle=0,to_view=8009
info|2019-12-12 19:59:06.558424|[g:1][CONSENSUS][SEALER]++++++++++++++++ Generating seal on,blkNum=17,tx=0,nodeIdx=1,hash=09391b7e...
info|2019-12-12 19:59:06.567715|[g:1][CONSENSUS][PBFT]checkTimeout Succ,view=8009,toView=8010,nodeIdx=1,changeCycle=0,myNode=7ab09f71...,timecost=0.188
info|2019-12-12 19:59:06.568411|[g:1][CONSENSUS][PBFT]checkAndChangeView: Reach consensus,org_view=8009,org_changeCycle=0,cur_changeCycle=0,to_view=8010
info|2019-12-12 19:59:07.562758|[g:1][CONSENSUS]addRawPrepare,height=17,reqIdx=2,hash=1a6f4726...
info|2019-12-12 19:59:07.562921|[g:1][CONSENSUS][PBFT]checkTimeout Succ,view=8010,toView=8011,nodeIdx=1,changeCycle=0,myNode=7ab09f71...,timecost=0.146
info|2019-12-12 19:59:07.564173|[g:1][CONSENSUS][PBFT]checkAndChangeView: Reach consensus,org_view=8010,org_changeCycle=0,cur_changeCycle=0,to_view=8011
info|2019-12-12 19:59:08.441685|[P2P][Service] heartBeat,connected count=3
info|2019-12-12 19:59:08.567624|[g:1][CONSENSUS]addRawPrepare,height=17,reqIdx=3,hash=7de45272...
info|2019-12-12 19:59:08.567788|[g:1][CONSENSUS][PBFT]checkTimeout Succ,view=8011,toView=8012,nodeIdx=1,changeCycle=0,myNode=7ab09f71...,timecost=0.144
info|2019-12-12 19:59:08.567995|[g:1][CONSENSUS][PBFT]checkAndChangeView: Reach consensus,org_view=8011,org_changeCycle=0,cur_changeCycle=0,to_view=8012
info|2019-12-12 19:59:09.569551|[g:1][CONSENSUS]addRawPrepare,height=17,reqIdx=0,hash=13cd4de5...
info|2019-12-12 19:59:09.569780|[g:1][CONSENSUS][PBFT]checkTimeout Succ,view=8012,toView=8013,nodeIdx=1,changeCycle=0,myNode=7ab09f71...,timecost=0.141
info|2019-12-12 19:59:09.573185|[g:1][CONSENSUS][PBFT]checkAndChangeView: Reach consensus,org_view=8012,org_changeCycle=0,cur_changeCycle=0,to_view=8013
info|2019-12-12 19:59:10.574550|[g:1][CONSENSUS][SEALER]++++++++++++++++ Generating seal on,blkNum=17,tx=0,nodeIdx=1,hash=de33cf80...
info|2019-12-12 19:59:10.579736|[g:1][CONSENSUS][PBFT]checkTimeout Succ,view=8013,toView=8014,nodeIdx=1,changeCycle=0,myNode=7ab09f71...,timecost=0.181
info|2019-12-12 19:59:10.580445|[g:1][CONSENSUS][PBFT]checkAndChangeView: Reach consensus,org_view=8013,org_changeCycle=0,cur_changeCycle=0,to_view=8014
info|2019-12-12 19:59:11.580473|[g:1][CONSENSUS]addRawPrepare,height=17,reqIdx=2,hash=afdd7e27...
info|2019-12-12 19:59:11.580659|[g:1][CONSENSUS][PBFT]checkTimeout Succ,view=8014,toView=8015,nodeIdx=1,changeCycle=0,myNode=7ab09f71...,timecost=0.162
info|2019-12-12 19:59:11.583079|[g:1][CONSENSUS][PBFT]checkAndChangeView: Reach consensus,org_view=8014,org_changeCycle=0,cur_changeCycle=0,to_view=8015
info|2019-12-12 19:59:12.584804|[g:1][CONSENSUS]addRawPrepare,height=17,reqIdx=3,hash=c3059f82...
info|2019-12-12 19:59:12.584983|[g:1][CONSENSUS][PBFT]checkTimeout Succ,view=8015,toView=8016,nodeIdx=1,changeCycle=0,myNode=7ab09f71...,timecost=0.153
info|2019-12-12 19:59:12.586615|[g:1][CONSENSUS][PBFT]checkAndChangeView: Reach consensus,org_view=8015,org_changeCycle=0,cur_changeCycle=0,to_view=8016
info|2019-12-12 19:59:13.586948|[g:1][CONSENSUS]addRawPrepare,height=17,reqIdx=0,hash=3a9b3941...
info|2019-12-12 19:59:13.587144|[g:1][CONSENSUS][PBFT]checkTimeout Succ,view=8016,toView=8017,nodeIdx=1,changeCycle=0,myNode=7ab09f71...,timecost=0.141
info|2019-12-12 19:59:13.590147|[g:1][CONSENSUS][PBFT]checkAndChangeView: Reach consensus,org_view=8016,org_changeCycle=0,cur_changeCycle=0,to_view=8017
info|2019-12-12 19:59:14.590128|[g:1][CONSENSUS][SEALER]++++++++++++++++ Generating seal on,blkNum=17,tx=0,nodeIdx=1,hash=955a6973...
info|2019-12-12 19:59:14.594612|[g:1][CONSENSUS][PBFT]checkTimeout Succ,view=8017,toView=8018,nodeIdx=1,changeCycle=0,myNode=7ab09f71...,timecost=0.182
info|2019-12-12 19:59:14.595371|[g:1][CONSENSUS][PBFT]checkAndChangeView: Reach consensus,org_view=8017,org_changeCycle=0,cur_changeCycle=0,to_view=8018
info|2019-12-12 19:59:15.595286|[g:1][CONSENSUS]addRawPrepare,height=17,reqIdx=2,hash=9265edea...
info|2019-12-12 19:59:15.595474|[g:1][CONSENSUS][PBFT]checkTimeout Succ,view=8018,toView=8019,nodeIdx=1,changeCycle=0,myNode=7ab09f71...,timecost=0.171
info|2019-12-12 19:59:15.597053|[g:1][CONSENSUS][PBFT]checkAndChangeView: Reach consensus,org_view=8018,org_changeCycle=0,cur_changeCycle=0,to_view=8019
info|2019-12-12 19:59:16.599163|[g:1][CONSENSUS]addRawPrepare,height=17,reqIdx=3,hash=be3fcefe...
info|2019-12-12 19:59:16.599329|[g:1][CONSENSUS][PBFT]checkTimeout Succ,view=8019,toView=8020,nodeIdx=1,changeCycle=0,myNode=7ab09f71...,timecost=0.146
info|2019-12-12 19:59:16.600660|[g:1][CONSENSUS][PBFT]checkAndChangeView: Reach consensus,org_view=8019,org_changeCycle=0,cur_changeCycle=0,to_view=8020
info|2019-12-12 19:59:17.600633|[g:1][CONSENSUS]addRawPrepare,height=17,reqIdx=0,hash=504e9416...
info|2019-12-12 19:59:17.600829|[g:1][CONSENSUS][PBFT]checkTimeout Succ,view=8020,toView=8021,nodeIdx=1,changeCycle=0,myNode=7ab09f71...,timecost=0.139
info|2019-12-12 19:59:17.603154|[g:1][CONSENSUS][PBFT]checkAndChangeView: Reach consensus,org_view=8020,org_changeCycle=0,cur_changeCycle=0,to_view=8021
info|2019-12-12 19:59:18.442297|[P2P][Service] heartBeat,connected count=3
info|2019-12-12 19:59:18.604372|[g:1][CONSENSUS][SEALER]++++++++++++++++ Generating seal on,blkNum=17,tx=0,nodeIdx=1,hash=af7fb5c7...
info|2019-12-12 19:59:18.608749|[g:1][CONSENSUS][PBFT]checkTimeout Succ,view=8021,toView=8022,nodeIdx=1,changeCycle=0,myNode=7ab09f71...,timecost=0.145
info|2019-12-12 19:59:18.609508|[g:1][CONSENSUS][PBFT]checkAndChangeView: Reach consensus,org_view=8021,org_changeCycle=0,cur_changeCycle=0,to_view=8022
info|2019-12-12 19:59:19.609353|[g:1][CONSENSUS]addRawPrepare,height=17,reqIdx=2,hash=04bf6a61...
info|2019-12-12 19:59:19.609517|[g:1][CONSENSUS][PBFT]checkTimeout Succ,view=8022,toView=8023,nodeIdx=1,changeCycle=0,myNode=7ab09f71...,timecost=0.145
info|2019-12-12 19:59:19.609733|[g:1][CONSENSUS][PBFT]checkAndChangeView: Reach consensus,org_view=8022,org_changeCycle=0,cur_changeCycle=0,to_view=8023
info|2019-12-12 19:59:20.612752|[g:1][CONSENSUS]addRawPrepare,height=17,reqIdx=3,hash=f46107ad...
info|2019-12-12 19:59:20.612907|[g:1][CONSENSUS][PBFT]checkTimeout Succ,view=8023,toView=8024,nodeIdx=1,changeCycle=0,myNode=7ab09f71...,timecost=0.138
info|2019-12-12 19:59:20.614943|[g:1][CONSENSUS][PBFT]checkAndChangeView: Reach consensus,org_view=8023,org_changeCycle=0,cur_changeCycle=0,to_view=8024
info|2019-12-12 19:59:21.614466|[g:1][CONSENSUS]addRawPrepare,height=17,reqIdx=0,hash=aa86aabe...
info|2019-12-12 19:59:21.614663|[g:1][CONSENSUS][PBFT]checkTimeout Succ,view=8024,toView=8025,nodeIdx=1,changeCycle=0,myNode=7ab09f71...,timecost=0.141
info|2019-12-12 19:59:21.617323|[g:1][CONSENSUS][PBFT]checkAndChangeView: Reach consensus,org_view=8024,org_changeCycle=0,cur_changeCycle=0,to_view=8025
info|2019-12-12 19:59:22.617683|[g:1][CONSENSUS][SEALER]++++++++++++++++ Generating seal on,blkNum=17,tx=0,nodeIdx=1,hash=9713f5d3...
info|2019-12-12 19:59:22.622454|[g:1][CONSENSUS][PBFT]checkTimeout Succ,view=8025,toView=8026,nodeIdx=1,changeCycle=0,myNode=7ab09f71...,timecost=0.167
info|2019-12-12 19:59:22.623161|[g:1][CONSENSUS][PBFT]checkAndChangeView: Reach consensus,org_view=8025,org_changeCycle=0,cur_changeCycle=0,to_view=8026
info|2019-12-12 19:59:23.622680|[g:1][CONSENSUS]addRawPrepare,height=17,reqIdx=2,hash=214ba8e5...
info|2019-12-12 19:59:23.622864|[g:1][CONSENSUS][PBFT]checkTimeout Succ,view=8026,toView=8027,nodeIdx=1,changeCycle=0,myNode=7ab09f71...,timecost=0.149
info|2019-12-12 19:59:23.624934|[g:1][CONSENSUS][PBFT]checkAndChangeView: Reach consensus,org_view=8026,org_changeCycle=0,cur_changeCycle=0,to_view=8027
info|2019-12-12 19:59:24.626955|[g:1][CONSENSUS]addRawPrepare,height=17,reqIdx=3,hash=f5d7731f...
info|2019-12-12 19:59:24.627121|[g:1][CONSENSUS][PBFT]checkTimeout Succ,view=8027,toView=8028,nodeIdx=1,changeCycle=0,myNode=7ab09f71...,timecost=0.147
info|2019-12-12 19:59:24.628505|[g:1][CONSENSUS][PBFT]checkAndChangeView: Reach consensus,org_view=8027,org_changeCycle=0,cur_changeCycle=0,to_view=8028
info|2019-12-12 19:59:25.628269|[g:1][CONSENSUS]addRawPrepare,height=17,reqIdx=0,hash=f749bf93...
info|2019-12-12 19:59:25.628473|[g:1][CONSENSUS][PBFT]checkTimeout Succ,view=8028,toView=8029,nodeIdx=1,changeCycle=0,myNode=7ab09f71...,timecost=0.144
info|2019-12-12 19:59:25.631063|[g:1][CONSENSUS][PBFT]checkAndChangeView: Reach consensus,org_view=8028,org_changeCycle=0,cur_changeCycle=0,to_view=8029
info|2019-12-12 19:59:26.631773|[g:1][CONSENSUS][SEALER]++++++++++++++++ Generating seal on,blkNum=17,tx=0,nodeIdx=1,hash=148d9d5b...
info|2019-12-12 19:59:26.636056|[g:1][CONSENSUS][PBFT]checkTimeout Succ,view=8029,toView=8030,nodeIdx=1,changeCycle=0,myNode=7ab09f71...,timecost=0.144
info|2019-12-12 19:59:26.636719|[g:1][CONSENSUS][PBFT]checkAndChangeView: Reach consensus,org_view=8029,org_changeCycle=0,cur_changeCycle=0,to_view=8030
info|2019-12-12 19:59:27.637695|[g:1][CONSENSUS]addRawPrepare,height=17,reqIdx=2,hash=a836b695...
info|2019-12-12 19:59:27.637860|[g:1][CONSENSUS][PBFT]checkTimeout Succ,view=8030,toView=8031,nodeIdx=1,changeCycle=0,myNode=7ab09f71...,timecost=0.146
info|2019-12-12 19:59:27.638547|[g:1][CONSENSUS][PBFT]checkAndChangeView: Reach consensus,org_view=8030,org_changeCycle=0,cur_changeCycle=0,to_view=8031
info|2019-12-12 19:59:28.442482|[P2P][Service] heartBeat,connected count=3
info|2019-12-12 19:59:28.641659|[g:1][CONSENSUS]addRawPrepare,height=17,reqIdx=3,hash=f508422f...
info|2019-12-12 19:59:28.641850|[g:1][CONSENSUS][PBFT]checkTimeout Succ,view=8031,toView=8032,nodeIdx=1,changeCycle=0,myNode=7ab09f71...,timecost=0.173
info|2019-12-12 19:59:28.644667|[g:1][CONSENSUS][PBFT]checkAndChangeView: Reach consensus,org_view=8031,org_changeCycle=0,cur_changeCycle=0,to_view=8032
info|2019-12-12 19:59:29.644052|[g:1][CONSENSUS]addRawPrepare,height=17,reqIdx=0,hash=5944096d...
info|2019-12-12 19:59:29.644254|[g:1][CONSENSUS][PBFT]checkTimeout Succ,view=8032,toView=8033,nodeIdx=1,changeCycle=0,myNode=7ab09f71...,timecost=0.143
info|2019-12-12 19:59:29.647388|[g:1][CONSENSUS][PBFT]checkAndChangeView: Reach consensus,org_view=8032,org_changeCycle=0,cur_changeCycle=0,to_view=8033
info|2019-12-12 19:59:30.648197|[g:1][CONSENSUS][SEALER]++++++++++++++++ Generating seal on,blkNum=17,tx=0,nodeIdx=1,hash=3a2e1ec9...
info|2019-12-12 19:59:30.653389|[g:1][CONSENSUS][PBFT]checkTimeout Succ,view=8033,toView=8034,nodeIdx=1,changeCycle=0,myNode=7ab09f71...,timecost=0.153
info|2019-12-12 19:59:30.654033|[g:1][CONSENSUS][PBFT]checkAndChangeView: Reach consensus,org_view=8033,org_changeCycle=0,cur_changeCycle=0,to_view=8034
info|2019-12-12 19:59:31.653072|[g:1][CONSENSUS]addRawPrepare,height=17,reqIdx=2,hash=103b8e9a...
info|2019-12-12 19:59:31.653242|[g:1][CONSENSUS][PBFT]checkTimeout Succ,view=8034,toView=8035,nodeIdx=1,changeCycle=0,myNode=7ab09f71...,timecost=0.151
info|2019-12-12 19:59:31.654620|[g:1][CONSENSUS][PBFT]checkAndChangeView: Reach consensus,org_view=8034,org_changeCycle=0,cur_changeCycle=0,to_view=8035
info|2019-12-12 19:59:32.660146|[g:1][CONSENSUS]addRawPrepare,height=17,reqIdx=3,hash=c2991e5c...
info|2019-12-12 19:59:32.660336|[g:1][CONSENSUS][PBFT]checkTimeout Succ,view=8035,toView=8036,nodeIdx=1,changeCycle=0,myNode=7ab09f71...,timecost=0.172
info|2019-12-12 19:59:32.663544|[g:1][CONSENSUS][PBFT]checkAndChangeView: Reach consensus,org_view=8035,org_changeCycle=0,cur_changeCycle=0,to_view=8036
info|2019-12-12 19:59:33.664230|[g:1][CONSENSUS]addRawPrepare,height=17,reqIdx=0,hash=42125389...
info|2019-12-12 19:59:33.664429|[g:1][CONSENSUS][PBFT]checkTimeout Succ,view=8036,toView=8037,nodeIdx=1,changeCycle=0,myNode=7ab09f71...,timecost=0.141
info|2019-12-12 19:59:33.667069|[g:1][CONSENSUS][PBFT]checkAndChangeView: Reach consensus,org_view=8036,org_changeCycle=0,cur_changeCycle=0,to_view=8037
info|2019-12-12 19:59:34.667287|[g:1][CONSENSUS][SEALER]++++++++++++++++ Generating seal on,blkNum=17,tx=0,nodeIdx=1,hash=656af677...
info|2019-12-12 19:59:34.674742|[g:1][CONSENSUS][PBFT]checkTimeout Succ,view=8037,toView=8038,nodeIdx=1,changeCycle=0,myNode=7ab09f71...,timecost=0.169
info|2019-12-12 19:59:34.675325|[g:1][CONSENSUS][PBFT]checkAndChangeView: Reach consensus,org_view=8037,org_changeCycle=0,cur_changeCycle=0,to_view=8038
info|2019-12-12 19:59:35.675963|[g:1][CONSENSUS]addRawPrepare,height=17,reqIdx=2,hash=56e4e880...
info|2019-12-12 19:59:35.676134|[g:1][CONSENSUS][PBFT]checkTimeout Succ,view=8038,toView=8039,nodeIdx=1,changeCycle=0,myNode=7ab09f71...,timecost=0.153
info|2019-12-12 19:59:35.676920|[g:1][CONSENSUS][PBFT]checkAndChangeView: Reach consensus,org_view=8038,org_changeCycle=0,cur_changeCycle=0,to_view=8039
info|2019-12-12 19:59:36.680285|[g:1][CONSENSUS]addRawPrepare,height=17,reqIdx=3,hash=e418164c...
info|2019-12-12 19:59:36.680444|[g:1][CONSENSUS][PBFT]checkTimeout Succ,view=8039,toView=8040,nodeIdx=1,changeCycle=0,myNode=7ab09f71...,timecost=0.143
info|2019-12-12 19:59:36.681775|[g:1][CONSENSUS][PBFT]checkAndChangeView: Reach consensus,org_view=8039,org_changeCycle=0,cur_changeCycle=0,to_view=8040
info|2019-12-12 19:59:37.682816|[g:1][CONSENSUS]addRawPrepare,height=17,reqIdx=0,hash=39c03b34...
info|2019-12-12 19:59:37.683030|[g:1][CONSENSUS][PBFT]checkTimeout Succ,view=8040,toView=8041,nodeIdx=1,changeCycle=0,myNode=7ab09f71...,timecost=0.149
info|2019-12-12 19:59:37.685950|[g:1][CONSENSUS][PBFT]checkAndChangeView: Reach consensus,org_view=8040,org_changeCycle=0,cur_changeCycle=0,to_view=8041
info|2019-12-12 19:59:38.442827|[P2P][Service] heartBeat,connected count=3
info|2019-12-12 19:59:38.686183|[g:1][CONSENSUS][SEALER]++++++++++++++++ Generating seal on,blkNum=17,tx=0,nodeIdx=1,hash=57ca0398...
info|2019-12-12 19:59:38.690028|[g:1][CONSENSUS][PBFT]checkTimeout Succ,view=8041,toView=8042,nodeIdx=1,changeCycle=0,myNode=7ab09f71...,timecost=0.148
info|2019-12-12 19:59:38.690899|[g:1][CONSENSUS][PBFT]checkAndChangeView: Reach consensus,org_view=8041,org_changeCycle=0,cur_changeCycle=0,to_view=8042
info|2019-12-12 19:59:39.689350|[g:1][CONSENSUS]addRawPrepare,height=17,reqIdx=2,hash=4cae1d96...
info|2019-12-12 19:59:39.689536|[g:1][CONSENSUS][PBFT]checkTimeout Succ,view=8042,toView=8043,nodeIdx=1,changeCycle=0,myNode=7ab09f71...,timecost=0.168
info|2019-12-12 19:59:39.691652|[g:1][CONSENSUS][PBFT]checkAndChangeView: Reach consensus,org_view=8042,org_changeCycle=0,cur_changeCycle=0,to_view=8043
info|2019-12-12 19:59:40.695595|[g:1][CONSENSUS]addRawPrepare,height=17,reqIdx=3,hash=25c30b48...
info|2019-12-12 19:59:40.695768|[g:1][CONSENSUS][PBFT]checkTimeout Succ,view=8043,toView=8044,nodeIdx=1,changeCycle=0,myNode=7ab09f71...,timecost=0.158
info|2019-12-12 19:59:40.696784|[g:1][CONSENSUS][PBFT]checkAndChangeView: Reach consensus,org_view=8043,org_changeCycle=0,cur_changeCycle=0,to_view=8044
info|2019-12-12 19:59:41.697860|[g:1][CONSENSUS]addRawPrepare,height=17,reqIdx=0,hash=f164c9f1...
info|2019-12-12 19:59:41.698081|[g:1][CONSENSUS][PBFT]checkTimeout Succ,view=8044,toView=8045,nodeIdx=1,changeCycle=0,myNode=7ab09f71...,timecost=0.15
info|2019-12-12 19:59:41.700522|[g:1][CONSENSUS][PBFT]checkAndChangeView: Reach consensus,org_view=8044,org_changeCycle=0,cur_changeCycle=0,to_view=8045
info|2019-12-12 19:59:42.701123|[g:1][CONSENSUS][SEALER]++++++++++++++++ Generating seal on,blkNum=17,tx=0,nodeIdx=1,hash=bc25bfcc...
info|2019-12-12 19:59:42.706084|[g:1][CONSENSUS][PBFT]checkTimeout Succ,view=8045,toView=8046,nodeIdx=1,changeCycle=0,myNode=7ab09f71...,timecost=0.15
info|2019-12-12 19:59:42.706753|[g:1][CONSENSUS][PBFT]checkAndChangeView: Reach consensus,org_view=8045,org_changeCycle=0,cur_changeCycle=0,to_view=8046
info|2019-12-12 19:59:43.707678|[g:1][CONSENSUS]addRawPrepare,height=17,reqIdx=2,hash=6d28b5b2...
info|2019-12-12 19:59:43.707843|[g:1][CONSENSUS][PBFT]checkTimeout Succ,view=8046,toView=8047,nodeIdx=1,changeCycle=0,myNode=7ab09f71...,timecost=0.145
info|2019-12-12 19:59:43.709363|[g:1][CONSENSUS][PBFT]checkAndChangeView: Reach consensus,org_view=8046,org_changeCycle=0,cur_changeCycle=0,to_view=8047
info|2019-12-12 19:59:44.710665|[g:1][CONSENSUS]addRawPrepare,height=17,reqIdx=3,hash=c58ba240...
info|2019-12-12 19:59:44.710838|[g:1][CONSENSUS][PBFT]checkTimeout Succ,view=8047,toView=8048,nodeIdx=1,changeCycle=0,myNode=7ab09f71...,timecost=0.152
info|2019-12-12 19:59:44.712385|[g:1][CONSENSUS][PBFT]checkAndChangeView: Reach consensus,org_view=8047,org_changeCycle=0,cur_changeCycle=0,to_view=8048
info|2019-12-12 19:59:45.714869|[g:1][CONSENSUS]addRawPrepare,height=17,reqIdx=0,hash=292cb5d4...
info|2019-12-12 19:59:45.715112|[g:1][CONSENSUS][PBFT]checkTimeout Succ,view=8048,toView=8049,nodeIdx=1,changeCycle=0,myNode=7ab09f71...,timecost=0.186
info|2019-12-12 19:59:45.717770|[g:1][CONSENSUS][PBFT]checkAndChangeView: Reach consensus,org_view=8048,org_changeCycle=0,cur_changeCycle=0,to_view=8049
info|2019-12-12 19:59:46.718235|[g:1][CONSENSUS][SEALER]++++++++++++++++ Generating seal on,blkNum=17,tx=0,nodeIdx=1,hash=c3cde393...
info|2019-12-12 19:59:46.722773|[g:1][CONSENSUS][PBFT]checkTimeout Succ,view=8049,toView=8050,nodeIdx=1,changeCycle=0,myNode=7ab09f71...,timecost=0.163
info|2019-12-12 19:59:46.723521|[g:1][CONSENSUS][PBFT]checkAndChangeView: Reach consensus,org_view=8049,org_changeCycle=0,cur_changeCycle=0,to_view=8050
info|2019-12-12 19:59:47.723378|[g:1][CONSENSUS]addRawPrepare,height=17,reqIdx=2,hash=7374c2bb...
info|2019-12-12 19:59:47.723542|[g:1][CONSENSUS][PBFT]checkTimeout Succ,view=8050,toView=8051,nodeIdx=1,changeCycle=0,myNode=7ab09f71...,timecost=0.147
info|2019-12-12 19:59:47.725542|[g:1][CONSENSUS][PBFT]checkAndChangeView: Reach consensus,org_view=8050,org_changeCycle=0,cur_changeCycle=0,to_view=8051
info|2019-12-12 19:59:48.442900|[P2P][Service] heartBeat,connected count=3
info|2019-12-12 19:59:48.726471|[g:1][CONSENSUS]addRawPrepare,height=17,reqIdx=3,hash=f6a65d63...
info|2019-12-12 19:59:48.726632|[g:1][CONSENSUS][PBFT]checkTimeout Succ,view=8051,toView=8052,nodeIdx=1,changeCycle=0,myNode=7ab09f71...,timecost=0.145
info|2019-12-12 19:59:48.728255|[g:1][CONSENSUS][PBFT]checkAndChangeView: Reach consensus,org_view=8051,org_changeCycle=0,cur_changeCycle=0,to_view=8052
info|2019-12-12 19:59:49.728319|[g:1][CONSENSUS]addRawPrepare,height=17,reqIdx=0,hash=92aaf209...
info|2019-12-12 19:59:49.728532|[g:1][CONSENSUS][PBFT]checkTimeout Succ,view=8052,toView=8053,nodeIdx=1,changeCycle=0,myNode=7ab09f71...,timecost=0.161
info|2019-12-12 19:59:49.731808|[g:1][CONSENSUS][PBFT]checkAndChangeView: Reach consensus,org_view=8052,org_changeCycle=0,cur_changeCycle=0,to_view=8053
info|2019-12-12 19:59:50.731626|[g:1][CONSENSUS][SEALER]++++++++++++++++ Generating seal on,blkNum=17,tx=0,nodeIdx=1,hash=4404ea2d...
info|2019-12-12 19:59:50.736772|[g:1][CONSENSUS][PBFT]checkTimeout Succ,view=8053,toView=8054,nodeIdx=1,changeCycle=0,myNode=7ab09f71...,timecost=0.152
info|2019-12-12 19:59:50.737413|[g:1][CONSENSUS][PBFT]checkAndChangeView: Reach consensus,org_view=8053,org_changeCycle=0,cur_changeCycle=0,to_view=8054
info|2019-12-12 19:59:51.738346|[g:1][CONSENSUS]addRawPrepare,height=17,reqIdx=2,hash=5f70dbb5...
info|2019-12-12 19:59:51.738529|[g:1][CONSENSUS][PBFT]checkTimeout Succ,view=8054,toView=8055,nodeIdx=1,changeCycle=0,myNode=7ab09f71...,timecost=0.162
info|2019-12-12 19:59:51.740228|[g:1][CONSENSUS][PBFT]checkAndChangeView: Reach consensus,org_view=8054,org_changeCycle=0,cur_changeCycle=0,to_view=8055
info|2019-12-12 19:59:52.741965|[g:1][CONSENSUS]addRawPrepare,height=17,reqIdx=3,hash=5c0c6cf8...
info|2019-12-12 19:59:52.742143|[g:1][CONSENSUS][PBFT]checkTimeout Succ,view=8055,toView=8056,nodeIdx=1,changeCycle=0,myNode=7ab09f71...,timecost=0.158
info|2019-12-12 19:59:52.744844|[g:1][CONSENSUS][PBFT]checkAndChangeView: Reach consensus,org_view=8055,org_changeCycle=0,cur_changeCycle=0,to_view=8056
info|2019-12-12 19:59:53.745126|[g:1][CONSENSUS]addRawPrepare,height=17,reqIdx=0,hash=b4f1c5c6...
info|2019-12-12 19:59:53.745334|[g:1][CONSENSUS][PBFT]checkTimeout Succ,view=8056,toView=8057,nodeIdx=1,changeCycle=0,myNode=7ab09f71...,timecost=0.148
info|2019-12-12 19:59:53.748278|[g:1][CONSENSUS][PBFT]checkAndChangeView: Reach consensus,org_view=8056,org_changeCycle=0,cur_changeCycle=0,to_view=8057
info|2019-12-12 19:59:54.749338|[g:1][CONSENSUS][SEALER]++++++++++++++++ Generating seal on,blkNum=17,tx=0,nodeIdx=1,hash=c85e19f6...
info|2019-12-12 19:59:54.753925|[g:1][CONSENSUS][PBFT]checkTimeout Succ,view=8057,toView=8058,nodeIdx=1,changeCycle=0,myNode=7ab09f71...,timecost=0.182
info|2019-12-12 19:59:54.754552|[g:1][CONSENSUS][PBFT]checkAndChangeView: Reach consensus,org_view=8057,org_changeCycle=0,cur_changeCycle=0,to_view=8058
info|2019-12-12 19:59:55.754862|[g:1][CONSENSUS]addRawPrepare,height=17,reqIdx=2,hash=8d18e0f1...
info|2019-12-12 19:59:55.755025|[g:1][CONSENSUS][PBFT]checkTimeout Succ,view=8058,toView=8059,nodeIdx=1,changeCycle=0,myNode=7ab09f71...,timecost=0.144
info|2019-12-12 19:59:55.756828|[g:1][CONSENSUS][PBFT]checkAndChangeView: Reach consensus,org_view=8058,org_changeCycle=0,cur_changeCycle=0,to_view=8059
info|2019-12-12 19:59:56.760109|[g:1][CONSENSUS]addRawPrepare,height=17,reqIdx=3,hash=1ec18961...
info|2019-12-12 19:59:56.760281|[g:1][CONSENSUS][PBFT]checkTimeout Succ,view=8059,toView=8060,nodeIdx=1,changeCycle=0,myNode=7ab09f71...,timecost=0.157
info|2019-12-12 19:59:56.761736|[g:1][CONSENSUS][PBFT]checkAndChangeView: Reach consensus,org_view=8059,org_changeCycle=0,cur_changeCycle=0,to_view=8060
info|2019-12-12 19:59:57.763045|[g:1][CONSENSUS]addRawPrepare,height=17,reqIdx=0,hash=c0a8485b...
info|2019-12-12 19:59:57.763234|[g:1][CONSENSUS][PBFT]checkTimeout Succ,view=8060,toView=8061,nodeIdx=1,changeCycle=0,myNode=7ab09f71...,timecost=0.137
info|2019-12-12 19:59:57.766174|[g:1][CONSENSUS][PBFT]checkAndChangeView: Reach consensus,org_view=8060,org_changeCycle=0,cur_changeCycle=0,to_view=8061
info|2019-12-12 19:59:58.443033|[P2P][Service] heartBeat,connected count=3
info|2019-12-12 19:59:58.767194|[g:1][CONSENSUS][SEALER]++++++++++++++++ Generating seal on,blkNum=17,tx=0,nodeIdx=1,hash=7407f547...
info|2019-12-12 19:59:58.771402|[g:1][CONSENSUS][PBFT]checkTimeout Succ,view=8061,toView=8062,nodeIdx=1,changeCycle=0,myNode=7ab09f71...,timecost=0.144
info|2019-12-12 19:59:58.772089|[g:1][CONSENSUS][PBFT]checkAndChangeView: Reach consensus,org_view=8061,org_changeCycle=0,cur_changeCycle=0,to_view=8062
info|2019-12-12 19:59:59.771735|[g:1][CONSENSUS]addRawPrepare,height=17,reqIdx=2,hash=83b9ade5...
info|2019-12-12 19:59:59.771933|[g:1][CONSENSUS][PBFT]checkTimeout Succ,view=8062,toView=8063,nodeIdx=1,changeCycle=0,myNode=7ab09f71...,timecost=0.183
info|2019-12-12 19:59:59.773572|[g:1][CONSENSUS][PBFT]checkAndChangeView: Reach consensus,org_view=8062,org_changeCycle=0,cur_changeCycle=0,to_view=8063
