info|2019-12-12 20:00:00.775028|[g:1][CONSENSUS]addRawPrepare,height=17,reqIdx=3,hash=c7a8c31d...
info|2019-12-12 20:00:00.775187|[g:1][CONSENSUS][PBFT]checkTimeout Succ,view=8063,toView=8064,nodeIdx=1,changeCycle=0,myNode=7ab09f71...,timecost=0.142
info|2019-12-12 20:00:00.777379|[g:1][CONSENSUS][PBFT]checkAndChangeView: Reach consensus,org_view=8063,org_changeCycle=0,cur_changeCycle=0,to_view=8064
info|2019-12-12 20:00:01.778159|[g:1][CONSENSUS]addRawPrepare,height=17,reqIdx=0,hash=4c224d0c...
info|2019-12-12 20:00:01.778377|[g:1][CONSENSUS][PBFT]checkTimeout Succ,view=8064,toView=8065,nodeIdx=1,changeCycle=0,myNode=7ab09f71...,timecost=0.152
info|2019-12-12 20:00:01.781348|[g:1][CONSENSUS][PBFT]checkAndChangeView: Reach consensus,org_view=8064,org_changeCycle=0,cur_changeCycle=0,to_view=8065
info|2019-12-12 20:00:02.782280|[g:1][CONSENSUS][SEALER]++++++++++++++++ Generating seal on,blkNum=17,tx=0,nodeIdx=1,hash=3653e1b7...
info|2019-12-12 20:00:02.786951|[g:1][CONSENSUS][PBFT]checkTimeout Succ,view=8065,toView=8066,nodeIdx=1,changeCycle=0,myNode=7ab09f71...,timecost=0.146
info|2019-12-12 20:00:02.787584|[g:1][CONSENSUS][PBFT]checkAndChangeView: Reach consensus,org_view=8065,org_changeCycle=0,cur_changeCycle=0,to_view=8066
info|2019-12-12 20:00:03.788284|[g:1][CONSENSUS]addRawPrepare,height=17,reqIdx=2,hash=c62e9cdb...
info|2019-12-12 20:00:03.788487|[g:1][CONSENSUS][PBFT]checkTimeout Succ,view=8066,toView=8067,nodeIdx=1,changeCycle=0,myNode=7ab09f71...,timecost=0.186
info|2019-12-12 20:00:03.790983|[g:1][CONSENSUS][PBFT]checkAndChangeView: Reach consensus,org_view=8066,org_changeCycle=0,cur_changeCycle=0,to_view=8067
info|2019-12-12 20:00:04.792845|[g:1][CONSENSUS]addRawPrepare,height=17,reqIdx=3,hash=e54b1a0c...
info|2019-12-12 20:00:04.793013|[g:1][CONSENSUS][PBFT]checkTimeout Succ,view=8067,toView=8068,nodeIdx=1,changeCycle=0,myNode=7ab09f71...,timecost=0.151
info|2019-12-12 20:00:04.793251|[g:1][CONSENSUS][PBFT]checkAndChangeView: Reach consensus,org_view=8067,org_changeCycle=0,cur_changeCycle=0,to_view=8068
info|2019-12-12 20:00:05.795800|[g:1][CONSENSUS]addRawPrepare,height=17,reqIdx=0,hash=ae265f83...
info|2019-12-12 20:00:05.804231|[g:1][CONSENSUS][PBFT]checkTimeout Succ,view=8068,toView=8069,nodeIdx=1,changeCycle=0,myNode=7ab09f71...,timecost=8.266
info|2019-12-12 20:00:05.807411|[g:1][CONSENSUS][PBFT]checkAndChangeView: Reach consensus,org_view=8068,org_changeCycle=0,cur_changeCycle=0,to_view=8069
info|2019-12-12 20:00:06.809372|[g:1][CONSENSUS][SEALER]++++++++++++++++ Generating seal on,blkNum=17,tx=0,nodeIdx=1,hash=29d0a553...
info|2019-12-12 20:00:06.825463|[g:1][CONSENSUS][PBFT]checkTimeout Succ,view=8069,toView=8070,nodeIdx=1,changeCycle=0,myNode=7ab09f71...,timecost=0.367
info|2019-12-12 20:00:06.827347|[g:1][CONSENSUS][PBFT]checkAndChangeView: Reach consensus,org_view=8069,org_changeCycle=0,cur_changeCycle=0,to_view=8070
info|2019-12-12 20:00:07.830981|[g:1][CONSENSUS]addRawPrepare,height=17,reqIdx=2,hash=d11d810e...
info|2019-12-12 20:00:07.831155|[g:1][CONSENSUS][PBFT]checkTimeout Succ,view=8070,toView=8071,nodeIdx=1,changeCycle=0,myNode=7ab09f71...,timecost=0.156
info|2019-12-12 20:00:07.832653|[g:1][CONSENSUS][PBFT]checkAndChangeView: Reach consensus,org_view=8070,org_changeCycle=0,cur_changeCycle=0,to_view=8071
info|2019-12-12 20:00:08.443394|[P2P][Service] heartBeat,connected count=3
info|2019-12-12 20:00:08.836568|[g:1][CONSENSUS]addRawPrepare,height=17,reqIdx=3,hash=70984b81...
info|2019-12-12 20:00:08.836796|[g:1][CONSENSUS][PBFT]checkTimeout Succ,view=8071,toView=8072,nodeIdx=1,changeCycle=0,myNode=7ab09f71...,timecost=0.204
info|2019-12-12 20:00:08.839769|[g:1][CONSENSUS][PBFT]checkAndChangeView: Reach consensus,org_view=8071,org_changeCycle=0,cur_changeCycle=0,to_view=8072
info|2019-12-12 20:00:09.842182|[g:1][CONSENSUS]addRawPrepare,height=17,reqIdx=0,hash=51f7ca17...
info|2019-12-12 20:00:09.842661|[g:1][CONSENSUS][PBFT]checkTimeout Succ,view=8072,toView=8073,nodeIdx=1,changeCycle=0,myNode=7ab09f71...,timecost=0.322
info|2019-12-12 20:00:09.850248|[g:1][CONSENSUS][PBFT]checkAndChangeView: Reach consensus,org_view=8072,org_changeCycle=0,cur_changeCycle=0,to_view=8073
info|2019-12-12 20:00:10.851111|[g:1][CONSENSUS][SEALER]++++++++++++++++ Generating seal on,blkNum=17,tx=0,nodeIdx=1,hash=7b99c73b...
info|2019-12-12 20:00:10.862559|[g:1][CONSENSUS][PBFT]checkTimeout Succ,view=8073,toView=8074,nodeIdx=1,changeCycle=0,myNode=7ab09f71...,timecost=0.372
info|2019-12-12 20:00:10.863877|[g:1][CONSENSUS][PBFT]checkAndChangeView: Reach consensus,org_view=8073,org_changeCycle=0,cur_changeCycle=0,to_view=8074
info|2019-12-12 20:00:11.866332|[g:1][CONSENSUS]addRawPrepare,height=17,reqIdx=2,hash=b83ac3b9...
info|2019-12-12 20:00:11.866828|[g:1][CONSENSUS][PBFT]checkTimeout Succ,view=8074,toView=8075,nodeIdx=1,changeCycle=0,myNode=7ab09f71...,timecost=0.454
info|2019-12-12 20:00:11.871317|[g:1][CONSENSUS][PBFT]checkAndChangeView: Reach consensus,org_view=8074,org_changeCycle=0,cur_changeCycle=0,to_view=8075
info|2019-12-12 20:00:12.877860|[g:1][CONSENSUS]addRawPrepare,height=17,reqIdx=3,hash=574b05cd...
info|2019-12-12 20:00:12.879027|[g:1][CONSENSUS][PBFT]checkTimeout Succ,view=8075,toView=8076,nodeIdx=1,changeCycle=0,myNode=7ab09f71...,timecost=1.114
info|2019-12-12 20:00:12.884764|[g:1][CONSENSUS][PBFT]checkAndChangeView: Reach consensus,org_view=8075,org_changeCycle=0,cur_changeCycle=0,to_view=8076
info|2019-12-12 20:00:13.897711|[g:1][CONSENSUS]addRawPrepare,height=17,reqIdx=0,hash=a5d50e08...
info|2019-12-12 20:00:13.897902|[g:1][CONSENSUS][PBFT]checkTimeout Succ,view=8076,toView=8077,nodeIdx=1,changeCycle=0,myNode=7ab09f71...,timecost=0.142
info|2019-12-12 20:00:13.900763|[g:1][CONSENSUS][PBFT]checkAndChangeView: Reach consensus,org_view=8076,org_changeCycle=0,cur_changeCycle=0,to_view=8077
info|2019-12-12 20:00:14.901376|[g:1][CONSENSUS][SEALER]++++++++++++++++ Generating seal on,blkNum=17,tx=0,nodeIdx=1,hash=8941b382...
info|2019-12-12 20:00:14.910473|[g:1][CONSENSUS][PBFT]checkTimeout Succ,view=8077,toView=8078,nodeIdx=1,changeCycle=0,myNode=7ab09f71...,timecost=0.177
info|2019-12-12 20:00:14.911102|[g:1][CONSENSUS][PBFT]checkAndChangeView: Reach consensus,org_view=8077,org_changeCycle=0,cur_changeCycle=0,to_view=8078
info|2019-12-12 20:00:15.912531|[g:1][CONSENSUS]addRawPrepare,height=17,reqIdx=2,hash=0b6d41e9...
info|2019-12-12 20:00:15.916238|[g:1][CONSENSUS][PBFT]checkTimeout Succ,view=8078,toView=8079,nodeIdx=1,changeCycle=0,myNode=7ab09f71...,timecost=3.649
info|2019-12-12 20:00:15.921384|[g:1][CONSENSUS][PBFT]checkAndChangeView: Reach consensus,org_view=8078,org_changeCycle=0,cur_changeCycle=0,to_view=8079
info|2019-12-12 20:00:16.927811|[g:1][CONSENSUS]addRawPrepare,height=17,reqIdx=3,hash=9f0c9f14...
info|2019-12-12 20:00:16.931090|[g:1][CONSENSUS][PBFT]checkTimeout Succ,view=8079,toView=8080,nodeIdx=1,changeCycle=0,myNode=7ab09f71...,timecost=3.221
info|2019-12-12 20:00:16.935127|[g:1][CONSENSUS][PBFT]checkAndChangeView: Reach consensus,org_view=8079,org_changeCycle=0,cur_changeCycle=0,to_view=8080
info|2019-12-12 20:00:17.939612|[g:1][CONSENSUS]addRawPrepare,height=17,reqIdx=0,hash=29b3ce77...
info|2019-12-12 20:00:17.948378|[g:1][CONSENSUS][PBFT]checkTimeout Succ,view=8080,toView=8081,nodeIdx=1,changeCycle=0,myNode=7ab09f71...,timecost=5.552
info|2019-12-12 20:00:17.953029|[g:1][CONSENSUS][PBFT]checkAndChangeView: Reach consensus,org_view=8080,org_changeCycle=0,cur_changeCycle=0,to_view=8081
info|2019-12-12 20:00:18.443505|[P2P][Service] heartBeat,connected count=3
info|2019-12-12 20:00:18.958130|[g:1][CONSENSUS][SEALER]++++++++++++++++ Generating seal on,blkNum=17,tx=0,nodeIdx=1,hash=b0d8f103...
info|2019-12-12 20:00:18.974358|[g:1][CONSENSUS][PBFT]checkTimeout Succ,view=8081,toView=8082,nodeIdx=1,changeCycle=0,myNode=7ab09f71...,timecost=0.376
info|2019-12-12 20:00:18.975857|[g:1][CONSENSUS][PBFT]checkAndChangeView: Reach consensus,org_view=8081,org_changeCycle=0,cur_changeCycle=0,to_view=8082
info|2019-12-12 20:00:19.975008|[g:1][CONSENSUS]addRawPrepare,height=17,reqIdx=2,hash=5c2cad04...
info|2019-12-12 20:00:19.975202|[g:1][CONSENSUS][PBFT]checkTimeout Succ,view=8082,toView=8083,nodeIdx=1,changeCycle=0,myNode=7ab09f71...,timecost=0.17
info|2019-12-12 20:00:19.978148|[g:1][CONSENSUS][PBFT]checkAndChangeView: Reach consensus,org_view=8082,org_changeCycle=0,cur_changeCycle=0,to_view=8083
info|2019-12-12 20:00:20.982823|[g:1][CONSENSUS]addRawPrepare,height=17,reqIdx=3,hash=0c664560...
info|2019-12-12 20:00:20.988624|[g:1][CONSENSUS][PBFT]checkTimeout Succ,view=8083,toView=8084,nodeIdx=1,changeCycle=0,myNode=7ab09f71...,timecost=5.655
info|2019-12-12 20:00:20.991012|[g:1][CONSENSUS][PBFT]checkAndChangeView: Reach consensus,org_view=8083,org_changeCycle=0,cur_changeCycle=0,to_view=8084
info|2019-12-12 20:00:21.995078|[g:1][CONSENSUS]addRawPrepare,height=17,reqIdx=0,hash=d43369bd...
info|2019-12-12 20:00:21.995784|[g:1][CONSENSUS][PBFT]checkTimeout Succ,view=8084,toView=8085,nodeIdx=1,changeCycle=0,myNode=7ab09f71...,timecost=0.164
info|2019-12-12 20:00:22.002159|[g:1][CONSENSUS][PBFT]checkAndChangeView: Reach consensus,org_view=8084,org_changeCycle=0,cur_changeCycle=0,to_view=8085
info|2019-12-12 20:00:23.003083|[g:1][CONSENSUS][SEALER]++++++++++++++++ Generating seal on,blkNum=17,tx=0,nodeIdx=1,hash=0d487150...
info|2019-12-12 20:00:23.011876|[g:1][CONSENSUS][PBFT]checkTimeout Succ,view=8085,toView=8086,nodeIdx=1,changeCycle=0,myNode=7ab09f71...,timecost=0.156
info|2019-12-12 20:00:23.012512|[g:1][CONSENSUS][PBFT]checkAndChangeView: Reach consensus,org_view=8085,org_changeCycle=0,cur_changeCycle=0,to_view=8086
info|2019-12-12 20:00:24.012219|[g:1][CONSENSUS]addRawPrepare,height=17,reqIdx=2,hash=7ac22d81...
info|2019-12-12 20:00:24.012425|[g:1][CONSENSUS][PBFT]checkTimeout Succ,view=8086,toView=8087,nodeIdx=1,changeCycle=0,myNode=7ab09f71...,timecost=0.166
info|2019-12-12 20:00:24.015045|[g:1][CONSENSUS][PBFT]checkAndChangeView: Reach consensus,org_view=8086,org_changeCycle=0,cur_changeCycle=0,to_view=8087
info|2019-12-12 20:00:25.017963|[g:1][CONSENSUS]addRawPrepare,height=17,reqIdx=3,hash=6ab07d57...
info|2019-12-12 20:00:25.018120|[g:1][CONSENSUS][PBFT]checkTimeout Succ,view=8087,toView=8088,nodeIdx=1,changeCycle=0,myNode=7ab09f71...,timecost=0.141
info|2019-12-12 20:00:25.019486|[g:1][CONSENSUS][PBFT]checkAndChangeView: Reach consensus,org_view=8087,org_changeCycle=0,cur_changeCycle=0,to_view=8088
info|2019-12-12 20:00:26.020336|[g:1][CONSENSUS]addRawPrepare,height=17,reqIdx=0,hash=1016f997...
info|2019-12-12 20:00:26.020539|[g:1][CONSENSUS][PBFT]checkTimeout Succ,view=8088,toView=8089,nodeIdx=1,changeCycle=0,myNode=7ab09f71...,timecost=0.15
info|2019-12-12 20:00:26.023275|[g:1][CONSENSUS][PBFT]checkAndChangeView: Reach consensus,org_view=8088,org_changeCycle=0,cur_changeCycle=0,to_view=8089
info|2019-12-12 20:00:27.023913|[g:1][CONSENSUS][SEALER]++++++++++++++++ Generating seal on,blkNum=17,tx=0,nodeIdx=1,hash=1ffef7be...
info|2019-12-12 20:00:27.040061|[g:1][CONSENSUS][PBFT]checkTimeout Succ,view=8089,toView=8090,nodeIdx=1,changeCycle=0,myNode=7ab09f71...,timecost=0.295
info|2019-12-12 20:00:27.041705|[g:1][CONSENSUS][PBFT]checkAndChangeView: Reach consensus,org_view=8089,org_changeCycle=0,cur_changeCycle=0,to_view=8090
info|2019-12-12 20:00:28.041088|[g:1][CONSENSUS]addRawPrepare,height=17,reqIdx=2,hash=11181caf...
info|2019-12-12 20:00:28.041283|[g:1][CONSENSUS][PBFT]checkTimeout Succ,view=8090,toView=8091,nodeIdx=1,changeCycle=0,myNode=7ab09f71...,timecost=0.172
info|2019-12-12 20:00:28.042749|[g:1][CONSENSUS][PBFT]checkAndChangeView: Reach consensus,org_view=8090,org_changeCycle=0,cur_changeCycle=0,to_view=8091
info|2019-12-12 20:00:28.444152|[P2P][Service] heartBeat,connected count=3
info|2019-12-12 20:00:29.046179|[g:1][CONSENSUS]addRawPrepare,height=17,reqIdx=3,hash=d3217678...
info|2019-12-12 20:00:29.046329|[g:1][CONSENSUS][PBFT]checkTimeout Succ,view=8091,toView=8092,nodeIdx=1,changeCycle=0,myNode=7ab09f71...,timecost=0.134
info|2019-12-12 20:00:29.047925|[g:1][CONSENSUS][PBFT]checkAndChangeView: Reach consensus,org_view=8091,org_changeCycle=0,cur_changeCycle=0,to_view=8092
info|2019-12-12 20:00:30.047741|[g:1][CONSENSUS]addRawPrepare,height=17,reqIdx=0,hash=4fbb665f...
info|2019-12-12 20:00:30.047967|[g:1][CONSENSUS][PBFT]checkTimeout Succ,view=8092,toView=8093,nodeIdx=1,changeCycle=0,myNode=7ab09f71...,timecost=0.17
info|2019-12-12 20:00:30.051217|[g:1][CONSENSUS][PBFT]checkAndChangeView: Reach consensus,org_view=8092,org_changeCycle=0,cur_changeCycle=0,to_view=8093
info|2019-12-12 20:00:31.052106|[g:1][CONSENSUS][SEALER]++++++++++++++++ Generating seal on,blkNum=17,tx=0,nodeIdx=1,hash=9bd6ceef...
info|2019-12-12 20:00:31.068641|[g:1][CONSENSUS][PBFT]checkTimeout Succ,view=8093,toView=8094,nodeIdx=1,changeCycle=0,myNode=7ab09f71...,timecost=0.331
info|2019-12-12 20:00:31.069846|[g:1][CONSENSUS][PBFT]checkAndChangeView: Reach consensus,org_view=8093,org_changeCycle=0,cur_changeCycle=0,to_view=8094
info|2019-12-12 20:00:32.069194|[g:1][CONSENSUS]addRawPrepare,height=17,reqIdx=2,hash=605e8899...
info|2019-12-12 20:00:32.069547|[g:1][CONSENSUS][PBFT]checkTimeout Succ,view=8094,toView=8095,nodeIdx=1,changeCycle=0,myNode=7ab09f71...,timecost=0.301
info|2019-12-12 20:00:32.073003|[g:1][CONSENSUS][PBFT]checkAndChangeView: Reach consensus,org_view=8094,org_changeCycle=0,cur_changeCycle=0,to_view=8095
info|2019-12-12 20:00:33.079793|[g:1][CONSENSUS]addRawPrepare,height=17,reqIdx=3,hash=d7b74df9...
info|2019-12-12 20:00:33.082673|[g:1][CONSENSUS][PBFT]checkTimeout Succ,view=8095,toView=8096,nodeIdx=1,changeCycle=0,myNode=7ab09f71...,timecost=2.828
info|2019-12-12 20:00:33.087359|[g:1][CONSENSUS][PBFT]checkAndChangeView: Reach consensus,org_view=8095,org_changeCycle=0,cur_changeCycle=0,to_view=8096
info|2019-12-12 20:00:34.090716|[g:1][CONSENSUS]addRawPrepare,height=17,reqIdx=0,hash=6e7fb70d...
info|2019-12-12 20:00:34.091077|[g:1][CONSENSUS][PBFT]checkTimeout Succ,view=8096,toView=8097,nodeIdx=1,changeCycle=0,myNode=7ab09f71...,timecost=0.28
info|2019-12-12 20:00:34.095787|[g:1][CONSENSUS][PBFT]checkAndChangeView: Reach consensus,org_view=8096,org_changeCycle=0,cur_changeCycle=0,to_view=8097
info|2019-12-12 20:00:35.097170|[g:1][CONSENSUS][SEALER]++++++++++++++++ Generating seal on,blkNum=17,tx=0,nodeIdx=1,hash=d4754e74...
info|2019-12-12 20:00:35.103354|[g:1][CONSENSUS][PBFT]checkTimeout Succ,view=8097,toView=8098,nodeIdx=1,changeCycle=0,myNode=7ab09f71...,timecost=0.199
info|2019-12-12 20:00:35.104097|[g:1][CONSENSUS][PBFT]checkAndChangeView: Reach consensus,org_view=8097,org_changeCycle=0,cur_changeCycle=0,to_view=8098
info|2019-12-12 20:00:36.108900|[g:1][CONSENSUS]addRawPrepare,height=17,reqIdx=2,hash=746df264...
info|2019-12-12 20:00:36.109066|[g:1][CONSENSUS][PBFT]checkTimeout Succ,view=8098,toView=8099,nodeIdx=1,changeCycle=0,myNode=7ab09f71...,timecost=0.147
info|2019-12-12 20:00:36.111251|[g:1][CONSENSUS][PBFT]checkAndChangeView: Reach consensus,org_view=8098,org_changeCycle=0,cur_changeCycle=0,to_view=8099
info|2019-12-12 20:00:37.117004|[g:1][CONSENSUS]addRawPrepare,height=17,reqIdx=3,hash=318a74da...
info|2019-12-12 20:00:37.117343|[g:1][CONSENSUS][PBFT]checkTimeout Succ,view=8099,toView=8100,nodeIdx=1,changeCycle=0,myNode=7ab09f71...,timecost=0.31
info|2019-12-12 20:00:37.119575|[g:1][CONSENSUS][PBFT]checkAndChangeView: Reach consensus,org_view=8099,org_changeCycle=0,cur_changeCycle=0,to_view=8100
info|2019-12-12 20:00:38.124084|[g:1][CONSENSUS]addRawPrepare,height=17,reqIdx=0,hash=e050d4b0...
info|2019-12-12 20:00:38.127946|[g:1][CONSENSUS][PBFT]checkTimeout Succ,view=8100,toView=8101,nodeIdx=1,changeCycle=0,myNode=7ab09f71...,timecost=0.451
info|2019-12-12 20:00:38.135097|[g:1][CONSENSUS][PBFT]checkAndChangeView: Reach consensus,org_view=8100,org_changeCycle=0,cur_changeCycle=0,to_view=8101
info|2019-12-12 20:00:38.444336|[P2P][Service] heartBeat,connected count=3
info|2019-12-12 20:00:39.136728|[g:1][CONSENSUS][SEALER]++++++++++++++++ Generating seal on,blkNum=17,tx=0,nodeIdx=1,hash=e39913ce...
info|2019-12-12 20:00:39.142546|[g:1][CONSENSUS][PBFT]checkTimeout Succ,view=8101,toView=8102,nodeIdx=1,changeCycle=0,myNode=7ab09f71...,timecost=0.145
info|2019-12-12 20:00:39.143205|[g:1][CONSENSUS][PBFT]checkAndChangeView: Reach consensus,org_view=8101,org_changeCycle=0,cur_changeCycle=0,to_view=8102
info|2019-12-12 20:00:40.145972|[g:1][CONSENSUS]addRawPrepare,height=17,reqIdx=2,hash=41c93e6b...
info|2019-12-12 20:00:40.146220|[g:1][CONSENSUS][PBFT]checkTimeout Succ,view=8102,toView=8103,nodeIdx=1,changeCycle=0,myNode=7ab09f71...,timecost=0.221
info|2019-12-12 20:00:40.147448|[g:1][CONSENSUS][PBFT]checkAndChangeView: Reach consensus,org_view=8102,org_changeCycle=0,cur_changeCycle=0,to_view=8103
info|2019-12-12 20:00:41.157372|[g:1][CONSENSUS]addRawPrepare,height=17,reqIdx=3,hash=7cb08829...
info|2019-12-12 20:00:41.159094|[g:1][CONSENSUS][PBFT]checkTimeout Succ,view=8103,toView=8104,nodeIdx=1,changeCycle=0,myNode=7ab09f71...,timecost=1.673
info|2019-12-12 20:00:41.162623|[g:1][CONSENSUS][PBFT]checkAndChangeView: Reach consensus,org_view=8103,org_changeCycle=0,cur_changeCycle=0,to_view=8104
info|2019-12-12 20:00:42.165835|[g:1][CONSENSUS]addRawPrepare,height=17,reqIdx=0,hash=90bc1168...
info|2019-12-12 20:00:42.169512|[g:1][CONSENSUS][PBFT]checkTimeout Succ,view=8104,toView=8105,nodeIdx=1,changeCycle=0,myNode=7ab09f71...,timecost=3.458
info|2019-12-12 20:00:42.170660|[g:1][CONSENSUS][PBFT]checkAndChangeView: Reach consensus,org_view=8104,org_changeCycle=0,cur_changeCycle=0,to_view=8105
info|2019-12-12 20:00:43.172263|[g:1][CONSENSUS][SEALER]++++++++++++++++ Generating seal on,blkNum=17,tx=0,nodeIdx=1,hash=453fe9a0...
info|2019-12-12 20:00:43.185708|[g:1][CONSENSUS][PBFT]checkTimeout Succ,view=8105,toView=8106,nodeIdx=1,changeCycle=0,myNode=7ab09f71...,timecost=0.79
info|2019-12-12 20:00:43.188598|[g:1][CONSENSUS][PBFT]checkAndChangeView: Reach consensus,org_view=8105,org_changeCycle=0,cur_changeCycle=0,to_view=8106
info|2019-12-12 20:00:44.180380|[g:1][CONSENSUS]addRawPrepare,height=17,reqIdx=2,hash=35b56978...
info|2019-12-12 20:00:44.180550|[g:1][CONSENSUS][PBFT]checkTimeout Succ,view=8106,toView=8107,nodeIdx=1,changeCycle=0,myNode=7ab09f71...,timecost=0.149
info|2019-12-12 20:00:44.181880|[g:1][CONSENSUS][PBFT]checkAndChangeView: Reach consensus,org_view=8106,org_changeCycle=0,cur_changeCycle=0,to_view=8107
info|2019-12-12 20:00:45.185154|[g:1][CONSENSUS]addRawPrepare,height=17,reqIdx=3,hash=e22428c1...
info|2019-12-12 20:00:45.185315|[g:1][CONSENSUS][PBFT]checkTimeout Succ,view=8107,toView=8108,nodeIdx=1,changeCycle=0,myNode=7ab09f71...,timecost=0.143
info|2019-12-12 20:00:45.185525|[g:1][CONSENSUS][PBFT]checkAndChangeView: Reach consensus,org_view=8107,org_changeCycle=0,cur_changeCycle=0,to_view=8108
