warning|2019-12-12 16:56:12.973763|[g:1][CONSENSUS][PBFT]ViewChangeWarning: not caused by omit empty block ,v=7838,toV=7839,curNum=16,hash=f723565c...,nodeIdx=3,myNode=ae77f5f3...
info|2019-12-12 16:56:12.974720|[g:1][CONSENSUS][PBFT]checkTimeout Succ,view=7838,toView=7839,nodeIdx=3,changeCycle=1,myNode=ae77f5f3...,timecost=1.313
info|2019-12-12 16:56:12.975311|[g:1][CONSENSUS][PBFT]checkAndChangeView: Reach consensus,org_view=7838,org_changeCycle=1,cur_changeCycle=1,to_view=7839
info|2019-12-12 16:56:13.219722|[P2P][Service] heartBeat,connected count=3
info|2019-12-12 16:56:13.975359|[g:1][CONSENSUS][SEALER]++++++++++++++++ Generating seal on,blkNum=17,tx=0,nodeIdx=3,hash=cb97a925...
info|2019-12-12 16:56:13.980311|[g:1][CONSENSUS][PBFT]checkTimeout Succ,view=7839,toView=7840,nodeIdx=3,changeCycle=0,myNode=ae77f5f3...,timecost=0.152
info|2019-12-12 16:56:13.981016|[g:1][CONSENSUS][PBFT]checkAndChangeView: Reach consensus,org_view=7839,org_changeCycle=0,cur_changeCycle=0,to_view=7840
info|2019-12-12 16:56:14.980453|[g:1][CONSENSUS]addRawPrepare,height=17,reqIdx=0,hash=ebe0865b...
info|2019-12-12 16:56:14.980612|[g:1][CONSENSUS][PBFT]checkTimeout Succ,view=7840,toView=7841,nodeIdx=3,changeCycle=0,myNode=ae77f5f3...,timecost=0.143
info|2019-12-12 16:56:14.981911|[g:1][CONSENSUS][PBFT]checkAndChangeView: Reach consensus,org_view=7840,org_changeCycle=0,cur_changeCycle=0,to_view=7841
info|2019-12-12 16:56:15.985916|[g:1][CONSENSUS]addRawPrepare,height=17,reqIdx=1,hash=38375a4d...
info|2019-12-12 16:56:15.986069|[g:1][CONSENSUS][PBFT]checkTimeout Succ,view=7841,toView=7842,nodeIdx=3,changeCycle=0,myNode=ae77f5f3...,timecost=0.138
info|2019-12-12 16:56:15.987170|[g:1][CONSENSUS][PBFT]checkAndChangeView: Reach consensus,org_view=7841,org_changeCycle=0,cur_changeCycle=0,to_view=7842
info|2019-12-12 16:56:16.989380|[g:1][CONSENSUS]addRawPrepare,height=17,reqIdx=2,hash=b6c8af13...
info|2019-12-12 16:56:16.989806|[g:1][CONSENSUS][PBFT]checkTimeout Succ,view=7842,toView=7843,nodeIdx=3,changeCycle=0,myNode=ae77f5f3...,timecost=0.33
info|2019-12-12 16:56:16.995870|[g:1][CONSENSUS][PBFT]checkAndChangeView: Reach consensus,org_view=7842,org_changeCycle=0,cur_changeCycle=0,to_view=7843
info|2019-12-12 16:56:17.998248|[g:1][CONSENSUS][SEALER]++++++++++++++++ Generating seal on,blkNum=17,tx=0,nodeIdx=3,hash=d791fa51...
info|2019-12-12 16:56:18.003198|[g:1][CONSENSUS][PBFT]checkTimeout Succ,view=7843,toView=7844,nodeIdx=3,changeCycle=0,myNode=ae77f5f3...,timecost=0.136
info|2019-12-12 16:56:18.003598|[g:1][CONSENSUS][PBFT]checkAndChangeView: Reach consensus,org_view=7843,org_changeCycle=0,cur_changeCycle=0,to_view=7844
info|2019-12-12 16:56:19.002871|[g:1][CONSENSUS]addRawPrepare,height=17,reqIdx=0,hash=4e242f98...
info|2019-12-12 16:56:19.003154|[g:1][CONSENSUS][PBFT]checkTimeout Succ,view=7844,toView=7845,nodeIdx=3,changeCycle=0,myNode=ae77f5f3...,timecost=0.267
info|2019-12-12 16:56:19.005471|[g:1][CONSENSUS][PBFT]checkAndChangeView: Reach consensus,org_view=7844,org_changeCycle=0,cur_changeCycle=0,to_view=7845
info|2019-12-12 16:56:20.006657|[g:1][CONSENSUS]addRawPrepare,height=17,reqIdx=1,hash=0008b6a5...
info|2019-12-12 16:56:20.006853|[g:1][CONSENSUS][PBFT]checkTimeout Succ,view=7845,toView=7846,nodeIdx=3,changeCycle=0,myNode=ae77f5f3...,timecost=0.178
info|2019-12-12 16:56:20.008043|[g:1][CONSENSUS][PBFT]checkAndChangeView: Reach consensus,org_view=7845,org_changeCycle=0,cur_changeCycle=0,to_view=7846
info|2019-12-12 16:56:21.008959|[g:1][CONSENSUS]addRawPrepare,height=17,reqIdx=2,hash=327371c2...
info|2019-12-12 16:56:21.009193|[g:1][CONSENSUS][PBFT]checkTimeout Succ,view=7846,toView=7847,nodeIdx=3,changeCycle=0,myNode=ae77f5f3...,timecost=0.176
info|2019-12-12 16:56:21.012032|[g:1][CONSENSUS][PBFT]checkAndChangeView: Reach consensus,org_view=7846,org_changeCycle=0,cur_changeCycle=0,to_view=7847
info|2019-12-12 16:56:22.012705|[g:1][CONSENSUS][SEALER]++++++++++++++++ Generating seal on,blkNum=17,tx=0,nodeIdx=3,hash=afca6cbf...
info|2019-12-12 16:56:22.017125|[g:1][CONSENSUS][PBFT]checkTimeout Succ,view=7847,toView=7848,nodeIdx=3,changeCycle=0,myNode=ae77f5f3...,timecost=0.151
info|2019-12-12 16:56:22.017799|[g:1][CONSENSUS][PBFT]checkAndChangeView: Reach consensus,org_view=7847,org_changeCycle=0,cur_changeCycle=0,to_view=7848
info|2019-12-12 16:56:23.018085|[g:1][CONSENSUS]addRawPrepare,height=17,reqIdx=0,hash=e8cb5485...
info|2019-12-12 16:56:23.018255|[g:1][CONSENSUS][PBFT]checkTimeout Succ,view=7848,toView=7849,nodeIdx=3,changeCycle=0,myNode=ae77f5f3...,timecost=0.152
info|2019-12-12 16:56:23.020247|[g:1][CONSENSUS][PBFT]checkAndChangeView: Reach consensus,org_view=7848,org_changeCycle=0,cur_changeCycle=0,to_view=7849
info|2019-12-12 16:56:23.219905|[P2P][Service] heartBeat,connected count=3
info|2019-12-12 16:56:24.023797|[g:1][CONSENSUS]addRawPrepare,height=17,reqIdx=1,hash=41b8f1c6...
info|2019-12-12 16:56:24.023944|[g:1][CONSENSUS][PBFT]checkTimeout Succ,view=7849,toView=7850,nodeIdx=3,changeCycle=0,myNode=ae77f5f3...,timecost=0.133
info|2019-12-12 16:56:24.024963|[g:1][CONSENSUS][PBFT]checkAndChangeView: Reach consensus,org_view=7849,org_changeCycle=0,cur_changeCycle=0,to_view=7850
info|2019-12-12 16:56:25.026623|[g:1][CONSENSUS]addRawPrepare,height=17,reqIdx=2,hash=e4ab84ab...
info|2019-12-12 16:56:25.026816|[g:1][CONSENSUS][PBFT]checkTimeout Succ,view=7850,toView=7851,nodeIdx=3,changeCycle=0,myNode=ae77f5f3...,timecost=0.142
info|2019-12-12 16:56:25.029730|[g:1][CONSENSUS][PBFT]checkAndChangeView: Reach consensus,org_view=7850,org_changeCycle=0,cur_changeCycle=0,to_view=7851
info|2019-12-12 16:56:26.030979|[g:1][CONSENSUS][SEALER]++++++++++++++++ Generating seal on,blkNum=17,tx=0,nodeIdx=3,hash=0802c7a6...
info|2019-12-12 16:56:26.035974|[g:1][CONSENSUS][PBFT]checkTimeout Succ,view=7851,toView=7852,nodeIdx=3,changeCycle=0,myNode=ae77f5f3...,timecost=0.144
info|2019-12-12 16:56:26.036450|[g:1][CONSENSUS][PBFT]checkAndChangeView: Reach consensus,org_view=7851,org_changeCycle=0,cur_changeCycle=0,to_view=7852
info|2019-12-12 16:56:27.037017|[g:1][CONSENSUS]addRawPrepare,height=17,reqIdx=0,hash=cc9b69d7...
info|2019-12-12 16:56:27.037178|[g:1][CONSENSUS][PBFT]checkTimeout Succ,view=7852,toView=7853,nodeIdx=3,changeCycle=0,myNode=ae77f5f3...,timecost=0.145
info|2019-12-12 16:56:27.037952|[g:1][CONSENSUS][PBFT]checkAndChangeView: Reach consensus,org_view=7852,org_changeCycle=0,cur_changeCycle=0,to_view=7853
info|2019-12-12 16:56:28.040528|[g:1][CONSENSUS]addRawPrepare,height=17,reqIdx=1,hash=5a07cb36...
info|2019-12-12 16:56:28.040683|[g:1][CONSENSUS][PBFT]checkTimeout Succ,view=7853,toView=7854,nodeIdx=3,changeCycle=0,myNode=ae77f5f3...,timecost=0.139
info|2019-12-12 16:56:28.042498|[g:1][CONSENSUS][PBFT]checkAndChangeView: Reach consensus,org_view=7853,org_changeCycle=0,cur_changeCycle=0,to_view=7854
info|2019-12-12 16:56:29.043035|[g:1][CONSENSUS]addRawPrepare,height=17,reqIdx=2,hash=6bf3748c...
info|2019-12-12 16:56:29.043228|[g:1][CONSENSUS][PBFT]checkTimeout Succ,view=7854,toView=7855,nodeIdx=3,changeCycle=0,myNode=ae77f5f3...,timecost=0.137
info|2019-12-12 16:56:29.045803|[g:1][CONSENSUS][PBFT]checkAndChangeView: Reach consensus,org_view=7854,org_changeCycle=0,cur_changeCycle=0,to_view=7855
info|2019-12-12 16:56:30.045567|[g:1][CONSENSUS][SEALER]++++++++++++++++ Generating seal on,blkNum=17,tx=0,nodeIdx=3,hash=9b3201b7...
info|2019-12-12 16:56:30.049840|[g:1][CONSENSUS][PBFT]checkTimeout Succ,view=7855,toView=7856,nodeIdx=3,changeCycle=0,myNode=ae77f5f3...,timecost=0.145
info|2019-12-12 16:56:30.050526|[g:1][CONSENSUS][PBFT]checkAndChangeView: Reach consensus,org_view=7855,org_changeCycle=0,cur_changeCycle=0,to_view=7856
info|2019-12-12 16:56:31.050733|[g:1][CONSENSUS]addRawPrepare,height=17,reqIdx=0,hash=5d82939a...
info|2019-12-12 16:56:31.050912|[g:1][CONSENSUS][PBFT]checkTimeout Succ,view=7856,toView=7857,nodeIdx=3,changeCycle=0,myNode=ae77f5f3...,timecost=0.163
info|2019-12-12 16:56:31.051692|[g:1][CONSENSUS][PBFT]checkAndChangeView: Reach consensus,org_view=7856,org_changeCycle=0,cur_changeCycle=0,to_view=7857
info|2019-12-12 16:56:32.053818|[g:1][CONSENSUS]addRawPrepare,height=17,reqIdx=1,hash=7ebd77d4...
info|2019-12-12 16:56:32.054059|[g:1][CONSENSUS][PBFT]checkTimeout Succ,view=7857,toView=7858,nodeIdx=3,changeCycle=0,myNode=ae77f5f3...,timecost=0.224
info|2019-12-12 16:56:32.056316|[g:1][CONSENSUS][PBFT]checkAndChangeView: Reach consensus,org_view=7857,org_changeCycle=0,cur_changeCycle=0,to_view=7858
info|2019-12-12 16:56:33.056488|[g:1][CONSENSUS]addRawPrepare,height=17,reqIdx=2,hash=702c3d05...
info|2019-12-12 16:56:33.056684|[g:1][CONSENSUS][PBFT]checkTimeout Succ,view=7858,toView=7859,nodeIdx=3,changeCycle=0,myNode=ae77f5f3...,timecost=0.14
info|2019-12-12 16:56:33.059906|[g:1][CONSENSUS][PBFT]checkAndChangeView: Reach consensus,org_view=7858,org_changeCycle=0,cur_changeCycle=0,to_view=7859
info|2019-12-12 16:56:33.220223|[P2P][Service] heartBeat,connected count=3
info|2019-12-12 16:56:34.059364|[g:1][CONSENSUS][SEALER]++++++++++++++++ Generating seal on,blkNum=17,tx=0,nodeIdx=3,hash=3c78146a...
info|2019-12-12 16:56:34.064097|[g:1][CONSENSUS][PBFT]checkTimeout Succ,view=7859,toView=7860,nodeIdx=3,changeCycle=0,myNode=ae77f5f3...,timecost=0.133
info|2019-12-12 16:56:34.064587|[g:1][CONSENSUS][PBFT]checkAndChangeView: Reach consensus,org_view=7859,org_changeCycle=0,cur_changeCycle=0,to_view=7860
info|2019-12-12 16:56:35.064675|[g:1][CONSENSUS]addRawPrepare,height=17,reqIdx=0,hash=1bfc68a9...
info|2019-12-12 16:56:35.064919|[g:1][CONSENSUS][PBFT]checkTimeout Succ,view=7860,toView=7861,nodeIdx=3,changeCycle=0,myNode=ae77f5f3...,timecost=0.164
info|2019-12-12 16:56:35.067252|[g:1][CONSENSUS][PBFT]checkAndChangeView: Reach consensus,org_view=7860,org_changeCycle=0,cur_changeCycle=0,to_view=7861
info|2019-12-12 16:56:36.067656|[g:1][CONSENSUS]addRawPrepare,height=17,reqIdx=1,hash=ef56a560...
info|2019-12-12 16:56:36.067820|[g:1][CONSENSUS][PBFT]checkTimeout Succ,view=7861,toView=7862,nodeIdx=3,changeCycle=0,myNode=ae77f5f3...,timecost=0.147
info|2019-12-12 16:56:36.070033|[g:1][CONSENSUS][PBFT]checkAndChangeView: Reach consensus,org_view=7861,org_changeCycle=0,cur_changeCycle=0,to_view=7862
info|2019-12-12 16:56:37.070282|[g:1][CONSENSUS]addRawPrepare,height=17,reqIdx=2,hash=0c6c46b1...
info|2019-12-12 16:56:37.070475|[g:1][CONSENSUS][PBFT]checkTimeout Succ,view=7862,toView=7863,nodeIdx=3,changeCycle=0,myNode=ae77f5f3...,timecost=0.138
info|2019-12-12 16:56:37.073224|[g:1][CONSENSUS][PBFT]checkAndChangeView: Reach consensus,org_view=7862,org_changeCycle=0,cur_changeCycle=0,to_view=7863
info|2019-12-12 16:56:38.073725|[g:1][CONSENSUS][SEALER]++++++++++++++++ Generating seal on,blkNum=17,tx=0,nodeIdx=3,hash=db056da6...
info|2019-12-12 16:56:38.078393|[g:1][CONSENSUS][PBFT]checkTimeout Succ,view=7863,toView=7864,nodeIdx=3,changeCycle=0,myNode=ae77f5f3...,timecost=0.146
info|2019-12-12 16:56:38.078979|[g:1][CONSENSUS][PBFT]checkAndChangeView: Reach consensus,org_view=7863,org_changeCycle=0,cur_changeCycle=0,to_view=7864
info|2019-12-12 16:56:39.078468|[g:1][CONSENSUS]addRawPrepare,height=17,reqIdx=0,hash=3ad115a1...
info|2019-12-12 16:56:39.078629|[g:1][CONSENSUS][PBFT]checkTimeout Succ,view=7864,toView=7865,nodeIdx=3,changeCycle=0,myNode=ae77f5f3...,timecost=0.145
info|2019-12-12 16:56:39.079367|[g:1][CONSENSUS][PBFT]checkAndChangeView: Reach consensus,org_view=7864,org_changeCycle=0,cur_changeCycle=0,to_view=7865
info|2019-12-12 16:56:40.083092|[g:1][CONSENSUS]addRawPrepare,height=17,reqIdx=1,hash=c1bf8556...
info|2019-12-12 16:56:40.083274|[g:1][CONSENSUS][PBFT]checkTimeout Succ,view=7865,toView=7866,nodeIdx=3,changeCycle=0,myNode=ae77f5f3...,timecost=0.148
info|2019-12-12 16:56:40.084544|[g:1][CONSENSUS][PBFT]checkAndChangeView: Reach consensus,org_view=7865,org_changeCycle=0,cur_changeCycle=0,to_view=7866
info|2019-12-12 16:56:41.085714|[g:1][CONSENSUS]addRawPrepare,height=17,reqIdx=2,hash=0138fd57...
info|2019-12-12 16:56:41.085905|[g:1][CONSENSUS][PBFT]checkTimeout Succ,view=7866,toView=7867,nodeIdx=3,changeCycle=0,myNode=ae77f5f3...,timecost=0.136
info|2019-12-12 16:56:41.089145|[g:1][CONSENSUS][PBFT]checkAndChangeView: Reach consensus,org_view=7866,org_changeCycle=0,cur_changeCycle=0,to_view=7867
info|2019-12-12 16:56:42.090710|[g:1][CONSENSUS][SEALER]++++++++++++++++ Generating seal on,blkNum=17,tx=0,nodeIdx=3,hash=c2be76aa...
info|2019-12-12 16:56:42.095543|[g:1][CONSENSUS][PBFT]checkTimeout Succ,view=7867,toView=7868,nodeIdx=3,changeCycle=0,myNode=ae77f5f3...,timecost=0.149
info|2019-12-12 16:56:42.096139|[g:1][CONSENSUS][PBFT]checkAndChangeView: Reach consensus,org_view=7867,org_changeCycle=0,cur_changeCycle=0,to_view=7868
info|2019-12-12 16:56:43.096525|[g:1][CONSENSUS]addRawPrepare,height=17,reqIdx=0,hash=dca60e80...
info|2019-12-12 16:56:43.096673|[g:1][CONSENSUS][PBFT]checkTimeout Succ,view=7868,toView=7869,nodeIdx=3,changeCycle=0,myNode=ae77f5f3...,timecost=0.132
info|2019-12-12 16:56:43.098906|[g:1][CONSENSUS][PBFT]checkAndChangeView: Reach consensus,org_view=7868,org_changeCycle=0,cur_changeCycle=0,to_view=7869
info|2019-12-12 16:56:43.220552|[P2P][Service] heartBeat,connected count=3
info|2019-12-12 16:56:44.100656|[g:1][CONSENSUS]addRawPrepare,height=17,reqIdx=1,hash=309cb995...
info|2019-12-12 16:56:44.100842|[g:1][CONSENSUS][PBFT]checkTimeout Succ,view=7869,toView=7870,nodeIdx=3,changeCycle=0,myNode=ae77f5f3...,timecost=0.171
info|2019-12-12 16:56:44.102830|[g:1][CONSENSUS][PBFT]checkAndChangeView: Reach consensus,org_view=7869,org_changeCycle=0,cur_changeCycle=0,to_view=7870
info|2019-12-12 16:56:45.103876|[g:1][CONSENSUS]addRawPrepare,height=17,reqIdx=2,hash=90c204ea...
info|2019-12-12 16:56:45.104081|[g:1][CONSENSUS][PBFT]checkTimeout Succ,view=7870,toView=7871,nodeIdx=3,changeCycle=0,myNode=ae77f5f3...,timecost=0.142
info|2019-12-12 16:56:45.106715|[g:1][CONSENSUS][PBFT]checkAndChangeView: Reach consensus,org_view=7870,org_changeCycle=0,cur_changeCycle=0,to_view=7871
info|2019-12-12 16:56:46.107528|[g:1][CONSENSUS][SEALER]++++++++++++++++ Generating seal on,blkNum=17,tx=0,nodeIdx=3,hash=827ac3b1...
info|2019-12-12 16:56:46.111845|[g:1][CONSENSUS][PBFT]checkTimeout Succ,view=7871,toView=7872,nodeIdx=3,changeCycle=0,myNode=ae77f5f3...,timecost=0.157
info|2019-12-12 16:56:46.112432|[g:1][CONSENSUS][PBFT]checkAndChangeView: Reach consensus,org_view=7871,org_changeCycle=0,cur_changeCycle=0,to_view=7872
info|2019-12-12 16:56:47.112128|[g:1][CONSENSUS]addRawPrepare,height=17,reqIdx=0,hash=51af1c49...
info|2019-12-12 16:56:47.112285|[g:1][CONSENSUS][PBFT]checkTimeout Succ,view=7872,toView=7873,nodeIdx=3,changeCycle=0,myNode=ae77f5f3...,timecost=0.142
info|2019-12-12 16:56:47.113049|[g:1][CONSENSUS][PBFT]checkAndChangeView: Reach consensus,org_view=7872,org_changeCycle=0,cur_changeCycle=0,to_view=7873
info|2019-12-12 16:56:48.117044|[g:1][CONSENSUS][PBFT]Trigger fast-viewchange,view=7873,toView=7873,minView=7874,INFO=,reqNum=16,curNum=16,GenIdx=2,Cview=7874,view=7873,fromIdx=2,fromNode=8f375bb6...,fromIp=127.0.0.1:43018,hash=f723565c...,nodeIdx=3,myNode=ae77f5f3...
info|2019-12-12 16:56:48.117208|[g:1][CONSENSUS][PBFT]checkAndChangeView: Reach consensus,org_view=7873,org_changeCycle=0,cur_changeCycle=0,to_view=7874
info|2019-12-12 16:56:48.117212|[g:1][CONSENSUS][PBFT]checkTimeout Succ,view=7874,toView=7874,nodeIdx=3,changeCycle=0,myNode=ae77f5f3...,timecost=0.139
info|2019-12-12 16:56:49.119454|[g:1][CONSENSUS]addRawPrepare,height=17,reqIdx=2,hash=1b23a769...
info|2019-12-12 16:56:49.119654|[g:1][CONSENSUS][PBFT]checkTimeout Succ,view=7874,toView=7875,nodeIdx=3,changeCycle=0,myNode=ae77f5f3...,timecost=0.142
info|2019-12-12 16:56:49.121995|[g:1][CONSENSUS][PBFT]checkAndChangeView: Reach consensus,org_view=7874,org_changeCycle=0,cur_changeCycle=0,to_view=7875
info|2019-12-12 16:56:50.121107|[g:1][CONSENSUS][SEALER]++++++++++++++++ Generating seal on,blkNum=17,tx=0,nodeIdx=3,hash=1d7e6ba2...
info|2019-12-12 16:56:50.125279|[g:1][CONSENSUS][PBFT]checkTimeout Succ,view=7875,toView=7876,nodeIdx=3,changeCycle=0,myNode=ae77f5f3...,timecost=0.148
info|2019-12-12 16:56:50.125887|[g:1][CONSENSUS][PBFT]checkAndChangeView: Reach consensus,org_view=7875,org_changeCycle=0,cur_changeCycle=0,to_view=7876
info|2019-12-12 16:56:51.126657|[g:1][CONSENSUS]addRawPrepare,height=17,reqIdx=0,hash=b3c96dcc...
info|2019-12-12 16:56:51.126821|[g:1][CONSENSUS][PBFT]checkTimeout Succ,view=7876,toView=7877,nodeIdx=3,changeCycle=0,myNode=ae77f5f3...,timecost=0.146
info|2019-12-12 16:56:51.127544|[g:1][CONSENSUS][PBFT]checkAndChangeView: Reach consensus,org_view=7876,org_changeCycle=0,cur_changeCycle=0,to_view=7877
info|2019-12-12 16:56:52.130608|[g:1][CONSENSUS]addRawPrepare,height=17,reqIdx=1,hash=37b25ce0...
info|2019-12-12 16:56:52.130758|[g:1][CONSENSUS][PBFT]checkTimeout Succ,view=7877,toView=7878,nodeIdx=3,changeCycle=0,myNode=ae77f5f3...,timecost=0.134
info|2019-12-12 16:56:52.132181|[g:1][CONSENSUS][PBFT]checkAndChangeView: Reach consensus,org_view=7877,org_changeCycle=0,cur_changeCycle=0,to_view=7878
info|2019-12-12 16:56:53.132932|[g:1][CONSENSUS]addRawPrepare,height=17,reqIdx=2,hash=540647e6...
info|2019-12-12 16:56:53.133149|[g:1][CONSENSUS][PBFT]checkTimeout Succ,view=7878,toView=7879,nodeIdx=3,changeCycle=0,myNode=ae77f5f3...,timecost=0.146
info|2019-12-12 16:56:53.137010|[g:1][CONSENSUS][PBFT]checkAndChangeView: Reach consensus,org_view=7878,org_changeCycle=0,cur_changeCycle=0,to_view=7879
info|2019-12-12 16:56:53.220722|[P2P][Service] heartBeat,connected count=3
info|2019-12-12 16:56:54.137661|[g:1][CONSENSUS][SEALER]++++++++++++++++ Generating seal on,blkNum=17,tx=0,nodeIdx=3,hash=5c443698...
info|2019-12-12 16:56:54.142921|[g:1][CONSENSUS][PBFT]checkTimeout Succ,view=7879,toView=7880,nodeIdx=3,changeCycle=0,myNode=ae77f5f3...,timecost=0.14
info|2019-12-12 16:56:54.143451|[g:1][CONSENSUS][PBFT]checkAndChangeView: Reach consensus,org_view=7879,org_changeCycle=0,cur_changeCycle=0,to_view=7880
info|2019-12-12 16:56:55.142567|[g:1][CONSENSUS]addRawPrepare,height=17,reqIdx=0,hash=a93b058b...
info|2019-12-12 16:56:55.142732|[g:1][CONSENSUS][PBFT]checkTimeout Succ,view=7880,toView=7881,nodeIdx=3,changeCycle=0,myNode=ae77f5f3...,timecost=0.147
info|2019-12-12 16:56:55.145034|[g:1][CONSENSUS][PBFT]checkAndChangeView: Reach consensus,org_view=7880,org_changeCycle=0,cur_changeCycle=0,to_view=7881
info|2019-12-12 16:56:56.146858|[g:1][CONSENSUS]addRawPrepare,height=17,reqIdx=1,hash=09e8b4ff...
info|2019-12-12 16:56:56.147048|[g:1][CONSENSUS][PBFT]checkTimeout Succ,view=7881,toView=7882,nodeIdx=3,changeCycle=0,myNode=ae77f5f3...,timecost=0.172
info|2019-12-12 16:56:56.148765|[g:1][CONSENSUS][PBFT]checkAndChangeView: Reach consensus,org_view=7881,org_changeCycle=0,cur_changeCycle=0,to_view=7882
info|2019-12-12 16:56:57.148936|[g:1][CONSENSUS]addRawPrepare,height=17,reqIdx=2,hash=a30e1ae1...
info|2019-12-12 16:56:57.149130|[g:1][CONSENSUS][PBFT]checkTimeout Succ,view=7882,toView=7883,nodeIdx=3,changeCycle=0,myNode=ae77f5f3...,timecost=0.139
info|2019-12-12 16:56:57.151403|[g:1][CONSENSUS][PBFT]checkAndChangeView: Reach consensus,org_view=7882,org_changeCycle=0,cur_changeCycle=0,to_view=7883
info|2019-12-12 16:56:58.152202|[g:1][CONSENSUS][SEALER]++++++++++++++++ Generating seal on,blkNum=17,tx=0,nodeIdx=3,hash=b8af5a22...
info|2019-12-12 16:56:58.157212|[g:1][CONSENSUS][PBFT]checkTimeout Succ,view=7883,toView=7884,nodeIdx=3,changeCycle=0,myNode=ae77f5f3...,timecost=0.167
info|2019-12-12 16:56:58.157782|[g:1][CONSENSUS][PBFT]checkAndChangeView: Reach consensus,org_view=7883,org_changeCycle=0,cur_changeCycle=0,to_view=7884
info|2019-12-12 16:56:59.156810|[g:1][CONSENSUS]addRawPrepare,height=17,reqIdx=0,hash=75355f4d...
info|2019-12-12 16:56:59.156969|[g:1][CONSENSUS][PBFT]checkTimeout Succ,view=7884,toView=7885,nodeIdx=3,changeCycle=0,myNode=ae77f5f3...,timecost=0.143
info|2019-12-12 16:56:59.158337|[g:1][CONSENSUS][PBFT]checkAndChangeView: Reach consensus,org_view=7884,org_changeCycle=0,cur_changeCycle=0,to_view=7885
info|2019-12-12 16:57:00.161737|[g:1][CONSENSUS]addRawPrepare,height=17,reqIdx=1,hash=7cb37ee1...
info|2019-12-12 16:57:00.161900|[g:1][CONSENSUS][PBFT]checkTimeout Succ,view=7885,toView=7886,nodeIdx=3,changeCycle=0,myNode=ae77f5f3...,timecost=0.145
info|2019-12-12 16:57:00.163685|[g:1][CONSENSUS][PBFT]checkAndChangeView: Reach consensus,org_view=7885,org_changeCycle=0,cur_changeCycle=0,to_view=7886
info|2019-12-12 16:57:01.163962|[g:1][CONSENSUS]addRawPrepare,height=17,reqIdx=2,hash=dcbe55e5...
info|2019-12-12 16:57:01.164165|[g:1][CONSENSUS][PBFT]checkTimeout Succ,view=7886,toView=7887,nodeIdx=3,changeCycle=0,myNode=ae77f5f3...,timecost=0.143
info|2019-12-12 16:57:01.167278|[g:1][CONSENSUS][PBFT]checkAndChangeView: Reach consensus,org_view=7886,org_changeCycle=0,cur_changeCycle=0,to_view=7887
info|2019-12-12 16:57:02.167767|[g:1][CONSENSUS][SEALER]++++++++++++++++ Generating seal on,blkNum=17,tx=0,nodeIdx=3,hash=2bdc53e6...
info|2019-12-12 16:57:02.172095|[g:1][CONSENSUS][PBFT]checkTimeout Succ,view=7887,toView=7888,nodeIdx=3,changeCycle=0,myNode=ae77f5f3...,timecost=0.193
info|2019-12-12 16:57:02.172875|[g:1][CONSENSUS][PBFT]checkAndChangeView: Reach consensus,org_view=7887,org_changeCycle=0,cur_changeCycle=0,to_view=7888
info|2019-12-12 16:57:03.173122|[g:1][CONSENSUS]addRawPrepare,height=17,reqIdx=0,hash=5f2d8cf5...
info|2019-12-12 16:57:03.173289|[g:1][CONSENSUS][PBFT]checkTimeout Succ,view=7888,toView=7889,nodeIdx=3,changeCycle=0,myNode=ae77f5f3...,timecost=0.15
info|2019-12-12 16:57:03.175266|[g:1][CONSENSUS][PBFT]checkAndChangeView: Reach consensus,org_view=7888,org_changeCycle=0,cur_changeCycle=0,to_view=7889
info|2019-12-12 16:57:03.220792|[P2P][Service] heartBeat,connected count=3
info|2019-12-12 16:57:04.176749|[g:1][CONSENSUS]addRawPrepare,height=17,reqIdx=1,hash=7a4259c5...
info|2019-12-12 16:57:04.176912|[g:1][CONSENSUS][PBFT]checkTimeout Succ,view=7889,toView=7890,nodeIdx=3,changeCycle=0,myNode=ae77f5f3...,timecost=0.146
info|2019-12-12 16:57:04.179222|[g:1][CONSENSUS][PBFT]checkAndChangeView: Reach consensus,org_view=7889,org_changeCycle=0,cur_changeCycle=0,to_view=7890
info|2019-12-12 16:57:05.179354|[g:1][CONSENSUS]addRawPrepare,height=17,reqIdx=2,hash=e10dd7d6...
info|2019-12-12 16:57:05.179557|[g:1][CONSENSUS][PBFT]checkTimeout Succ,view=7890,toView=7891,nodeIdx=3,changeCycle=0,myNode=ae77f5f3...,timecost=0.143
info|2019-12-12 16:57:05.182343|[g:1][CONSENSUS][PBFT]checkAndChangeView: Reach consensus,org_view=7890,org_changeCycle=0,cur_changeCycle=0,to_view=7891
info|2019-12-12 16:57:06.182423|[g:1][CONSENSUS][SEALER]++++++++++++++++ Generating seal on,blkNum=17,tx=0,nodeIdx=3,hash=699743f4...
info|2019-12-12 16:57:06.187098|[g:1][CONSENSUS][PBFT]checkTimeout Succ,view=7891,toView=7892,nodeIdx=3,changeCycle=0,myNode=ae77f5f3...,timecost=0.148
info|2019-12-12 16:57:06.187730|[g:1][CONSENSUS][PBFT]checkAndChangeView: Reach consensus,org_view=7891,org_changeCycle=0,cur_changeCycle=0,to_view=7892
info|2019-12-12 16:57:07.188208|[g:1][CONSENSUS]addRawPrepare,height=17,reqIdx=0,hash=b5ef138f...
info|2019-12-12 16:57:07.188426|[g:1][CONSENSUS][PBFT]checkTimeout Succ,view=7892,toView=7893,nodeIdx=3,changeCycle=0,myNode=ae77f5f3...,timecost=0.2
info|2019-12-12 16:57:07.191066|[g:1][CONSENSUS][PBFT]checkAndChangeView: Reach consensus,org_view=7892,org_changeCycle=0,cur_changeCycle=0,to_view=7893
info|2019-12-12 16:57:08.191414|[g:1][CONSENSUS]addRawPrepare,height=17,reqIdx=1,hash=2008c370...
info|2019-12-12 16:57:08.191577|[g:1][CONSENSUS][PBFT]checkTimeout Succ,view=7893,toView=7894,nodeIdx=3,changeCycle=0,myNode=ae77f5f3...,timecost=0.146
info|2019-12-12 16:57:08.192866|[g:1][CONSENSUS][PBFT]checkAndChangeView: Reach consensus,org_view=7893,org_changeCycle=0,cur_changeCycle=0,to_view=7894
info|2019-12-12 16:57:09.195148|[g:1][CONSENSUS]addRawPrepare,height=17,reqIdx=2,hash=cb7db27b...
info|2019-12-12 16:57:09.195375|[g:1][CONSENSUS][PBFT]checkTimeout Succ,view=7894,toView=7895,nodeIdx=3,changeCycle=0,myNode=ae77f5f3...,timecost=0.173
info|2019-12-12 16:57:09.199248|[g:1][CONSENSUS][PBFT]checkAndChangeView: Reach consensus,org_view=7894,org_changeCycle=0,cur_changeCycle=0,to_view=7895
info|2019-12-12 16:57:10.200270|[g:1][CONSENSUS][SEALER]++++++++++++++++ Generating seal on,blkNum=17,tx=0,nodeIdx=3,hash=9d5bcf1e...
info|2019-12-12 16:57:10.204223|[g:1][CONSENSUS][PBFT]checkTimeout Succ,view=7895,toView=7896,nodeIdx=3,changeCycle=0,myNode=ae77f5f3...,timecost=0.141
info|2019-12-12 16:57:10.204855|[g:1][CONSENSUS][PBFT]checkAndChangeView: Reach consensus,org_view=7895,org_changeCycle=0,cur_changeCycle=0,to_view=7896
info|2019-12-12 16:57:11.205466|[g:1][CONSENSUS]addRawPrepare,height=17,reqIdx=0,hash=6f558f5a...
info|2019-12-12 16:57:11.205628|[g:1][CONSENSUS][PBFT]checkTimeout Succ,view=7896,toView=7897,nodeIdx=3,changeCycle=0,myNode=ae77f5f3...,timecost=0.146
info|2019-12-12 16:57:11.206384|[g:1][CONSENSUS][PBFT]checkAndChangeView: Reach consensus,org_view=7896,org_changeCycle=0,cur_changeCycle=0,to_view=7897
info|2019-12-12 16:57:12.210678|[g:1][CONSENSUS]addRawPrepare,height=17,reqIdx=1,hash=5e953865...
info|2019-12-12 16:57:12.210851|[g:1][CONSENSUS][PBFT]checkTimeout Succ,view=7897,toView=7898,nodeIdx=3,changeCycle=0,myNode=ae77f5f3...,timecost=0.157
info|2019-12-12 16:57:12.211060|[g:1][CONSENSUS][PBFT]checkAndChangeView: Reach consensus,org_view=7897,org_changeCycle=0,cur_changeCycle=0,to_view=7898
info|2019-12-12 16:57:13.211807|[g:1][CONSENSUS]addRawPrepare,height=17,reqIdx=2,hash=7dddfe37...
info|2019-12-12 16:57:13.212029|[g:1][CONSENSUS][PBFT]checkTimeout Succ,view=7898,toView=7899,nodeIdx=3,changeCycle=0,myNode=ae77f5f3...,timecost=0.166
info|2019-12-12 16:57:13.214755|[g:1][CONSENSUS][PBFT]checkAndChangeView: Reach consensus,org_view=7898,org_changeCycle=0,cur_changeCycle=0,to_view=7899
info|2019-12-12 16:57:13.220861|[P2P][Service] heartBeat,connected count=3
info|2019-12-12 16:57:14.214863|[g:1][CONSENSUS][SEALER]++++++++++++++++ Generating seal on,blkNum=17,tx=0,nodeIdx=3,hash=9c058085...
info|2019-12-12 16:57:14.219695|[g:1][CONSENSUS][PBFT]checkTimeout Succ,view=7899,toView=7900,nodeIdx=3,changeCycle=0,myNode=ae77f5f3...,timecost=0.144
info|2019-12-12 16:57:14.220344|[g:1][CONSENSUS][PBFT]checkAndChangeView: Reach consensus,org_view=7899,org_changeCycle=0,cur_changeCycle=0,to_view=7900
info|2019-12-12 16:57:15.220303|[g:1][CONSENSUS]addRawPrepare,height=17,reqIdx=0,hash=d6ae427f...
info|2019-12-12 16:57:15.220465|[g:1][CONSENSUS][PBFT]checkTimeout Succ,view=7900,toView=7901,nodeIdx=3,changeCycle=0,myNode=ae77f5f3...,timecost=0.145
info|2019-12-12 16:57:15.222776|[g:1][CONSENSUS][PBFT]checkAndChangeView: Reach consensus,org_view=7900,org_changeCycle=0,cur_changeCycle=0,to_view=7901
info|2019-12-12 16:57:16.225770|[g:1][CONSENSUS]addRawPrepare,height=17,reqIdx=1,hash=029e2aad...
info|2019-12-12 16:57:16.225919|[g:1][CONSENSUS][PBFT]checkTimeout Succ,view=7901,toView=7902,nodeIdx=3,changeCycle=0,myNode=ae77f5f3...,timecost=0.134
info|2019-12-12 16:57:16.227010|[g:1][CONSENSUS][PBFT]checkAndChangeView: Reach consensus,org_view=7901,org_changeCycle=0,cur_changeCycle=0,to_view=7902
info|2019-12-12 16:57:17.228987|[g:1][CONSENSUS]addRawPrepare,height=17,reqIdx=2,hash=dc0cefa7...
info|2019-12-12 16:57:17.229195|[g:1][CONSENSUS][PBFT]checkTimeout Succ,view=7902,toView=7903,nodeIdx=3,changeCycle=0,myNode=ae77f5f3...,timecost=0.159
info|2019-12-12 16:57:17.231774|[g:1][CONSENSUS][PBFT]checkAndChangeView: Reach consensus,org_view=7902,org_changeCycle=0,cur_changeCycle=0,to_view=7903
info|2019-12-12 16:57:18.232195|[g:1][CONSENSUS][SEALER]++++++++++++++++ Generating seal on,blkNum=17,tx=0,nodeIdx=3,hash=5497f5ce...
info|2019-12-12 16:57:18.236654|[g:1][CONSENSUS][PBFT]checkTimeout Succ,view=7903,toView=7904,nodeIdx=3,changeCycle=0,myNode=ae77f5f3...,timecost=0.159
info|2019-12-12 16:57:18.237198|[g:1][CONSENSUS][PBFT]checkAndChangeView: Reach consensus,org_view=7903,org_changeCycle=0,cur_changeCycle=0,to_view=7904
info|2019-12-12 16:57:19.238586|[g:1][CONSENSUS]addRawPrepare,height=17,reqIdx=0,hash=5264e465...
info|2019-12-12 16:57:19.238748|[g:1][CONSENSUS][PBFT]checkTimeout Succ,view=7904,toView=7905,nodeIdx=3,changeCycle=0,myNode=ae77f5f3...,timecost=0.145
info|2019-12-12 16:57:19.239511|[g:1][CONSENSUS][PBFT]checkAndChangeView: Reach consensus,org_view=7904,org_changeCycle=0,cur_changeCycle=0,to_view=7905
info|2019-12-12 16:57:20.241458|[g:1][CONSENSUS]addRawPrepare,height=17,reqIdx=1,hash=fcd0a6a3...
info|2019-12-12 16:57:20.241619|[g:1][CONSENSUS][PBFT]checkTimeout Succ,view=7905,toView=7906,nodeIdx=3,changeCycle=0,myNode=ae77f5f3...,timecost=0.144
info|2019-12-12 16:57:20.243854|[g:1][CONSENSUS][PBFT]checkAndChangeView: Reach consensus,org_view=7905,org_changeCycle=0,cur_changeCycle=0,to_view=7906
info|2019-12-12 16:57:21.244325|[g:1][CONSENSUS]addRawPrepare,height=17,reqIdx=2,hash=efd7af6d...
info|2019-12-12 16:57:21.244526|[g:1][CONSENSUS][PBFT]checkTimeout Succ,view=7906,toView=7907,nodeIdx=3,changeCycle=0,myNode=ae77f5f3...,timecost=0.141
info|2019-12-12 16:57:21.247116|[g:1][CONSENSUS][PBFT]checkAndChangeView: Reach consensus,org_view=7906,org_changeCycle=0,cur_changeCycle=0,to_view=7907
info|2019-12-12 16:57:22.247693|[g:1][CONSENSUS][SEALER]++++++++++++++++ Generating seal on,blkNum=17,tx=0,nodeIdx=3,hash=accfd7d5...
info|2019-12-12 16:57:22.251764|[g:1][CONSENSUS][PBFT]checkTimeout Succ,view=7907,toView=7908,nodeIdx=3,changeCycle=0,myNode=ae77f5f3...,timecost=0.142
info|2019-12-12 16:57:22.252365|[g:1][CONSENSUS][PBFT]checkAndChangeView: Reach consensus,org_view=7907,org_changeCycle=0,cur_changeCycle=0,to_view=7908
info|2019-12-12 16:57:23.221409|[P2P][Service] heartBeat,connected count=3
info|2019-12-12 16:57:23.252494|[g:1][CONSENSUS]addRawPrepare,height=17,reqIdx=0,hash=7781e376...
info|2019-12-12 16:57:23.252654|[g:1][CONSENSUS][PBFT]checkTimeout Succ,view=7908,toView=7909,nodeIdx=3,changeCycle=0,myNode=ae77f5f3...,timecost=0.144
info|2019-12-12 16:57:23.253406|[g:1][CONSENSUS][PBFT]checkAndChangeView: Reach consensus,org_view=7908,org_changeCycle=0,cur_changeCycle=0,to_view=7909
info|2019-12-12 16:57:24.256654|[g:1][CONSENSUS]addRawPrepare,height=17,reqIdx=1,hash=97a1e792...
info|2019-12-12 16:57:24.256835|[g:1][CONSENSUS][PBFT]checkTimeout Succ,view=7909,toView=7910,nodeIdx=3,changeCycle=0,myNode=ae77f5f3...,timecost=0.165
info|2019-12-12 16:57:24.258134|[g:1][CONSENSUS][PBFT]checkAndChangeView: Reach consensus,org_view=7909,org_changeCycle=0,cur_changeCycle=0,to_view=7910
info|2019-12-12 16:57:25.259026|[g:1][CONSENSUS]addRawPrepare,height=17,reqIdx=2,hash=49350581...
info|2019-12-12 16:57:25.259261|[g:1][CONSENSUS][PBFT]checkTimeout Succ,view=7910,toView=7911,nodeIdx=3,changeCycle=0,myNode=ae77f5f3...,timecost=0.174
info|2019-12-12 16:57:25.261656|[g:1][CONSENSUS][PBFT]checkAndChangeView: Reach consensus,org_view=7910,org_changeCycle=0,cur_changeCycle=0,to_view=7911
info|2019-12-12 16:57:26.262411|[g:1][CONSENSUS][SEALER]++++++++++++++++ Generating seal on,blkNum=17,tx=0,nodeIdx=3,hash=7558f36f...
info|2019-12-12 16:57:26.266750|[g:1][CONSENSUS][PBFT]checkTimeout Succ,view=7911,toView=7912,nodeIdx=3,changeCycle=0,myNode=ae77f5f3...,timecost=0.146
info|2019-12-12 16:57:26.267420|[g:1][CONSENSUS][PBFT]checkAndChangeView: Reach consensus,org_view=7911,org_changeCycle=0,cur_changeCycle=0,to_view=7912
info|2019-12-12 16:57:27.268896|[g:1][CONSENSUS]addRawPrepare,height=17,reqIdx=0,hash=08fb7b17...
info|2019-12-12 16:57:27.269059|[g:1][CONSENSUS][PBFT]checkTimeout Succ,view=7912,toView=7913,nodeIdx=3,changeCycle=0,myNode=ae77f5f3...,timecost=0.146
info|2019-12-12 16:57:27.269814|[g:1][CONSENSUS][PBFT]checkAndChangeView: Reach consensus,org_view=7912,org_changeCycle=0,cur_changeCycle=0,to_view=7913
info|2019-12-12 16:57:28.272088|[g:1][CONSENSUS]addRawPrepare,height=17,reqIdx=1,hash=599b6432...
info|2019-12-12 16:57:28.272259|[g:1][CONSENSUS][PBFT]checkTimeout Succ,view=7913,toView=7914,nodeIdx=3,changeCycle=0,myNode=ae77f5f3...,timecost=0.153
info|2019-12-12 16:57:28.273162|[g:1][CONSENSUS][PBFT]checkAndChangeView: Reach consensus,org_view=7913,org_changeCycle=0,cur_changeCycle=0,to_view=7914
info|2019-12-12 16:57:29.276026|[g:1][CONSENSUS]addRawPrepare,height=17,reqIdx=2,hash=003314ee...
info|2019-12-12 16:57:29.276223|[g:1][CONSENSUS][PBFT]checkTimeout Succ,view=7914,toView=7915,nodeIdx=3,changeCycle=0,myNode=ae77f5f3...,timecost=0.14
info|2019-12-12 16:57:29.278895|[g:1][CONSENSUS][PBFT]checkAndChangeView: Reach consensus,org_view=7914,org_changeCycle=0,cur_changeCycle=0,to_view=7915
info|2019-12-12 16:57:30.279654|[g:1][CONSENSUS][SEALER]++++++++++++++++ Generating seal on,blkNum=17,tx=0,nodeIdx=3,hash=7a8e4cad...
info|2019-12-12 16:57:30.284540|[g:1][CONSENSUS][PBFT]checkTimeout Succ,view=7915,toView=7916,nodeIdx=3,changeCycle=0,myNode=ae77f5f3...,timecost=0.132
info|2019-12-12 16:57:30.285018|[g:1][CONSENSUS][PBFT]checkAndChangeView: Reach consensus,org_view=7915,org_changeCycle=0,cur_changeCycle=0,to_view=7916
info|2019-12-12 16:57:31.284261|[g:1][CONSENSUS]addRawPrepare,height=17,reqIdx=0,hash=6de60807...
info|2019-12-12 16:57:31.284442|[g:1][CONSENSUS][PBFT]checkTimeout Succ,view=7916,toView=7917,nodeIdx=3,changeCycle=0,myNode=ae77f5f3...,timecost=0.165
info|2019-12-12 16:57:31.286650|[g:1][CONSENSUS][PBFT]checkAndChangeView: Reach consensus,org_view=7916,org_changeCycle=0,cur_changeCycle=0,to_view=7917
info|2019-12-12 16:57:32.288983|[g:1][CONSENSUS]addRawPrepare,height=17,reqIdx=1,hash=b4d579a8...
info|2019-12-12 16:57:32.289129|[g:1][CONSENSUS][PBFT]checkTimeout Succ,view=7917,toView=7918,nodeIdx=3,changeCycle=0,myNode=ae77f5f3...,timecost=0.131
info|2019-12-12 16:57:32.290180|[g:1][CONSENSUS][PBFT]checkAndChangeView: Reach consensus,org_view=7917,org_changeCycle=0,cur_changeCycle=0,to_view=7918
info|2019-12-12 16:57:33.221743|[P2P][Service] heartBeat,connected count=3
info|2019-12-12 16:57:33.292746|[g:1][CONSENSUS]addRawPrepare,height=17,reqIdx=2,hash=3e6fc43d...
info|2019-12-12 16:57:33.292940|[g:1][CONSENSUS][PBFT]checkTimeout Succ,view=7918,toView=7919,nodeIdx=3,changeCycle=0,myNode=ae77f5f3...,timecost=0.137
info|2019-12-12 16:57:33.296006|[g:1][CONSENSUS][PBFT]checkAndChangeView: Reach consensus,org_view=7918,org_changeCycle=0,cur_changeCycle=0,to_view=7919
info|2019-12-12 16:57:34.297605|[g:1][CONSENSUS][SEALER]++++++++++++++++ Generating seal on,blkNum=17,tx=0,nodeIdx=3,hash=535d3acd...
info|2019-12-12 16:57:34.302046|[g:1][CONSENSUS][PBFT]checkTimeout Succ,view=7919,toView=7920,nodeIdx=3,changeCycle=0,myNode=ae77f5f3...,timecost=0.14
info|2019-12-12 16:57:34.302705|[g:1][CONSENSUS][PBFT]checkAndChangeView: Reach consensus,org_view=7919,org_changeCycle=0,cur_changeCycle=0,to_view=7920
info|2019-12-12 16:57:35.302785|[g:1][CONSENSUS]addRawPrepare,height=17,reqIdx=0,hash=7d656058...
info|2019-12-12 16:57:35.302999|[g:1][CONSENSUS][PBFT]checkTimeout Succ,view=7920,toView=7921,nodeIdx=3,changeCycle=0,myNode=ae77f5f3...,timecost=0.194
info|2019-12-12 16:57:35.305675|[g:1][CONSENSUS][PBFT]checkAndChangeView: Reach consensus,org_view=7920,org_changeCycle=0,cur_changeCycle=0,to_view=7921
info|2019-12-12 16:57:36.306320|[g:1][CONSENSUS]addRawPrepare,height=17,reqIdx=1,hash=fe54f6d5...
info|2019-12-12 16:57:36.306520|[g:1][CONSENSUS][PBFT]checkTimeout Succ,view=7921,toView=7922,nodeIdx=3,changeCycle=0,myNode=ae77f5f3...,timecost=0.15
info|2019-12-12 16:57:36.307795|[g:1][CONSENSUS][PBFT]checkAndChangeView: Reach consensus,org_view=7921,org_changeCycle=0,cur_changeCycle=0,to_view=7922
info|2019-12-12 16:57:37.309804|[g:1][CONSENSUS]addRawPrepare,height=17,reqIdx=2,hash=4987e725...
info|2019-12-12 16:57:37.309997|[g:1][CONSENSUS][PBFT]checkTimeout Succ,view=7922,toView=7923,nodeIdx=3,changeCycle=0,myNode=ae77f5f3...,timecost=0.138
info|2019-12-12 16:57:37.312652|[g:1][CONSENSUS][PBFT]checkAndChangeView: Reach consensus,org_view=7922,org_changeCycle=0,cur_changeCycle=0,to_view=7923
info|2019-12-12 16:57:38.312989|[g:1][CONSENSUS][SEALER]++++++++++++++++ Generating seal on,blkNum=17,tx=0,nodeIdx=3,hash=a59bc2d1...
info|2019-12-12 16:57:38.317622|[g:1][CONSENSUS][PBFT]checkTimeout Succ,view=7923,toView=7924,nodeIdx=3,changeCycle=0,myNode=ae77f5f3...,timecost=0.148
info|2019-12-12 16:57:38.318198|[g:1][CONSENSUS][PBFT]checkAndChangeView: Reach consensus,org_view=7923,org_changeCycle=0,cur_changeCycle=0,to_view=7924
info|2019-12-12 16:57:39.318635|[g:1][CONSENSUS]addRawPrepare,height=17,reqIdx=0,hash=8dabf158...
info|2019-12-12 16:57:39.318832|[g:1][CONSENSUS][PBFT]checkTimeout Succ,view=7924,toView=7925,nodeIdx=3,changeCycle=0,myNode=ae77f5f3...,timecost=0.153
info|2019-12-12 16:57:39.320523|[g:1][CONSENSUS][PBFT]checkAndChangeView: Reach consensus,org_view=7924,org_changeCycle=0,cur_changeCycle=0,to_view=7925
info|2019-12-12 16:57:40.323320|[g:1][CONSENSUS]addRawPrepare,height=17,reqIdx=1,hash=23e0ce7d...
info|2019-12-12 16:57:40.323480|[g:1][CONSENSUS][PBFT]checkTimeout Succ,view=7925,toView=7926,nodeIdx=3,changeCycle=0,myNode=ae77f5f3...,timecost=0.142
info|2019-12-12 16:57:40.325606|[g:1][CONSENSUS][PBFT]checkAndChangeView: Reach consensus,org_view=7925,org_changeCycle=0,cur_changeCycle=0,to_view=7926
info|2019-12-12 16:57:41.326620|[g:1][CONSENSUS]addRawPrepare,height=17,reqIdx=2,hash=eec5a3dd...
info|2019-12-12 16:57:41.326828|[g:1][CONSENSUS][PBFT]checkTimeout Succ,view=7926,toView=7927,nodeIdx=3,changeCycle=0,myNode=ae77f5f3...,timecost=0.141
info|2019-12-12 16:57:41.329811|[g:1][CONSENSUS][PBFT]checkAndChangeView: Reach consensus,org_view=7926,org_changeCycle=0,cur_changeCycle=0,to_view=7927
info|2019-12-12 16:57:42.329691|[g:1][CONSENSUS][SEALER]++++++++++++++++ Generating seal on,blkNum=17,tx=0,nodeIdx=3,hash=9be05b5d...
info|2019-12-12 16:57:42.334308|[g:1][CONSENSUS][PBFT]checkTimeout Succ,view=7927,toView=7928,nodeIdx=3,changeCycle=0,myNode=ae77f5f3...,timecost=0.154
info|2019-12-12 16:57:42.334944|[g:1][CONSENSUS][PBFT]checkAndChangeView: Reach consensus,org_view=7927,org_changeCycle=0,cur_changeCycle=0,to_view=7928
info|2019-12-12 16:57:43.222064|[P2P][Service] heartBeat,connected count=3
info|2019-12-12 16:57:43.339500|[g:1][CONSENSUS]addRawPrepare,height=17,reqIdx=0,hash=deb9c245...
info|2019-12-12 16:57:43.339924|[g:1][CONSENSUS][PBFT]checkTimeout Succ,view=7928,toView=7929,nodeIdx=3,changeCycle=0,myNode=ae77f5f3...,timecost=0.376
info|2019-12-12 16:57:43.344724|[g:1][CONSENSUS][PBFT]checkAndChangeView: Reach consensus,org_view=7928,org_changeCycle=0,cur_changeCycle=0,to_view=7929
info|2019-12-12 16:57:44.352050|[g:1][CONSENSUS]addRawPrepare,height=17,reqIdx=1,hash=9631fd28...
info|2019-12-12 16:57:44.356024|[g:1][CONSENSUS][PBFT]checkTimeout Succ,view=7929,toView=7930,nodeIdx=3,changeCycle=0,myNode=ae77f5f3...,timecost=2.221
info|2019-12-12 16:57:44.357380|[g:1][CONSENSUS][PBFT]checkAndChangeView: Reach consensus,org_view=7929,org_changeCycle=0,cur_changeCycle=0,to_view=7930
info|2019-12-12 16:57:45.361237|[g:1][CONSENSUS]addRawPrepare,height=17,reqIdx=2,hash=d457273b...
info|2019-12-12 16:57:45.361800|[g:1][CONSENSUS][PBFT]checkTimeout Succ,view=7930,toView=7931,nodeIdx=3,changeCycle=0,myNode=ae77f5f3...,timecost=0.435
info|2019-12-12 16:57:45.369188|[g:1][CONSENSUS][PBFT]checkAndChangeView: Reach consensus,org_view=7930,org_changeCycle=0,cur_changeCycle=0,to_view=7931
info|2019-12-12 16:57:46.370245|[g:1][CONSENSUS][SEALER]++++++++++++++++ Generating seal on,blkNum=17,tx=0,nodeIdx=3,hash=92200dc4...
info|2019-12-12 16:57:46.377757|[g:1][CONSENSUS][PBFT]checkTimeout Succ,view=7931,toView=7932,nodeIdx=3,changeCycle=0,myNode=ae77f5f3...,timecost=0.148
info|2019-12-12 16:57:46.378384|[g:1][CONSENSUS][PBFT]checkAndChangeView: Reach consensus,org_view=7931,org_changeCycle=0,cur_changeCycle=0,to_view=7932
info|2019-12-12 16:57:47.383739|[g:1][CONSENSUS]addRawPrepare,height=17,reqIdx=0,hash=41fb1c3b...
info|2019-12-12 16:57:47.384746|[g:1][CONSENSUS][PBFT]checkTimeout Succ,view=7932,toView=7933,nodeIdx=3,changeCycle=0,myNode=ae77f5f3...,timecost=0.956
info|2019-12-12 16:57:47.389575|[g:1][CONSENSUS][PBFT]checkAndChangeView: Reach consensus,org_view=7932,org_changeCycle=0,cur_changeCycle=0,to_view=7933
info|2019-12-12 16:57:48.397190|[g:1][CONSENSUS]addRawPrepare,height=17,reqIdx=1,hash=5fc3c83c...
info|2019-12-12 16:57:48.399110|[g:1][CONSENSUS][PBFT]checkTimeout Succ,view=7933,toView=7934,nodeIdx=3,changeCycle=0,myNode=ae77f5f3...,timecost=1.821
info|2019-12-12 16:57:48.400327|[g:1][CONSENSUS][PBFT]checkAndChangeView: Reach consensus,org_view=7933,org_changeCycle=0,cur_changeCycle=0,to_view=7934
info|2019-12-12 16:57:49.402338|[g:1][CONSENSUS]addRawPrepare,height=17,reqIdx=2,hash=bdca35f7...
info|2019-12-12 16:57:49.402610|[g:1][CONSENSUS][PBFT]checkTimeout Succ,view=7934,toView=7935,nodeIdx=3,changeCycle=0,myNode=ae77f5f3...,timecost=0.199
info|2019-12-12 16:57:49.406138|[g:1][CONSENSUS][PBFT]checkAndChangeView: Reach consensus,org_view=7934,org_changeCycle=0,cur_changeCycle=0,to_view=7935
info|2019-12-12 16:57:50.408016|[g:1][CONSENSUS][SEALER]++++++++++++++++ Generating seal on,blkNum=17,tx=0,nodeIdx=3,hash=24a74dcf...
info|2019-12-12 16:57:50.421708|[g:1][CONSENSUS][PBFT]checkTimeout Succ,view=7935,toView=7936,nodeIdx=3,changeCycle=0,myNode=ae77f5f3...,timecost=0.206
info|2019-12-12 16:57:50.422339|[g:1][CONSENSUS][PBFT]checkAndChangeView: Reach consensus,org_view=7935,org_changeCycle=0,cur_changeCycle=0,to_view=7936
info|2019-12-12 16:57:51.423165|[g:1][CONSENSUS]addRawPrepare,height=17,reqIdx=0,hash=3cae4cd1...
info|2019-12-12 16:57:51.423370|[g:1][CONSENSUS][PBFT]checkTimeout Succ,view=7936,toView=7937,nodeIdx=3,changeCycle=0,myNode=ae77f5f3...,timecost=0.182
info|2019-12-12 16:57:51.425032|[g:1][CONSENSUS][PBFT]checkAndChangeView: Reach consensus,org_view=7936,org_changeCycle=0,cur_changeCycle=0,to_view=7937
info|2019-12-12 16:57:52.429104|[g:1][CONSENSUS]addRawPrepare,height=17,reqIdx=1,hash=9707fb8c...
info|2019-12-12 16:57:52.429358|[g:1][CONSENSUS][PBFT]checkTimeout Succ,view=7937,toView=7938,nodeIdx=3,changeCycle=0,myNode=ae77f5f3...,timecost=0.228
info|2019-12-12 16:57:52.431538|[g:1][CONSENSUS][PBFT]checkAndChangeView: Reach consensus,org_view=7937,org_changeCycle=0,cur_changeCycle=0,to_view=7938
info|2019-12-12 16:57:53.222301|[P2P][Service] heartBeat,connected count=3
info|2019-12-12 16:57:53.433233|[g:1][CONSENSUS]addRawPrepare,height=17,reqIdx=2,hash=9fb13ab1...
info|2019-12-12 16:57:53.433799|[g:1][CONSENSUS][PBFT]checkTimeout Succ,view=7938,toView=7939,nodeIdx=3,changeCycle=0,myNode=ae77f5f3...,timecost=0.381
info|2019-12-12 16:57:53.442848|[g:1][CONSENSUS][PBFT]checkAndChangeView: Reach consensus,org_view=7938,org_changeCycle=0,cur_changeCycle=0,to_view=7939
info|2019-12-12 16:57:54.443436|[g:1][CONSENSUS][SEALER]++++++++++++++++ Generating seal on,blkNum=17,tx=0,nodeIdx=3,hash=57313d60...
info|2019-12-12 16:57:54.455434|[g:1][CONSENSUS][PBFT]checkTimeout Succ,view=7939,toView=7940,nodeIdx=3,changeCycle=0,myNode=ae77f5f3...,timecost=0.149
info|2019-12-12 16:57:54.456019|[g:1][CONSENSUS][PBFT]checkAndChangeView: Reach consensus,org_view=7939,org_changeCycle=0,cur_changeCycle=0,to_view=7940
info|2019-12-12 16:57:55.464063|[g:1][CONSENSUS]addRawPrepare,height=17,reqIdx=0,hash=bb4edc1c...
info|2019-12-12 16:57:55.468654|[g:1][CONSENSUS][PBFT]checkTimeout Succ,view=7940,toView=7941,nodeIdx=3,changeCycle=0,myNode=ae77f5f3...,timecost=3.315
info|2019-12-12 16:57:55.469389|[g:1][CONSENSUS][PBFT]checkAndChangeView: Reach consensus,org_view=7940,org_changeCycle=0,cur_changeCycle=0,to_view=7941
info|2019-12-12 16:57:56.479542|[g:1][CONSENSUS]addRawPrepare,height=17,reqIdx=1,hash=434d4124...
info|2019-12-12 16:57:56.479894|[g:1][CONSENSUS][PBFT]checkTimeout Succ,view=7941,toView=7942,nodeIdx=3,changeCycle=0,myNode=ae77f5f3...,timecost=0.313
info|2019-12-12 16:57:56.481105|[g:1][CONSENSUS][PBFT]checkAndChangeView: Reach consensus,org_view=7941,org_changeCycle=0,cur_changeCycle=0,to_view=7942
info|2019-12-12 16:57:57.485116|[g:1][CONSENSUS]addRawPrepare,height=17,reqIdx=2,hash=1d38b5d8...
info|2019-12-12 16:57:57.485776|[g:1][CONSENSUS][PBFT]checkTimeout Succ,view=7942,toView=7943,nodeIdx=3,changeCycle=0,myNode=ae77f5f3...,timecost=0.489
info|2019-12-12 16:57:57.493456|[g:1][CONSENSUS][PBFT]checkAndChangeView: Reach consensus,org_view=7942,org_changeCycle=0,cur_changeCycle=0,to_view=7943
info|2019-12-12 16:57:58.494509|[g:1][CONSENSUS][SEALER]++++++++++++++++ Generating seal on,blkNum=17,tx=0,nodeIdx=3,hash=d65575c0...
info|2019-12-12 16:57:58.499778|[g:1][CONSENSUS][PBFT]checkTimeout Succ,view=7943,toView=7944,nodeIdx=3,changeCycle=0,myNode=ae77f5f3...,timecost=0.191
info|2019-12-12 16:57:58.500500|[g:1][CONSENSUS][PBFT]checkAndChangeView: Reach consensus,org_view=7943,org_changeCycle=0,cur_changeCycle=0,to_view=7944
info|2019-12-12 16:57:59.500899|[g:1][CONSENSUS]addRawPrepare,height=17,reqIdx=0,hash=1a09a8da...
info|2019-12-12 16:57:59.501238|[g:1][CONSENSUS][PBFT]checkTimeout Succ,view=7944,toView=7945,nodeIdx=3,changeCycle=0,myNode=ae77f5f3...,timecost=0.301
info|2019-12-12 16:57:59.505011|[g:1][CONSENSUS][PBFT]checkAndChangeView: Reach consensus,org_view=7944,org_changeCycle=0,cur_changeCycle=0,to_view=7945
info|2019-12-12 16:58:00.510706|[g:1][CONSENSUS]addRawPrepare,height=17,reqIdx=1,hash=05efdd8a...
info|2019-12-12 16:58:00.513035|[g:1][CONSENSUS][PBFT]checkTimeout Succ,view=7945,toView=7946,nodeIdx=3,changeCycle=0,myNode=ae77f5f3...,timecost=2.167
info|2019-12-12 16:58:00.514471|[g:1][CONSENSUS][PBFT]checkAndChangeView: Reach consensus,org_view=7945,org_changeCycle=0,cur_changeCycle=0,to_view=7946
info|2019-12-12 16:58:01.518156|[g:1][CONSENSUS]addRawPrepare,height=17,reqIdx=2,hash=4fd12dda...
info|2019-12-12 16:58:01.527361|[g:1][CONSENSUS][PBFT]checkTimeout Succ,view=7946,toView=7947,nodeIdx=3,changeCycle=0,myNode=ae77f5f3...,timecost=8.996
info|2019-12-12 16:58:01.531353|[g:1][CONSENSUS][PBFT]checkAndChangeView: Reach consensus,org_view=7946,org_changeCycle=0,cur_changeCycle=0,to_view=7947
info|2019-12-12 16:58:02.534604|[g:1][CONSENSUS][SEALER]++++++++++++++++ Generating seal on,blkNum=17,tx=0,nodeIdx=3,hash=863f40c8...
info|2019-12-12 16:58:02.539380|[g:1][CONSENSUS][PBFT]checkTimeout Succ,view=7947,toView=7948,nodeIdx=3,changeCycle=0,myNode=ae77f5f3...,timecost=0.155
info|2019-12-12 16:58:02.540020|[g:1][CONSENSUS][PBFT]checkAndChangeView: Reach consensus,org_view=7947,org_changeCycle=0,cur_changeCycle=0,to_view=7948
info|2019-12-12 16:58:03.223041|[P2P][Service] heartBeat,connected count=3
info|2019-12-12 16:58:03.549327|[g:1][CONSENSUS]addRawPrepare,height=17,reqIdx=0,hash=ea1b9e86...
info|2019-12-12 16:58:03.551492|[g:1][CONSENSUS][PBFT]checkTimeout Succ,view=7948,toView=7949,nodeIdx=3,changeCycle=0,myNode=ae77f5f3...,timecost=1.879
info|2019-12-12 16:58:03.552653|[g:1][CONSENSUS][PBFT]checkAndChangeView: Reach consensus,org_view=7948,org_changeCycle=0,cur_changeCycle=0,to_view=7949
info|2019-12-12 16:58:04.563093|[g:1][CONSENSUS]addRawPrepare,height=17,reqIdx=1,hash=a9d9bb9b...
info|2019-12-12 16:58:04.566133|[g:1][CONSENSUS][PBFT]checkTimeout Succ,view=7949,toView=7950,nodeIdx=3,changeCycle=0,myNode=ae77f5f3...,timecost=2.952
info|2019-12-12 16:58:04.570092|[g:1][CONSENSUS][PBFT]checkAndChangeView: Reach consensus,org_view=7949,org_changeCycle=0,cur_changeCycle=0,to_view=7950
info|2019-12-12 16:58:05.577632|[g:1][CONSENSUS]addRawPrepare,height=17,reqIdx=2,hash=39ba7888...
info|2019-12-12 16:58:05.585704|[g:1][CONSENSUS][PBFT]checkTimeout Succ,view=7950,toView=7951,nodeIdx=3,changeCycle=0,myNode=ae77f5f3...,timecost=7.907
info|2019-12-12 16:58:05.589389|[g:1][CONSENSUS][PBFT]checkAndChangeView: Reach consensus,org_view=7950,org_changeCycle=0,cur_changeCycle=0,to_view=7951
info|2019-12-12 16:58:06.592090|[g:1][CONSENSUS][SEALER]++++++++++++++++ Generating seal on,blkNum=17,tx=0,nodeIdx=3,hash=b1db6c15...
info|2019-12-12 16:58:06.596948|[g:1][CONSENSUS][PBFT]checkTimeout Succ,view=7951,toView=7952,nodeIdx=3,changeCycle=0,myNode=ae77f5f3...,timecost=0.161
info|2019-12-12 16:58:06.597699|[g:1][CONSENSUS][PBFT]checkAndChangeView: Reach consensus,org_view=7951,org_changeCycle=0,cur_changeCycle=0,to_view=7952
info|2019-12-12 16:58:07.602387|[g:1][CONSENSUS]addRawPrepare,height=17,reqIdx=0,hash=8fccaead...
info|2019-12-12 16:58:07.603941|[g:1][CONSENSUS][PBFT]checkTimeout Succ,view=7952,toView=7953,nodeIdx=3,changeCycle=0,myNode=ae77f5f3...,timecost=1.505
info|2019-12-12 16:58:07.607196|[g:1][CONSENSUS][PBFT]checkAndChangeView: Reach consensus,org_view=7952,org_changeCycle=0,cur_changeCycle=0,to_view=7953
info|2019-12-12 16:58:08.613041|[g:1][CONSENSUS]addRawPrepare,height=17,reqIdx=1,hash=fb3253e8...
info|2019-12-12 16:58:08.613208|[g:1][CONSENSUS][PBFT]checkTimeout Succ,view=7953,toView=7954,nodeIdx=3,changeCycle=0,myNode=ae77f5f3...,timecost=0.15
info|2019-12-12 16:58:08.613423|[g:1][CONSENSUS][PBFT]checkAndChangeView: Reach consensus,org_view=7953,org_changeCycle=0,cur_changeCycle=0,to_view=7954
info|2019-12-12 16:58:09.615143|[g:1][CONSENSUS]addRawPrepare,height=17,reqIdx=2,hash=add72064...
info|2019-12-12 16:58:09.615336|[g:1][CONSENSUS][PBFT]checkTimeout Succ,view=7954,toView=7955,nodeIdx=3,changeCycle=0,myNode=ae77f5f3...,timecost=0.14
info|2019-12-12 16:58:09.618290|[g:1][CONSENSUS][PBFT]checkAndChangeView: Reach consensus,org_view=7954,org_changeCycle=0,cur_changeCycle=0,to_view=7955
info|2019-12-12 16:58:10.618900|[g:1][CONSENSUS][SEALER]++++++++++++++++ Generating seal on,blkNum=17,tx=0,nodeIdx=3,hash=1b6ffe37...
info|2019-12-12 16:58:10.623128|[g:1][CONSENSUS][PBFT]checkTimeout Succ,view=7955,toView=7956,nodeIdx=3,changeCycle=0,myNode=ae77f5f3...,timecost=0.16
info|2019-12-12 16:58:10.623769|[g:1][CONSENSUS][PBFT]checkAndChangeView: Reach consensus,org_view=7955,org_changeCycle=0,cur_changeCycle=0,to_view=7956
info|2019-12-12 16:58:11.626177|[g:1][CONSENSUS]addRawPrepare,height=17,reqIdx=0,hash=6de9a36c...
info|2019-12-12 16:58:11.629170|[g:1][CONSENSUS][PBFT]checkTimeout Succ,view=7956,toView=7957,nodeIdx=3,changeCycle=0,myNode=ae77f5f3...,timecost=2.937
info|2019-12-12 16:58:11.632283|[g:1][CONSENSUS][PBFT]checkAndChangeView: Reach consensus,org_view=7956,org_changeCycle=0,cur_changeCycle=0,to_view=7957
info|2019-12-12 16:58:12.634790|[g:1][CONSENSUS]addRawPrepare,height=17,reqIdx=1,hash=39af2687...
info|2019-12-12 16:58:12.634958|[g:1][CONSENSUS][PBFT]checkTimeout Succ,view=7957,toView=7958,nodeIdx=3,changeCycle=0,myNode=ae77f5f3...,timecost=0.15
info|2019-12-12 16:58:12.637570|[g:1][CONSENSUS][PBFT]checkAndChangeView: Reach consensus,org_view=7957,org_changeCycle=0,cur_changeCycle=0,to_view=7958
info|2019-12-12 16:58:13.223611|[P2P][Service] heartBeat,connected count=3
info|2019-12-12 16:58:13.639073|[g:1][CONSENSUS]addRawPrepare,height=17,reqIdx=2,hash=a8713269...
info|2019-12-12 16:58:13.639541|[g:1][CONSENSUS][PBFT]checkTimeout Succ,view=7958,toView=7959,nodeIdx=3,changeCycle=0,myNode=ae77f5f3...,timecost=0.353
info|2019-12-12 16:58:13.643129|[g:1][CONSENSUS][PBFT]checkAndChangeView: Reach consensus,org_view=7958,org_changeCycle=0,cur_changeCycle=0,to_view=7959
info|2019-12-12 16:58:14.643744|[g:1][CONSENSUS][SEALER]++++++++++++++++ Generating seal on,blkNum=17,tx=0,nodeIdx=3,hash=5ff38242...
info|2019-12-12 16:58:14.651672|[g:1][CONSENSUS][PBFT]checkTimeout Succ,view=7959,toView=7960,nodeIdx=3,changeCycle=0,myNode=ae77f5f3...,timecost=0.219
info|2019-12-12 16:58:14.652638|[g:1][CONSENSUS][PBFT]checkAndChangeView: Reach consensus,org_view=7959,org_changeCycle=0,cur_changeCycle=0,to_view=7960
info|2019-12-12 16:58:15.660409|[g:1][CONSENSUS]addRawPrepare,height=17,reqIdx=0,hash=d075f553...
info|2019-12-12 16:58:15.664420|[g:1][CONSENSUS][PBFT]checkTimeout Succ,view=7960,toView=7961,nodeIdx=3,changeCycle=0,myNode=ae77f5f3...,timecost=3.731
info|2019-12-12 16:58:15.844511|[g:1][CONSENSUS][PBFT]checkAndChangeView: Reach consensus,org_view=7960,org_changeCycle=0,cur_changeCycle=0,to_view=7961
info|2019-12-12 16:58:16.839926|[g:1][CONSENSUS]addRawPrepare,height=17,reqIdx=1,hash=17a9edda...
info|2019-12-12 16:58:16.849057|[g:1][CONSENSUS][PBFT]checkTimeout Succ,view=7961,toView=7962,nodeIdx=3,changeCycle=0,myNode=ae77f5f3...,timecost=6.874
info|2019-12-12 16:58:16.872666|[g:1][CONSENSUS][PBFT]checkAndChangeView: Reach consensus,org_view=7961,org_changeCycle=0,cur_changeCycle=0,to_view=7962
info|2019-12-12 16:58:17.869421|[g:1][CONSENSUS]addRawPrepare,height=17,reqIdx=2,hash=cfddef7d...
info|2019-12-12 16:58:17.870231|[g:1][CONSENSUS][PBFT]checkTimeout Succ,view=7962,toView=7963,nodeIdx=3,changeCycle=0,myNode=ae77f5f3...,timecost=0.735
info|2019-12-12 16:58:17.887197|[g:1][CONSENSUS][PBFT]checkAndChangeView: Reach consensus,org_view=7962,org_changeCycle=0,cur_changeCycle=0,to_view=7963
info|2019-12-12 16:58:18.888517|[g:1][CONSENSUS][SEALER]++++++++++++++++ Generating seal on,blkNum=17,tx=0,nodeIdx=3,hash=0f5b386a...
info|2019-12-12 16:58:18.907634|[g:1][CONSENSUS][PBFT]checkTimeout Succ,view=7963,toView=7964,nodeIdx=3,changeCycle=0,myNode=ae77f5f3...,timecost=0.562
info|2019-12-12 16:58:18.911338|[g:1][CONSENSUS][PBFT]checkAndChangeView: Reach consensus,org_view=7963,org_changeCycle=0,cur_changeCycle=0,to_view=7964
info|2019-12-12 16:58:19.915927|[g:1][CONSENSUS]addRawPrepare,height=17,reqIdx=0,hash=a4fb72c5...
info|2019-12-12 16:58:19.916104|[g:1][CONSENSUS][PBFT]checkTimeout Succ,view=7964,toView=7965,nodeIdx=3,changeCycle=0,myNode=ae77f5f3...,timecost=0.16
info|2019-12-12 16:58:19.916973|[g:1][CONSENSUS][PBFT]checkAndChangeView: Reach consensus,org_view=7964,org_changeCycle=0,cur_changeCycle=0,to_view=7965
info|2019-12-12 16:58:20.944451|[g:1][CONSENSUS]addRawPrepare,height=17,reqIdx=1,hash=8bdf6a0a...
info|2019-12-12 16:58:20.960369|[g:1][CONSENSUS][PBFT]checkTimeout Succ,view=7965,toView=7966,nodeIdx=3,changeCycle=0,myNode=ae77f5f3...,timecost=15.929
info|2019-12-12 16:58:21.049390|[g:1][CONSENSUS][PBFT]checkAndChangeView: Reach consensus,org_view=7965,org_changeCycle=0,cur_changeCycle=0,to_view=7966
info|2019-12-12 16:58:22.049875|[g:1][CONSENSUS]addRawPrepare,height=17,reqIdx=2,hash=54364db0...
info|2019-12-12 16:58:22.050190|[g:1][CONSENSUS][PBFT]checkTimeout Succ,view=7966,toView=7967,nodeIdx=3,changeCycle=0,myNode=ae77f5f3...,timecost=0.217
info|2019-12-12 16:58:22.054170|[g:1][CONSENSUS][PBFT]checkAndChangeView: Reach consensus,org_view=7966,org_changeCycle=0,cur_changeCycle=0,to_view=7967
info|2019-12-12 16:58:23.054996|[g:1][CONSENSUS][SEALER]++++++++++++++++ Generating seal on,blkNum=17,tx=0,nodeIdx=3,hash=81829f32...
info|2019-12-12 16:58:23.058563|[g:1][CONSENSUS][PBFT]checkTimeout Succ,view=7967,toView=7968,nodeIdx=3,changeCycle=0,myNode=ae77f5f3...,timecost=0.133
info|2019-12-12 16:58:23.059003|[g:1][CONSENSUS][PBFT]checkAndChangeView: Reach consensus,org_view=7967,org_changeCycle=0,cur_changeCycle=0,to_view=7968
info|2019-12-12 16:58:23.224176|[P2P][Service] heartBeat,connected count=3
info|2019-12-12 16:58:24.070180|[g:1][CONSENSUS]addRawPrepare,height=17,reqIdx=0,hash=22d52f89...
info|2019-12-12 16:58:24.073499|[g:1][CONSENSUS][PBFT]checkTimeout Succ,view=7968,toView=7969,nodeIdx=3,changeCycle=0,myNode=ae77f5f3...,timecost=3.32
info|2019-12-12 16:58:24.087624|[g:1][CONSENSUS][PBFT]checkAndChangeView: Reach consensus,org_view=7968,org_changeCycle=0,cur_changeCycle=0,to_view=7969
info|2019-12-12 16:58:25.091970|[g:1][CONSENSUS]addRawPrepare,height=17,reqIdx=1,hash=f7704fc6...
info|2019-12-12 16:58:25.092122|[g:1][CONSENSUS][PBFT]checkTimeout Succ,view=7969,toView=7970,nodeIdx=3,changeCycle=0,myNode=ae77f5f3...,timecost=0.137
info|2019-12-12 16:58:25.094098|[g:1][CONSENSUS][PBFT]checkAndChangeView: Reach consensus,org_view=7969,org_changeCycle=0,cur_changeCycle=0,to_view=7970
info|2019-12-12 16:58:26.093777|[g:1][CONSENSUS]addRawPrepare,height=17,reqIdx=2,hash=b989f58a...
info|2019-12-12 16:58:26.093973|[g:1][CONSENSUS][PBFT]checkTimeout Succ,view=7970,toView=7971,nodeIdx=3,changeCycle=0,myNode=ae77f5f3...,timecost=0.142
info|2019-12-12 16:58:26.097010|[g:1][CONSENSUS][PBFT]checkAndChangeView: Reach consensus,org_view=7970,org_changeCycle=0,cur_changeCycle=0,to_view=7971
info|2019-12-12 16:58:27.097853|[g:1][CONSENSUS][SEALER]++++++++++++++++ Generating seal on,blkNum=17,tx=0,nodeIdx=3,hash=872ff8de...
info|2019-12-12 16:58:27.103380|[g:1][CONSENSUS][PBFT]checkTimeout Succ,view=7971,toView=7972,nodeIdx=3,changeCycle=0,myNode=ae77f5f3...,timecost=0.17
info|2019-12-12 16:58:27.104449|[g:1][CONSENSUS][PBFT]checkAndChangeView: Reach consensus,org_view=7971,org_changeCycle=0,cur_changeCycle=0,to_view=7972
info|2019-12-12 16:58:28.105270|[g:1][CONSENSUS]addRawPrepare,height=17,reqIdx=0,hash=33541517...
info|2019-12-12 16:58:28.105472|[g:1][CONSENSUS][PBFT]checkTimeout Succ,view=7972,toView=7973,nodeIdx=3,changeCycle=0,myNode=ae77f5f3...,timecost=0.185
info|2019-12-12 16:58:28.108112|[g:1][CONSENSUS][PBFT]checkAndChangeView: Reach consensus,org_view=7972,org_changeCycle=0,cur_changeCycle=0,to_view=7973
info|2019-12-12 16:58:29.110285|[g:1][CONSENSUS]addRawPrepare,height=17,reqIdx=1,hash=9192136c...
info|2019-12-12 16:58:29.110452|[g:1][CONSENSUS][PBFT]checkTimeout Succ,view=7973,toView=7974,nodeIdx=3,changeCycle=0,myNode=ae77f5f3...,timecost=0.147
info|2019-12-12 16:58:29.112720|[g:1][CONSENSUS][PBFT]checkAndChangeView: Reach consensus,org_view=7973,org_changeCycle=0,cur_changeCycle=0,to_view=7974
info|2019-12-12 16:58:30.113056|[g:1][CONSENSUS]addRawPrepare,height=17,reqIdx=2,hash=67ddd512...
info|2019-12-12 16:58:30.113257|[g:1][CONSENSUS][PBFT]checkTimeout Succ,view=7974,toView=7975,nodeIdx=3,changeCycle=0,myNode=ae77f5f3...,timecost=0.142
info|2019-12-12 16:58:30.115892|[g:1][CONSENSUS][PBFT]checkAndChangeView: Reach consensus,org_view=7974,org_changeCycle=0,cur_changeCycle=0,to_view=7975
info|2019-12-12 16:58:31.116484|[g:1][CONSENSUS][SEALER]++++++++++++++++ Generating seal on,blkNum=17,tx=0,nodeIdx=3,hash=1d6c437f...
info|2019-12-12 16:58:31.120816|[g:1][CONSENSUS][PBFT]checkTimeout Succ,view=7975,toView=7976,nodeIdx=3,changeCycle=0,myNode=ae77f5f3...,timecost=0.146
info|2019-12-12 16:58:31.121442|[g:1][CONSENSUS][PBFT]checkAndChangeView: Reach consensus,org_view=7975,org_changeCycle=0,cur_changeCycle=0,to_view=7976
info|2019-12-12 16:58:32.121463|[g:1][CONSENSUS]addRawPrepare,height=17,reqIdx=0,hash=9b081135...
info|2019-12-12 16:58:32.121633|[g:1][CONSENSUS][PBFT]checkTimeout Succ,view=7976,toView=7977,nodeIdx=3,changeCycle=0,myNode=ae77f5f3...,timecost=0.15
info|2019-12-12 16:58:32.123747|[g:1][CONSENSUS][PBFT]checkAndChangeView: Reach consensus,org_view=7976,org_changeCycle=0,cur_changeCycle=0,to_view=7977
