info|2019-12-12 20:00:00.773462|[g:1][CONSENSUS][SEALER]++++++++++++++++ Generating seal on,blkNum=17,tx=0,nodeIdx=3,hash=c7a8c31d...
info|2019-12-12 20:00:00.777948|[g:1][CONSENSUS][PBFT]checkTimeout Succ,view=8063,toView=8064,nodeIdx=3,changeCycle=0,myNode=ae77f5f3...,timecost=0.15
info|2019-12-12 20:00:00.778958|[g:1][CONSENSUS][PBFT]checkAndChangeView: Reach consensus,org_view=8063,org_changeCycle=0,cur_changeCycle=0,to_view=8064
info|2019-12-12 20:00:01.779531|[g:1][CONSENSUS]addRawPrepare,height=17,reqIdx=0,hash=4c224d0c...
info|2019-12-12 20:00:01.779718|[g:1][CONSENSUS][PBFT]checkTimeout Succ,view=8064,toView=8065,nodeIdx=3,changeCycle=0,myNode=ae77f5f3...,timecost=0.164
info|2019-12-12 20:00:01.780660|[g:1][CONSENSUS][PBFT]checkAndChangeView: Reach consensus,org_view=8064,org_changeCycle=0,cur_changeCycle=0,to_view=8065
info|2019-12-12 20:00:02.783453|[g:1][CONSENSUS]addRawPrepare,height=17,reqIdx=1,hash=3653e1b7...
info|2019-12-12 20:00:02.783684|[g:1][CONSENSUS][PBFT]checkTimeout Succ,view=8065,toView=8066,nodeIdx=3,changeCycle=0,myNode=ae77f5f3...,timecost=0.213
info|2019-12-12 20:00:02.785977|[g:1][CONSENSUS][PBFT]checkAndChangeView: Reach consensus,org_view=8065,org_changeCycle=0,cur_changeCycle=0,to_view=8066
info|2019-12-12 20:00:03.787613|[g:1][CONSENSUS]addRawPrepare,height=17,reqIdx=2,hash=c62e9cdb...
info|2019-12-12 20:00:03.787823|[g:1][CONSENSUS][PBFT]checkTimeout Succ,view=8066,toView=8067,nodeIdx=3,changeCycle=0,myNode=ae77f5f3...,timecost=0.151
info|2019-12-12 20:00:03.790305|[g:1][CONSENSUS][PBFT]checkAndChangeView: Reach consensus,org_view=8066,org_changeCycle=0,cur_changeCycle=0,to_view=8067
info|2019-12-12 20:00:04.541766|[P2P][Service] heartBeat,connected count=3
info|2019-12-12 20:00:04.790559|[g:1][CONSENSUS][SEALER]++++++++++++++++ Generating seal on,blkNum=17,tx=0,nodeIdx=3,hash=e54b1a0c...
info|2019-12-12 20:00:04.796022|[g:1][CONSENSUS][PBFT]checkTimeout Succ,view=8067,toView=8068,nodeIdx=3,changeCycle=0,myNode=ae77f5f3...,timecost=0.174
info|2019-12-12 20:00:04.796597|[g:1][CONSENSUS][PBFT]checkAndChangeView: Reach consensus,org_view=8067,org_changeCycle=0,cur_changeCycle=0,to_view=8068
info|2019-12-12 20:00:05.799492|[g:1][CONSENSUS]addRawPrepare,height=17,reqIdx=0,hash=ae265f83...
info|2019-12-12 20:00:05.801760|[g:1][CONSENSUS][PBFT]checkTimeout Succ,view=8068,toView=8069,nodeIdx=3,changeCycle=0,myNode=ae77f5f3...,timecost=2.208
info|2019-12-12 20:00:05.806573|[g:1][CONSENSUS][PBFT]checkAndChangeView: Reach consensus,org_view=8068,org_changeCycle=0,cur_changeCycle=0,to_view=8069
info|2019-12-12 20:00:06.815981|[g:1][CONSENSUS]addRawPrepare,height=17,reqIdx=1,hash=29d0a553...
info|2019-12-12 20:00:06.818981|[g:1][CONSENSUS][PBFT]checkTimeout Succ,view=8069,toView=8070,nodeIdx=3,changeCycle=0,myNode=ae77f5f3...,timecost=2.928
info|2019-12-12 20:00:06.824382|[g:1][CONSENSUS][PBFT]checkAndChangeView: Reach consensus,org_view=8069,org_changeCycle=0,cur_changeCycle=0,to_view=8070
info|2019-12-12 20:00:07.828407|[g:1][CONSENSUS]addRawPrepare,height=17,reqIdx=2,hash=d11d810e...
info|2019-12-12 20:00:07.831533|[g:1][CONSENSUS][PBFT]checkTimeout Succ,view=8070,toView=8071,nodeIdx=3,changeCycle=0,myNode=ae77f5f3...,timecost=2.909
info|2019-12-12 20:00:07.833607|[g:1][CONSENSUS][PBFT]checkAndChangeView: Reach consensus,org_view=8070,org_changeCycle=0,cur_changeCycle=0,to_view=8071
info|2019-12-12 20:00:08.834793|[g:1][CONSENSUS][SEALER]++++++++++++++++ Generating seal on,blkNum=17,tx=0,nodeIdx=3,hash=70984b81...
info|2019-12-12 20:00:08.841215|[g:1][CONSENSUS][PBFT]checkTimeout Succ,view=8071,toView=8072,nodeIdx=3,changeCycle=0,myNode=ae77f5f3...,timecost=0.239
info|2019-12-12 20:00:08.842372|[g:1][CONSENSUS][PBFT]checkAndChangeView: Reach consensus,org_view=8071,org_changeCycle=0,cur_changeCycle=0,to_view=8072
info|2019-12-12 20:00:09.843737|[g:1][CONSENSUS]addRawPrepare,height=17,reqIdx=0,hash=51f7ca17...
info|2019-12-12 20:00:09.844147|[g:1][CONSENSUS][PBFT]checkTimeout Succ,view=8072,toView=8073,nodeIdx=3,changeCycle=0,myNode=ae77f5f3...,timecost=0.375
info|2019-12-12 20:00:09.849421|[g:1][CONSENSUS][PBFT]checkAndChangeView: Reach consensus,org_view=8072,org_changeCycle=0,cur_changeCycle=0,to_view=8073
info|2019-12-12 20:00:10.854674|[g:1][CONSENSUS]addRawPrepare,height=17,reqIdx=1,hash=7b99c73b...
info|2019-12-12 20:00:10.855097|[g:1][CONSENSUS][PBFT]checkTimeout Succ,view=8073,toView=8074,nodeIdx=3,changeCycle=0,myNode=ae77f5f3...,timecost=0.366
info|2019-12-12 20:00:10.859744|[g:1][CONSENSUS][PBFT]checkAndChangeView: Reach consensus,org_view=8073,org_changeCycle=0,cur_changeCycle=0,to_view=8074
info|2019-12-12 20:00:11.863320|[g:1][CONSENSUS]addRawPrepare,height=17,reqIdx=2,hash=b83ac3b9...
info|2019-12-12 20:00:11.863838|[g:1][CONSENSUS][PBFT]checkTimeout Succ,view=8074,toView=8075,nodeIdx=3,changeCycle=0,myNode=ae77f5f3...,timecost=0.378
info|2019-12-12 20:00:11.871906|[g:1][CONSENSUS][PBFT]checkAndChangeView: Reach consensus,org_view=8074,org_changeCycle=0,cur_changeCycle=0,to_view=8075
info|2019-12-12 20:00:12.872391|[g:1][CONSENSUS][SEALER]++++++++++++++++ Generating seal on,blkNum=17,tx=0,nodeIdx=3,hash=574b05cd...
info|2019-12-12 20:00:12.887904|[g:1][CONSENSUS][PBFT]checkTimeout Succ,view=8075,toView=8076,nodeIdx=3,changeCycle=0,myNode=ae77f5f3...,timecost=0.384
info|2019-12-12 20:00:12.890196|[g:1][CONSENSUS][PBFT]checkAndChangeView: Reach consensus,org_view=8075,org_changeCycle=0,cur_changeCycle=0,to_view=8076
info|2019-12-12 20:00:13.896903|[g:1][CONSENSUS]addRawPrepare,height=17,reqIdx=0,hash=a5d50e08...
info|2019-12-12 20:00:13.897101|[g:1][CONSENSUS][PBFT]checkTimeout Succ,view=8076,toView=8077,nodeIdx=3,changeCycle=0,myNode=ae77f5f3...,timecost=0.145
info|2019-12-12 20:00:13.901173|[g:1][CONSENSUS][PBFT]checkAndChangeView: Reach consensus,org_view=8076,org_changeCycle=0,cur_changeCycle=0,to_view=8077
info|2019-12-12 20:00:14.542506|[P2P][Service] heartBeat,connected count=3
info|2019-12-12 20:00:14.905977|[g:1][CONSENSUS]addRawPrepare,height=17,reqIdx=1,hash=8941b382...
info|2019-12-12 20:00:14.906166|[g:1][CONSENSUS][PBFT]checkTimeout Succ,view=8077,toView=8078,nodeIdx=3,changeCycle=0,myNode=ae77f5f3...,timecost=0.168
info|2019-12-12 20:00:14.908494|[g:1][CONSENSUS][PBFT]checkAndChangeView: Reach consensus,org_view=8077,org_changeCycle=0,cur_changeCycle=0,to_view=8078
info|2019-12-12 20:00:15.910953|[g:1][CONSENSUS]addRawPrepare,height=17,reqIdx=2,hash=0b6d41e9...
info|2019-12-12 20:00:15.919017|[g:1][CONSENSUS][PBFT]checkTimeout Succ,view=8078,toView=8079,nodeIdx=3,changeCycle=0,myNode=ae77f5f3...,timecost=7.777
info|2019-12-12 20:00:15.920452|[g:1][CONSENSUS][PBFT]checkAndChangeView: Reach consensus,org_view=8078,org_changeCycle=0,cur_changeCycle=0,to_view=8079
info|2019-12-12 20:00:16.923247|[g:1][CONSENSUS][SEALER]++++++++++++++++ Generating seal on,blkNum=17,tx=0,nodeIdx=3,hash=9f0c9f14...
info|2019-12-12 20:00:16.938518|[g:1][CONSENSUS][PBFT]checkTimeout Succ,view=8079,toView=8080,nodeIdx=3,changeCycle=0,myNode=ae77f5f3...,timecost=0.43
info|2019-12-12 20:00:16.940186|[g:1][CONSENSUS][PBFT]checkAndChangeView: Reach consensus,org_view=8079,org_changeCycle=0,cur_changeCycle=0,to_view=8080
info|2019-12-12 20:00:17.944840|[g:1][CONSENSUS]addRawPrepare,height=17,reqIdx=0,hash=29b3ce77...
info|2019-12-12 20:00:17.946607|[g:1][CONSENSUS][PBFT]checkTimeout Succ,view=8080,toView=8081,nodeIdx=3,changeCycle=0,myNode=ae77f5f3...,timecost=1.692
info|2019-12-12 20:00:17.951434|[g:1][CONSENSUS][PBFT]checkAndChangeView: Reach consensus,org_view=8080,org_changeCycle=0,cur_changeCycle=0,to_view=8081
info|2019-12-12 20:00:18.964778|[g:1][CONSENSUS]addRawPrepare,height=17,reqIdx=1,hash=b0d8f103...
info|2019-12-12 20:00:18.965706|[g:1][CONSENSUS][PBFT]checkTimeout Succ,view=8081,toView=8082,nodeIdx=3,changeCycle=0,myNode=ae77f5f3...,timecost=0.867
info|2019-12-12 20:00:18.970310|[g:1][CONSENSUS][PBFT]checkAndChangeView: Reach consensus,org_view=8081,org_changeCycle=0,cur_changeCycle=0,to_view=8082
info|2019-12-12 20:00:19.974230|[g:1][CONSENSUS]addRawPrepare,height=17,reqIdx=2,hash=5c2cad04...
info|2019-12-12 20:00:19.974436|[g:1][CONSENSUS][PBFT]checkTimeout Succ,view=8082,toView=8083,nodeIdx=3,changeCycle=0,myNode=ae77f5f3...,timecost=0.145
info|2019-12-12 20:00:19.977770|[g:1][CONSENSUS][PBFT]checkAndChangeView: Reach consensus,org_view=8082,org_changeCycle=0,cur_changeCycle=0,to_view=8083
info|2019-12-12 20:00:20.978385|[g:1][CONSENSUS][SEALER]++++++++++++++++ Generating seal on,blkNum=17,tx=0,nodeIdx=3,hash=0c664560...
info|2019-12-12 20:00:20.994470|[g:1][CONSENSUS][PBFT]checkTimeout Succ,view=8083,toView=8084,nodeIdx=3,changeCycle=0,myNode=ae77f5f3...,timecost=0.374
info|2019-12-12 20:00:20.995989|[g:1][CONSENSUS][PBFT]checkAndChangeView: Reach consensus,org_view=8083,org_changeCycle=0,cur_changeCycle=0,to_view=8084
info|2019-12-12 20:00:21.996449|[g:1][CONSENSUS]addRawPrepare,height=17,reqIdx=0,hash=d43369bd...
info|2019-12-12 20:00:21.996858|[g:1][CONSENSUS][PBFT]checkTimeout Succ,view=8084,toView=8085,nodeIdx=3,changeCycle=0,myNode=ae77f5f3...,timecost=0.375
info|2019-12-12 20:00:22.001560|[g:1][CONSENSUS][PBFT]checkAndChangeView: Reach consensus,org_view=8084,org_changeCycle=0,cur_changeCycle=0,to_view=8085
info|2019-12-12 20:00:23.006828|[g:1][CONSENSUS]addRawPrepare,height=17,reqIdx=1,hash=0d487150...
info|2019-12-12 20:00:23.009149|[g:1][CONSENSUS][PBFT]checkTimeout Succ,view=8085,toView=8086,nodeIdx=3,changeCycle=0,myNode=ae77f5f3...,timecost=2.267
info|2019-12-12 20:00:23.010894|[g:1][CONSENSUS][PBFT]checkAndChangeView: Reach consensus,org_view=8085,org_changeCycle=0,cur_changeCycle=0,to_view=8086
info|2019-12-12 20:00:24.011075|[g:1][CONSENSUS]addRawPrepare,height=17,reqIdx=2,hash=7ac22d81...
info|2019-12-12 20:00:24.011297|[g:1][CONSENSUS][PBFT]checkTimeout Succ,view=8086,toView=8087,nodeIdx=3,changeCycle=0,myNode=ae77f5f3...,timecost=0.166
info|2019-12-12 20:00:24.013994|[g:1][CONSENSUS][PBFT]checkAndChangeView: Reach consensus,org_view=8086,org_changeCycle=0,cur_changeCycle=0,to_view=8087
info|2019-12-12 20:00:24.542869|[P2P][Service] heartBeat,connected count=3
info|2019-12-12 20:00:25.015583|[g:1][CONSENSUS][SEALER]++++++++++++++++ Generating seal on,blkNum=17,tx=0,nodeIdx=3,hash=6ab07d57...
info|2019-12-12 20:00:25.020485|[g:1][CONSENSUS][PBFT]checkTimeout Succ,view=8087,toView=8088,nodeIdx=3,changeCycle=0,myNode=ae77f5f3...,timecost=0.196
info|2019-12-12 20:00:25.021119|[g:1][CONSENSUS][PBFT]checkAndChangeView: Reach consensus,org_view=8087,org_changeCycle=0,cur_changeCycle=0,to_view=8088
info|2019-12-12 20:00:26.021687|[g:1][CONSENSUS]addRawPrepare,height=17,reqIdx=0,hash=1016f997...
info|2019-12-12 20:00:26.021862|[g:1][CONSENSUS][PBFT]checkTimeout Succ,view=8088,toView=8089,nodeIdx=3,changeCycle=0,myNode=ae77f5f3...,timecost=0.157
info|2019-12-12 20:00:26.022672|[g:1][CONSENSUS][PBFT]checkAndChangeView: Reach consensus,org_view=8088,org_changeCycle=0,cur_changeCycle=0,to_view=8089
info|2019-12-12 20:00:27.030542|[g:1][CONSENSUS]addRawPrepare,height=17,reqIdx=1,hash=1ffef7be...
info|2019-12-12 20:00:27.031254|[g:1][CONSENSUS][PBFT]checkTimeout Succ,view=8089,toView=8090,nodeIdx=3,changeCycle=0,myNode=ae77f5f3...,timecost=0.661
info|2019-12-12 20:00:27.036106|[g:1][CONSENSUS][PBFT]checkAndChangeView: Reach consensus,org_view=8089,org_changeCycle=0,cur_changeCycle=0,to_view=8090
info|2019-12-12 20:00:28.040276|[g:1][CONSENSUS]addRawPrepare,height=17,reqIdx=2,hash=11181caf...
info|2019-12-12 20:00:28.040521|[g:1][CONSENSUS][PBFT]checkTimeout Succ,view=8090,toView=8091,nodeIdx=3,changeCycle=0,myNode=ae77f5f3...,timecost=0.172
info|2019-12-12 20:00:28.044141|[g:1][CONSENSUS][PBFT]checkAndChangeView: Reach consensus,org_view=8090,org_changeCycle=0,cur_changeCycle=0,to_view=8091
info|2019-12-12 20:00:29.044360|[g:1][CONSENSUS][SEALER]++++++++++++++++ Generating seal on,blkNum=17,tx=0,nodeIdx=3,hash=d3217678...
info|2019-12-12 20:00:29.048549|[g:1][CONSENSUS][PBFT]checkTimeout Succ,view=8091,toView=8092,nodeIdx=3,changeCycle=0,myNode=ae77f5f3...,timecost=0.146
info|2019-12-12 20:00:29.049182|[g:1][CONSENSUS][PBFT]checkAndChangeView: Reach consensus,org_view=8091,org_changeCycle=0,cur_changeCycle=0,to_view=8092
info|2019-12-12 20:00:30.048479|[g:1][CONSENSUS]addRawPrepare,height=17,reqIdx=0,hash=4fbb665f...
info|2019-12-12 20:00:30.048668|[g:1][CONSENSUS][PBFT]checkTimeout Succ,view=8092,toView=8093,nodeIdx=3,changeCycle=0,myNode=ae77f5f3...,timecost=0.172
info|2019-12-12 20:00:30.050617|[g:1][CONSENSUS][PBFT]checkAndChangeView: Reach consensus,org_view=8092,org_changeCycle=0,cur_changeCycle=0,to_view=8093
info|2019-12-12 20:00:31.059518|[g:1][CONSENSUS]addRawPrepare,height=17,reqIdx=1,hash=9bd6ceef...
info|2019-12-12 20:00:31.060477|[g:1][CONSENSUS][PBFT]checkTimeout Succ,view=8093,toView=8094,nodeIdx=3,changeCycle=0,myNode=ae77f5f3...,timecost=0.907
info|2019-12-12 20:00:31.064959|[g:1][CONSENSUS][PBFT]checkAndChangeView: Reach consensus,org_view=8093,org_changeCycle=0,cur_changeCycle=0,to_view=8094
info|2019-12-12 20:00:32.067697|[g:1][CONSENSUS]addRawPrepare,height=17,reqIdx=2,hash=605e8899...
info|2019-12-12 20:00:32.068084|[g:1][CONSENSUS][PBFT]checkTimeout Succ,view=8094,toView=8095,nodeIdx=3,changeCycle=0,myNode=ae77f5f3...,timecost=0.283
info|2019-12-12 20:00:32.073222|[g:1][CONSENSUS][PBFT]checkAndChangeView: Reach consensus,org_view=8094,org_changeCycle=0,cur_changeCycle=0,to_view=8095
info|2019-12-12 20:00:33.074531|[g:1][CONSENSUS][SEALER]++++++++++++++++ Generating seal on,blkNum=17,tx=0,nodeIdx=3,hash=d7b74df9...
info|2019-12-12 20:00:33.091045|[g:1][CONSENSUS][PBFT]checkTimeout Succ,view=8095,toView=8096,nodeIdx=3,changeCycle=0,myNode=ae77f5f3...,timecost=0.311
info|2019-12-12 20:00:33.092491|[g:1][CONSENSUS][PBFT]checkAndChangeView: Reach consensus,org_view=8095,org_changeCycle=0,cur_changeCycle=0,to_view=8096
info|2019-12-12 20:00:34.091848|[g:1][CONSENSUS]addRawPrepare,height=17,reqIdx=0,hash=6e7fb70d...
info|2019-12-12 20:00:34.092133|[g:1][CONSENSUS][PBFT]checkTimeout Succ,view=8096,toView=8097,nodeIdx=3,changeCycle=0,myNode=ae77f5f3...,timecost=0.254
info|2019-12-12 20:00:34.096511|[g:1][CONSENSUS][PBFT]checkAndChangeView: Reach consensus,org_view=8096,org_changeCycle=0,cur_changeCycle=0,to_view=8097
info|2019-12-12 20:00:34.543218|[P2P][Service] heartBeat,connected count=3
info|2019-12-12 20:00:35.098787|[g:1][CONSENSUS]addRawPrepare,height=17,reqIdx=1,hash=d4754e74...
info|2019-12-12 20:00:35.099011|[g:1][CONSENSUS][PBFT]checkTimeout Succ,view=8097,toView=8098,nodeIdx=3,changeCycle=0,myNode=ae77f5f3...,timecost=0.233
info|2019-12-12 20:00:35.102142|[g:1][CONSENSUS][PBFT]checkAndChangeView: Reach consensus,org_view=8097,org_changeCycle=0,cur_changeCycle=0,to_view=8098
info|2019-12-12 20:00:36.107787|[g:1][CONSENSUS]addRawPrepare,height=17,reqIdx=2,hash=746df264...
info|2019-12-12 20:00:36.110549|[g:1][CONSENSUS][PBFT]checkTimeout Succ,view=8098,toView=8099,nodeIdx=3,changeCycle=0,myNode=ae77f5f3...,timecost=2.548
info|2019-12-12 20:00:36.112003|[g:1][CONSENSUS][PBFT]checkAndChangeView: Reach consensus,org_view=8098,org_changeCycle=0,cur_changeCycle=0,to_view=8099
info|2019-12-12 20:00:37.113315|[g:1][CONSENSUS][SEALER]++++++++++++++++ Generating seal on,blkNum=17,tx=0,nodeIdx=3,hash=318a74da...
info|2019-12-12 20:00:37.122511|[g:1][CONSENSUS][PBFT]checkTimeout Succ,view=8099,toView=8100,nodeIdx=3,changeCycle=0,myNode=ae77f5f3...,timecost=0.334
info|2019-12-12 20:00:37.123905|[g:1][CONSENSUS][PBFT]checkAndChangeView: Reach consensus,org_view=8099,org_changeCycle=0,cur_changeCycle=0,to_view=8100
info|2019-12-12 20:00:38.128906|[g:1][CONSENSUS]addRawPrepare,height=17,reqIdx=0,hash=e050d4b0...
info|2019-12-12 20:00:38.129726|[g:1][CONSENSUS][PBFT]checkTimeout Succ,view=8100,toView=8101,nodeIdx=3,changeCycle=0,myNode=ae77f5f3...,timecost=0.768
info|2019-12-12 20:00:38.133761|[g:1][CONSENSUS][PBFT]checkAndChangeView: Reach consensus,org_view=8100,org_changeCycle=0,cur_changeCycle=0,to_view=8101
info|2019-12-12 20:00:39.140284|[g:1][CONSENSUS]addRawPrepare,height=17,reqIdx=1,hash=e39913ce...
info|2019-12-12 20:00:39.140509|[g:1][CONSENSUS][PBFT]checkTimeout Succ,view=8101,toView=8102,nodeIdx=3,changeCycle=0,myNode=ae77f5f3...,timecost=0.201
info|2019-12-12 20:00:39.140820|[g:1][CONSENSUS][PBFT]checkAndChangeView: Reach consensus,org_view=8101,org_changeCycle=0,cur_changeCycle=0,to_view=8102
info|2019-12-12 20:00:40.144073|[g:1][CONSENSUS]addRawPrepare,height=17,reqIdx=2,hash=41c93e6b...
info|2019-12-12 20:00:40.144401|[g:1][CONSENSUS][PBFT]checkTimeout Succ,view=8102,toView=8103,nodeIdx=3,changeCycle=0,myNode=ae77f5f3...,timecost=0.254
info|2019-12-12 20:00:40.148817|[g:1][CONSENSUS][PBFT]checkAndChangeView: Reach consensus,org_view=8102,org_changeCycle=0,cur_changeCycle=0,to_view=8103
info|2019-12-12 20:00:41.149962|[g:1][CONSENSUS][SEALER]++++++++++++++++ Generating seal on,blkNum=17,tx=0,nodeIdx=3,hash=7cb08829...
info|2019-12-12 20:00:41.165245|[g:1][CONSENSUS][PBFT]checkTimeout Succ,view=8103,toView=8104,nodeIdx=3,changeCycle=0,myNode=ae77f5f3...,timecost=0.326
info|2019-12-12 20:00:41.166632|[g:1][CONSENSUS][PBFT]checkAndChangeView: Reach consensus,org_view=8103,org_changeCycle=0,cur_changeCycle=0,to_view=8104
info|2019-12-12 20:00:42.169017|[g:1][CONSENSUS]addRawPrepare,height=17,reqIdx=0,hash=90bc1168...
info|2019-12-12 20:00:42.169196|[g:1][CONSENSUS][PBFT]checkTimeout Succ,view=8104,toView=8105,nodeIdx=3,changeCycle=0,myNode=ae77f5f3...,timecost=0.147
info|2019-12-12 20:00:42.170347|[g:1][CONSENSUS][PBFT]checkAndChangeView: Reach consensus,org_view=8104,org_changeCycle=0,cur_changeCycle=0,to_view=8105
info|2019-12-12 20:00:43.174683|[g:1][CONSENSUS]addRawPrepare,height=17,reqIdx=1,hash=453fe9a0...
info|2019-12-12 20:00:43.174931|[g:1][CONSENSUS][PBFT]checkTimeout Succ,view=8105,toView=8106,nodeIdx=3,changeCycle=0,myNode=ae77f5f3...,timecost=0.224
info|2019-12-12 20:00:43.179170|[g:1][CONSENSUS][PBFT]checkAndChangeView: Reach consensus,org_view=8105,org_changeCycle=0,cur_changeCycle=0,to_view=8106
info|2019-12-12 20:00:44.179705|[g:1][CONSENSUS]addRawPrepare,height=17,reqIdx=2,hash=35b56978...
info|2019-12-12 20:00:44.179903|[g:1][CONSENSUS][PBFT]checkTimeout Succ,view=8106,toView=8107,nodeIdx=3,changeCycle=0,myNode=ae77f5f3...,timecost=0.139
info|2019-12-12 20:00:44.182372|[g:1][CONSENSUS][PBFT]checkAndChangeView: Reach consensus,org_view=8106,org_changeCycle=0,cur_changeCycle=0,to_view=8107
info|2019-12-12 20:00:44.543416|[P2P][Service] heartBeat,connected count=3
info|2019-12-12 20:00:45.182490|[g:1][CONSENSUS][SEALER]++++++++++++++++ Generating seal on,blkNum=17,tx=0,nodeIdx=3,hash=e22428c1...
info|2019-12-12 20:00:45.187149|[g:1][CONSENSUS][PBFT]checkTimeout Succ,view=8107,toView=8108,nodeIdx=3,changeCycle=0,myNode=ae77f5f3...,timecost=0.147
info|2019-12-12 20:00:45.187896|[g:1][CONSENSUS][PBFT]checkAndChangeView: Reach consensus,org_view=8107,org_changeCycle=0,cur_changeCycle=0,to_view=8108
