warning|2019-12-12 19:58:34.402514|[g:1][CONSENSUS][PBFT]ViewChangeWarning: not caused by omit empty block ,v=7977,toV=7978,curNum=16,hash=f723565c...,nodeIdx=3,myNode=ae77f5f3...
info|2019-12-12 19:58:34.404654|[g:1][CONSENSUS][PBFT]checkTimeout Succ,view=7977,toView=7978,nodeIdx=3,changeCycle=1,myNode=ae77f5f3...,timecost=2.366
info|2019-12-12 19:58:34.411664|[g:1][CONSENSUS][PBFT]checkAndChangeView: Reach consensus,org_view=7977,org_changeCycle=1,cur_changeCycle=1,to_view=7978
info|2019-12-12 19:58:34.537325|[P2P][Service] heartBeat,connected count=3
info|2019-12-12 19:58:35.426391|[g:1][CONSENSUS]addRawPrepare,height=17,reqIdx=2,hash=49095644...
info|2019-12-12 19:58:35.426631|[g:1][CONSENSUS][PBFT]checkTimeout Succ,view=7978,toView=7979,nodeIdx=3,changeCycle=0,myNode=ae77f5f3...,timecost=0.185
info|2019-12-12 19:58:35.429584|[g:1][CONSENSUS][PBFT]checkAndChangeView: Reach consensus,org_view=7978,org_changeCycle=0,cur_changeCycle=0,to_view=7979
info|2019-12-12 19:58:36.429698|[g:1][CONSENSUS][SEALER]++++++++++++++++ Generating seal on,blkNum=17,tx=0,nodeIdx=3,hash=3dbc4f77...
info|2019-12-12 19:58:36.436004|[g:1][CONSENSUS][PBFT]checkTimeout Succ,view=7979,toView=7980,nodeIdx=3,changeCycle=0,myNode=ae77f5f3...,timecost=0.151
info|2019-12-12 19:58:36.436607|[g:1][CONSENSUS][PBFT]checkAndChangeView: Reach consensus,org_view=7979,org_changeCycle=0,cur_changeCycle=0,to_view=7980
info|2019-12-12 19:58:37.435332|[g:1][CONSENSUS]addRawPrepare,height=17,reqIdx=0,hash=1c6372d3...
info|2019-12-12 19:58:37.435526|[g:1][CONSENSUS][PBFT]checkTimeout Succ,view=7980,toView=7981,nodeIdx=3,changeCycle=0,myNode=ae77f5f3...,timecost=0.167
info|2019-12-12 19:58:37.437081|[g:1][CONSENSUS][PBFT]checkAndChangeView: Reach consensus,org_view=7980,org_changeCycle=0,cur_changeCycle=0,to_view=7981
info|2019-12-12 19:58:38.437429|[g:1][CONSENSUS]addRawPrepare,height=17,reqIdx=1,hash=f78f407b...
info|2019-12-12 19:58:38.437598|[g:1][CONSENSUS][PBFT]checkTimeout Succ,view=7981,toView=7982,nodeIdx=3,changeCycle=0,myNode=ae77f5f3...,timecost=0.15
info|2019-12-12 19:58:38.439894|[g:1][CONSENSUS][PBFT]checkAndChangeView: Reach consensus,org_view=7981,org_changeCycle=0,cur_changeCycle=0,to_view=7982
info|2019-12-12 19:58:39.440039|[g:1][CONSENSUS]addRawPrepare,height=17,reqIdx=2,hash=53a5ff50...
info|2019-12-12 19:58:39.440252|[g:1][CONSENSUS][PBFT]checkTimeout Succ,view=7982,toView=7983,nodeIdx=3,changeCycle=0,myNode=ae77f5f3...,timecost=0.149
info|2019-12-12 19:58:39.447490|[g:1][CONSENSUS][PBFT]checkAndChangeView: Reach consensus,org_view=7982,org_changeCycle=0,cur_changeCycle=0,to_view=7983
info|2019-12-12 19:58:40.447512|[g:1][CONSENSUS][SEALER]++++++++++++++++ Generating seal on,blkNum=17,tx=0,nodeIdx=3,hash=98231dea...
info|2019-12-12 19:58:40.452241|[g:1][CONSENSUS][PBFT]checkTimeout Succ,view=7983,toView=7984,nodeIdx=3,changeCycle=0,myNode=ae77f5f3...,timecost=0.151
info|2019-12-12 19:58:40.452917|[g:1][CONSENSUS][PBFT]checkAndChangeView: Reach consensus,org_view=7983,org_changeCycle=0,cur_changeCycle=0,to_view=7984
info|2019-12-12 19:58:41.453803|[g:1][CONSENSUS]addRawPrepare,height=17,reqIdx=0,hash=e1a84aa6...
info|2019-12-12 19:58:41.453971|[g:1][CONSENSUS][PBFT]checkTimeout Succ,view=7984,toView=7985,nodeIdx=3,changeCycle=0,myNode=ae77f5f3...,timecost=0.149
info|2019-12-12 19:58:41.455575|[g:1][CONSENSUS][PBFT]checkAndChangeView: Reach consensus,org_view=7984,org_changeCycle=0,cur_changeCycle=0,to_view=7985
info|2019-12-12 19:58:42.456558|[g:1][CONSENSUS]addRawPrepare,height=17,reqIdx=1,hash=e218e389...
info|2019-12-12 19:58:42.456733|[g:1][CONSENSUS][PBFT]checkTimeout Succ,view=7985,toView=7986,nodeIdx=3,changeCycle=0,myNode=ae77f5f3...,timecost=0.16
info|2019-12-12 19:58:42.458124|[g:1][CONSENSUS][PBFT]checkAndChangeView: Reach consensus,org_view=7985,org_changeCycle=0,cur_changeCycle=0,to_view=7986
info|2019-12-12 19:58:43.458030|[g:1][CONSENSUS]addRawPrepare,height=17,reqIdx=2,hash=4703124b...
info|2019-12-12 19:58:43.458227|[g:1][CONSENSUS][PBFT]checkTimeout Succ,view=7986,toView=7987,nodeIdx=3,changeCycle=0,myNode=ae77f5f3...,timecost=0.142
info|2019-12-12 19:58:43.460965|[g:1][CONSENSUS][PBFT]checkAndChangeView: Reach consensus,org_view=7986,org_changeCycle=0,cur_changeCycle=0,to_view=7987
info|2019-12-12 19:58:44.460823|[g:1][CONSENSUS][SEALER]++++++++++++++++ Generating seal on,blkNum=17,tx=0,nodeIdx=3,hash=73e904f9...
info|2019-12-12 19:58:44.465656|[g:1][CONSENSUS][PBFT]checkTimeout Succ,view=7987,toView=7988,nodeIdx=3,changeCycle=0,myNode=ae77f5f3...,timecost=0.165
info|2019-12-12 19:58:44.465996|[g:1][CONSENSUS][PBFT]checkAndChangeView: Reach consensus,org_view=7987,org_changeCycle=0,cur_changeCycle=0,to_view=7988
info|2019-12-12 19:58:44.538418|[P2P][Service] heartBeat,connected count=3
info|2019-12-12 19:58:45.464687|[g:1][CONSENSUS]addRawPrepare,height=17,reqIdx=0,hash=439c68e4...
info|2019-12-12 19:58:45.464854|[g:1][CONSENSUS][PBFT]checkTimeout Succ,view=7988,toView=7989,nodeIdx=3,changeCycle=0,myNode=ae77f5f3...,timecost=0.15
info|2019-12-12 19:58:45.466371|[g:1][CONSENSUS][PBFT]checkAndChangeView: Reach consensus,org_view=7988,org_changeCycle=0,cur_changeCycle=0,to_view=7989
info|2019-12-12 19:58:46.467901|[g:1][CONSENSUS]addRawPrepare,height=17,reqIdx=1,hash=796cbdf4...
info|2019-12-12 19:58:46.468064|[g:1][CONSENSUS][PBFT]checkTimeout Succ,view=7989,toView=7990,nodeIdx=3,changeCycle=0,myNode=ae77f5f3...,timecost=0.144
info|2019-12-12 19:58:46.470351|[g:1][CONSENSUS][PBFT]checkAndChangeView: Reach consensus,org_view=7989,org_changeCycle=0,cur_changeCycle=0,to_view=7990
info|2019-12-12 19:58:47.471548|[g:1][CONSENSUS]addRawPrepare,height=17,reqIdx=2,hash=05f6d217...
info|2019-12-12 19:58:47.471747|[g:1][CONSENSUS][PBFT]checkTimeout Succ,view=7990,toView=7991,nodeIdx=3,changeCycle=0,myNode=ae77f5f3...,timecost=0.141
info|2019-12-12 19:58:47.473878|[g:1][CONSENSUS][PBFT]checkAndChangeView: Reach consensus,org_view=7990,org_changeCycle=0,cur_changeCycle=0,to_view=7991
info|2019-12-12 19:58:48.473391|[g:1][CONSENSUS][SEALER]++++++++++++++++ Generating seal on,blkNum=17,tx=0,nodeIdx=3,hash=5d5b9ab5...
info|2019-12-12 19:58:48.478945|[g:1][CONSENSUS][PBFT]checkTimeout Succ,view=7991,toView=7992,nodeIdx=3,changeCycle=0,myNode=ae77f5f3...,timecost=0.153
info|2019-12-12 19:58:48.479582|[g:1][CONSENSUS][PBFT]checkAndChangeView: Reach consensus,org_view=7991,org_changeCycle=0,cur_changeCycle=0,to_view=7992
info|2019-12-12 19:58:49.477657|[g:1][CONSENSUS]addRawPrepare,height=17,reqIdx=0,hash=b95dd8fa...
info|2019-12-12 19:58:49.477824|[g:1][CONSENSUS][PBFT]checkTimeout Succ,view=7992,toView=7993,nodeIdx=3,changeCycle=0,myNode=ae77f5f3...,timecost=0.149
info|2019-12-12 19:58:49.479168|[g:1][CONSENSUS][PBFT]checkAndChangeView: Reach consensus,org_view=7992,org_changeCycle=0,cur_changeCycle=0,to_view=7993
info|2019-12-12 19:58:50.484313|[g:1][CONSENSUS]addRawPrepare,height=17,reqIdx=1,hash=6f7d190a...
info|2019-12-12 19:58:50.484472|[g:1][CONSENSUS][PBFT]checkTimeout Succ,view=7993,toView=7994,nodeIdx=3,changeCycle=0,myNode=ae77f5f3...,timecost=0.141
info|2019-12-12 19:58:50.484850|[g:1][CONSENSUS][PBFT]checkAndChangeView: Reach consensus,org_view=7993,org_changeCycle=0,cur_changeCycle=0,to_view=7994
info|2019-12-12 19:58:51.486769|[g:1][CONSENSUS]addRawPrepare,height=17,reqIdx=2,hash=f3754964...
info|2019-12-12 19:58:51.486983|[g:1][CONSENSUS][PBFT]checkTimeout Succ,view=7994,toView=7995,nodeIdx=3,changeCycle=0,myNode=ae77f5f3...,timecost=0.16
info|2019-12-12 19:58:51.489084|[g:1][CONSENSUS][PBFT]checkAndChangeView: Reach consensus,org_view=7994,org_changeCycle=0,cur_changeCycle=0,to_view=7995
info|2019-12-12 19:58:52.489330|[g:1][CONSENSUS][SEALER]++++++++++++++++ Generating seal on,blkNum=17,tx=0,nodeIdx=3,hash=a0294f38...
info|2019-12-12 19:58:52.493871|[g:1][CONSENSUS][PBFT]checkTimeout Succ,view=7995,toView=7996,nodeIdx=3,changeCycle=0,myNode=ae77f5f3...,timecost=0.149
info|2019-12-12 19:58:52.494497|[g:1][CONSENSUS][PBFT]checkAndChangeView: Reach consensus,org_view=7995,org_changeCycle=0,cur_changeCycle=0,to_view=7996
info|2019-12-12 19:58:53.497179|[g:1][CONSENSUS]addRawPrepare,height=17,reqIdx=0,hash=30e3d478...
info|2019-12-12 19:58:53.497360|[g:1][CONSENSUS][PBFT]checkTimeout Succ,view=7996,toView=7997,nodeIdx=3,changeCycle=0,myNode=ae77f5f3...,timecost=0.159
info|2019-12-12 19:58:53.497624|[g:1][CONSENSUS][PBFT]checkAndChangeView: Reach consensus,org_view=7996,org_changeCycle=0,cur_changeCycle=0,to_view=7997
info|2019-12-12 19:58:54.499836|[g:1][CONSENSUS]addRawPrepare,height=17,reqIdx=1,hash=b987b00f...
info|2019-12-12 19:58:54.500037|[g:1][CONSENSUS][PBFT]checkTimeout Succ,view=7997,toView=7998,nodeIdx=3,changeCycle=0,myNode=ae77f5f3...,timecost=0.178
info|2019-12-12 19:58:54.502204|[g:1][CONSENSUS][PBFT]checkAndChangeView: Reach consensus,org_view=7997,org_changeCycle=0,cur_changeCycle=0,to_view=7998
info|2019-12-12 19:58:54.538561|[P2P][Service] heartBeat,connected count=3
info|2019-12-12 19:58:55.502377|[g:1][CONSENSUS]addRawPrepare,height=17,reqIdx=2,hash=1adab993...
info|2019-12-12 19:58:55.502573|[g:1][CONSENSUS][PBFT]checkTimeout Succ,view=7998,toView=7999,nodeIdx=3,changeCycle=0,myNode=ae77f5f3...,timecost=0.14
info|2019-12-12 19:58:55.505780|[g:1][CONSENSUS][PBFT]checkAndChangeView: Reach consensus,org_view=7998,org_changeCycle=0,cur_changeCycle=0,to_view=7999
info|2019-12-12 19:58:56.505710|[g:1][CONSENSUS][SEALER]++++++++++++++++ Generating seal on,blkNum=17,tx=0,nodeIdx=3,hash=72d8fa97...
info|2019-12-12 19:58:56.509948|[g:1][CONSENSUS][PBFT]checkTimeout Succ,view=7999,toView=8000,nodeIdx=3,changeCycle=0,myNode=ae77f5f3...,timecost=0.146
info|2019-12-12 19:58:56.510576|[g:1][CONSENSUS][PBFT]checkAndChangeView: Reach consensus,org_view=7999,org_changeCycle=0,cur_changeCycle=0,to_view=8000
info|2019-12-12 19:58:57.509887|[g:1][CONSENSUS]addRawPrepare,height=17,reqIdx=0,hash=8244015e...
info|2019-12-12 19:58:57.510066|[g:1][CONSENSUS][PBFT]checkTimeout Succ,view=8000,toView=8001,nodeIdx=3,changeCycle=0,myNode=ae77f5f3...,timecost=0.159
info|2019-12-12 19:58:57.512661|[g:1][CONSENSUS][PBFT]checkAndChangeView: Reach consensus,org_view=8000,org_changeCycle=0,cur_changeCycle=0,to_view=8001
info|2019-12-12 19:58:58.515889|[g:1][CONSENSUS]addRawPrepare,height=17,reqIdx=1,hash=096a17d4...
info|2019-12-12 19:58:58.516352|[g:1][CONSENSUS][PBFT]checkTimeout Succ,view=8001,toView=8002,nodeIdx=3,changeCycle=0,myNode=ae77f5f3...,timecost=0.446
info|2019-12-12 19:58:58.521281|[g:1][CONSENSUS][PBFT]checkAndChangeView: Reach consensus,org_view=8001,org_changeCycle=0,cur_changeCycle=0,to_view=8002
info|2019-12-12 19:58:59.526175|[g:1][CONSENSUS]addRawPrepare,height=17,reqIdx=2,hash=c3a5b15b...
info|2019-12-12 19:58:59.526366|[g:1][CONSENSUS][PBFT]checkTimeout Succ,view=8002,toView=8003,nodeIdx=3,changeCycle=0,myNode=ae77f5f3...,timecost=0.139
info|2019-12-12 19:58:59.529225|[g:1][CONSENSUS][PBFT]checkAndChangeView: Reach consensus,org_view=8002,org_changeCycle=0,cur_changeCycle=0,to_view=8003
info|2019-12-12 19:59:00.529768|[g:1][CONSENSUS][SEALER]++++++++++++++++ Generating seal on,blkNum=17,tx=0,nodeIdx=3,hash=72cf1cf9...
info|2019-12-12 19:59:00.533878|[g:1][CONSENSUS][PBFT]checkTimeout Succ,view=8003,toView=8004,nodeIdx=3,changeCycle=0,myNode=ae77f5f3...,timecost=0.133
info|2019-12-12 19:59:00.536408|[g:1][CONSENSUS][PBFT]checkAndChangeView: Reach consensus,org_view=8003,org_changeCycle=0,cur_changeCycle=0,to_view=8004
info|2019-12-12 19:59:01.534665|[g:1][CONSENSUS]addRawPrepare,height=17,reqIdx=0,hash=96ea5972...
info|2019-12-12 19:59:01.534852|[g:1][CONSENSUS][PBFT]checkTimeout Succ,view=8004,toView=8005,nodeIdx=3,changeCycle=0,myNode=ae77f5f3...,timecost=0.171
info|2019-12-12 19:59:01.537152|[g:1][CONSENSUS][PBFT]checkAndChangeView: Reach consensus,org_view=8004,org_changeCycle=0,cur_changeCycle=0,to_view=8005
info|2019-12-12 19:59:02.540283|[g:1][CONSENSUS]addRawPrepare,height=17,reqIdx=1,hash=e5804ec9...
info|2019-12-12 19:59:02.540475|[g:1][CONSENSUS][PBFT]checkTimeout Succ,view=8005,toView=8006,nodeIdx=3,changeCycle=0,myNode=ae77f5f3...,timecost=0.167
info|2019-12-12 19:59:02.545516|[g:1][CONSENSUS][PBFT]checkAndChangeView: Reach consensus,org_view=8005,org_changeCycle=0,cur_changeCycle=0,to_view=8006
info|2019-12-12 19:59:03.546554|[g:1][CONSENSUS]addRawPrepare,height=17,reqIdx=2,hash=e7aa3e6d...
info|2019-12-12 19:59:03.546749|[g:1][CONSENSUS][PBFT]checkTimeout Succ,view=8006,toView=8007,nodeIdx=3,changeCycle=0,myNode=ae77f5f3...,timecost=0.138
info|2019-12-12 19:59:03.549543|[g:1][CONSENSUS][PBFT]checkAndChangeView: Reach consensus,org_view=8006,org_changeCycle=0,cur_changeCycle=0,to_view=8007
info|2019-12-12 19:59:04.538741|[P2P][Service] heartBeat,connected count=3
info|2019-12-12 19:59:04.549204|[g:1][CONSENSUS][SEALER]++++++++++++++++ Generating seal on,blkNum=17,tx=0,nodeIdx=3,hash=71668cfa...
info|2019-12-12 19:59:04.555765|[g:1][CONSENSUS][PBFT]checkTimeout Succ,view=8007,toView=8008,nodeIdx=3,changeCycle=0,myNode=ae77f5f3...,timecost=0.146
info|2019-12-12 19:59:04.556304|[g:1][CONSENSUS][PBFT]checkAndChangeView: Reach consensus,org_view=8007,org_changeCycle=0,cur_changeCycle=0,to_view=8008
info|2019-12-12 19:59:05.555601|[g:1][CONSENSUS]addRawPrepare,height=17,reqIdx=0,hash=01d7b624...
info|2019-12-12 19:59:05.555783|[g:1][CONSENSUS][PBFT]checkTimeout Succ,view=8008,toView=8009,nodeIdx=3,changeCycle=0,myNode=ae77f5f3...,timecost=0.163
info|2019-12-12 19:59:05.557596|[g:1][CONSENSUS][PBFT]checkAndChangeView: Reach consensus,org_view=8008,org_changeCycle=0,cur_changeCycle=0,to_view=8009
info|2019-12-12 19:59:06.559931|[g:1][CONSENSUS]addRawPrepare,height=17,reqIdx=1,hash=09391b7e...
info|2019-12-12 19:59:06.560082|[g:1][CONSENSUS][PBFT]checkTimeout Succ,view=8009,toView=8010,nodeIdx=3,changeCycle=0,myNode=ae77f5f3...,timecost=0.136
info|2019-12-12 19:59:06.562027|[g:1][CONSENSUS][PBFT]checkAndChangeView: Reach consensus,org_view=8009,org_changeCycle=0,cur_changeCycle=0,to_view=8010
info|2019-12-12 19:59:07.562109|[g:1][CONSENSUS]addRawPrepare,height=17,reqIdx=2,hash=1a6f4726...
info|2019-12-12 19:59:07.562302|[g:1][CONSENSUS][PBFT]checkTimeout Succ,view=8010,toView=8011,nodeIdx=3,changeCycle=0,myNode=ae77f5f3...,timecost=0.139
info|2019-12-12 19:59:07.564719|[g:1][CONSENSUS][PBFT]checkAndChangeView: Reach consensus,org_view=8010,org_changeCycle=0,cur_changeCycle=0,to_view=8011
info|2019-12-12 19:59:08.565177|[g:1][CONSENSUS][SEALER]++++++++++++++++ Generating seal on,blkNum=17,tx=0,nodeIdx=3,hash=7de45272...
info|2019-12-12 19:59:08.574698|[g:1][CONSENSUS][PBFT]checkTimeout Succ,view=8011,toView=8012,nodeIdx=3,changeCycle=0,myNode=ae77f5f3...,timecost=0.149
info|2019-12-12 19:59:08.575387|[g:1][CONSENSUS][PBFT]checkAndChangeView: Reach consensus,org_view=8011,org_changeCycle=0,cur_changeCycle=0,to_view=8012
info|2019-12-12 19:59:09.570715|[g:1][CONSENSUS]addRawPrepare,height=17,reqIdx=0,hash=13cd4de5...
info|2019-12-12 19:59:09.570879|[g:1][CONSENSUS][PBFT]checkTimeout Succ,view=8012,toView=8013,nodeIdx=3,changeCycle=0,myNode=ae77f5f3...,timecost=0.146
info|2019-12-12 19:59:09.572590|[g:1][CONSENSUS][PBFT]checkAndChangeView: Reach consensus,org_view=8012,org_changeCycle=0,cur_changeCycle=0,to_view=8013
info|2019-12-12 19:59:10.576228|[g:1][CONSENSUS]addRawPrepare,height=17,reqIdx=1,hash=de33cf80...
info|2019-12-12 19:59:10.576422|[g:1][CONSENSUS][PBFT]checkTimeout Succ,view=8013,toView=8014,nodeIdx=3,changeCycle=0,myNode=ae77f5f3...,timecost=0.175
info|2019-12-12 19:59:10.579004|[g:1][CONSENSUS][PBFT]checkAndChangeView: Reach consensus,org_view=8013,org_changeCycle=0,cur_changeCycle=0,to_view=8014
info|2019-12-12 19:59:11.579788|[g:1][CONSENSUS]addRawPrepare,height=17,reqIdx=2,hash=afdd7e27...
info|2019-12-12 19:59:11.580003|[g:1][CONSENSUS][PBFT]checkTimeout Succ,view=8014,toView=8015,nodeIdx=3,changeCycle=0,myNode=ae77f5f3...,timecost=0.16
info|2019-12-12 19:59:11.582547|[g:1][CONSENSUS][PBFT]checkAndChangeView: Reach consensus,org_view=8014,org_changeCycle=0,cur_changeCycle=0,to_view=8015
info|2019-12-12 19:59:12.582500|[g:1][CONSENSUS][SEALER]++++++++++++++++ Generating seal on,blkNum=17,tx=0,nodeIdx=3,hash=c3059f82...
info|2019-12-12 19:59:12.587300|[g:1][CONSENSUS][PBFT]checkTimeout Succ,view=8015,toView=8016,nodeIdx=3,changeCycle=0,myNode=ae77f5f3...,timecost=0.178
info|2019-12-12 19:59:12.587948|[g:1][CONSENSUS][PBFT]checkAndChangeView: Reach consensus,org_view=8015,org_changeCycle=0,cur_changeCycle=0,to_view=8016
info|2019-12-12 19:59:13.588603|[g:1][CONSENSUS]addRawPrepare,height=17,reqIdx=0,hash=3a9b3941...
info|2019-12-12 19:59:13.588817|[g:1][CONSENSUS][PBFT]checkTimeout Succ,view=8016,toView=8017,nodeIdx=3,changeCycle=0,myNode=ae77f5f3...,timecost=0.2
info|2019-12-12 19:59:13.589025|[g:1][CONSENSUS][PBFT]checkAndChangeView: Reach consensus,org_view=8016,org_changeCycle=0,cur_changeCycle=0,to_view=8017
info|2019-12-12 19:59:14.538989|[P2P][Service] heartBeat,connected count=3
info|2019-12-12 19:59:14.591348|[g:1][CONSENSUS]addRawPrepare,height=17,reqIdx=1,hash=955a6973...
info|2019-12-12 19:59:14.591513|[g:1][CONSENSUS][PBFT]checkTimeout Succ,view=8017,toView=8018,nodeIdx=3,changeCycle=0,myNode=ae77f5f3...,timecost=0.146
info|2019-12-12 19:59:14.593458|[g:1][CONSENSUS][PBFT]checkAndChangeView: Reach consensus,org_view=8017,org_changeCycle=0,cur_changeCycle=0,to_view=8018
info|2019-12-12 19:59:15.593845|[g:1][CONSENSUS]addRawPrepare,height=17,reqIdx=2,hash=9265edea...
info|2019-12-12 19:59:15.594040|[g:1][CONSENSUS][PBFT]checkTimeout Succ,view=8018,toView=8019,nodeIdx=3,changeCycle=0,myNode=ae77f5f3...,timecost=0.141
info|2019-12-12 19:59:15.596321|[g:1][CONSENSUS][PBFT]checkAndChangeView: Reach consensus,org_view=8018,org_changeCycle=0,cur_changeCycle=0,to_view=8019
info|2019-12-12 19:59:16.597327|[g:1][CONSENSUS][SEALER]++++++++++++++++ Generating seal on,blkNum=17,tx=0,nodeIdx=3,hash=be3fcefe...
info|2019-12-12 19:59:16.601665|[g:1][CONSENSUS][PBFT]checkTimeout Succ,view=8019,toView=8020,nodeIdx=3,changeCycle=0,myNode=ae77f5f3...,timecost=0.147
info|2019-12-12 19:59:16.602403|[g:1][CONSENSUS][PBFT]checkAndChangeView: Reach consensus,org_view=8019,org_changeCycle=0,cur_changeCycle=0,to_view=8020
info|2019-12-12 19:59:17.601268|[g:1][CONSENSUS]addRawPrepare,height=17,reqIdx=0,hash=504e9416...
info|2019-12-12 19:59:17.601434|[g:1][CONSENSUS][PBFT]checkTimeout Succ,view=8020,toView=8021,nodeIdx=3,changeCycle=0,myNode=ae77f5f3...,timecost=0.147
info|2019-12-12 19:59:17.603547|[g:1][CONSENSUS][PBFT]checkAndChangeView: Reach consensus,org_view=8020,org_changeCycle=0,cur_changeCycle=0,to_view=8021
info|2019-12-12 19:59:18.605981|[g:1][CONSENSUS]addRawPrepare,height=17,reqIdx=1,hash=af7fb5c7...
info|2019-12-12 19:59:18.606161|[g:1][CONSENSUS][PBFT]checkTimeout Succ,view=8021,toView=8022,nodeIdx=3,changeCycle=0,myNode=ae77f5f3...,timecost=0.165
info|2019-12-12 19:59:18.607489|[g:1][CONSENSUS][PBFT]checkAndChangeView: Reach consensus,org_view=8021,org_changeCycle=0,cur_changeCycle=0,to_view=8022
info|2019-12-12 19:59:19.607387|[g:1][CONSENSUS]addRawPrepare,height=17,reqIdx=2,hash=04bf6a61...
info|2019-12-12 19:59:19.607592|[g:1][CONSENSUS][PBFT]checkTimeout Succ,view=8022,toView=8023,nodeIdx=3,changeCycle=0,myNode=ae77f5f3...,timecost=0.145
info|2019-12-12 19:59:19.610384|[g:1][CONSENSUS][PBFT]checkAndChangeView: Reach consensus,org_view=8022,org_changeCycle=0,cur_changeCycle=0,to_view=8023
info|2019-12-12 19:59:20.610986|[g:1][CONSENSUS][SEALER]++++++++++++++++ Generating seal on,blkNum=17,tx=0,nodeIdx=3,hash=f46107ad...
info|2019-12-12 19:59:20.614637|[g:1][CONSENSUS][PBFT]checkTimeout Succ,view=8023,toView=8024,nodeIdx=3,changeCycle=0,myNode=ae77f5f3...,timecost=0.147
info|2019-12-12 19:59:20.616117|[g:1][CONSENSUS][PBFT]checkAndChangeView: Reach consensus,org_view=8023,org_changeCycle=0,cur_changeCycle=0,to_view=8024
info|2019-12-12 19:59:21.615740|[g:1][CONSENSUS]addRawPrepare,height=17,reqIdx=0,hash=aa86aabe...
info|2019-12-12 19:59:21.615906|[g:1][CONSENSUS][PBFT]checkTimeout Succ,view=8024,toView=8025,nodeIdx=3,changeCycle=0,myNode=ae77f5f3...,timecost=0.148
info|2019-12-12 19:59:21.616669|[g:1][CONSENSUS][PBFT]checkAndChangeView: Reach consensus,org_view=8024,org_changeCycle=0,cur_changeCycle=0,to_view=8025
info|2019-12-12 19:59:22.619080|[g:1][CONSENSUS]addRawPrepare,height=17,reqIdx=1,hash=9713f5d3...
info|2019-12-12 19:59:22.619235|[g:1][CONSENSUS][PBFT]checkTimeout Succ,view=8025,toView=8026,nodeIdx=3,changeCycle=0,myNode=ae77f5f3...,timecost=0.139
info|2019-12-12 19:59:22.621234|[g:1][CONSENSUS][PBFT]checkAndChangeView: Reach consensus,org_view=8025,org_changeCycle=0,cur_changeCycle=0,to_view=8026
info|2019-12-12 19:59:23.622052|[g:1][CONSENSUS]addRawPrepare,height=17,reqIdx=2,hash=214ba8e5...
info|2019-12-12 19:59:23.622251|[g:1][CONSENSUS][PBFT]checkTimeout Succ,view=8026,toView=8027,nodeIdx=3,changeCycle=0,myNode=ae77f5f3...,timecost=0.141
info|2019-12-12 19:59:23.624617|[g:1][CONSENSUS][PBFT]checkAndChangeView: Reach consensus,org_view=8026,org_changeCycle=0,cur_changeCycle=0,to_view=8027
info|2019-12-12 19:59:24.539706|[P2P][Service] heartBeat,connected count=3
info|2019-12-12 19:59:24.625192|[g:1][CONSENSUS][SEALER]++++++++++++++++ Generating seal on,blkNum=17,tx=0,nodeIdx=3,hash=f5d7731f...
info|2019-12-12 19:59:24.629893|[g:1][CONSENSUS][PBFT]checkTimeout Succ,view=8027,toView=8028,nodeIdx=3,changeCycle=0,myNode=ae77f5f3...,timecost=0.148
info|2019-12-12 19:59:24.630487|[g:1][CONSENSUS][PBFT]checkAndChangeView: Reach consensus,org_view=8027,org_changeCycle=0,cur_changeCycle=0,to_view=8028
info|2019-12-12 19:59:25.628948|[g:1][CONSENSUS]addRawPrepare,height=17,reqIdx=0,hash=f749bf93...
info|2019-12-12 19:59:25.629114|[g:1][CONSENSUS][PBFT]checkTimeout Succ,view=8028,toView=8029,nodeIdx=3,changeCycle=0,myNode=ae77f5f3...,timecost=0.149
info|2019-12-12 19:59:25.631895|[g:1][CONSENSUS][PBFT]checkAndChangeView: Reach consensus,org_view=8028,org_changeCycle=0,cur_changeCycle=0,to_view=8029
info|2019-12-12 19:59:26.633931|[g:1][CONSENSUS]addRawPrepare,height=17,reqIdx=1,hash=148d9d5b...
info|2019-12-12 19:59:26.634078|[g:1][CONSENSUS][PBFT]checkTimeout Succ,view=8029,toView=8030,nodeIdx=3,changeCycle=0,myNode=ae77f5f3...,timecost=0.132
info|2019-12-12 19:59:26.635125|[g:1][CONSENSUS][PBFT]checkAndChangeView: Reach consensus,org_view=8029,org_changeCycle=0,cur_changeCycle=0,to_view=8030
info|2019-12-12 19:59:27.636234|[g:1][CONSENSUS]addRawPrepare,height=17,reqIdx=2,hash=a836b695...
info|2019-12-12 19:59:27.636509|[g:1][CONSENSUS][PBFT]checkTimeout Succ,view=8030,toView=8031,nodeIdx=3,changeCycle=0,myNode=ae77f5f3...,timecost=0.139
info|2019-12-12 19:59:27.639136|[g:1][CONSENSUS][PBFT]checkAndChangeView: Reach consensus,org_view=8030,org_changeCycle=0,cur_changeCycle=0,to_view=8031
info|2019-12-12 19:59:28.640073|[g:1][CONSENSUS][SEALER]++++++++++++++++ Generating seal on,blkNum=17,tx=0,nodeIdx=3,hash=f508422f...
info|2019-12-12 19:59:28.645503|[g:1][CONSENSUS][PBFT]checkTimeout Succ,view=8031,toView=8032,nodeIdx=3,changeCycle=0,myNode=ae77f5f3...,timecost=0.15
info|2019-12-12 19:59:28.647948|[g:1][CONSENSUS][PBFT]checkAndChangeView: Reach consensus,org_view=8031,org_changeCycle=0,cur_changeCycle=0,to_view=8032
info|2019-12-12 19:59:29.644740|[g:1][CONSENSUS]addRawPrepare,height=17,reqIdx=0,hash=5944096d...
info|2019-12-12 19:59:29.644910|[g:1][CONSENSUS][PBFT]checkTimeout Succ,view=8032,toView=8033,nodeIdx=3,changeCycle=0,myNode=ae77f5f3...,timecost=0.151
info|2019-12-12 19:59:29.646830|[g:1][CONSENSUS][PBFT]checkAndChangeView: Reach consensus,org_view=8032,org_changeCycle=0,cur_changeCycle=0,to_view=8033
info|2019-12-12 19:59:30.650525|[g:1][CONSENSUS]addRawPrepare,height=17,reqIdx=1,hash=3a2e1ec9...
info|2019-12-12 19:59:30.650707|[g:1][CONSENSUS][PBFT]checkTimeout Succ,view=8033,toView=8034,nodeIdx=3,changeCycle=0,myNode=ae77f5f3...,timecost=0.167
info|2019-12-12 19:59:30.652683|[g:1][CONSENSUS][PBFT]checkAndChangeView: Reach consensus,org_view=8033,org_changeCycle=0,cur_changeCycle=0,to_view=8034
info|2019-12-12 19:59:31.652395|[g:1][CONSENSUS]addRawPrepare,height=17,reqIdx=2,hash=103b8e9a...
info|2019-12-12 19:59:31.652612|[g:1][CONSENSUS][PBFT]checkTimeout Succ,view=8034,toView=8035,nodeIdx=3,changeCycle=0,myNode=ae77f5f3...,timecost=0.144
info|2019-12-12 19:59:31.655134|[g:1][CONSENSUS][PBFT]checkAndChangeView: Reach consensus,org_view=8034,org_changeCycle=0,cur_changeCycle=0,to_view=8035
info|2019-12-12 19:59:32.656387|[g:1][CONSENSUS][SEALER]++++++++++++++++ Generating seal on,blkNum=17,tx=0,nodeIdx=3,hash=c2991e5c...
info|2019-12-12 19:59:32.665168|[g:1][CONSENSUS][PBFT]checkTimeout Succ,view=8035,toView=8036,nodeIdx=3,changeCycle=0,myNode=ae77f5f3...,timecost=0.178
info|2019-12-12 19:59:32.666106|[g:1][CONSENSUS][PBFT]checkAndChangeView: Reach consensus,org_view=8035,org_changeCycle=0,cur_changeCycle=0,to_view=8036
info|2019-12-12 19:59:33.664878|[g:1][CONSENSUS]addRawPrepare,height=17,reqIdx=0,hash=42125389...
info|2019-12-12 19:59:33.665047|[g:1][CONSENSUS][PBFT]checkTimeout Succ,view=8036,toView=8037,nodeIdx=3,changeCycle=0,myNode=ae77f5f3...,timecost=0.149
info|2019-12-12 19:59:33.666755|[g:1][CONSENSUS][PBFT]checkAndChangeView: Reach consensus,org_view=8036,org_changeCycle=0,cur_changeCycle=0,to_view=8037
info|2019-12-12 19:59:34.540234|[P2P][Service] heartBeat,connected count=3
info|2019-12-12 19:59:34.670404|[g:1][CONSENSUS]addRawPrepare,height=17,reqIdx=1,hash=656af677...
info|2019-12-12 19:59:34.670596|[g:1][CONSENSUS][PBFT]checkTimeout Succ,view=8037,toView=8038,nodeIdx=3,changeCycle=0,myNode=ae77f5f3...,timecost=0.164
info|2019-12-12 19:59:34.673269|[g:1][CONSENSUS][PBFT]checkAndChangeView: Reach consensus,org_view=8037,org_changeCycle=0,cur_changeCycle=0,to_view=8038
info|2019-12-12 19:59:35.673826|[g:1][CONSENSUS]addRawPrepare,height=17,reqIdx=2,hash=56e4e880...
info|2019-12-12 19:59:35.674038|[g:1][CONSENSUS][PBFT]checkTimeout Succ,view=8038,toView=8039,nodeIdx=3,changeCycle=0,myNode=ae77f5f3...,timecost=0.146
info|2019-12-12 19:59:35.677724|[g:1][CONSENSUS][PBFT]checkAndChangeView: Reach consensus,org_view=8038,org_changeCycle=0,cur_changeCycle=0,to_view=8039
info|2019-12-12 19:59:36.678271|[g:1][CONSENSUS][SEALER]++++++++++++++++ Generating seal on,blkNum=17,tx=0,nodeIdx=3,hash=e418164c...
info|2019-12-12 19:59:36.682916|[g:1][CONSENSUS][PBFT]checkTimeout Succ,view=8039,toView=8040,nodeIdx=3,changeCycle=0,myNode=ae77f5f3...,timecost=0.134
info|2019-12-12 19:59:36.683397|[g:1][CONSENSUS][PBFT]checkAndChangeView: Reach consensus,org_view=8039,org_changeCycle=0,cur_changeCycle=0,to_view=8040
info|2019-12-12 19:59:37.684314|[g:1][CONSENSUS]addRawPrepare,height=17,reqIdx=0,hash=39c03b34...
info|2019-12-12 19:59:37.684513|[g:1][CONSENSUS][PBFT]checkTimeout Succ,view=8040,toView=8041,nodeIdx=3,changeCycle=0,myNode=ae77f5f3...,timecost=0.187
info|2019-12-12 19:59:37.685360|[g:1][CONSENSUS][PBFT]checkAndChangeView: Reach consensus,org_view=8040,org_changeCycle=0,cur_changeCycle=0,to_view=8041
info|2019-12-12 19:59:38.687373|[g:1][CONSENSUS]addRawPrepare,height=17,reqIdx=1,hash=57ca0398...
info|2019-12-12 19:59:38.687545|[g:1][CONSENSUS][PBFT]checkTimeout Succ,view=8041,toView=8042,nodeIdx=3,changeCycle=0,myNode=ae77f5f3...,timecost=0.152
info|2019-12-12 19:59:38.689004|[g:1][CONSENSUS][PBFT]checkAndChangeView: Reach consensus,org_view=8041,org_changeCycle=0,cur_changeCycle=0,to_view=8042
info|2019-12-12 19:59:39.688606|[g:1][CONSENSUS]addRawPrepare,height=17,reqIdx=2,hash=4cae1d96...
info|2019-12-12 19:59:39.688799|[g:1][CONSENSUS][PBFT]checkTimeout Succ,view=8042,toView=8043,nodeIdx=3,changeCycle=0,myNode=ae77f5f3...,timecost=0.14
info|2019-12-12 19:59:39.692397|[g:1][CONSENSUS][PBFT]checkAndChangeView: Reach consensus,org_view=8042,org_changeCycle=0,cur_changeCycle=0,to_view=8043
info|2019-12-12 19:59:40.692791|[g:1][CONSENSUS][SEALER]++++++++++++++++ Generating seal on,blkNum=17,tx=0,nodeIdx=3,hash=25c30b48...
info|2019-12-12 19:59:40.697983|[g:1][CONSENSUS][PBFT]checkTimeout Succ,view=8043,toView=8044,nodeIdx=3,changeCycle=0,myNode=ae77f5f3...,timecost=0.133
info|2019-12-12 19:59:40.698460|[g:1][CONSENSUS][PBFT]checkAndChangeView: Reach consensus,org_view=8043,org_changeCycle=0,cur_changeCycle=0,to_view=8044
info|2019-12-12 19:59:41.698654|[g:1][CONSENSUS]addRawPrepare,height=17,reqIdx=0,hash=f164c9f1...
info|2019-12-12 19:59:41.698827|[g:1][CONSENSUS][PBFT]checkTimeout Succ,view=8044,toView=8045,nodeIdx=3,changeCycle=0,myNode=ae77f5f3...,timecost=0.153
info|2019-12-12 19:59:41.701232|[g:1][CONSENSUS][PBFT]checkAndChangeView: Reach consensus,org_view=8044,org_changeCycle=0,cur_changeCycle=0,to_view=8045
info|2019-12-12 19:59:42.702979|[g:1][CONSENSUS]addRawPrepare,height=17,reqIdx=1,hash=bc25bfcc...
info|2019-12-12 19:59:42.703146|[g:1][CONSENSUS][PBFT]checkTimeout Succ,view=8045,toView=8046,nodeIdx=3,changeCycle=0,myNode=ae77f5f3...,timecost=0.148
info|2019-12-12 19:59:42.705449|[g:1][CONSENSUS][PBFT]checkAndChangeView: Reach consensus,org_view=8045,org_changeCycle=0,cur_changeCycle=0,to_view=8046
info|2019-12-12 19:59:43.705340|[g:1][CONSENSUS]addRawPrepare,height=17,reqIdx=2,hash=6d28b5b2...
info|2019-12-12 19:59:43.705543|[g:1][CONSENSUS][PBFT]checkTimeout Succ,view=8046,toView=8047,nodeIdx=3,changeCycle=0,myNode=ae77f5f3...,timecost=0.143
info|2019-12-12 19:59:43.708708|[g:1][CONSENSUS][PBFT]checkAndChangeView: Reach consensus,org_view=8046,org_changeCycle=0,cur_changeCycle=0,to_view=8047
info|2019-12-12 19:59:44.540453|[P2P][Service] heartBeat,connected count=3
info|2019-12-12 19:59:44.708608|[g:1][CONSENSUS][SEALER]++++++++++++++++ Generating seal on,blkNum=17,tx=0,nodeIdx=3,hash=c58ba240...
info|2019-12-12 19:59:44.714593|[g:1][CONSENSUS][PBFT]checkTimeout Succ,view=8047,toView=8048,nodeIdx=3,changeCycle=0,myNode=ae77f5f3...,timecost=0.164
info|2019-12-12 19:59:44.715227|[g:1][CONSENSUS][PBFT]checkAndChangeView: Reach consensus,org_view=8047,org_changeCycle=0,cur_changeCycle=0,to_view=8048
info|2019-12-12 19:59:45.715670|[g:1][CONSENSUS]addRawPrepare,height=17,reqIdx=0,hash=292cb5d4...
info|2019-12-12 19:59:45.715838|[g:1][CONSENSUS][PBFT]checkTimeout Succ,view=8048,toView=8049,nodeIdx=3,changeCycle=0,myNode=ae77f5f3...,timecost=0.151
info|2019-12-12 19:59:45.717193|[g:1][CONSENSUS][PBFT]checkAndChangeView: Reach consensus,org_view=8048,org_changeCycle=0,cur_changeCycle=0,to_view=8049
info|2019-12-12 19:59:46.719499|[g:1][CONSENSUS]addRawPrepare,height=17,reqIdx=1,hash=c3cde393...
info|2019-12-12 19:59:46.719659|[g:1][CONSENSUS][PBFT]checkTimeout Succ,view=8049,toView=8050,nodeIdx=3,changeCycle=0,myNode=ae77f5f3...,timecost=0.143
info|2019-12-12 19:59:46.722009|[g:1][CONSENSUS][PBFT]checkAndChangeView: Reach consensus,org_view=8049,org_changeCycle=0,cur_changeCycle=0,to_view=8050
info|2019-12-12 19:59:47.722678|[g:1][CONSENSUS]addRawPrepare,height=17,reqIdx=2,hash=7374c2bb...
info|2019-12-12 19:59:47.722881|[g:1][CONSENSUS][PBFT]checkTimeout Succ,view=8050,toView=8051,nodeIdx=3,changeCycle=0,myNode=ae77f5f3...,timecost=0.144
info|2019-12-12 19:59:47.724976|[g:1][CONSENSUS][PBFT]checkAndChangeView: Reach consensus,org_view=8050,org_changeCycle=0,cur_changeCycle=0,to_view=8051
info|2019-12-12 19:59:48.724846|[g:1][CONSENSUS][SEALER]++++++++++++++++ Generating seal on,blkNum=17,tx=0,nodeIdx=3,hash=f6a65d63...
info|2019-12-12 19:59:48.729078|[g:1][CONSENSUS][PBFT]checkTimeout Succ,view=8051,toView=8052,nodeIdx=3,changeCycle=0,myNode=ae77f5f3...,timecost=0.144
info|2019-12-12 19:59:48.729682|[g:1][CONSENSUS][PBFT]checkAndChangeView: Reach consensus,org_view=8051,org_changeCycle=0,cur_changeCycle=0,to_view=8052
info|2019-12-12 19:59:49.729021|[g:1][CONSENSUS]addRawPrepare,height=17,reqIdx=0,hash=92aaf209...
info|2019-12-12 19:59:49.729208|[g:1][CONSENSUS][PBFT]checkTimeout Succ,view=8052,toView=8053,nodeIdx=3,changeCycle=0,myNode=ae77f5f3...,timecost=0.17
info|2019-12-12 19:59:49.731139|[g:1][CONSENSUS][PBFT]checkAndChangeView: Reach consensus,org_view=8052,org_changeCycle=0,cur_changeCycle=0,to_view=8053
info|2019-12-12 19:59:50.733318|[g:1][CONSENSUS]addRawPrepare,height=17,reqIdx=1,hash=4404ea2d...
info|2019-12-12 19:59:50.733493|[g:1][CONSENSUS][PBFT]checkTimeout Succ,view=8053,toView=8054,nodeIdx=3,changeCycle=0,myNode=ae77f5f3...,timecost=0.154
info|2019-12-12 19:59:50.735756|[g:1][CONSENSUS][PBFT]checkAndChangeView: Reach consensus,org_view=8053,org_changeCycle=0,cur_changeCycle=0,to_view=8054
info|2019-12-12 19:59:51.737636|[g:1][CONSENSUS]addRawPrepare,height=17,reqIdx=2,hash=5f70dbb5...
info|2019-12-12 19:59:51.737834|[g:1][CONSENSUS][PBFT]checkTimeout Succ,view=8054,toView=8055,nodeIdx=3,changeCycle=0,myNode=ae77f5f3...,timecost=0.138
info|2019-12-12 19:59:51.740787|[g:1][CONSENSUS][PBFT]checkAndChangeView: Reach consensus,org_view=8054,org_changeCycle=0,cur_changeCycle=0,to_view=8055
info|2019-12-12 19:59:52.740746|[g:1][CONSENSUS][SEALER]++++++++++++++++ Generating seal on,blkNum=17,tx=0,nodeIdx=3,hash=5c0c6cf8...
info|2019-12-12 19:59:52.745509|[g:1][CONSENSUS][PBFT]checkTimeout Succ,view=8055,toView=8056,nodeIdx=3,changeCycle=0,myNode=ae77f5f3...,timecost=0.15
info|2019-12-12 19:59:52.746110|[g:1][CONSENSUS][PBFT]checkAndChangeView: Reach consensus,org_view=8055,org_changeCycle=0,cur_changeCycle=0,to_view=8056
info|2019-12-12 19:59:53.746780|[g:1][CONSENSUS]addRawPrepare,height=17,reqIdx=0,hash=b4f1c5c6...
info|2019-12-12 19:59:53.746943|[g:1][CONSENSUS][PBFT]checkTimeout Succ,view=8056,toView=8057,nodeIdx=3,changeCycle=0,myNode=ae77f5f3...,timecost=0.144
info|2019-12-12 19:59:53.747147|[g:1][CONSENSUS][PBFT]checkAndChangeView: Reach consensus,org_view=8056,org_changeCycle=0,cur_changeCycle=0,to_view=8057
info|2019-12-12 19:59:54.540678|[P2P][Service] heartBeat,connected count=3
info|2019-12-12 19:59:54.750826|[g:1][CONSENSUS]addRawPrepare,height=17,reqIdx=1,hash=c85e19f6...
info|2019-12-12 19:59:54.750991|[g:1][CONSENSUS][PBFT]checkTimeout Succ,view=8057,toView=8058,nodeIdx=3,changeCycle=0,myNode=ae77f5f3...,timecost=0.147
info|2019-12-12 19:59:54.753178|[g:1][CONSENSUS][PBFT]checkAndChangeView: Reach consensus,org_view=8057,org_changeCycle=0,cur_changeCycle=0,to_view=8058
info|2019-12-12 19:59:55.754224|[g:1][CONSENSUS]addRawPrepare,height=17,reqIdx=2,hash=8d18e0f1...
info|2019-12-12 19:59:55.754420|[g:1][CONSENSUS][PBFT]checkTimeout Succ,view=8058,toView=8059,nodeIdx=3,changeCycle=0,myNode=ae77f5f3...,timecost=0.138
info|2019-12-12 19:59:55.757380|[g:1][CONSENSUS][PBFT]checkAndChangeView: Reach consensus,org_view=8058,org_changeCycle=0,cur_changeCycle=0,to_view=8059
info|2019-12-12 19:59:56.757961|[g:1][CONSENSUS][SEALER]++++++++++++++++ Generating seal on,blkNum=17,tx=0,nodeIdx=3,hash=1ec18961...
info|2019-12-12 19:59:56.762514|[g:1][CONSENSUS][PBFT]checkTimeout Succ,view=8059,toView=8060,nodeIdx=3,changeCycle=0,myNode=ae77f5f3...,timecost=0.165
info|2019-12-12 19:59:56.763722|[g:1][CONSENSUS][PBFT]checkAndChangeView: Reach consensus,org_view=8059,org_changeCycle=0,cur_changeCycle=0,to_view=8060
info|2019-12-12 19:59:57.764437|[g:1][CONSENSUS]addRawPrepare,height=17,reqIdx=0,hash=c0a8485b...
info|2019-12-12 19:59:57.764608|[g:1][CONSENSUS][PBFT]checkTimeout Succ,view=8060,toView=8061,nodeIdx=3,changeCycle=0,myNode=ae77f5f3...,timecost=0.151
info|2019-12-12 19:59:57.765472|[g:1][CONSENSUS][PBFT]checkAndChangeView: Reach consensus,org_view=8060,org_changeCycle=0,cur_changeCycle=0,to_view=8061
info|2019-12-12 19:59:58.768743|[g:1][CONSENSUS]addRawPrepare,height=17,reqIdx=1,hash=7407f547...
info|2019-12-12 19:59:58.768903|[g:1][CONSENSUS][PBFT]checkTimeout Succ,view=8061,toView=8062,nodeIdx=3,changeCycle=0,myNode=ae77f5f3...,timecost=0.144
info|2019-12-12 19:59:58.770157|[g:1][CONSENSUS][PBFT]checkAndChangeView: Reach consensus,org_view=8061,org_changeCycle=0,cur_changeCycle=0,to_view=8062
info|2019-12-12 19:59:59.770255|[g:1][CONSENSUS]addRawPrepare,height=17,reqIdx=2,hash=83b9ade5...
info|2019-12-12 19:59:59.770484|[g:1][CONSENSUS][PBFT]checkTimeout Succ,view=8062,toView=8063,nodeIdx=3,changeCycle=0,myNode=ae77f5f3...,timecost=0.143
info|2019-12-12 19:59:59.772924|[g:1][CONSENSUS][PBFT]checkAndChangeView: Reach consensus,org_view=8062,org_changeCycle=0,cur_changeCycle=0,to_view=8063
