info|2019-12-12 20:00:00.774312|[g:1][CONSENSUS]addRawPrepare,height=17,reqIdx=3,hash=c7a8c31d...
info|2019-12-12 20:00:00.774541|[g:1][CONSENSUS][PBFT]checkTimeout Succ,view=8063,toView=8064,nodeIdx=2,changeCycle=0,myNode=8f375bb6...,timecost=0.172
info|2019-12-12 20:00:00.778268|[g:1][CONSENSUS][PBFT]checkAndChangeView: Reach consensus,org_view=8063,org_changeCycle=0,cur_changeCycle=0,to_view=8064
info|2019-12-12 20:00:01.778863|[g:1][CONSENSUS]addRawPrepare,height=17,reqIdx=0,hash=4c224d0c...
info|2019-12-12 20:00:01.779083|[g:1][CONSENSUS][PBFT]checkTimeout Succ,view=8064,toView=8065,nodeIdx=2,changeCycle=0,myNode=8f375bb6...,timecost=0.202
info|2019-12-12 20:00:01.781714|[g:1][CONSENSUS][PBFT]checkAndChangeView: Reach consensus,org_view=8064,org_changeCycle=0,cur_changeCycle=0,to_view=8065
info|2019-12-12 20:00:02.784495|[g:1][CONSENSUS]addRawPrepare,height=17,reqIdx=1,hash=3653e1b7...
info|2019-12-12 20:00:02.784718|[g:1][CONSENSUS][PBFT]checkTimeout Succ,view=8065,toView=8066,nodeIdx=2,changeCycle=0,myNode=8f375bb6...,timecost=0.165
info|2019-12-12 20:00:02.786305|[g:1][CONSENSUS][PBFT]checkAndChangeView: Reach consensus,org_view=8065,org_changeCycle=0,cur_changeCycle=0,to_view=8066
info|2019-12-12 20:00:03.787056|[g:1][CONSENSUS][SEALER]++++++++++++++++ Generating seal on,blkNum=17,tx=0,nodeIdx=2,hash=c62e9cdb...
info|2019-12-12 20:00:03.791807|[g:1][CONSENSUS][PBFT]checkTimeout Succ,view=8066,toView=8067,nodeIdx=2,changeCycle=0,myNode=8f375bb6...,timecost=0.179
info|2019-12-12 20:00:03.792665|[g:1][CONSENSUS][PBFT]checkAndChangeView: Reach consensus,org_view=8066,org_changeCycle=0,cur_changeCycle=0,to_view=8067
info|2019-12-12 20:00:03.819313|[P2P][Service] heartBeat,connected count=3
info|2019-12-12 20:00:04.791090|[g:1][CONSENSUS]addRawPrepare,height=17,reqIdx=3,hash=e54b1a0c...
info|2019-12-12 20:00:04.791297|[g:1][CONSENSUS][PBFT]checkTimeout Succ,view=8067,toView=8068,nodeIdx=2,changeCycle=0,myNode=8f375bb6...,timecost=0.149
info|2019-12-12 20:00:04.794897|[g:1][CONSENSUS][PBFT]checkAndChangeView: Reach consensus,org_view=8067,org_changeCycle=0,cur_changeCycle=0,to_view=8068
info|2019-12-12 20:00:05.797617|[g:1][CONSENSUS]addRawPrepare,height=17,reqIdx=0,hash=ae265f83...
info|2019-12-12 20:00:05.801258|[g:1][CONSENSUS][PBFT]checkTimeout Succ,view=8068,toView=8069,nodeIdx=2,changeCycle=0,myNode=8f375bb6...,timecost=3.583
info|2019-12-12 20:00:05.805995|[g:1][CONSENSUS][PBFT]checkAndChangeView: Reach consensus,org_view=8068,org_changeCycle=0,cur_changeCycle=0,to_view=8069
info|2019-12-12 20:00:06.813646|[g:1][CONSENSUS]addRawPrepare,height=17,reqIdx=1,hash=29d0a553...
info|2019-12-12 20:00:06.818504|[g:1][CONSENSUS][PBFT]checkTimeout Succ,view=8069,toView=8070,nodeIdx=2,changeCycle=0,myNode=8f375bb6...,timecost=4.781
info|2019-12-12 20:00:06.823032|[g:1][CONSENSUS][PBFT]checkAndChangeView: Reach consensus,org_view=8069,org_changeCycle=0,cur_changeCycle=0,to_view=8070
info|2019-12-12 20:00:07.826123|[g:1][CONSENSUS][SEALER]++++++++++++++++ Generating seal on,blkNum=17,tx=0,nodeIdx=2,hash=d11d810e...
info|2019-12-12 20:00:07.834606|[g:1][CONSENSUS][PBFT]checkTimeout Succ,view=8070,toView=8071,nodeIdx=2,changeCycle=0,myNode=8f375bb6...,timecost=0.159
info|2019-12-12 20:00:07.835209|[g:1][CONSENSUS][PBFT]checkAndChangeView: Reach consensus,org_view=8070,org_changeCycle=0,cur_changeCycle=0,to_view=8071
info|2019-12-12 20:00:08.835507|[g:1][CONSENSUS]addRawPrepare,height=17,reqIdx=3,hash=70984b81...
info|2019-12-12 20:00:08.835782|[g:1][CONSENSUS][PBFT]checkTimeout Succ,view=8071,toView=8072,nodeIdx=2,changeCycle=0,myNode=8f375bb6...,timecost=0.2
info|2019-12-12 20:00:08.839143|[g:1][CONSENSUS][PBFT]checkAndChangeView: Reach consensus,org_view=8071,org_changeCycle=0,cur_changeCycle=0,to_view=8072
info|2019-12-12 20:00:09.846159|[g:1][CONSENSUS]addRawPrepare,height=17,reqIdx=0,hash=51f7ca17...
info|2019-12-12 20:00:09.847872|[g:1][CONSENSUS][PBFT]checkTimeout Succ,view=8072,toView=8073,nodeIdx=2,changeCycle=0,myNode=8f375bb6...,timecost=1.68
info|2019-12-12 20:00:09.848831|[g:1][CONSENSUS][PBFT]checkAndChangeView: Reach consensus,org_view=8072,org_changeCycle=0,cur_changeCycle=0,to_view=8073
info|2019-12-12 20:00:10.856440|[g:1][CONSENSUS]addRawPrepare,height=17,reqIdx=1,hash=7b99c73b...
info|2019-12-12 20:00:10.856800|[g:1][CONSENSUS][PBFT]checkTimeout Succ,view=8073,toView=8074,nodeIdx=2,changeCycle=0,myNode=8f375bb6...,timecost=0.318
info|2019-12-12 20:00:10.858130|[g:1][CONSENSUS][PBFT]checkAndChangeView: Reach consensus,org_view=8073,org_changeCycle=0,cur_changeCycle=0,to_view=8074
info|2019-12-12 20:00:11.861984|[g:1][CONSENSUS][SEALER]++++++++++++++++ Generating seal on,blkNum=17,tx=0,nodeIdx=2,hash=b83ac3b9...
info|2019-12-12 20:00:11.873136|[g:1][CONSENSUS][PBFT]checkTimeout Succ,view=8074,toView=8075,nodeIdx=2,changeCycle=0,myNode=8f375bb6...,timecost=0.299
info|2019-12-12 20:00:11.873717|[g:1][CONSENSUS][PBFT]checkAndChangeView: Reach consensus,org_view=8074,org_changeCycle=0,cur_changeCycle=0,to_view=8075
info|2019-12-12 20:00:12.874133|[g:1][CONSENSUS]addRawPrepare,height=17,reqIdx=3,hash=574b05cd...
info|2019-12-12 20:00:12.881791|[g:1][CONSENSUS][PBFT]checkTimeout Succ,view=8075,toView=8076,nodeIdx=2,changeCycle=0,myNode=8f375bb6...,timecost=7.437
info|2019-12-12 20:00:12.886354|[g:1][CONSENSUS][PBFT]checkAndChangeView: Reach consensus,org_view=8075,org_changeCycle=0,cur_changeCycle=0,to_view=8076
info|2019-12-12 20:00:13.820158|[P2P][Service] heartBeat,connected count=3
info|2019-12-12 20:00:13.896184|[g:1][CONSENSUS]addRawPrepare,height=17,reqIdx=0,hash=a5d50e08...
info|2019-12-12 20:00:13.896434|[g:1][CONSENSUS][PBFT]checkTimeout Succ,view=8076,toView=8077,nodeIdx=2,changeCycle=0,myNode=8f375bb6...,timecost=0.162
info|2019-12-12 20:00:13.900262|[g:1][CONSENSUS][PBFT]checkAndChangeView: Reach consensus,org_view=8076,org_changeCycle=0,cur_changeCycle=0,to_view=8077
info|2019-12-12 20:00:14.906506|[g:1][CONSENSUS]addRawPrepare,height=17,reqIdx=1,hash=8941b382...
info|2019-12-12 20:00:14.906714|[g:1][CONSENSUS][PBFT]checkTimeout Succ,view=8077,toView=8078,nodeIdx=2,changeCycle=0,myNode=8f375bb6...,timecost=0.19
info|2019-12-12 20:00:14.908914|[g:1][CONSENSUS][PBFT]checkAndChangeView: Reach consensus,org_view=8077,org_changeCycle=0,cur_changeCycle=0,to_view=8078
info|2019-12-12 20:00:15.908544|[g:1][CONSENSUS][SEALER]++++++++++++++++ Generating seal on,blkNum=17,tx=0,nodeIdx=2,hash=0b6d41e9...
info|2019-12-12 20:00:15.924332|[g:1][CONSENSUS][PBFT]checkTimeout Succ,view=8078,toView=8079,nodeIdx=2,changeCycle=0,myNode=8f375bb6...,timecost=0.347
info|2019-12-12 20:00:15.925637|[g:1][CONSENSUS][PBFT]checkAndChangeView: Reach consensus,org_view=8078,org_changeCycle=0,cur_changeCycle=0,to_view=8079
info|2019-12-12 20:00:16.925037|[g:1][CONSENSUS]addRawPrepare,height=17,reqIdx=3,hash=9f0c9f14...
info|2019-12-12 20:00:16.925807|[g:1][CONSENSUS][PBFT]checkTimeout Succ,view=8079,toView=8080,nodeIdx=2,changeCycle=0,myNode=8f375bb6...,timecost=0.567
info|2019-12-12 20:00:16.936064|[g:1][CONSENSUS][PBFT]checkAndChangeView: Reach consensus,org_view=8079,org_changeCycle=0,cur_changeCycle=0,to_view=8080
info|2019-12-12 20:00:17.941241|[g:1][CONSENSUS]addRawPrepare,height=17,reqIdx=0,hash=29b3ce77...
info|2019-12-12 20:00:17.947308|[g:1][CONSENSUS][PBFT]checkTimeout Succ,view=8080,toView=8081,nodeIdx=2,changeCycle=0,myNode=8f375bb6...,timecost=5.972
info|2019-12-12 20:00:17.952174|[g:1][CONSENSUS][PBFT]checkAndChangeView: Reach consensus,org_view=8080,org_changeCycle=0,cur_changeCycle=0,to_view=8081
info|2019-12-12 20:00:18.962425|[g:1][CONSENSUS]addRawPrepare,height=17,reqIdx=1,hash=b0d8f103...
info|2019-12-12 20:00:18.968648|[g:1][CONSENSUS][PBFT]checkTimeout Succ,view=8081,toView=8082,nodeIdx=2,changeCycle=0,myNode=8f375bb6...,timecost=6.141
info|2019-12-12 20:00:18.971860|[g:1][CONSENSUS][PBFT]checkAndChangeView: Reach consensus,org_view=8081,org_changeCycle=0,cur_changeCycle=0,to_view=8082
info|2019-12-12 20:00:19.973671|[g:1][CONSENSUS][SEALER]++++++++++++++++ Generating seal on,blkNum=17,tx=0,nodeIdx=2,hash=5c2cad04...
info|2019-12-12 20:00:19.978971|[g:1][CONSENSUS][PBFT]checkTimeout Succ,view=8082,toView=8083,nodeIdx=2,changeCycle=0,myNode=8f375bb6...,timecost=0.148
info|2019-12-12 20:00:19.979564|[g:1][CONSENSUS][PBFT]checkAndChangeView: Reach consensus,org_view=8082,org_changeCycle=0,cur_changeCycle=0,to_view=8083
info|2019-12-12 20:00:20.980702|[g:1][CONSENSUS]addRawPrepare,height=17,reqIdx=3,hash=0c664560...
info|2019-12-12 20:00:20.987915|[g:1][CONSENSUS][PBFT]checkTimeout Succ,view=8083,toView=8084,nodeIdx=2,changeCycle=0,myNode=8f375bb6...,timecost=7.002
info|2019-12-12 20:00:20.991730|[g:1][CONSENSUS][PBFT]checkAndChangeView: Reach consensus,org_view=8083,org_changeCycle=0,cur_changeCycle=0,to_view=8084
info|2019-12-12 20:00:21.998794|[g:1][CONSENSUS]addRawPrepare,height=17,reqIdx=0,hash=d43369bd...
info|2019-12-12 20:00:21.999067|[g:1][CONSENSUS][PBFT]checkTimeout Succ,view=8084,toView=8085,nodeIdx=2,changeCycle=0,myNode=8f375bb6...,timecost=0.255
info|2019-12-12 20:00:22.000146|[g:1][CONSENSUS][PBFT]checkAndChangeView: Reach consensus,org_view=8084,org_changeCycle=0,cur_changeCycle=0,to_view=8085
info|2019-12-12 20:00:23.007964|[g:1][CONSENSUS]addRawPrepare,height=17,reqIdx=1,hash=0d487150...
info|2019-12-12 20:00:23.008668|[g:1][CONSENSUS][PBFT]checkTimeout Succ,view=8085,toView=8086,nodeIdx=2,changeCycle=0,myNode=8f375bb6...,timecost=0.651
info|2019-12-12 20:00:23.010338|[g:1][CONSENSUS][PBFT]checkAndChangeView: Reach consensus,org_view=8085,org_changeCycle=0,cur_changeCycle=0,to_view=8086
info|2019-12-12 20:00:23.820380|[P2P][Service] heartBeat,connected count=3
info|2019-12-12 20:00:24.010556|[g:1][CONSENSUS][SEALER]++++++++++++++++ Generating seal on,blkNum=17,tx=0,nodeIdx=2,hash=7ac22d81...
info|2019-12-12 20:00:24.015822|[g:1][CONSENSUS][PBFT]checkTimeout Succ,view=8086,toView=8087,nodeIdx=2,changeCycle=0,myNode=8f375bb6...,timecost=0.182
info|2019-12-12 20:00:24.016456|[g:1][CONSENSUS][PBFT]checkAndChangeView: Reach consensus,org_view=8086,org_changeCycle=0,cur_changeCycle=0,to_view=8087
info|2019-12-12 20:00:25.016103|[g:1][CONSENSUS]addRawPrepare,height=17,reqIdx=3,hash=6ab07d57...
info|2019-12-12 20:00:25.016295|[g:1][CONSENSUS][PBFT]checkTimeout Succ,view=8087,toView=8088,nodeIdx=2,changeCycle=0,myNode=8f375bb6...,timecost=0.14
info|2019-12-12 20:00:25.018788|[g:1][CONSENSUS][PBFT]checkAndChangeView: Reach consensus,org_view=8087,org_changeCycle=0,cur_changeCycle=0,to_view=8088
info|2019-12-12 20:00:26.021043|[g:1][CONSENSUS]addRawPrepare,height=17,reqIdx=0,hash=1016f997...
info|2019-12-12 20:00:26.021217|[g:1][CONSENSUS][PBFT]checkTimeout Succ,view=8088,toView=8089,nodeIdx=2,changeCycle=0,myNode=8f375bb6...,timecost=0.156
info|2019-12-12 20:00:26.023643|[g:1][CONSENSUS][PBFT]checkAndChangeView: Reach consensus,org_view=8088,org_changeCycle=0,cur_changeCycle=0,to_view=8089
info|2019-12-12 20:00:27.028544|[g:1][CONSENSUS]addRawPrepare,height=17,reqIdx=1,hash=1ffef7be...
info|2019-12-12 20:00:27.034198|[g:1][CONSENSUS][PBFT]checkTimeout Succ,view=8089,toView=8090,nodeIdx=2,changeCycle=0,myNode=8f375bb6...,timecost=5.583
info|2019-12-12 20:00:27.037649|[g:1][CONSENSUS][PBFT]checkAndChangeView: Reach consensus,org_view=8089,org_changeCycle=0,cur_changeCycle=0,to_view=8090
info|2019-12-12 20:00:28.039641|[g:1][CONSENSUS][SEALER]++++++++++++++++ Generating seal on,blkNum=17,tx=0,nodeIdx=2,hash=11181caf...
info|2019-12-12 20:00:28.044909|[g:1][CONSENSUS][PBFT]checkTimeout Succ,view=8090,toView=8091,nodeIdx=2,changeCycle=0,myNode=8f375bb6...,timecost=0.152
info|2019-12-12 20:00:28.045542|[g:1][CONSENSUS][PBFT]checkAndChangeView: Reach consensus,org_view=8090,org_changeCycle=0,cur_changeCycle=0,to_view=8091
info|2019-12-12 20:00:29.044855|[g:1][CONSENSUS]addRawPrepare,height=17,reqIdx=3,hash=d3217678...
info|2019-12-12 20:00:29.045065|[g:1][CONSENSUS][PBFT]checkTimeout Succ,view=8091,toView=8092,nodeIdx=2,changeCycle=0,myNode=8f375bb6...,timecost=0.142
info|2019-12-12 20:00:29.047593|[g:1][CONSENSUS][PBFT]checkAndChangeView: Reach consensus,org_view=8091,org_changeCycle=0,cur_changeCycle=0,to_view=8092
info|2019-12-12 20:00:30.049022|[g:1][CONSENSUS]addRawPrepare,height=17,reqIdx=0,hash=4fbb665f...
info|2019-12-12 20:00:30.049194|[g:1][CONSENSUS][PBFT]checkTimeout Succ,view=8092,toView=8093,nodeIdx=2,changeCycle=0,myNode=8f375bb6...,timecost=0.155
info|2019-12-12 20:00:30.050078|[g:1][CONSENSUS][PBFT]checkAndChangeView: Reach consensus,org_view=8092,org_changeCycle=0,cur_changeCycle=0,to_view=8093
info|2019-12-12 20:00:31.057624|[g:1][CONSENSUS]addRawPrepare,height=17,reqIdx=1,hash=9bd6ceef...
info|2019-12-12 20:00:31.062653|[g:1][CONSENSUS][PBFT]checkTimeout Succ,view=8093,toView=8094,nodeIdx=2,changeCycle=0,myNode=8f375bb6...,timecost=4.965
info|2019-12-12 20:00:31.065606|[g:1][CONSENSUS][PBFT]checkAndChangeView: Reach consensus,org_view=8093,org_changeCycle=0,cur_changeCycle=0,to_view=8094
info|2019-12-12 20:00:32.066666|[g:1][CONSENSUS][SEALER]++++++++++++++++ Generating seal on,blkNum=17,tx=0,nodeIdx=2,hash=605e8899...
info|2019-12-12 20:00:32.074155|[g:1][CONSENSUS][PBFT]checkTimeout Succ,view=8094,toView=8095,nodeIdx=2,changeCycle=0,myNode=8f375bb6...,timecost=0.149
info|2019-12-12 20:00:32.074766|[g:1][CONSENSUS][PBFT]checkAndChangeView: Reach consensus,org_view=8094,org_changeCycle=0,cur_changeCycle=0,to_view=8095
info|2019-12-12 20:00:33.076727|[g:1][CONSENSUS]addRawPrepare,height=17,reqIdx=3,hash=d7b74df9...
info|2019-12-12 20:00:33.084953|[g:1][CONSENSUS][PBFT]checkTimeout Succ,view=8095,toView=8096,nodeIdx=2,changeCycle=0,myNode=8f375bb6...,timecost=4.42
info|2019-12-12 20:00:33.088357|[g:1][CONSENSUS][PBFT]checkAndChangeView: Reach consensus,org_view=8095,org_changeCycle=0,cur_changeCycle=0,to_view=8096
info|2019-12-12 20:00:33.820968|[P2P][Service] heartBeat,connected count=3
info|2019-12-12 20:00:34.093083|[g:1][CONSENSUS]addRawPrepare,height=17,reqIdx=0,hash=6e7fb70d...
info|2019-12-12 20:00:34.093438|[g:1][CONSENSUS][PBFT]checkTimeout Succ,view=8096,toView=8097,nodeIdx=2,changeCycle=0,myNode=8f375bb6...,timecost=0.322
info|2019-12-12 20:00:34.094673|[g:1][CONSENSUS][PBFT]checkAndChangeView: Reach consensus,org_view=8096,org_changeCycle=0,cur_changeCycle=0,to_view=8097
info|2019-12-12 20:00:35.099869|[g:1][CONSENSUS]addRawPrepare,height=17,reqIdx=1,hash=d4754e74...
info|2019-12-12 20:00:35.100082|[g:1][CONSENSUS][PBFT]checkTimeout Succ,view=8097,toView=8098,nodeIdx=2,changeCycle=0,myNode=8f375bb6...,timecost=0.189
info|2019-12-12 20:00:35.101870|[g:1][CONSENSUS][PBFT]checkAndChangeView: Reach consensus,org_view=8097,org_changeCycle=0,cur_changeCycle=0,to_view=8098
info|2019-12-12 20:00:36.103968|[g:1][CONSENSUS][SEALER]++++++++++++++++ Generating seal on,blkNum=17,tx=0,nodeIdx=2,hash=746df264...
info|2019-12-12 20:00:36.112569|[g:1][CONSENSUS][PBFT]checkTimeout Succ,view=8098,toView=8099,nodeIdx=2,changeCycle=0,myNode=8f375bb6...,timecost=0.17
info|2019-12-12 20:00:36.113235|[g:1][CONSENSUS][PBFT]checkAndChangeView: Reach consensus,org_view=8098,org_changeCycle=0,cur_changeCycle=0,to_view=8099
info|2019-12-12 20:00:37.114518|[g:1][CONSENSUS]addRawPrepare,height=17,reqIdx=3,hash=318a74da...
info|2019-12-12 20:00:37.114890|[g:1][CONSENSUS][PBFT]checkTimeout Succ,view=8099,toView=8100,nodeIdx=2,changeCycle=0,myNode=8f375bb6...,timecost=0.272
info|2019-12-12 20:00:37.120548|[g:1][CONSENSUS][PBFT]checkAndChangeView: Reach consensus,org_view=8099,org_changeCycle=0,cur_changeCycle=0,to_view=8100
info|2019-12-12 20:00:38.126250|[g:1][CONSENSUS]addRawPrepare,height=17,reqIdx=0,hash=e050d4b0...
info|2019-12-12 20:00:38.131642|[g:1][CONSENSUS][PBFT]checkTimeout Succ,view=8100,toView=8101,nodeIdx=2,changeCycle=0,myNode=8f375bb6...,timecost=4.948
info|2019-12-12 20:00:38.134401|[g:1][CONSENSUS][PBFT]checkAndChangeView: Reach consensus,org_view=8100,org_changeCycle=0,cur_changeCycle=0,to_view=8101
info|2019-12-12 20:00:39.138585|[g:1][CONSENSUS]addRawPrepare,height=17,reqIdx=1,hash=e39913ce...
info|2019-12-12 20:00:39.138844|[g:1][CONSENSUS][PBFT]checkTimeout Succ,view=8101,toView=8102,nodeIdx=2,changeCycle=0,myNode=8f375bb6...,timecost=0.225
info|2019-12-12 20:00:39.142043|[g:1][CONSENSUS][PBFT]checkAndChangeView: Reach consensus,org_view=8101,org_changeCycle=0,cur_changeCycle=0,to_view=8102
info|2019-12-12 20:00:40.143316|[g:1][CONSENSUS][SEALER]++++++++++++++++ Generating seal on,blkNum=17,tx=0,nodeIdx=2,hash=41c93e6b...
info|2019-12-12 20:00:40.150387|[g:1][CONSENSUS][PBFT]checkTimeout Succ,view=8102,toView=8103,nodeIdx=2,changeCycle=0,myNode=8f375bb6...,timecost=0.246
info|2019-12-12 20:00:40.151349|[g:1][CONSENSUS][PBFT]checkAndChangeView: Reach consensus,org_view=8102,org_changeCycle=0,cur_changeCycle=0,to_view=8103
info|2019-12-12 20:00:41.153834|[g:1][CONSENSUS]addRawPrepare,height=17,reqIdx=3,hash=7cb08829...
info|2019-12-12 20:00:41.154431|[g:1][CONSENSUS][PBFT]checkTimeout Succ,view=8103,toView=8104,nodeIdx=2,changeCycle=0,myNode=8f375bb6...,timecost=0.439
info|2019-12-12 20:00:41.163288|[g:1][CONSENSUS][PBFT]checkAndChangeView: Reach consensus,org_view=8103,org_changeCycle=0,cur_changeCycle=0,to_view=8104
info|2019-12-12 20:00:42.168124|[g:1][CONSENSUS]addRawPrepare,height=17,reqIdx=0,hash=90bc1168...
info|2019-12-12 20:00:42.170834|[g:1][CONSENSUS][PBFT]checkTimeout Succ,view=8104,toView=8105,nodeIdx=2,changeCycle=0,myNode=8f375bb6...,timecost=2.626
info|2019-12-12 20:00:42.171522|[g:1][CONSENSUS][PBFT]checkAndChangeView: Reach consensus,org_view=8104,org_changeCycle=0,cur_changeCycle=0,to_view=8105
info|2019-12-12 20:00:43.173522|[g:1][CONSENSUS]addRawPrepare,height=17,reqIdx=1,hash=453fe9a0...
info|2019-12-12 20:00:43.173738|[g:1][CONSENSUS][PBFT]checkTimeout Succ,view=8105,toView=8106,nodeIdx=2,changeCycle=0,myNode=8f375bb6...,timecost=0.17
info|2019-12-12 20:00:43.178165|[g:1][CONSENSUS][PBFT]checkAndChangeView: Reach consensus,org_view=8105,org_changeCycle=0,cur_changeCycle=0,to_view=8106
info|2019-12-12 20:00:43.821503|[P2P][Service] heartBeat,connected count=3
info|2019-12-12 20:00:44.179185|[g:1][CONSENSUS][SEALER]++++++++++++++++ Generating seal on,blkNum=17,tx=0,nodeIdx=2,hash=35b56978...
info|2019-12-12 20:00:44.183309|[g:1][CONSENSUS][PBFT]checkTimeout Succ,view=8106,toView=8107,nodeIdx=2,changeCycle=0,myNode=8f375bb6...,timecost=0.17
info|2019-12-12 20:00:44.183965|[g:1][CONSENSUS][PBFT]checkAndChangeView: Reach consensus,org_view=8106,org_changeCycle=0,cur_changeCycle=0,to_view=8107
info|2019-12-12 20:00:45.183185|[g:1][CONSENSUS]addRawPrepare,height=17,reqIdx=3,hash=e22428c1...
info|2019-12-12 20:00:45.183381|[g:1][CONSENSUS][PBFT]checkTimeout Succ,view=8107,toView=8108,nodeIdx=2,changeCycle=0,myNode=8f375bb6...,timecost=0.144
info|2019-12-12 20:00:45.186173|[g:1][CONSENSUS][PBFT]checkAndChangeView: Reach consensus,org_view=8107,org_changeCycle=0,cur_changeCycle=0,to_view=8108
