warning|2019-12-12 16:56:12.962840|[g:1][CONSENSUS][PBFT]ViewChangeWarning: not caused by omit empty block ,v=7838,toV=7839,curNum=16,hash=f723565c...,nodeIdx=2,myNode=8f375bb6...
info|2019-12-12 16:56:12.969958|[g:1][CONSENSUS][PBFT]checkTimeout Succ,view=7838,toView=7839,nodeIdx=2,changeCycle=1,myNode=8f375bb6...,timecost=9.091
info|2019-12-12 16:56:12.976526|[g:1][CONSENSUS][PBFT]checkAndChangeView: Reach consensus,org_view=7838,org_changeCycle=1,cur_changeCycle=1,to_view=7839
info|2019-12-12 16:56:13.239565|[P2P][Service] heartBeat,connected count=3
info|2019-12-12 16:56:13.976096|[g:1][CONSENSUS]addRawPrepare,height=17,reqIdx=3,hash=cb97a925...
info|2019-12-12 16:56:13.976451|[g:1][CONSENSUS][PBFT]checkTimeout Succ,view=7839,toView=7840,nodeIdx=2,changeCycle=0,myNode=8f375bb6...,timecost=0.319
info|2019-12-12 16:56:13.979598|[g:1][CONSENSUS][PBFT]checkAndChangeView: Reach consensus,org_view=7839,org_changeCycle=0,cur_changeCycle=0,to_view=7840
info|2019-12-12 16:56:14.979529|[g:1][CONSENSUS]addRawPrepare,height=17,reqIdx=0,hash=ebe0865b...
info|2019-12-12 16:56:14.979713|[g:1][CONSENSUS][PBFT]checkTimeout Succ,view=7840,toView=7841,nodeIdx=2,changeCycle=0,myNode=8f375bb6...,timecost=0.169
info|2019-12-12 16:56:14.981594|[g:1][CONSENSUS][PBFT]checkAndChangeView: Reach consensus,org_view=7840,org_changeCycle=0,cur_changeCycle=0,to_view=7841
info|2019-12-12 16:56:15.985076|[g:1][CONSENSUS]addRawPrepare,height=17,reqIdx=1,hash=38375a4d...
info|2019-12-12 16:56:15.985243|[g:1][CONSENSUS][PBFT]checkTimeout Succ,view=7841,toView=7842,nodeIdx=2,changeCycle=0,myNode=8f375bb6...,timecost=0.15
info|2019-12-12 16:56:15.987499|[g:1][CONSENSUS][PBFT]checkAndChangeView: Reach consensus,org_view=7841,org_changeCycle=0,cur_changeCycle=0,to_view=7842
info|2019-12-12 16:56:16.988194|[g:1][CONSENSUS][SEALER]++++++++++++++++ Generating seal on,blkNum=17,tx=0,nodeIdx=2,hash=b6c8af13...
info|2019-12-12 16:56:16.999320|[g:1][CONSENSUS][PBFT]checkTimeout Succ,view=7842,toView=7843,nodeIdx=2,changeCycle=0,myNode=8f375bb6...,timecost=0.311
info|2019-12-12 16:56:17.000783|[g:1][CONSENSUS][PBFT]checkAndChangeView: Reach consensus,org_view=7842,org_changeCycle=0,cur_changeCycle=0,to_view=7843
info|2019-12-12 16:56:17.998780|[g:1][CONSENSUS]addRawPrepare,height=17,reqIdx=3,hash=d791fa51...
info|2019-12-12 16:56:17.998991|[g:1][CONSENSUS][PBFT]checkTimeout Succ,view=7843,toView=7844,nodeIdx=2,changeCycle=0,myNode=8f375bb6...,timecost=0.149
info|2019-12-12 16:56:18.001876|[g:1][CONSENSUS][PBFT]checkAndChangeView: Reach consensus,org_view=7843,org_changeCycle=0,cur_changeCycle=0,to_view=7844
info|2019-12-12 16:56:19.003394|[g:1][CONSENSUS]addRawPrepare,height=17,reqIdx=0,hash=4e242f98...
info|2019-12-12 16:56:19.003559|[g:1][CONSENSUS][PBFT]checkTimeout Succ,view=7844,toView=7845,nodeIdx=2,changeCycle=0,myNode=8f375bb6...,timecost=0.148
info|2019-12-12 16:56:19.004360|[g:1][CONSENSUS][PBFT]checkAndChangeView: Reach consensus,org_view=7844,org_changeCycle=0,cur_changeCycle=0,to_view=7845
info|2019-12-12 16:56:20.005641|[g:1][CONSENSUS]addRawPrepare,height=17,reqIdx=1,hash=0008b6a5...
info|2019-12-12 16:56:20.005822|[g:1][CONSENSUS][PBFT]checkTimeout Succ,view=7845,toView=7846,nodeIdx=2,changeCycle=0,myNode=8f375bb6...,timecost=0.161
info|2019-12-12 16:56:20.008371|[g:1][CONSENSUS][PBFT]checkAndChangeView: Reach consensus,org_view=7845,org_changeCycle=0,cur_changeCycle=0,to_view=7846
info|2019-12-12 16:56:21.008384|[g:1][CONSENSUS][SEALER]++++++++++++++++ Generating seal on,blkNum=17,tx=0,nodeIdx=2,hash=327371c2...
info|2019-12-12 16:56:21.013060|[g:1][CONSENSUS][PBFT]checkTimeout Succ,view=7846,toView=7847,nodeIdx=2,changeCycle=0,myNode=8f375bb6...,timecost=0.151
info|2019-12-12 16:56:21.013717|[g:1][CONSENSUS][PBFT]checkAndChangeView: Reach consensus,org_view=7846,org_changeCycle=0,cur_changeCycle=0,to_view=7847
info|2019-12-12 16:56:22.013217|[g:1][CONSENSUS]addRawPrepare,height=17,reqIdx=3,hash=afca6cbf...
info|2019-12-12 16:56:22.013416|[g:1][CONSENSUS][PBFT]checkTimeout Succ,view=7847,toView=7848,nodeIdx=2,changeCycle=0,myNode=8f375bb6...,timecost=0.144
info|2019-12-12 16:56:22.015745|[g:1][CONSENSUS][PBFT]checkAndChangeView: Reach consensus,org_view=7847,org_changeCycle=0,cur_changeCycle=0,to_view=7848
info|2019-12-12 16:56:23.018971|[g:1][CONSENSUS][PBFT]Trigger fast-viewchange,view=7848,toView=7848,minView=7849,INFO=,reqNum=16,curNum=16,GenIdx=3,Cview=7849,view=7848,fromIdx=3,fromNode=ae77f5f3...,fromIp=127.0.0.1:30302,hash=f723565c...,nodeIdx=2,myNode=8f375bb6...
info|2019-12-12 16:56:23.019161|[g:1][CONSENSUS][PBFT]checkAndChangeView: Reach consensus,org_view=7848,org_changeCycle=0,cur_changeCycle=0,to_view=7849
info|2019-12-12 16:56:23.019167|[g:1][CONSENSUS][PBFT]checkTimeout Succ,view=7849,toView=7849,nodeIdx=2,changeCycle=0,myNode=8f375bb6...,timecost=0.168
info|2019-12-12 16:56:23.240228|[P2P][Service] heartBeat,connected count=3
info|2019-12-12 16:56:24.023094|[g:1][CONSENSUS]addRawPrepare,height=17,reqIdx=1,hash=41b8f1c6...
info|2019-12-12 16:56:24.023245|[g:1][CONSENSUS][PBFT]checkTimeout Succ,view=7849,toView=7850,nodeIdx=2,changeCycle=0,myNode=8f375bb6...,timecost=0.135
info|2019-12-12 16:56:24.025291|[g:1][CONSENSUS][PBFT]checkAndChangeView: Reach consensus,org_view=7849,org_changeCycle=0,cur_changeCycle=0,to_view=7850
info|2019-12-12 16:56:25.026097|[g:1][CONSENSUS][SEALER]++++++++++++++++ Generating seal on,blkNum=17,tx=0,nodeIdx=2,hash=e4ab84ab...
info|2019-12-12 16:56:25.030739|[g:1][CONSENSUS][PBFT]checkTimeout Succ,view=7850,toView=7851,nodeIdx=2,changeCycle=0,myNode=8f375bb6...,timecost=0.153
info|2019-12-12 16:56:25.031472|[g:1][CONSENSUS][PBFT]checkAndChangeView: Reach consensus,org_view=7850,org_changeCycle=0,cur_changeCycle=0,to_view=7851
info|2019-12-12 16:56:26.031510|[g:1][CONSENSUS]addRawPrepare,height=17,reqIdx=3,hash=0802c7a6...
info|2019-12-12 16:56:26.031702|[g:1][CONSENSUS][PBFT]checkTimeout Succ,view=7851,toView=7852,nodeIdx=2,changeCycle=0,myNode=8f375bb6...,timecost=0.139
info|2019-12-12 16:56:26.034373|[g:1][CONSENSUS][PBFT]checkAndChangeView: Reach consensus,org_view=7851,org_changeCycle=0,cur_changeCycle=0,to_view=7852
info|2019-12-12 16:56:27.036348|[g:1][CONSENSUS]addRawPrepare,height=17,reqIdx=0,hash=cc9b69d7...
info|2019-12-12 16:56:27.036512|[g:1][CONSENSUS][PBFT]checkTimeout Succ,view=7852,toView=7853,nodeIdx=2,changeCycle=0,myNode=8f375bb6...,timecost=0.147
info|2019-12-12 16:56:27.038963|[g:1][CONSENSUS][PBFT]checkAndChangeView: Reach consensus,org_view=7852,org_changeCycle=0,cur_changeCycle=0,to_view=7853
info|2019-12-12 16:56:28.041084|[g:1][CONSENSUS]addRawPrepare,height=17,reqIdx=1,hash=5a07cb36...
info|2019-12-12 16:56:28.041241|[g:1][CONSENSUS][PBFT]checkTimeout Succ,view=7853,toView=7854,nodeIdx=2,changeCycle=0,myNode=8f375bb6...,timecost=0.141
info|2019-12-12 16:56:28.041449|[g:1][CONSENSUS][PBFT]checkAndChangeView: Reach consensus,org_view=7853,org_changeCycle=0,cur_changeCycle=0,to_view=7854
info|2019-12-12 16:56:29.042242|[g:1][CONSENSUS][SEALER]++++++++++++++++ Generating seal on,blkNum=17,tx=0,nodeIdx=2,hash=6bf3748c...
info|2019-12-12 16:56:29.046437|[g:1][CONSENSUS][PBFT]checkTimeout Succ,view=7854,toView=7855,nodeIdx=2,changeCycle=0,myNode=8f375bb6...,timecost=0.145
info|2019-12-12 16:56:29.047100|[g:1][CONSENSUS][PBFT]checkAndChangeView: Reach consensus,org_view=7854,org_changeCycle=0,cur_changeCycle=0,to_view=7855
info|2019-12-12 16:56:30.046156|[g:1][CONSENSUS]addRawPrepare,height=17,reqIdx=3,hash=9b3201b7...
info|2019-12-12 16:56:30.046352|[g:1][CONSENSUS][PBFT]checkTimeout Succ,view=7855,toView=7856,nodeIdx=2,changeCycle=0,myNode=8f375bb6...,timecost=0.14
info|2019-12-12 16:56:30.048593|[g:1][CONSENSUS][PBFT]checkAndChangeView: Reach consensus,org_view=7855,org_changeCycle=0,cur_changeCycle=0,to_view=7856
info|2019-12-12 16:56:31.050156|[g:1][CONSENSUS]addRawPrepare,height=17,reqIdx=0,hash=5d82939a...
info|2019-12-12 16:56:31.050323|[g:1][CONSENSUS][PBFT]checkTimeout Succ,view=7856,toView=7857,nodeIdx=2,changeCycle=0,myNode=8f375bb6...,timecost=0.148
info|2019-12-12 16:56:31.052583|[g:1][CONSENSUS][PBFT]checkAndChangeView: Reach consensus,org_view=7856,org_changeCycle=0,cur_changeCycle=0,to_view=7857
info|2019-12-12 16:56:32.054801|[g:1][CONSENSUS]addRawPrepare,height=17,reqIdx=1,hash=7ebd77d4...
info|2019-12-12 16:56:32.054955|[g:1][CONSENSUS][PBFT]checkTimeout Succ,view=7857,toView=7858,nodeIdx=2,changeCycle=0,myNode=8f375bb6...,timecost=0.137
info|2019-12-12 16:56:32.055988|[g:1][CONSENSUS][PBFT]checkAndChangeView: Reach consensus,org_view=7857,org_changeCycle=0,cur_changeCycle=0,to_view=7858
info|2019-12-12 16:56:33.055888|[g:1][CONSENSUS][SEALER]++++++++++++++++ Generating seal on,blkNum=17,tx=0,nodeIdx=2,hash=702c3d05...
info|2019-12-12 16:56:33.060918|[g:1][CONSENSUS][PBFT]checkTimeout Succ,view=7858,toView=7859,nodeIdx=2,changeCycle=0,myNode=8f375bb6...,timecost=0.172
info|2019-12-12 16:56:33.061546|[g:1][CONSENSUS][PBFT]checkAndChangeView: Reach consensus,org_view=7858,org_changeCycle=0,cur_changeCycle=0,to_view=7859
info|2019-12-12 16:56:33.240343|[P2P][Service] heartBeat,connected count=3
info|2019-12-12 16:56:34.060178|[g:1][CONSENSUS]addRawPrepare,height=17,reqIdx=3,hash=3c78146a...
info|2019-12-12 16:56:34.060370|[g:1][CONSENSUS][PBFT]checkTimeout Succ,view=7859,toView=7860,nodeIdx=2,changeCycle=0,myNode=8f375bb6...,timecost=0.139
info|2019-12-12 16:56:34.063122|[g:1][CONSENSUS][PBFT]checkAndChangeView: Reach consensus,org_view=7859,org_changeCycle=0,cur_changeCycle=0,to_view=7860
info|2019-12-12 16:56:35.065439|[g:1][CONSENSUS]addRawPrepare,height=17,reqIdx=0,hash=1bfc68a9...
info|2019-12-12 16:56:35.065606|[g:1][CONSENSUS][PBFT]checkTimeout Succ,view=7860,toView=7861,nodeIdx=2,changeCycle=0,myNode=8f375bb6...,timecost=0.133
info|2019-12-12 16:56:35.066930|[g:1][CONSENSUS][PBFT]checkAndChangeView: Reach consensus,org_view=7860,org_changeCycle=0,cur_changeCycle=0,to_view=7861
info|2019-12-12 16:56:36.068696|[g:1][CONSENSUS]addRawPrepare,height=17,reqIdx=1,hash=ef56a560...
info|2019-12-12 16:56:36.068850|[g:1][CONSENSUS][PBFT]checkTimeout Succ,view=7861,toView=7862,nodeIdx=2,changeCycle=0,myNode=8f375bb6...,timecost=0.138
info|2019-12-12 16:56:36.069070|[g:1][CONSENSUS][PBFT]checkAndChangeView: Reach consensus,org_view=7861,org_changeCycle=0,cur_changeCycle=0,to_view=7862
info|2019-12-12 16:56:37.069773|[g:1][CONSENSUS][SEALER]++++++++++++++++ Generating seal on,blkNum=17,tx=0,nodeIdx=2,hash=0c6c46b1...
info|2019-12-12 16:56:37.074463|[g:1][CONSENSUS][PBFT]checkTimeout Succ,view=7862,toView=7863,nodeIdx=2,changeCycle=0,myNode=8f375bb6...,timecost=0.15
info|2019-12-12 16:56:37.075095|[g:1][CONSENSUS][PBFT]checkAndChangeView: Reach consensus,org_view=7862,org_changeCycle=0,cur_changeCycle=0,to_view=7863
info|2019-12-12 16:56:38.074320|[g:1][CONSENSUS]addRawPrepare,height=17,reqIdx=3,hash=db056da6...
info|2019-12-12 16:56:38.074518|[g:1][CONSENSUS][PBFT]checkTimeout Succ,view=7863,toView=7864,nodeIdx=2,changeCycle=0,myNode=8f375bb6...,timecost=0.14
info|2019-12-12 16:56:38.077537|[g:1][CONSENSUS][PBFT]checkAndChangeView: Reach consensus,org_view=7863,org_changeCycle=0,cur_changeCycle=0,to_view=7864
info|2019-12-12 16:56:39.078081|[g:1][CONSENSUS]addRawPrepare,height=17,reqIdx=0,hash=3ad115a1...
info|2019-12-12 16:56:39.078246|[g:1][CONSENSUS][PBFT]checkTimeout Succ,view=7864,toView=7865,nodeIdx=2,changeCycle=0,myNode=8f375bb6...,timecost=0.145
info|2019-12-12 16:56:39.079931|[g:1][CONSENSUS][PBFT]checkAndChangeView: Reach consensus,org_view=7864,org_changeCycle=0,cur_changeCycle=0,to_view=7865
info|2019-12-12 16:56:40.082508|[g:1][CONSENSUS]addRawPrepare,height=17,reqIdx=1,hash=c1bf8556...
info|2019-12-12 16:56:40.082674|[g:1][CONSENSUS][PBFT]checkTimeout Succ,view=7865,toView=7866,nodeIdx=2,changeCycle=0,myNode=8f375bb6...,timecost=0.147
info|2019-12-12 16:56:40.084866|[g:1][CONSENSUS][PBFT]checkAndChangeView: Reach consensus,org_view=7865,org_changeCycle=0,cur_changeCycle=0,to_view=7866
info|2019-12-12 16:56:41.085169|[g:1][CONSENSUS][SEALER]++++++++++++++++ Generating seal on,blkNum=17,tx=0,nodeIdx=2,hash=0138fd57...
info|2019-12-12 16:56:41.090284|[g:1][CONSENSUS][PBFT]checkTimeout Succ,view=7866,toView=7867,nodeIdx=2,changeCycle=0,myNode=8f375bb6...,timecost=0.147
info|2019-12-12 16:56:41.091010|[g:1][CONSENSUS][PBFT]checkAndChangeView: Reach consensus,org_view=7866,org_changeCycle=0,cur_changeCycle=0,to_view=7867
info|2019-12-12 16:56:42.091391|[g:1][CONSENSUS]addRawPrepare,height=17,reqIdx=3,hash=c2be76aa...
info|2019-12-12 16:56:42.091586|[g:1][CONSENSUS][PBFT]checkTimeout Succ,view=7867,toView=7868,nodeIdx=2,changeCycle=0,myNode=8f375bb6...,timecost=0.14
info|2019-12-12 16:56:42.094183|[g:1][CONSENSUS][PBFT]checkAndChangeView: Reach consensus,org_view=7867,org_changeCycle=0,cur_changeCycle=0,to_view=7868
info|2019-12-12 16:56:43.097324|[g:1][CONSENSUS]addRawPrepare,height=17,reqIdx=0,hash=dca60e80...
info|2019-12-12 16:56:43.097469|[g:1][CONSENSUS][PBFT]checkTimeout Succ,view=7868,toView=7869,nodeIdx=2,changeCycle=0,myNode=8f375bb6...,timecost=0.131
info|2019-12-12 16:56:43.098263|[g:1][CONSENSUS][PBFT]checkAndChangeView: Reach consensus,org_view=7868,org_changeCycle=0,cur_changeCycle=0,to_view=7869
info|2019-12-12 16:56:43.241089|[P2P][Service] heartBeat,connected count=3
info|2019-12-12 16:56:44.100075|[g:1][CONSENSUS]addRawPrepare,height=17,reqIdx=1,hash=309cb995...
info|2019-12-12 16:56:44.100242|[g:1][CONSENSUS][PBFT]checkTimeout Succ,view=7869,toView=7870,nodeIdx=2,changeCycle=0,myNode=8f375bb6...,timecost=0.147
info|2019-12-12 16:56:44.102428|[g:1][CONSENSUS][PBFT]checkAndChangeView: Reach consensus,org_view=7869,org_changeCycle=0,cur_changeCycle=0,to_view=7870
info|2019-12-12 16:56:45.103301|[g:1][CONSENSUS][SEALER]++++++++++++++++ Generating seal on,blkNum=17,tx=0,nodeIdx=2,hash=90c204ea...
info|2019-12-12 16:56:45.107757|[g:1][CONSENSUS][PBFT]checkTimeout Succ,view=7870,toView=7871,nodeIdx=2,changeCycle=0,myNode=8f375bb6...,timecost=0.164
info|2019-12-12 16:56:45.108554|[g:1][CONSENSUS][PBFT]checkAndChangeView: Reach consensus,org_view=7870,org_changeCycle=0,cur_changeCycle=0,to_view=7871
info|2019-12-12 16:56:46.108018|[g:1][CONSENSUS]addRawPrepare,height=17,reqIdx=3,hash=827ac3b1...
info|2019-12-12 16:56:46.108231|[g:1][CONSENSUS][PBFT]checkTimeout Succ,view=7871,toView=7872,nodeIdx=2,changeCycle=0,myNode=8f375bb6...,timecost=0.136
info|2019-12-12 16:56:46.110462|[g:1][CONSENSUS][PBFT]checkAndChangeView: Reach consensus,org_view=7871,org_changeCycle=0,cur_changeCycle=0,to_view=7872
info|2019-12-12 16:56:47.111544|[g:1][CONSENSUS]addRawPrepare,height=17,reqIdx=0,hash=51af1c49...
info|2019-12-12 16:56:47.111703|[g:1][CONSENSUS][PBFT]checkTimeout Succ,view=7872,toView=7873,nodeIdx=2,changeCycle=0,myNode=8f375bb6...,timecost=0.142
info|2019-12-12 16:56:47.113918|[g:1][CONSENSUS][PBFT]checkAndChangeView: Reach consensus,org_view=7872,org_changeCycle=0,cur_changeCycle=0,to_view=7873
info|2019-12-12 16:56:48.116008|[g:1][CONSENSUS]addRawPrepare,height=17,reqIdx=1,hash=8f8ff000...
info|2019-12-12 16:56:48.116203|[g:1][CONSENSUS][PBFT]checkTimeout Succ,view=7873,toView=7874,nodeIdx=2,changeCycle=0,myNode=8f375bb6...,timecost=0.168
info|2019-12-12 16:56:48.118612|[g:1][CONSENSUS][PBFT]checkAndChangeView: Reach consensus,org_view=7873,org_changeCycle=0,cur_changeCycle=0,to_view=7874
info|2019-12-12 16:56:49.118457|[g:1][CONSENSUS][SEALER]++++++++++++++++ Generating seal on,blkNum=17,tx=0,nodeIdx=2,hash=1b23a769...
info|2019-12-12 16:56:49.123140|[g:1][CONSENSUS][PBFT]checkTimeout Succ,view=7874,toView=7875,nodeIdx=2,changeCycle=0,myNode=8f375bb6...,timecost=0.134
info|2019-12-12 16:56:49.123638|[g:1][CONSENSUS][PBFT]checkAndChangeView: Reach consensus,org_view=7874,org_changeCycle=0,cur_changeCycle=0,to_view=7875
info|2019-12-12 16:56:50.121612|[g:1][CONSENSUS]addRawPrepare,height=17,reqIdx=3,hash=1d7e6ba2...
info|2019-12-12 16:56:50.121828|[g:1][CONSENSUS][PBFT]checkTimeout Succ,view=7875,toView=7876,nodeIdx=2,changeCycle=0,myNode=8f375bb6...,timecost=0.144
info|2019-12-12 16:56:50.124078|[g:1][CONSENSUS][PBFT]checkAndChangeView: Reach consensus,org_view=7875,org_changeCycle=0,cur_changeCycle=0,to_view=7876
info|2019-12-12 16:56:51.126179|[g:1][CONSENSUS]addRawPrepare,height=17,reqIdx=0,hash=b3c96dcc...
info|2019-12-12 16:56:51.126365|[g:1][CONSENSUS][PBFT]checkTimeout Succ,view=7876,toView=7877,nodeIdx=2,changeCycle=0,myNode=8f375bb6...,timecost=0.17
info|2019-12-12 16:56:51.128121|[g:1][CONSENSUS][PBFT]checkAndChangeView: Reach consensus,org_view=7876,org_changeCycle=0,cur_changeCycle=0,to_view=7877
info|2019-12-12 16:56:52.129717|[g:1][CONSENSUS]addRawPrepare,height=17,reqIdx=1,hash=37b25ce0...
info|2019-12-12 16:56:52.129884|[g:1][CONSENSUS][PBFT]checkTimeout Succ,view=7877,toView=7878,nodeIdx=2,changeCycle=0,myNode=8f375bb6...,timecost=0.148
info|2019-12-12 16:56:52.131857|[g:1][CONSENSUS][PBFT]checkAndChangeView: Reach consensus,org_view=7877,org_changeCycle=0,cur_changeCycle=0,to_view=7878
info|2019-12-12 16:56:53.132361|[g:1][CONSENSUS][SEALER]++++++++++++++++ Generating seal on,blkNum=17,tx=0,nodeIdx=2,hash=540647e6...
info|2019-12-12 16:56:53.138406|[g:1][CONSENSUS][PBFT]checkTimeout Succ,view=7878,toView=7879,nodeIdx=2,changeCycle=0,myNode=8f375bb6...,timecost=0.241
info|2019-12-12 16:56:53.139488|[g:1][CONSENSUS][PBFT]checkAndChangeView: Reach consensus,org_view=7878,org_changeCycle=0,cur_changeCycle=0,to_view=7879
info|2019-12-12 16:56:53.241674|[P2P][Service] heartBeat,connected count=3
info|2019-12-12 16:56:54.138427|[g:1][CONSENSUS]addRawPrepare,height=17,reqIdx=3,hash=5c443698...
info|2019-12-12 16:56:54.138618|[g:1][CONSENSUS][PBFT]checkTimeout Succ,view=7879,toView=7880,nodeIdx=2,changeCycle=0,myNode=8f375bb6...,timecost=0.138
info|2019-12-12 16:56:54.141437|[g:1][CONSENSUS][PBFT]checkAndChangeView: Reach consensus,org_view=7879,org_changeCycle=0,cur_changeCycle=0,to_view=7880
info|2019-12-12 16:56:55.143259|[g:1][CONSENSUS]addRawPrepare,height=17,reqIdx=0,hash=a93b058b...
info|2019-12-12 16:56:55.143412|[g:1][CONSENSUS][PBFT]checkTimeout Succ,view=7880,toView=7881,nodeIdx=2,changeCycle=0,myNode=8f375bb6...,timecost=0.136
info|2019-12-12 16:56:55.144720|[g:1][CONSENSUS][PBFT]checkAndChangeView: Reach consensus,org_view=7880,org_changeCycle=0,cur_changeCycle=0,to_view=7881
info|2019-12-12 16:56:56.147931|[g:1][CONSENSUS][PBFT]Trigger fast-viewchange,view=7881,toView=7881,minView=7882,INFO=,reqNum=16,curNum=16,GenIdx=3,Cview=7882,view=7881,fromIdx=3,fromNode=ae77f5f3...,fromIp=127.0.0.1:30302,hash=f723565c...,nodeIdx=2,myNode=8f375bb6...
info|2019-12-12 16:56:56.148093|[g:1][CONSENSUS][PBFT]checkAndChangeView: Reach consensus,org_view=7881,org_changeCycle=0,cur_changeCycle=0,to_view=7882
info|2019-12-12 16:56:56.148097|[g:1][CONSENSUS][PBFT]checkTimeout Succ,view=7882,toView=7882,nodeIdx=2,changeCycle=0,myNode=8f375bb6...,timecost=0.137
info|2019-12-12 16:56:57.148376|[g:1][CONSENSUS][SEALER]++++++++++++++++ Generating seal on,blkNum=17,tx=0,nodeIdx=2,hash=a30e1ae1...
info|2019-12-12 16:56:57.153269|[g:1][CONSENSUS][PBFT]checkTimeout Succ,view=7882,toView=7883,nodeIdx=2,changeCycle=0,myNode=8f375bb6...,timecost=0.156
info|2019-12-12 16:56:57.153921|[g:1][CONSENSUS][PBFT]checkAndChangeView: Reach consensus,org_view=7882,org_changeCycle=0,cur_changeCycle=0,to_view=7883
info|2019-12-12 16:56:58.152709|[g:1][CONSENSUS]addRawPrepare,height=17,reqIdx=3,hash=b8af5a22...
info|2019-12-12 16:56:58.152928|[g:1][CONSENSUS][PBFT]checkTimeout Succ,view=7883,toView=7884,nodeIdx=2,changeCycle=0,myNode=8f375bb6...,timecost=0.146
info|2019-12-12 16:56:58.155812|[g:1][CONSENSUS][PBFT]checkAndChangeView: Reach consensus,org_view=7883,org_changeCycle=0,cur_changeCycle=0,to_view=7884
info|2019-12-12 16:56:59.157488|[g:1][CONSENSUS]addRawPrepare,height=17,reqIdx=0,hash=75355f4d...
info|2019-12-12 16:56:59.157636|[g:1][CONSENSUS][PBFT]checkTimeout Succ,view=7884,toView=7885,nodeIdx=2,changeCycle=0,myNode=8f375bb6...,timecost=0.134
info|2019-12-12 16:56:59.159440|[g:1][CONSENSUS][PBFT]checkAndChangeView: Reach consensus,org_view=7884,org_changeCycle=0,cur_changeCycle=0,to_view=7885
info|2019-12-12 16:57:00.161099|[g:1][CONSENSUS]addRawPrepare,height=17,reqIdx=1,hash=7cb37ee1...
info|2019-12-12 16:57:00.161260|[g:1][CONSENSUS][PBFT]checkTimeout Succ,view=7885,toView=7886,nodeIdx=2,changeCycle=0,myNode=8f375bb6...,timecost=0.144
info|2019-12-12 16:57:00.163268|[g:1][CONSENSUS][PBFT]checkAndChangeView: Reach consensus,org_view=7885,org_changeCycle=0,cur_changeCycle=0,to_view=7886
info|2019-12-12 16:57:01.163311|[g:1][CONSENSUS][SEALER]++++++++++++++++ Generating seal on,blkNum=17,tx=0,nodeIdx=2,hash=dcbe55e5...
info|2019-12-12 16:57:01.168354|[g:1][CONSENSUS][PBFT]checkTimeout Succ,view=7886,toView=7887,nodeIdx=2,changeCycle=0,myNode=8f375bb6...,timecost=0.156
info|2019-12-12 16:57:01.169018|[g:1][CONSENSUS][PBFT]checkAndChangeView: Reach consensus,org_view=7886,org_changeCycle=0,cur_changeCycle=0,to_view=7887
info|2019-12-12 16:57:02.168269|[g:1][CONSENSUS]addRawPrepare,height=17,reqIdx=3,hash=2bdc53e6...
info|2019-12-12 16:57:02.168484|[g:1][CONSENSUS][PBFT]checkTimeout Succ,view=7887,toView=7888,nodeIdx=2,changeCycle=0,myNode=8f375bb6...,timecost=0.166
info|2019-12-12 16:57:02.170708|[g:1][CONSENSUS][PBFT]checkAndChangeView: Reach consensus,org_view=7887,org_changeCycle=0,cur_changeCycle=0,to_view=7888
info|2019-12-12 16:57:03.174100|[g:1][CONSENSUS]addRawPrepare,height=17,reqIdx=0,hash=5f2d8cf5...
info|2019-12-12 16:57:03.174286|[g:1][CONSENSUS][PBFT]checkTimeout Succ,view=7888,toView=7889,nodeIdx=2,changeCycle=0,myNode=8f375bb6...,timecost=0.162
info|2019-12-12 16:57:03.174517|[g:1][CONSENSUS][PBFT]checkAndChangeView: Reach consensus,org_view=7888,org_changeCycle=0,cur_changeCycle=0,to_view=7889
info|2019-12-12 16:57:03.242291|[P2P][Service] heartBeat,connected count=3
info|2019-12-12 16:57:04.177678|[g:1][CONSENSUS]addRawPrepare,height=17,reqIdx=1,hash=7a4259c5...
info|2019-12-12 16:57:04.177854|[g:1][CONSENSUS][PBFT]checkTimeout Succ,view=7889,toView=7890,nodeIdx=2,changeCycle=0,myNode=8f375bb6...,timecost=0.162
info|2019-12-12 16:57:04.178892|[g:1][CONSENSUS][PBFT]checkAndChangeView: Reach consensus,org_view=7889,org_changeCycle=0,cur_changeCycle=0,to_view=7890
info|2019-12-12 16:57:05.178758|[g:1][CONSENSUS][SEALER]++++++++++++++++ Generating seal on,blkNum=17,tx=0,nodeIdx=2,hash=e10dd7d6...
info|2019-12-12 16:57:05.183570|[g:1][CONSENSUS][PBFT]checkTimeout Succ,view=7890,toView=7891,nodeIdx=2,changeCycle=0,myNode=8f375bb6...,timecost=0.178
info|2019-12-12 16:57:05.184241|[g:1][CONSENSUS][PBFT]checkAndChangeView: Reach consensus,org_view=7890,org_changeCycle=0,cur_changeCycle=0,to_view=7891
info|2019-12-12 16:57:06.183034|[g:1][CONSENSUS]addRawPrepare,height=17,reqIdx=3,hash=699743f4...
info|2019-12-12 16:57:06.183247|[g:1][CONSENSUS][PBFT]checkTimeout Succ,view=7891,toView=7892,nodeIdx=2,changeCycle=0,myNode=8f375bb6...,timecost=0.149
info|2019-12-12 16:57:06.185780|[g:1][CONSENSUS][PBFT]checkAndChangeView: Reach consensus,org_view=7891,org_changeCycle=0,cur_changeCycle=0,to_view=7892
info|2019-12-12 16:57:07.189051|[g:1][CONSENSUS]addRawPrepare,height=17,reqIdx=0,hash=b5ef138f...
info|2019-12-12 16:57:07.189263|[g:1][CONSENSUS][PBFT]checkTimeout Succ,view=7892,toView=7893,nodeIdx=2,changeCycle=0,myNode=8f375bb6...,timecost=0.192
info|2019-12-12 16:57:07.190695|[g:1][CONSENSUS][PBFT]checkAndChangeView: Reach consensus,org_view=7892,org_changeCycle=0,cur_changeCycle=0,to_view=7893
info|2019-12-12 16:57:08.191922|[g:1][CONSENSUS]addRawPrepare,height=17,reqIdx=1,hash=2008c370...
info|2019-12-12 16:57:08.192126|[g:1][CONSENSUS][PBFT]checkTimeout Succ,view=7893,toView=7894,nodeIdx=2,changeCycle=0,myNode=8f375bb6...,timecost=0.158
info|2019-12-12 16:57:08.193990|[g:1][CONSENSUS][PBFT]checkAndChangeView: Reach consensus,org_view=7893,org_changeCycle=0,cur_changeCycle=0,to_view=7894
info|2019-12-12 16:57:09.194367|[g:1][CONSENSUS][SEALER]++++++++++++++++ Generating seal on,blkNum=17,tx=0,nodeIdx=2,hash=cb7db27b...
info|2019-12-12 16:57:09.199974|[g:1][CONSENSUS][PBFT]checkTimeout Succ,view=7894,toView=7895,nodeIdx=2,changeCycle=0,myNode=8f375bb6...,timecost=0.158
info|2019-12-12 16:57:09.200643|[g:1][CONSENSUS][PBFT]checkAndChangeView: Reach consensus,org_view=7894,org_changeCycle=0,cur_changeCycle=0,to_view=7895
info|2019-12-12 16:57:10.200767|[g:1][CONSENSUS]addRawPrepare,height=17,reqIdx=3,hash=9d5bcf1e...
info|2019-12-12 16:57:10.200960|[g:1][CONSENSUS][PBFT]checkTimeout Succ,view=7895,toView=7896,nodeIdx=2,changeCycle=0,myNode=8f375bb6...,timecost=0.136
info|2019-12-12 16:57:10.203063|[g:1][CONSENSUS][PBFT]checkAndChangeView: Reach consensus,org_view=7895,org_changeCycle=0,cur_changeCycle=0,to_view=7896
info|2019-12-12 16:57:11.205062|[g:1][CONSENSUS]addRawPrepare,height=17,reqIdx=0,hash=6f558f5a...
info|2019-12-12 16:57:11.205247|[g:1][CONSENSUS][PBFT]checkTimeout Succ,view=7896,toView=7897,nodeIdx=2,changeCycle=0,myNode=8f375bb6...,timecost=0.167
info|2019-12-12 16:57:11.206932|[g:1][CONSENSUS][PBFT]checkAndChangeView: Reach consensus,org_view=7896,org_changeCycle=0,cur_changeCycle=0,to_view=7897
info|2019-12-12 16:57:12.209517|[g:1][CONSENSUS]addRawPrepare,height=17,reqIdx=1,hash=5e953865...
info|2019-12-12 16:57:12.209691|[g:1][CONSENSUS][PBFT]checkTimeout Succ,view=7897,toView=7898,nodeIdx=2,changeCycle=0,myNode=8f375bb6...,timecost=0.153
info|2019-12-12 16:57:12.211968|[g:1][CONSENSUS][PBFT]checkAndChangeView: Reach consensus,org_view=7897,org_changeCycle=0,cur_changeCycle=0,to_view=7898
info|2019-12-12 16:57:13.211313|[g:1][CONSENSUS][SEALER]++++++++++++++++ Generating seal on,blkNum=17,tx=0,nodeIdx=2,hash=7dddfe37...
info|2019-12-12 16:57:13.215994|[g:1][CONSENSUS][PBFT]checkTimeout Succ,view=7898,toView=7899,nodeIdx=2,changeCycle=0,myNode=8f375bb6...,timecost=0.134
info|2019-12-12 16:57:13.216330|[g:1][CONSENSUS][PBFT]checkAndChangeView: Reach consensus,org_view=7898,org_changeCycle=0,cur_changeCycle=0,to_view=7899
info|2019-12-12 16:57:13.242456|[P2P][Service] heartBeat,connected count=3
info|2019-12-12 16:57:14.215686|[g:1][CONSENSUS]addRawPrepare,height=17,reqIdx=3,hash=9c058085...
info|2019-12-12 16:57:14.215893|[g:1][CONSENSUS][PBFT]checkTimeout Succ,view=7899,toView=7900,nodeIdx=2,changeCycle=0,myNode=8f375bb6...,timecost=0.142
info|2019-12-12 16:57:14.218158|[g:1][CONSENSUS][PBFT]checkAndChangeView: Reach consensus,org_view=7899,org_changeCycle=0,cur_changeCycle=0,to_view=7900
info|2019-12-12 16:57:15.220982|[g:1][CONSENSUS]addRawPrepare,height=17,reqIdx=0,hash=d6ae427f...
info|2019-12-12 16:57:15.221136|[g:1][CONSENSUS][PBFT]checkTimeout Succ,view=7900,toView=7901,nodeIdx=2,changeCycle=0,myNode=8f375bb6...,timecost=0.136
info|2019-12-12 16:57:15.222460|[g:1][CONSENSUS][PBFT]checkAndChangeView: Reach consensus,org_view=7900,org_changeCycle=0,cur_changeCycle=0,to_view=7901
info|2019-12-12 16:57:16.224882|[g:1][CONSENSUS]addRawPrepare,height=17,reqIdx=1,hash=029e2aad...
info|2019-12-12 16:57:16.225046|[g:1][CONSENSUS][PBFT]checkTimeout Succ,view=7901,toView=7902,nodeIdx=2,changeCycle=0,myNode=8f375bb6...,timecost=0.147
info|2019-12-12 16:57:16.227333|[g:1][CONSENSUS][PBFT]checkAndChangeView: Reach consensus,org_view=7901,org_changeCycle=0,cur_changeCycle=0,to_view=7902
info|2019-12-12 16:57:17.228500|[g:1][CONSENSUS][SEALER]++++++++++++++++ Generating seal on,blkNum=17,tx=0,nodeIdx=2,hash=dc0cefa7...
info|2019-12-12 16:57:17.232783|[g:1][CONSENSUS][PBFT]checkTimeout Succ,view=7902,toView=7903,nodeIdx=2,changeCycle=0,myNode=8f375bb6...,timecost=0.145
info|2019-12-12 16:57:17.233448|[g:1][CONSENSUS][PBFT]checkAndChangeView: Reach consensus,org_view=7902,org_changeCycle=0,cur_changeCycle=0,to_view=7903
info|2019-12-12 16:57:18.234105|[g:1][CONSENSUS]addRawPrepare,height=17,reqIdx=3,hash=5497f5ce...
info|2019-12-12 16:57:18.234268|[g:1][CONSENSUS][PBFT]checkTimeout Succ,view=7903,toView=7904,nodeIdx=2,changeCycle=0,myNode=8f375bb6...,timecost=0.145
info|2019-12-12 16:57:18.235670|[g:1][CONSENSUS][PBFT]checkAndChangeView: Reach consensus,org_view=7903,org_changeCycle=0,cur_changeCycle=0,to_view=7904
info|2019-12-12 16:57:19.238200|[g:1][CONSENSUS]addRawPrepare,height=17,reqIdx=0,hash=5264e465...
info|2019-12-12 16:57:19.238368|[g:1][CONSENSUS][PBFT]checkTimeout Succ,view=7904,toView=7905,nodeIdx=2,changeCycle=0,myNode=8f375bb6...,timecost=0.148
info|2019-12-12 16:57:19.240155|[g:1][CONSENSUS][PBFT]checkAndChangeView: Reach consensus,org_view=7904,org_changeCycle=0,cur_changeCycle=0,to_view=7905
info|2019-12-12 16:57:20.242356|[g:1][CONSENSUS]addRawPrepare,height=17,reqIdx=1,hash=fcd0a6a3...
info|2019-12-12 16:57:20.242504|[g:1][CONSENSUS][PBFT]checkTimeout Succ,view=7905,toView=7906,nodeIdx=2,changeCycle=0,myNode=8f375bb6...,timecost=0.132
info|2019-12-12 16:57:20.243533|[g:1][CONSENSUS][PBFT]checkAndChangeView: Reach consensus,org_view=7905,org_changeCycle=0,cur_changeCycle=0,to_view=7906
info|2019-12-12 16:57:21.243801|[g:1][CONSENSUS][SEALER]++++++++++++++++ Generating seal on,blkNum=17,tx=0,nodeIdx=2,hash=efd7af6d...
info|2019-12-12 16:57:21.248089|[g:1][CONSENSUS][PBFT]checkTimeout Succ,view=7906,toView=7907,nodeIdx=2,changeCycle=0,myNode=8f375bb6...,timecost=0.145
info|2019-12-12 16:57:21.248722|[g:1][CONSENSUS][PBFT]checkAndChangeView: Reach consensus,org_view=7906,org_changeCycle=0,cur_changeCycle=0,to_view=7907
info|2019-12-12 16:57:22.248188|[g:1][CONSENSUS]addRawPrepare,height=17,reqIdx=3,hash=accfd7d5...
info|2019-12-12 16:57:22.248393|[g:1][CONSENSUS][PBFT]checkTimeout Succ,view=7907,toView=7908,nodeIdx=2,changeCycle=0,myNode=8f375bb6...,timecost=0.155
info|2019-12-12 16:57:22.250544|[g:1][CONSENSUS][PBFT]checkAndChangeView: Reach consensus,org_view=7907,org_changeCycle=0,cur_changeCycle=0,to_view=7908
info|2019-12-12 16:57:23.242998|[P2P][Service] heartBeat,connected count=3
info|2019-12-12 16:57:23.251773|[g:1][CONSENSUS]addRawPrepare,height=17,reqIdx=0,hash=7781e376...
info|2019-12-12 16:57:23.251959|[g:1][CONSENSUS][PBFT]checkTimeout Succ,view=7908,toView=7909,nodeIdx=2,changeCycle=0,myNode=8f375bb6...,timecost=0.169
info|2019-12-12 16:57:23.254386|[g:1][CONSENSUS][PBFT]checkAndChangeView: Reach consensus,org_view=7908,org_changeCycle=0,cur_changeCycle=0,to_view=7909
info|2019-12-12 16:57:24.256068|[g:1][CONSENSUS]addRawPrepare,height=17,reqIdx=1,hash=97a1e792...
info|2019-12-12 16:57:24.256235|[g:1][CONSENSUS][PBFT]checkTimeout Succ,view=7909,toView=7910,nodeIdx=2,changeCycle=0,myNode=8f375bb6...,timecost=0.148
info|2019-12-12 16:57:24.258440|[g:1][CONSENSUS][PBFT]checkAndChangeView: Reach consensus,org_view=7909,org_changeCycle=0,cur_changeCycle=0,to_view=7910
info|2019-12-12 16:57:25.258477|[g:1][CONSENSUS][SEALER]++++++++++++++++ Generating seal on,blkNum=17,tx=0,nodeIdx=2,hash=49350581...
info|2019-12-12 16:57:25.262960|[g:1][CONSENSUS][PBFT]checkTimeout Succ,view=7910,toView=7911,nodeIdx=2,changeCycle=0,myNode=8f375bb6...,timecost=0.166
info|2019-12-12 16:57:25.263582|[g:1][CONSENSUS][PBFT]checkAndChangeView: Reach consensus,org_view=7910,org_changeCycle=0,cur_changeCycle=0,to_view=7911
info|2019-12-12 16:57:26.262915|[g:1][CONSENSUS]addRawPrepare,height=17,reqIdx=3,hash=7558f36f...
info|2019-12-12 16:57:26.263109|[g:1][CONSENSUS][PBFT]checkTimeout Succ,view=7911,toView=7912,nodeIdx=2,changeCycle=0,myNode=8f375bb6...,timecost=0.14
info|2019-12-12 16:57:26.265404|[g:1][CONSENSUS][PBFT]checkAndChangeView: Reach consensus,org_view=7911,org_changeCycle=0,cur_changeCycle=0,to_view=7912
info|2019-12-12 16:57:27.268272|[g:1][CONSENSUS]addRawPrepare,height=17,reqIdx=0,hash=08fb7b17...
info|2019-12-12 16:57:27.268465|[g:1][CONSENSUS][PBFT]checkTimeout Succ,view=7912,toView=7913,nodeIdx=2,changeCycle=0,myNode=8f375bb6...,timecost=0.176
info|2019-12-12 16:57:27.270732|[g:1][CONSENSUS][PBFT]checkAndChangeView: Reach consensus,org_view=7912,org_changeCycle=0,cur_changeCycle=0,to_view=7913
info|2019-12-12 16:57:28.271378|[g:1][CONSENSUS]addRawPrepare,height=17,reqIdx=1,hash=599b6432...
info|2019-12-12 16:57:28.271538|[g:1][CONSENSUS][PBFT]checkTimeout Succ,view=7913,toView=7914,nodeIdx=2,changeCycle=0,myNode=8f375bb6...,timecost=0.144
info|2019-12-12 16:57:28.274291|[g:1][CONSENSUS][PBFT]checkAndChangeView: Reach consensus,org_view=7913,org_changeCycle=0,cur_changeCycle=0,to_view=7914
info|2019-12-12 16:57:29.275227|[g:1][CONSENSUS][SEALER]++++++++++++++++ Generating seal on,blkNum=17,tx=0,nodeIdx=2,hash=003314ee...
info|2019-12-12 16:57:29.279899|[g:1][CONSENSUS][PBFT]checkTimeout Succ,view=7914,toView=7915,nodeIdx=2,changeCycle=0,myNode=8f375bb6...,timecost=0.145
info|2019-12-12 16:57:29.280519|[g:1][CONSENSUS][PBFT]checkAndChangeView: Reach consensus,org_view=7914,org_changeCycle=0,cur_changeCycle=0,to_view=7915
info|2019-12-12 16:57:30.280162|[g:1][CONSENSUS]addRawPrepare,height=17,reqIdx=3,hash=7a8e4cad...
info|2019-12-12 16:57:30.280408|[g:1][CONSENSUS][PBFT]checkTimeout Succ,view=7915,toView=7916,nodeIdx=2,changeCycle=0,myNode=8f375bb6...,timecost=0.19
info|2019-12-12 16:57:30.282948|[g:1][CONSENSUS][PBFT]checkAndChangeView: Reach consensus,org_view=7915,org_changeCycle=0,cur_changeCycle=0,to_view=7916
info|2019-12-12 16:57:31.284945|[g:1][CONSENSUS]addRawPrepare,height=17,reqIdx=0,hash=6de60807...
info|2019-12-12 16:57:31.285092|[g:1][CONSENSUS][PBFT]checkTimeout Succ,view=7916,toView=7917,nodeIdx=2,changeCycle=0,myNode=8f375bb6...,timecost=0.131
info|2019-12-12 16:57:31.286338|[g:1][CONSENSUS][PBFT]checkAndChangeView: Reach consensus,org_view=7916,org_changeCycle=0,cur_changeCycle=0,to_view=7917
info|2019-12-12 16:57:32.288075|[g:1][CONSENSUS]addRawPrepare,height=17,reqIdx=1,hash=b4d579a8...
info|2019-12-12 16:57:32.288277|[g:1][CONSENSUS][PBFT]checkTimeout Succ,view=7917,toView=7918,nodeIdx=2,changeCycle=0,myNode=8f375bb6...,timecost=0.186
info|2019-12-12 16:57:32.290490|[g:1][CONSENSUS][PBFT]checkAndChangeView: Reach consensus,org_view=7917,org_changeCycle=0,cur_changeCycle=0,to_view=7918
info|2019-12-12 16:57:33.243663|[P2P][Service] heartBeat,connected count=3
info|2019-12-12 16:57:33.292236|[g:1][CONSENSUS][SEALER]++++++++++++++++ Generating seal on,blkNum=17,tx=0,nodeIdx=2,hash=3e6fc43d...
info|2019-12-12 16:57:33.297261|[g:1][CONSENSUS][PBFT]checkTimeout Succ,view=7918,toView=7919,nodeIdx=2,changeCycle=0,myNode=8f375bb6...,timecost=0.198
info|2019-12-12 16:57:33.297824|[g:1][CONSENSUS][PBFT]checkAndChangeView: Reach consensus,org_view=7918,org_changeCycle=0,cur_changeCycle=0,to_view=7919
info|2019-12-12 16:57:34.298407|[g:1][CONSENSUS]addRawPrepare,height=17,reqIdx=3,hash=535d3acd...
info|2019-12-12 16:57:34.298598|[g:1][CONSENSUS][PBFT]checkTimeout Succ,view=7919,toView=7920,nodeIdx=2,changeCycle=0,myNode=8f375bb6...,timecost=0.138
info|2019-12-12 16:57:34.300769|[g:1][CONSENSUS][PBFT]checkAndChangeView: Reach consensus,org_view=7919,org_changeCycle=0,cur_changeCycle=0,to_view=7920
info|2019-12-12 16:57:35.303549|[g:1][CONSENSUS]addRawPrepare,height=17,reqIdx=0,hash=7d656058...
info|2019-12-12 16:57:35.303703|[g:1][CONSENSUS][PBFT]checkTimeout Succ,view=7920,toView=7921,nodeIdx=2,changeCycle=0,myNode=8f375bb6...,timecost=0.136
info|2019-12-12 16:57:35.305349|[g:1][CONSENSUS][PBFT]checkAndChangeView: Reach consensus,org_view=7920,org_changeCycle=0,cur_changeCycle=0,to_view=7921
info|2019-12-12 16:57:36.305693|[g:1][CONSENSUS]addRawPrepare,height=17,reqIdx=1,hash=fe54f6d5...
info|2019-12-12 16:57:36.305855|[g:1][CONSENSUS][PBFT]checkTimeout Succ,view=7921,toView=7922,nodeIdx=2,changeCycle=0,myNode=8f375bb6...,timecost=0.145
info|2019-12-12 16:57:36.308121|[g:1][CONSENSUS][PBFT]checkAndChangeView: Reach consensus,org_view=7921,org_changeCycle=0,cur_changeCycle=0,to_view=7922
info|2019-12-12 16:57:37.309176|[g:1][CONSENSUS][SEALER]++++++++++++++++ Generating seal on,blkNum=17,tx=0,nodeIdx=2,hash=4987e725...
info|2019-12-12 16:57:37.313845|[g:1][CONSENSUS][PBFT]checkTimeout Succ,view=7922,toView=7923,nodeIdx=2,changeCycle=0,myNode=8f375bb6...,timecost=0.268
info|2019-12-12 16:57:37.314717|[g:1][CONSENSUS][PBFT]checkAndChangeView: Reach consensus,org_view=7922,org_changeCycle=0,cur_changeCycle=0,to_view=7923
info|2019-12-12 16:57:38.313498|[g:1][CONSENSUS]addRawPrepare,height=17,reqIdx=3,hash=a59bc2d1...
info|2019-12-12 16:57:38.313693|[g:1][CONSENSUS][PBFT]checkTimeout Succ,view=7923,toView=7924,nodeIdx=2,changeCycle=0,myNode=8f375bb6...,timecost=0.14
info|2019-12-12 16:57:38.316286|[g:1][CONSENSUS][PBFT]checkAndChangeView: Reach consensus,org_view=7923,org_changeCycle=0,cur_changeCycle=0,to_view=7924
info|2019-12-12 16:57:39.318234|[g:1][CONSENSUS]addRawPrepare,height=17,reqIdx=0,hash=8dabf158...
info|2019-12-12 16:57:39.318409|[g:1][CONSENSUS][PBFT]checkTimeout Succ,view=7924,toView=7925,nodeIdx=2,changeCycle=0,myNode=8f375bb6...,timecost=0.155
info|2019-12-12 16:57:39.319789|[g:1][CONSENSUS][PBFT]checkAndChangeView: Reach consensus,org_view=7924,org_changeCycle=0,cur_changeCycle=0,to_view=7925
info|2019-12-12 16:57:40.324143|[g:1][CONSENSUS]addRawPrepare,height=17,reqIdx=1,hash=23e0ce7d...
info|2019-12-12 16:57:40.324452|[g:1][CONSENSUS][PBFT]checkTimeout Succ,view=7925,toView=7926,nodeIdx=2,changeCycle=0,myNode=8f375bb6...,timecost=0.294
info|2019-12-12 16:57:40.325917|[g:1][CONSENSUS][PBFT]checkAndChangeView: Reach consensus,org_view=7925,org_changeCycle=0,cur_changeCycle=0,to_view=7926
info|2019-12-12 16:57:41.325865|[g:1][CONSENSUS][SEALER]++++++++++++++++ Generating seal on,blkNum=17,tx=0,nodeIdx=2,hash=eec5a3dd...
info|2019-12-12 16:57:41.330769|[g:1][CONSENSUS][PBFT]checkTimeout Succ,view=7926,toView=7927,nodeIdx=2,changeCycle=0,myNode=8f375bb6...,timecost=0.151
info|2019-12-12 16:57:41.331438|[g:1][CONSENSUS][PBFT]checkAndChangeView: Reach consensus,org_view=7926,org_changeCycle=0,cur_changeCycle=0,to_view=7927
info|2019-12-12 16:57:42.330194|[g:1][CONSENSUS]addRawPrepare,height=17,reqIdx=3,hash=9be05b5d...
info|2019-12-12 16:57:42.330384|[g:1][CONSENSUS][PBFT]checkTimeout Succ,view=7927,toView=7928,nodeIdx=2,changeCycle=0,myNode=8f375bb6...,timecost=0.137
info|2019-12-12 16:57:42.332745|[g:1][CONSENSUS][PBFT]checkAndChangeView: Reach consensus,org_view=7927,org_changeCycle=0,cur_changeCycle=0,to_view=7928
info|2019-12-12 16:57:43.243900|[P2P][Service] heartBeat,connected count=3
info|2019-12-12 16:57:43.340654|[g:1][CONSENSUS]addRawPrepare,height=17,reqIdx=0,hash=deb9c245...
info|2019-12-12 16:57:43.341071|[g:1][CONSENSUS][PBFT]checkTimeout Succ,view=7928,toView=7929,nodeIdx=2,changeCycle=0,myNode=8f375bb6...,timecost=0.37
info|2019-12-12 16:57:43.345301|[g:1][CONSENSUS][PBFT]checkAndChangeView: Reach consensus,org_view=7928,org_changeCycle=0,cur_changeCycle=0,to_view=7929
info|2019-12-12 16:57:44.353267|[g:1][CONSENSUS]addRawPrepare,height=17,reqIdx=1,hash=9631fd28...
info|2019-12-12 16:57:44.356463|[g:1][CONSENSUS][PBFT]checkTimeout Succ,view=7929,toView=7930,nodeIdx=2,changeCycle=0,myNode=8f375bb6...,timecost=2.877
info|2019-12-12 16:57:44.358027|[g:1][CONSENSUS][PBFT]checkAndChangeView: Reach consensus,org_view=7929,org_changeCycle=0,cur_changeCycle=0,to_view=7930
info|2019-12-12 16:57:45.360039|[g:1][CONSENSUS][SEALER]++++++++++++++++ Generating seal on,blkNum=17,tx=0,nodeIdx=2,hash=d457273b...
info|2019-12-12 16:57:45.371035|[g:1][CONSENSUS][PBFT]checkTimeout Succ,view=7930,toView=7931,nodeIdx=2,changeCycle=0,myNode=8f375bb6...,timecost=0.299
info|2019-12-12 16:57:45.372562|[g:1][CONSENSUS][PBFT]checkAndChangeView: Reach consensus,org_view=7930,org_changeCycle=0,cur_changeCycle=0,to_view=7931
info|2019-12-12 16:57:46.371367|[g:1][CONSENSUS]addRawPrepare,height=17,reqIdx=3,hash=92200dc4...
info|2019-12-12 16:57:46.371801|[g:1][CONSENSUS][PBFT]checkTimeout Succ,view=7931,toView=7932,nodeIdx=2,changeCycle=0,myNode=8f375bb6...,timecost=0.315
info|2019-12-12 16:57:46.376072|[g:1][CONSENSUS][PBFT]checkAndChangeView: Reach consensus,org_view=7931,org_changeCycle=0,cur_changeCycle=0,to_view=7932
info|2019-12-12 16:57:47.382013|[g:1][CONSENSUS]addRawPrepare,height=17,reqIdx=0,hash=41fb1c3b...
info|2019-12-12 16:57:47.386851|[g:1][CONSENSUS][PBFT]checkTimeout Succ,view=7932,toView=7933,nodeIdx=2,changeCycle=0,myNode=8f375bb6...,timecost=4.745
info|2019-12-12 16:57:47.390508|[g:1][CONSENSUS][PBFT]checkAndChangeView: Reach consensus,org_view=7932,org_changeCycle=0,cur_changeCycle=0,to_view=7933
info|2019-12-12 16:57:48.396683|[g:1][CONSENSUS]addRawPrepare,height=17,reqIdx=1,hash=5fc3c83c...
info|2019-12-12 16:57:48.400405|[g:1][CONSENSUS][PBFT]checkTimeout Succ,view=7933,toView=7934,nodeIdx=2,changeCycle=0,myNode=8f375bb6...,timecost=2.702
info|2019-12-12 16:57:48.400741|[g:1][CONSENSUS][PBFT]checkAndChangeView: Reach consensus,org_view=7933,org_changeCycle=0,cur_changeCycle=0,to_view=7934
info|2019-12-12 16:57:49.401264|[g:1][CONSENSUS][SEALER]++++++++++++++++ Generating seal on,blkNum=17,tx=0,nodeIdx=2,hash=bdca35f7...
info|2019-12-12 16:57:49.408131|[g:1][CONSENSUS][PBFT]checkTimeout Succ,view=7934,toView=7935,nodeIdx=2,changeCycle=0,myNode=8f375bb6...,timecost=0.223
info|2019-12-12 16:57:49.409154|[g:1][CONSENSUS][PBFT]checkAndChangeView: Reach consensus,org_view=7934,org_changeCycle=0,cur_changeCycle=0,to_view=7935
info|2019-12-12 16:57:50.410498|[g:1][CONSENSUS]addRawPrepare,height=17,reqIdx=3,hash=24a74dcf...
info|2019-12-12 16:57:50.418894|[g:1][CONSENSUS][PBFT]checkTimeout Succ,view=7935,toView=7936,nodeIdx=2,changeCycle=0,myNode=8f375bb6...,timecost=5.326
info|2019-12-12 16:57:50.420149|[g:1][CONSENSUS][PBFT]checkAndChangeView: Reach consensus,org_view=7935,org_changeCycle=0,cur_changeCycle=0,to_view=7936
info|2019-12-12 16:57:51.422676|[g:1][CONSENSUS]addRawPrepare,height=17,reqIdx=0,hash=3cae4cd1...
info|2019-12-12 16:57:51.422879|[g:1][CONSENSUS][PBFT]checkTimeout Succ,view=7936,toView=7937,nodeIdx=2,changeCycle=0,myNode=8f375bb6...,timecost=0.181
info|2019-12-12 16:57:51.424332|[g:1][CONSENSUS][PBFT]checkAndChangeView: Reach consensus,org_view=7936,org_changeCycle=0,cur_changeCycle=0,to_view=7937
info|2019-12-12 16:57:52.428169|[g:1][CONSENSUS]addRawPrepare,height=17,reqIdx=1,hash=9707fb8c...
info|2019-12-12 16:57:52.428429|[g:1][CONSENSUS][PBFT]checkTimeout Succ,view=7937,toView=7938,nodeIdx=2,changeCycle=0,myNode=8f375bb6...,timecost=0.23
info|2019-12-12 16:57:52.431654|[g:1][CONSENSUS][PBFT]checkAndChangeView: Reach consensus,org_view=7937,org_changeCycle=0,cur_changeCycle=0,to_view=7938
info|2019-12-12 16:57:53.244752|[P2P][Service] heartBeat,connected count=3
info|2019-12-12 16:57:53.431974|[g:1][CONSENSUS][SEALER]++++++++++++++++ Generating seal on,blkNum=17,tx=0,nodeIdx=2,hash=9fb13ab1...
info|2019-12-12 16:57:53.445822|[g:1][CONSENSUS][PBFT]checkTimeout Succ,view=7938,toView=7939,nodeIdx=2,changeCycle=0,myNode=8f375bb6...,timecost=0.324
info|2019-12-12 16:57:53.447579|[g:1][CONSENSUS][PBFT]checkAndChangeView: Reach consensus,org_view=7938,org_changeCycle=0,cur_changeCycle=0,to_view=7939
info|2019-12-12 16:57:54.445698|[g:1][CONSENSUS]addRawPrepare,height=17,reqIdx=3,hash=57313d60...
info|2019-12-12 16:57:54.453253|[g:1][CONSENSUS][PBFT]checkTimeout Succ,view=7939,toView=7940,nodeIdx=2,changeCycle=0,myNode=8f375bb6...,timecost=7.384
info|2019-12-12 16:57:54.454238|[g:1][CONSENSUS][PBFT]checkAndChangeView: Reach consensus,org_view=7939,org_changeCycle=0,cur_changeCycle=0,to_view=7940
info|2019-12-12 16:57:55.459702|[g:1][CONSENSUS]addRawPrepare,height=17,reqIdx=0,hash=bb4edc1c...
info|2019-12-12 16:57:55.465083|[g:1][CONSENSUS][PBFT]checkTimeout Succ,view=7940,toView=7941,nodeIdx=2,changeCycle=0,myNode=8f375bb6...,timecost=5.235
info|2019-12-12 16:57:55.470157|[g:1][CONSENSUS][PBFT]checkAndChangeView: Reach consensus,org_view=7940,org_changeCycle=0,cur_changeCycle=0,to_view=7941
info|2019-12-12 16:57:56.477675|[g:1][CONSENSUS]addRawPrepare,height=17,reqIdx=1,hash=434d4124...
info|2019-12-12 16:57:56.478049|[g:1][CONSENSUS][PBFT]checkTimeout Succ,view=7941,toView=7942,nodeIdx=2,changeCycle=0,myNode=8f375bb6...,timecost=0.332
info|2019-12-12 16:57:56.482172|[g:1][CONSENSUS][PBFT]checkAndChangeView: Reach consensus,org_view=7941,org_changeCycle=0,cur_changeCycle=0,to_view=7942
info|2019-12-12 16:57:57.483585|[g:1][CONSENSUS][SEALER]++++++++++++++++ Generating seal on,blkNum=17,tx=0,nodeIdx=2,hash=1d38b5d8...
info|2019-12-12 16:57:57.495934|[g:1][CONSENSUS][PBFT]checkTimeout Succ,view=7942,toView=7943,nodeIdx=2,changeCycle=0,myNode=8f375bb6...,timecost=0.508
info|2019-12-12 16:57:57.498276|[g:1][CONSENSUS][PBFT]checkAndChangeView: Reach consensus,org_view=7942,org_changeCycle=0,cur_changeCycle=0,to_view=7943
info|2019-12-12 16:57:58.495114|[g:1][CONSENSUS]addRawPrepare,height=17,reqIdx=3,hash=d65575c0...
info|2019-12-12 16:57:58.495340|[g:1][CONSENSUS][PBFT]checkTimeout Succ,view=7943,toView=7944,nodeIdx=2,changeCycle=0,myNode=8f375bb6...,timecost=0.162
info|2019-12-12 16:57:58.498454|[g:1][CONSENSUS][PBFT]checkAndChangeView: Reach consensus,org_view=7943,org_changeCycle=0,cur_changeCycle=0,to_view=7944
info|2019-12-12 16:57:59.502459|[g:1][CONSENSUS]addRawPrepare,height=17,reqIdx=0,hash=1a09a8da...
info|2019-12-12 16:57:59.502777|[g:1][CONSENSUS][PBFT]checkTimeout Succ,view=7944,toView=7945,nodeIdx=2,changeCycle=0,myNode=8f375bb6...,timecost=0.281
info|2019-12-12 16:57:59.503861|[g:1][CONSENSUS][PBFT]checkAndChangeView: Reach consensus,org_view=7944,org_changeCycle=0,cur_changeCycle=0,to_view=7945
info|2019-12-12 16:58:00.508659|[g:1][CONSENSUS]addRawPrepare,height=17,reqIdx=1,hash=05efdd8a...
info|2019-12-12 16:58:00.509108|[g:1][CONSENSUS][PBFT]checkTimeout Succ,view=7945,toView=7946,nodeIdx=2,changeCycle=0,myNode=8f375bb6...,timecost=0.4
info|2019-12-12 16:58:00.514058|[g:1][CONSENSUS][PBFT]checkAndChangeView: Reach consensus,org_view=7945,org_changeCycle=0,cur_changeCycle=0,to_view=7946
info|2019-12-12 16:58:01.515994|[g:1][CONSENSUS][SEALER]++++++++++++++++ Generating seal on,blkNum=17,tx=0,nodeIdx=2,hash=4fd12dda...
info|2019-12-12 16:58:01.532357|[g:1][CONSENSUS][PBFT]checkTimeout Succ,view=7946,toView=7947,nodeIdx=2,changeCycle=0,myNode=8f375bb6...,timecost=0.36
info|2019-12-12 16:58:01.534231|[g:1][CONSENSUS][PBFT]checkAndChangeView: Reach consensus,org_view=7946,org_changeCycle=0,cur_changeCycle=0,to_view=7947
info|2019-12-12 16:58:02.535170|[g:1][CONSENSUS]addRawPrepare,height=17,reqIdx=3,hash=863f40c8...
info|2019-12-12 16:58:02.535381|[g:1][CONSENSUS][PBFT]checkTimeout Succ,view=7947,toView=7948,nodeIdx=2,changeCycle=0,myNode=8f375bb6...,timecost=0.152
info|2019-12-12 16:58:02.537729|[g:1][CONSENSUS][PBFT]checkAndChangeView: Reach consensus,org_view=7947,org_changeCycle=0,cur_changeCycle=0,to_view=7948
info|2019-12-12 16:58:03.244940|[P2P][Service] heartBeat,connected count=3
info|2019-12-12 16:58:03.547815|[g:1][CONSENSUS]addRawPrepare,height=17,reqIdx=0,hash=ea1b9e86...
info|2019-12-12 16:58:03.552273|[g:1][CONSENSUS][PBFT]checkTimeout Succ,view=7948,toView=7949,nodeIdx=2,changeCycle=0,myNode=8f375bb6...,timecost=2.817
info|2019-12-12 16:58:03.552885|[g:1][CONSENSUS][PBFT]checkAndChangeView: Reach consensus,org_view=7948,org_changeCycle=0,cur_changeCycle=0,to_view=7949
info|2019-12-12 16:58:04.559405|[g:1][CONSENSUS]addRawPrepare,height=17,reqIdx=1,hash=a9d9bb9b...
info|2019-12-12 16:58:04.565733|[g:1][CONSENSUS][PBFT]checkTimeout Succ,view=7949,toView=7950,nodeIdx=2,changeCycle=0,myNode=8f375bb6...,timecost=6.259
info|2019-12-12 16:58:04.571844|[g:1][CONSENSUS][PBFT]checkAndChangeView: Reach consensus,org_view=7949,org_changeCycle=0,cur_changeCycle=0,to_view=7950
info|2019-12-12 16:58:05.575961|[g:1][CONSENSUS][SEALER]++++++++++++++++ Generating seal on,blkNum=17,tx=0,nodeIdx=2,hash=39ba7888...
info|2019-12-12 16:58:05.591407|[g:1][CONSENSUS][PBFT]checkTimeout Succ,view=7950,toView=7951,nodeIdx=2,changeCycle=0,myNode=8f375bb6...,timecost=0.433
info|2019-12-12 16:58:05.592859|[g:1][CONSENSUS][PBFT]checkAndChangeView: Reach consensus,org_view=7950,org_changeCycle=0,cur_changeCycle=0,to_view=7951
info|2019-12-12 16:58:06.592621|[g:1][CONSENSUS]addRawPrepare,height=17,reqIdx=3,hash=b1db6c15...
info|2019-12-12 16:58:06.592820|[g:1][CONSENSUS][PBFT]checkTimeout Succ,view=7951,toView=7952,nodeIdx=2,changeCycle=0,myNode=8f375bb6...,timecost=0.141
info|2019-12-12 16:58:06.595221|[g:1][CONSENSUS][PBFT]checkAndChangeView: Reach consensus,org_view=7951,org_changeCycle=0,cur_changeCycle=0,to_view=7952
info|2019-12-12 16:58:07.601175|[g:1][CONSENSUS]addRawPrepare,height=17,reqIdx=0,hash=8fccaead...
info|2019-12-12 16:58:07.604329|[g:1][CONSENSUS][PBFT]checkTimeout Succ,view=7952,toView=7953,nodeIdx=2,changeCycle=0,myNode=8f375bb6...,timecost=3.095
info|2019-12-12 16:58:07.608172|[g:1][CONSENSUS][PBFT]checkAndChangeView: Reach consensus,org_view=7952,org_changeCycle=0,cur_changeCycle=0,to_view=7953
info|2019-12-12 16:58:08.611876|[g:1][CONSENSUS]addRawPrepare,height=17,reqIdx=1,hash=fb3253e8...
info|2019-12-12 16:58:08.612050|[g:1][CONSENSUS][PBFT]checkTimeout Succ,view=7953,toView=7954,nodeIdx=2,changeCycle=0,myNode=8f375bb6...,timecost=0.156
info|2019-12-12 16:58:08.614714|[g:1][CONSENSUS][PBFT]checkAndChangeView: Reach consensus,org_view=7953,org_changeCycle=0,cur_changeCycle=0,to_view=7954
info|2019-12-12 16:58:09.614303|[g:1][CONSENSUS][SEALER]++++++++++++++++ Generating seal on,blkNum=17,tx=0,nodeIdx=2,hash=add72064...
info|2019-12-12 16:58:09.618950|[g:1][CONSENSUS][PBFT]checkTimeout Succ,view=7954,toView=7955,nodeIdx=2,changeCycle=0,myNode=8f375bb6...,timecost=0.145
info|2019-12-12 16:58:09.619572|[g:1][CONSENSUS][PBFT]checkAndChangeView: Reach consensus,org_view=7954,org_changeCycle=0,cur_changeCycle=0,to_view=7955
info|2019-12-12 16:58:10.619416|[g:1][CONSENSUS]addRawPrepare,height=17,reqIdx=3,hash=1b6ffe37...
info|2019-12-12 16:58:10.619613|[g:1][CONSENSUS][PBFT]checkTimeout Succ,view=7955,toView=7956,nodeIdx=2,changeCycle=0,myNode=8f375bb6...,timecost=0.138
info|2019-12-12 16:58:10.621842|[g:1][CONSENSUS][PBFT]checkAndChangeView: Reach consensus,org_view=7955,org_changeCycle=0,cur_changeCycle=0,to_view=7956
info|2019-12-12 16:58:11.628362|[g:1][CONSENSUS]addRawPrepare,height=17,reqIdx=0,hash=6de9a36c...
info|2019-12-12 16:58:11.631456|[g:1][CONSENSUS][PBFT]checkTimeout Succ,view=7956,toView=7957,nodeIdx=2,changeCycle=0,myNode=8f375bb6...,timecost=2.491
info|2019-12-12 16:58:11.632745|[g:1][CONSENSUS][PBFT]checkAndChangeView: Reach consensus,org_view=7956,org_changeCycle=0,cur_changeCycle=0,to_view=7957
info|2019-12-12 16:58:12.635716|[g:1][CONSENSUS]addRawPrepare,height=17,reqIdx=1,hash=39af2687...
info|2019-12-12 16:58:12.635870|[g:1][CONSENSUS][PBFT]checkTimeout Succ,view=7957,toView=7958,nodeIdx=2,changeCycle=0,myNode=8f375bb6...,timecost=0.138
info|2019-12-12 16:58:12.637121|[g:1][CONSENSUS][PBFT]checkAndChangeView: Reach consensus,org_view=7957,org_changeCycle=0,cur_changeCycle=0,to_view=7958
info|2019-12-12 16:58:13.245295|[P2P][Service] heartBeat,connected count=3
info|2019-12-12 16:58:13.637862|[g:1][CONSENSUS][SEALER]++++++++++++++++ Generating seal on,blkNum=17,tx=0,nodeIdx=2,hash=a8713269...
info|2019-12-12 16:58:13.643943|[g:1][CONSENSUS][PBFT]checkTimeout Succ,view=7958,toView=7959,nodeIdx=2,changeCycle=0,myNode=8f375bb6...,timecost=0.144
info|2019-12-12 16:58:13.644547|[g:1][CONSENSUS][PBFT]checkAndChangeView: Reach consensus,org_view=7958,org_changeCycle=0,cur_changeCycle=0,to_view=7959
info|2019-12-12 16:58:14.645203|[g:1][CONSENSUS]addRawPrepare,height=17,reqIdx=3,hash=5ff38242...
info|2019-12-12 16:58:14.645759|[g:1][CONSENSUS][PBFT]checkTimeout Succ,view=7959,toView=7960,nodeIdx=2,changeCycle=0,myNode=8f375bb6...,timecost=0.467
info|2019-12-12 16:58:14.650689|[g:1][CONSENSUS][PBFT]checkAndChangeView: Reach consensus,org_view=7959,org_changeCycle=0,cur_changeCycle=0,to_view=7960
info|2019-12-12 16:58:15.658688|[g:1][CONSENSUS]addRawPrepare,height=17,reqIdx=0,hash=d075f553...
info|2019-12-12 16:58:15.813576|[g:1][CONSENSUS][PBFT]checkTimeout Succ,view=7960,toView=7961,nodeIdx=2,changeCycle=0,myNode=8f375bb6...,timecost=150.254
info|2019-12-12 16:58:15.817756|[g:1][CONSENSUS][PBFT]checkAndChangeView: Reach consensus,org_view=7960,org_changeCycle=0,cur_changeCycle=0,to_view=7961
info|2019-12-12 16:58:16.838331|[g:1][CONSENSUS]addRawPrepare,height=17,reqIdx=1,hash=17a9edda...
info|2019-12-12 16:58:16.843739|[g:1][CONSENSUS][PBFT]checkTimeout Succ,view=7961,toView=7962,nodeIdx=2,changeCycle=0,myNode=8f375bb6...,timecost=3.702
info|2019-12-12 16:58:16.851686|[g:1][CONSENSUS][PBFT]checkAndChangeView: Reach consensus,org_view=7961,org_changeCycle=0,cur_changeCycle=0,to_view=7962
info|2019-12-12 16:58:17.867275|[g:1][CONSENSUS][SEALER]++++++++++++++++ Generating seal on,blkNum=17,tx=0,nodeIdx=2,hash=cfddef7d...
info|2019-12-12 16:58:17.885866|[g:1][CONSENSUS][PBFT]checkTimeout Succ,view=7962,toView=7963,nodeIdx=2,changeCycle=0,myNode=8f375bb6...,timecost=0.391
info|2019-12-12 16:58:17.891454|[g:1][CONSENSUS][PBFT]checkAndChangeView: Reach consensus,org_view=7962,org_changeCycle=0,cur_changeCycle=0,to_view=7963
info|2019-12-12 16:58:18.889958|[g:1][CONSENSUS]addRawPrepare,height=17,reqIdx=3,hash=0f5b386a...
info|2019-12-12 16:58:18.895235|[g:1][CONSENSUS][PBFT]checkTimeout Succ,view=7963,toView=7964,nodeIdx=2,changeCycle=0,myNode=8f375bb6...,timecost=5.002
info|2019-12-12 16:58:18.902433|[g:1][CONSENSUS][PBFT]checkAndChangeView: Reach consensus,org_view=7963,org_changeCycle=0,cur_changeCycle=0,to_view=7964
info|2019-12-12 16:58:19.915500|[g:1][CONSENSUS]addRawPrepare,height=17,reqIdx=0,hash=a4fb72c5...
info|2019-12-12 16:58:19.915682|[g:1][CONSENSUS][PBFT]checkTimeout Succ,view=7964,toView=7965,nodeIdx=2,changeCycle=0,myNode=8f375bb6...,timecost=0.161
info|2019-12-12 16:58:19.917575|[g:1][CONSENSUS][PBFT]checkAndChangeView: Reach consensus,org_view=7964,org_changeCycle=0,cur_changeCycle=0,to_view=7965
info|2019-12-12 16:58:20.942238|[g:1][CONSENSUS]addRawPrepare,height=17,reqIdx=1,hash=8bdf6a0a...
info|2019-12-12 16:58:20.952279|[g:1][CONSENSUS][PBFT]checkTimeout Succ,view=7965,toView=7966,nodeIdx=2,changeCycle=0,myNode=8f375bb6...,timecost=10.006
info|2019-12-12 16:58:21.045334|[g:1][CONSENSUS][PBFT]checkAndChangeView: Reach consensus,org_view=7965,org_changeCycle=0,cur_changeCycle=0,to_view=7966
info|2019-12-12 16:58:22.049006|[g:1][CONSENSUS][SEALER]++++++++++++++++ Generating seal on,blkNum=17,tx=0,nodeIdx=2,hash=54364db0...
info|2019-12-12 16:58:22.056493|[g:1][CONSENSUS][PBFT]checkTimeout Succ,view=7966,toView=7967,nodeIdx=2,changeCycle=0,myNode=8f375bb6...,timecost=0.297
info|2019-12-12 16:58:22.057593|[g:1][CONSENSUS][PBFT]checkAndChangeView: Reach consensus,org_view=7966,org_changeCycle=0,cur_changeCycle=0,to_view=7967
info|2019-12-12 16:58:23.055522|[g:1][CONSENSUS]addRawPrepare,height=17,reqIdx=3,hash=81829f32...
info|2019-12-12 16:58:23.055719|[g:1][CONSENSUS][PBFT]checkTimeout Succ,view=7967,toView=7968,nodeIdx=2,changeCycle=0,myNode=8f375bb6...,timecost=0.143
info|2019-12-12 16:58:23.098330|[g:1][CONSENSUS][PBFT]checkAndChangeView: Reach consensus,org_view=7967,org_changeCycle=0,cur_changeCycle=0,to_view=7968
info|2019-12-12 16:58:23.245397|[P2P][Service] heartBeat,connected count=3
info|2019-12-12 16:58:24.066059|[g:1][CONSENSUS]addRawPrepare,height=17,reqIdx=0,hash=22d52f89...
info|2019-12-12 16:58:24.068430|[g:1][CONSENSUS][PBFT]checkTimeout Succ,view=7968,toView=7969,nodeIdx=2,changeCycle=0,myNode=8f375bb6...,timecost=2.375
info|2019-12-12 16:58:24.078125|[g:1][CONSENSUS][PBFT]checkAndChangeView: Reach consensus,org_view=7968,org_changeCycle=0,cur_changeCycle=0,to_view=7969
info|2019-12-12 16:58:25.091297|[g:1][CONSENSUS]addRawPrepare,height=17,reqIdx=1,hash=f7704fc6...
info|2019-12-12 16:58:25.091467|[g:1][CONSENSUS][PBFT]checkTimeout Succ,view=7969,toView=7970,nodeIdx=2,changeCycle=0,myNode=8f375bb6...,timecost=0.15
info|2019-12-12 16:58:25.092888|[g:1][CONSENSUS][PBFT]checkAndChangeView: Reach consensus,org_view=7969,org_changeCycle=0,cur_changeCycle=0,to_view=7970
info|2019-12-12 16:58:26.092925|[g:1][CONSENSUS][SEALER]++++++++++++++++ Generating seal on,blkNum=17,tx=0,nodeIdx=2,hash=b989f58a...
info|2019-12-12 16:58:26.097653|[g:1][CONSENSUS][PBFT]checkTimeout Succ,view=7970,toView=7971,nodeIdx=2,changeCycle=0,myNode=8f375bb6...,timecost=0.152
info|2019-12-12 16:58:26.098343|[g:1][CONSENSUS][PBFT]checkAndChangeView: Reach consensus,org_view=7970,org_changeCycle=0,cur_changeCycle=0,to_view=7971
info|2019-12-12 16:58:27.098803|[g:1][CONSENSUS]addRawPrepare,height=17,reqIdx=3,hash=872ff8de...
info|2019-12-12 16:58:27.099069|[g:1][CONSENSUS][PBFT]checkTimeout Succ,view=7971,toView=7972,nodeIdx=2,changeCycle=0,myNode=8f375bb6...,timecost=0.192
info|2019-12-12 16:58:27.101565|[g:1][CONSENSUS][PBFT]checkAndChangeView: Reach consensus,org_view=7971,org_changeCycle=0,cur_changeCycle=0,to_view=7972
info|2019-12-12 16:58:28.106093|[g:1][CONSENSUS]addRawPrepare,height=17,reqIdx=0,hash=33541517...
info|2019-12-12 16:58:28.106275|[g:1][CONSENSUS][PBFT]checkTimeout Succ,view=7972,toView=7973,nodeIdx=2,changeCycle=0,myNode=8f375bb6...,timecost=0.157
info|2019-12-12 16:58:28.107019|[g:1][CONSENSUS][PBFT]checkAndChangeView: Reach consensus,org_view=7972,org_changeCycle=0,cur_changeCycle=0,to_view=7973
info|2019-12-12 16:58:29.111135|[g:1][CONSENSUS]addRawPrepare,height=17,reqIdx=1,hash=9192136c...
info|2019-12-12 16:58:29.111287|[g:1][CONSENSUS][PBFT]checkTimeout Succ,view=7973,toView=7974,nodeIdx=2,changeCycle=0,myNode=8f375bb6...,timecost=0.136
info|2019-12-12 16:58:29.112389|[g:1][CONSENSUS][PBFT]checkAndChangeView: Reach consensus,org_view=7973,org_changeCycle=0,cur_changeCycle=0,to_view=7974
info|2019-12-12 16:58:30.112512|[g:1][CONSENSUS][SEALER]++++++++++++++++ Generating seal on,blkNum=17,tx=0,nodeIdx=2,hash=67ddd512...
info|2019-12-12 16:58:30.116849|[g:1][CONSENSUS][PBFT]checkTimeout Succ,view=7974,toView=7975,nodeIdx=2,changeCycle=0,myNode=8f375bb6...,timecost=0.149
info|2019-12-12 16:58:30.117533|[g:1][CONSENSUS][PBFT]checkAndChangeView: Reach consensus,org_view=7974,org_changeCycle=0,cur_changeCycle=0,to_view=7975
info|2019-12-12 16:58:31.117008|[g:1][CONSENSUS]addRawPrepare,height=17,reqIdx=3,hash=1d6c437f...
info|2019-12-12 16:58:31.117201|[g:1][CONSENSUS][PBFT]checkTimeout Succ,view=7975,toView=7976,nodeIdx=2,changeCycle=0,myNode=8f375bb6...,timecost=0.14
info|2019-12-12 16:58:31.119527|[g:1][CONSENSUS][PBFT]checkAndChangeView: Reach consensus,org_view=7975,org_changeCycle=0,cur_changeCycle=0,to_view=7976
info|2019-12-12 16:58:32.122230|[g:1][CONSENSUS]addRawPrepare,height=17,reqIdx=0,hash=9b081135...
info|2019-12-12 16:58:32.122387|[g:1][CONSENSUS][PBFT]checkTimeout Succ,view=7976,toView=7977,nodeIdx=2,changeCycle=0,myNode=8f375bb6...,timecost=0.139
info|2019-12-12 16:58:32.124091|[g:1][CONSENSUS][PBFT]checkAndChangeView: Reach consensus,org_view=7976,org_changeCycle=0,cur_changeCycle=0,to_view=7977
