warning|2019-12-12 19:58:34.358520|[g:1][CONSENSUS][PBFT]ViewChangeWarning: not caused by omit empty block ,v=7977,toV=7978,curNum=16,hash=f723565c...,nodeIdx=2,myNode=8f375bb6...
info|2019-12-12 19:58:34.408866|[g:1][CONSENSUS][PBFT]checkTimeout Succ,view=7977,toView=7978,nodeIdx=2,changeCycle=1,myNode=8f375bb6...,timecost=50.614
info|2019-12-12 19:58:34.415867|[g:1][CONSENSUS][PBFT]checkAndChangeView: Reach consensus,org_view=7977,org_changeCycle=1,cur_changeCycle=1,to_view=7978
info|2019-12-12 19:58:33.815127|[P2P][Service] heartBeat,connected count=3
info|2019-12-12 19:58:35.425876|[g:1][CONSENSUS][SEALER]++++++++++++++++ Generating seal on,blkNum=17,tx=0,nodeIdx=2,hash=49095644...
info|2019-12-12 19:58:35.430186|[g:1][CONSENSUS][PBFT]checkTimeout Succ,view=7978,toView=7979,nodeIdx=2,changeCycle=0,myNode=8f375bb6...,timecost=0.145
info|2019-12-12 19:58:35.430837|[g:1][CONSENSUS][PBFT]checkAndChangeView: Reach consensus,org_view=7978,org_changeCycle=0,cur_changeCycle=0,to_view=7979
info|2019-12-12 19:58:36.430206|[g:1][CONSENSUS]addRawPrepare,height=17,reqIdx=3,hash=3dbc4f77...
info|2019-12-12 19:58:36.430420|[g:1][CONSENSUS][PBFT]checkTimeout Succ,view=7979,toView=7980,nodeIdx=2,changeCycle=0,myNode=8f375bb6...,timecost=0.145
info|2019-12-12 19:58:36.432951|[g:1][CONSENSUS][PBFT]checkAndChangeView: Reach consensus,org_view=7979,org_changeCycle=0,cur_changeCycle=0,to_view=7980
info|2019-12-12 19:58:37.434639|[g:1][CONSENSUS]addRawPrepare,height=17,reqIdx=0,hash=1c6372d3...
info|2019-12-12 19:58:37.434829|[g:1][CONSENSUS][PBFT]checkTimeout Succ,view=7980,toView=7981,nodeIdx=2,changeCycle=0,myNode=8f375bb6...,timecost=0.167
info|2019-12-12 19:58:37.437484|[g:1][CONSENSUS][PBFT]checkAndChangeView: Reach consensus,org_view=7980,org_changeCycle=0,cur_changeCycle=0,to_view=7981
info|2019-12-12 19:58:38.438313|[g:1][CONSENSUS]addRawPrepare,height=17,reqIdx=1,hash=f78f407b...
info|2019-12-12 19:58:38.438463|[g:1][CONSENSUS][PBFT]checkTimeout Succ,view=7981,toView=7982,nodeIdx=2,changeCycle=0,myNode=8f375bb6...,timecost=0.133
info|2019-12-12 19:58:38.439562|[g:1][CONSENSUS][PBFT]checkAndChangeView: Reach consensus,org_view=7981,org_changeCycle=0,cur_changeCycle=0,to_view=7982
info|2019-12-12 19:58:39.439457|[g:1][CONSENSUS][SEALER]++++++++++++++++ Generating seal on,blkNum=17,tx=0,nodeIdx=2,hash=53a5ff50...
info|2019-12-12 19:58:39.448346|[g:1][CONSENSUS][PBFT]checkTimeout Succ,view=7982,toView=7983,nodeIdx=2,changeCycle=0,myNode=8f375bb6...,timecost=0.17
info|2019-12-12 19:58:39.448994|[g:1][CONSENSUS][PBFT]checkAndChangeView: Reach consensus,org_view=7982,org_changeCycle=0,cur_changeCycle=0,to_view=7983
info|2019-12-12 19:58:40.448049|[g:1][CONSENSUS]addRawPrepare,height=17,reqIdx=3,hash=98231dea...
info|2019-12-12 19:58:40.448258|[g:1][CONSENSUS][PBFT]checkTimeout Succ,view=7983,toView=7984,nodeIdx=2,changeCycle=0,myNode=8f375bb6...,timecost=0.147
info|2019-12-12 19:58:40.451186|[g:1][CONSENSUS][PBFT]checkAndChangeView: Reach consensus,org_view=7983,org_changeCycle=0,cur_changeCycle=0,to_view=7984
info|2019-12-12 19:58:41.453349|[g:1][CONSENSUS]addRawPrepare,height=17,reqIdx=0,hash=e1a84aa6...
info|2019-12-12 19:58:41.453503|[g:1][CONSENSUS][PBFT]checkTimeout Succ,view=7984,toView=7985,nodeIdx=2,changeCycle=0,myNode=8f375bb6...,timecost=0.138
info|2019-12-12 19:58:41.455261|[g:1][CONSENSUS][PBFT]checkAndChangeView: Reach consensus,org_view=7984,org_changeCycle=0,cur_changeCycle=0,to_view=7985
info|2019-12-12 19:58:42.455674|[g:1][CONSENSUS]addRawPrepare,height=17,reqIdx=1,hash=e218e389...
info|2019-12-12 19:58:42.455841|[g:1][CONSENSUS][PBFT]checkTimeout Succ,view=7985,toView=7986,nodeIdx=2,changeCycle=0,myNode=8f375bb6...,timecost=0.147
info|2019-12-12 19:58:42.457799|[g:1][CONSENSUS][PBFT]checkAndChangeView: Reach consensus,org_view=7985,org_changeCycle=0,cur_changeCycle=0,to_view=7986
info|2019-12-12 19:58:43.457467|[g:1][CONSENSUS][SEALER]++++++++++++++++ Generating seal on,blkNum=17,tx=0,nodeIdx=2,hash=4703124b...
info|2019-12-12 19:58:43.462276|[g:1][CONSENSUS][PBFT]checkTimeout Succ,view=7986,toView=7987,nodeIdx=2,changeCycle=0,myNode=8f375bb6...,timecost=0.161
info|2019-12-12 19:58:43.462938|[g:1][CONSENSUS][PBFT]checkAndChangeView: Reach consensus,org_view=7986,org_changeCycle=0,cur_changeCycle=0,to_view=7987
info|2019-12-12 19:58:43.815481|[P2P][Service] heartBeat,connected count=3
info|2019-12-12 19:58:44.461324|[g:1][CONSENSUS]addRawPrepare,height=17,reqIdx=3,hash=73e904f9...
info|2019-12-12 19:58:44.461577|[g:1][CONSENSUS][PBFT]checkTimeout Succ,view=7987,toView=7988,nodeIdx=2,changeCycle=0,myNode=8f375bb6...,timecost=0.16
info|2019-12-12 19:58:44.464613|[g:1][CONSENSUS][PBFT]checkAndChangeView: Reach consensus,org_view=7987,org_changeCycle=0,cur_changeCycle=0,to_view=7988
info|2019-12-12 19:58:45.465478|[g:1][CONSENSUS][PBFT]Trigger fast-viewchange,view=7988,toView=7988,minView=7989,INFO=,reqNum=16,curNum=16,GenIdx=3,Cview=7989,view=7988,fromIdx=3,fromNode=ae77f5f3...,fromIp=127.0.0.1:30302,hash=f723565c...,nodeIdx=2,myNode=8f375bb6...
info|2019-12-12 19:58:45.465653|[g:1][CONSENSUS][PBFT]checkAndChangeView: Reach consensus,org_view=7988,org_changeCycle=0,cur_changeCycle=0,to_view=7989
info|2019-12-12 19:58:45.465658|[g:1][CONSENSUS][PBFT]checkTimeout Succ,view=7989,toView=7989,nodeIdx=2,changeCycle=0,myNode=8f375bb6...,timecost=0.154
info|2019-12-12 19:58:46.468822|[g:1][CONSENSUS]addRawPrepare,height=17,reqIdx=1,hash=796cbdf4...
info|2019-12-12 19:58:46.468969|[g:1][CONSENSUS][PBFT]checkTimeout Succ,view=7989,toView=7990,nodeIdx=2,changeCycle=0,myNode=8f375bb6...,timecost=0.132
info|2019-12-12 19:58:46.470020|[g:1][CONSENSUS][PBFT]checkAndChangeView: Reach consensus,org_view=7989,org_changeCycle=0,cur_changeCycle=0,to_view=7990
info|2019-12-12 19:58:47.471037|[g:1][CONSENSUS][SEALER]++++++++++++++++ Generating seal on,blkNum=17,tx=0,nodeIdx=2,hash=05f6d217...
info|2019-12-12 19:58:47.475800|[g:1][CONSENSUS][PBFT]checkTimeout Succ,view=7990,toView=7991,nodeIdx=2,changeCycle=0,myNode=8f375bb6...,timecost=0.158
info|2019-12-12 19:58:47.476514|[g:1][CONSENSUS][PBFT]checkAndChangeView: Reach consensus,org_view=7990,org_changeCycle=0,cur_changeCycle=0,to_view=7991
info|2019-12-12 19:58:48.474392|[g:1][CONSENSUS]addRawPrepare,height=17,reqIdx=3,hash=5d5b9ab5...
info|2019-12-12 19:58:48.474588|[g:1][CONSENSUS][PBFT]checkTimeout Succ,view=7991,toView=7992,nodeIdx=2,changeCycle=0,myNode=8f375bb6...,timecost=0.143
info|2019-12-12 19:58:48.477522|[g:1][CONSENSUS][PBFT]checkAndChangeView: Reach consensus,org_view=7991,org_changeCycle=0,cur_changeCycle=0,to_view=7992
info|2019-12-12 19:58:49.478165|[g:1][CONSENSUS]addRawPrepare,height=17,reqIdx=0,hash=b95dd8fa...
info|2019-12-12 19:58:49.478334|[g:1][CONSENSUS][PBFT]checkTimeout Succ,view=7992,toView=7993,nodeIdx=2,changeCycle=0,myNode=8f375bb6...,timecost=0.15
info|2019-12-12 19:58:49.479719|[g:1][CONSENSUS][PBFT]checkAndChangeView: Reach consensus,org_view=7992,org_changeCycle=0,cur_changeCycle=0,to_view=7993
info|2019-12-12 19:58:50.482891|[g:1][CONSENSUS]addRawPrepare,height=17,reqIdx=1,hash=6f7d190a...
info|2019-12-12 19:58:50.483196|[g:1][CONSENSUS][PBFT]checkTimeout Succ,view=7993,toView=7994,nodeIdx=2,changeCycle=0,myNode=8f375bb6...,timecost=0.285
info|2019-12-12 19:58:50.486374|[g:1][CONSENSUS][PBFT]checkAndChangeView: Reach consensus,org_view=7993,org_changeCycle=0,cur_changeCycle=0,to_view=7994
info|2019-12-12 19:58:51.486264|[g:1][CONSENSUS][SEALER]++++++++++++++++ Generating seal on,blkNum=17,tx=0,nodeIdx=2,hash=f3754964...
info|2019-12-12 19:58:51.491163|[g:1][CONSENSUS][PBFT]checkTimeout Succ,view=7994,toView=7995,nodeIdx=2,changeCycle=0,myNode=8f375bb6...,timecost=0.179
info|2019-12-12 19:58:51.491852|[g:1][CONSENSUS][PBFT]checkAndChangeView: Reach consensus,org_view=7994,org_changeCycle=0,cur_changeCycle=0,to_view=7995
info|2019-12-12 19:58:52.489815|[g:1][CONSENSUS]addRawPrepare,height=17,reqIdx=3,hash=a0294f38...
info|2019-12-12 19:58:52.490045|[g:1][CONSENSUS][PBFT]checkTimeout Succ,view=7995,toView=7996,nodeIdx=2,changeCycle=0,myNode=8f375bb6...,timecost=0.146
info|2019-12-12 19:58:52.492580|[g:1][CONSENSUS][PBFT]checkAndChangeView: Reach consensus,org_view=7995,org_changeCycle=0,cur_changeCycle=0,to_view=7996
info|2019-12-12 19:58:53.496188|[g:1][CONSENSUS]addRawPrepare,height=17,reqIdx=0,hash=30e3d478...
info|2019-12-12 19:58:53.496399|[g:1][CONSENSUS][PBFT]checkTimeout Succ,view=7996,toView=7997,nodeIdx=2,changeCycle=0,myNode=8f375bb6...,timecost=0.161
info|2019-12-12 19:58:53.498381|[g:1][CONSENSUS][PBFT]checkAndChangeView: Reach consensus,org_view=7996,org_changeCycle=0,cur_changeCycle=0,to_view=7997
info|2019-12-12 19:58:53.815776|[P2P][Service] heartBeat,connected count=3
info|2019-12-12 19:58:54.501086|[g:1][CONSENSUS]addRawPrepare,height=17,reqIdx=1,hash=b987b00f...
info|2019-12-12 19:58:54.501278|[g:1][CONSENSUS][PBFT]checkTimeout Succ,view=7997,toView=7998,nodeIdx=2,changeCycle=0,myNode=8f375bb6...,timecost=0.173
info|2019-12-12 19:58:54.501488|[g:1][CONSENSUS][PBFT]checkAndChangeView: Reach consensus,org_view=7997,org_changeCycle=0,cur_changeCycle=0,to_view=7998
info|2019-12-12 19:58:55.501840|[g:1][CONSENSUS][SEALER]++++++++++++++++ Generating seal on,blkNum=17,tx=0,nodeIdx=2,hash=1adab993...
info|2019-12-12 19:58:55.506657|[g:1][CONSENSUS][PBFT]checkTimeout Succ,view=7998,toView=7999,nodeIdx=2,changeCycle=0,myNode=8f375bb6...,timecost=0.174
info|2019-12-12 19:58:55.507233|[g:1][CONSENSUS][PBFT]checkAndChangeView: Reach consensus,org_view=7998,org_changeCycle=0,cur_changeCycle=0,to_view=7999
info|2019-12-12 19:58:56.506239|[g:1][CONSENSUS]addRawPrepare,height=17,reqIdx=3,hash=72d8fa97...
info|2019-12-12 19:58:56.506465|[g:1][CONSENSUS][PBFT]checkTimeout Succ,view=7999,toView=8000,nodeIdx=2,changeCycle=0,myNode=8f375bb6...,timecost=0.166
info|2019-12-12 19:58:56.508653|[g:1][CONSENSUS][PBFT]checkAndChangeView: Reach consensus,org_view=7999,org_changeCycle=0,cur_changeCycle=0,to_view=8000
info|2019-12-12 19:58:57.510670|[g:1][CONSENSUS]addRawPrepare,height=17,reqIdx=0,hash=8244015e...
info|2019-12-12 19:58:57.510840|[g:1][CONSENSUS][PBFT]checkTimeout Succ,view=8000,toView=8001,nodeIdx=2,changeCycle=0,myNode=8f375bb6...,timecost=0.148
info|2019-12-12 19:58:57.512331|[g:1][CONSENSUS][PBFT]checkAndChangeView: Reach consensus,org_view=8000,org_changeCycle=0,cur_changeCycle=0,to_view=8001
info|2019-12-12 19:58:58.515345|[g:1][CONSENSUS]addRawPrepare,height=17,reqIdx=1,hash=096a17d4...
info|2019-12-12 19:58:58.515595|[g:1][CONSENSUS][PBFT]checkTimeout Succ,view=8001,toView=8002,nodeIdx=2,changeCycle=0,myNode=8f375bb6...,timecost=0.239
info|2019-12-12 19:58:58.521756|[g:1][CONSENSUS][PBFT]checkAndChangeView: Reach consensus,org_view=8001,org_changeCycle=0,cur_changeCycle=0,to_view=8002
info|2019-12-12 19:58:59.525683|[g:1][CONSENSUS][SEALER]++++++++++++++++ Generating seal on,blkNum=17,tx=0,nodeIdx=2,hash=c3a5b15b...
info|2019-12-12 19:58:59.535495|[g:1][CONSENSUS][PBFT]checkTimeout Succ,view=8002,toView=8003,nodeIdx=2,changeCycle=0,myNode=8f375bb6...,timecost=0.163
info|2019-12-12 19:58:59.536094|[g:1][CONSENSUS][PBFT]checkAndChangeView: Reach consensus,org_view=8002,org_changeCycle=0,cur_changeCycle=0,to_view=8003
info|2019-12-12 19:59:00.530389|[g:1][CONSENSUS]addRawPrepare,height=17,reqIdx=3,hash=72cf1cf9...
info|2019-12-12 19:59:00.530592|[g:1][CONSENSUS][PBFT]checkTimeout Succ,view=8003,toView=8004,nodeIdx=2,changeCycle=0,myNode=8f375bb6...,timecost=0.146
info|2019-12-12 19:59:00.535873|[g:1][CONSENSUS][PBFT]checkAndChangeView: Reach consensus,org_view=8003,org_changeCycle=0,cur_changeCycle=0,to_view=8004
info|2019-12-12 19:59:01.535828|[g:1][CONSENSUS]addRawPrepare,height=17,reqIdx=0,hash=96ea5972...
info|2019-12-12 19:59:01.535990|[g:1][CONSENSUS][PBFT]checkTimeout Succ,view=8004,toView=8005,nodeIdx=2,changeCycle=0,myNode=8f375bb6...,timecost=0.145
info|2019-12-12 19:59:01.536214|[g:1][CONSENSUS][PBFT]checkAndChangeView: Reach consensus,org_view=8004,org_changeCycle=0,cur_changeCycle=0,to_view=8005
info|2019-12-12 19:59:02.539523|[g:1][CONSENSUS]addRawPrepare,height=17,reqIdx=1,hash=e5804ec9...
info|2019-12-12 19:59:02.539744|[g:1][CONSENSUS][PBFT]checkTimeout Succ,view=8005,toView=8006,nodeIdx=2,changeCycle=0,myNode=8f375bb6...,timecost=0.198
info|2019-12-12 19:59:02.545149|[g:1][CONSENSUS][PBFT]checkAndChangeView: Reach consensus,org_view=8005,org_changeCycle=0,cur_changeCycle=0,to_view=8006
info|2019-12-12 19:59:03.546042|[g:1][CONSENSUS][SEALER]++++++++++++++++ Generating seal on,blkNum=17,tx=0,nodeIdx=2,hash=e7aa3e6d...
info|2019-12-12 19:59:03.555209|[g:1][CONSENSUS][PBFT]checkTimeout Succ,view=8006,toView=8007,nodeIdx=2,changeCycle=0,myNode=8f375bb6...,timecost=0.156
info|2019-12-12 19:59:03.555861|[g:1][CONSENSUS][PBFT]checkAndChangeView: Reach consensus,org_view=8006,org_changeCycle=0,cur_changeCycle=0,to_view=8007
info|2019-12-12 19:59:03.815900|[P2P][Service] heartBeat,connected count=3
info|2019-12-12 19:59:04.549748|[g:1][CONSENSUS]addRawPrepare,height=17,reqIdx=3,hash=71668cfa...
info|2019-12-12 19:59:04.549943|[g:1][CONSENSUS][PBFT]checkTimeout Succ,view=8007,toView=8008,nodeIdx=2,changeCycle=0,myNode=8f375bb6...,timecost=0.138
info|2019-12-12 19:59:04.553195|[g:1][CONSENSUS][PBFT]checkAndChangeView: Reach consensus,org_view=8007,org_changeCycle=0,cur_changeCycle=0,to_view=8008
info|2019-12-12 19:59:05.555031|[g:1][CONSENSUS]addRawPrepare,height=17,reqIdx=0,hash=01d7b624...
info|2019-12-12 19:59:05.556536|[g:1][CONSENSUS][PBFT]checkTimeout Succ,view=8008,toView=8009,nodeIdx=2,changeCycle=0,myNode=8f375bb6...,timecost=1.489
info|2019-12-12 19:59:05.556976|[g:1][CONSENSUS][PBFT]checkAndChangeView: Reach consensus,org_view=8008,org_changeCycle=0,cur_changeCycle=0,to_view=8009
info|2019-12-12 19:59:06.560600|[g:1][CONSENSUS]addRawPrepare,height=17,reqIdx=1,hash=09391b7e...
info|2019-12-12 19:59:06.560763|[g:1][CONSENSUS][PBFT]checkTimeout Succ,view=8009,toView=8010,nodeIdx=2,changeCycle=0,myNode=8f375bb6...,timecost=0.149
info|2019-12-12 19:59:06.561795|[g:1][CONSENSUS][PBFT]checkAndChangeView: Reach consensus,org_view=8009,org_changeCycle=0,cur_changeCycle=0,to_view=8010
info|2019-12-12 19:59:07.561600|[g:1][CONSENSUS][SEALER]++++++++++++++++ Generating seal on,blkNum=17,tx=0,nodeIdx=2,hash=1a6f4726...
info|2019-12-12 19:59:07.570985|[g:1][CONSENSUS][PBFT]checkTimeout Succ,view=8010,toView=8011,nodeIdx=2,changeCycle=0,myNode=8f375bb6...,timecost=0.177
info|2019-12-12 19:59:07.571634|[g:1][CONSENSUS][PBFT]checkAndChangeView: Reach consensus,org_view=8010,org_changeCycle=0,cur_changeCycle=0,to_view=8011
info|2019-12-12 19:59:08.565755|[g:1][CONSENSUS]addRawPrepare,height=17,reqIdx=3,hash=7de45272...
info|2019-12-12 19:59:08.565960|[g:1][CONSENSUS][PBFT]checkTimeout Succ,view=8011,toView=8012,nodeIdx=2,changeCycle=0,myNode=8f375bb6...,timecost=0.145
info|2019-12-12 19:59:08.569171|[g:1][CONSENSUS][PBFT]checkAndChangeView: Reach consensus,org_view=8011,org_changeCycle=0,cur_changeCycle=0,to_view=8012
info|2019-12-12 19:59:09.570272|[g:1][CONSENSUS]addRawPrepare,height=17,reqIdx=0,hash=13cd4de5...
info|2019-12-12 19:59:09.570437|[g:1][CONSENSUS][PBFT]checkTimeout Succ,view=8012,toView=8013,nodeIdx=2,changeCycle=0,myNode=8f375bb6...,timecost=0.146
info|2019-12-12 19:59:09.572001|[g:1][CONSENSUS][PBFT]checkAndChangeView: Reach consensus,org_view=8012,org_changeCycle=0,cur_changeCycle=0,to_view=8013
info|2019-12-12 19:59:10.577359|[g:1][CONSENSUS]addRawPrepare,height=17,reqIdx=1,hash=de33cf80...
info|2019-12-12 19:59:10.577514|[g:1][CONSENSUS][PBFT]checkTimeout Succ,view=8013,toView=8014,nodeIdx=2,changeCycle=0,myNode=8f375bb6...,timecost=0.136
info|2019-12-12 19:59:10.578583|[g:1][CONSENSUS][PBFT]checkAndChangeView: Reach consensus,org_view=8013,org_changeCycle=0,cur_changeCycle=0,to_view=8014
info|2019-12-12 19:59:11.579251|[g:1][CONSENSUS][SEALER]++++++++++++++++ Generating seal on,blkNum=17,tx=0,nodeIdx=2,hash=afdd7e27...
info|2019-12-12 19:59:11.584143|[g:1][CONSENSUS][PBFT]checkTimeout Succ,view=8014,toView=8015,nodeIdx=2,changeCycle=0,myNode=8f375bb6...,timecost=0.148
info|2019-12-12 19:59:11.584743|[g:1][CONSENSUS][PBFT]checkAndChangeView: Reach consensus,org_view=8014,org_changeCycle=0,cur_changeCycle=0,to_view=8015
info|2019-12-12 19:59:12.583010|[g:1][CONSENSUS]addRawPrepare,height=17,reqIdx=3,hash=c3059f82...
info|2019-12-12 19:59:12.583219|[g:1][CONSENSUS][PBFT]checkTimeout Succ,view=8015,toView=8016,nodeIdx=2,changeCycle=0,myNode=8f375bb6...,timecost=2.343
info|2019-12-12 19:59:12.585860|[g:1][CONSENSUS][PBFT]checkAndChangeView: Reach consensus,org_view=8015,org_changeCycle=0,cur_changeCycle=0,to_view=8016
info|2019-12-12 19:59:13.587632|[g:1][CONSENSUS]addRawPrepare,height=17,reqIdx=0,hash=3a9b3941...
info|2019-12-12 19:59:13.587795|[g:1][CONSENSUS][PBFT]checkTimeout Succ,view=8016,toView=8017,nodeIdx=2,changeCycle=0,myNode=8f375bb6...,timecost=0.147
info|2019-12-12 19:59:13.589629|[g:1][CONSENSUS][PBFT]checkAndChangeView: Reach consensus,org_view=8016,org_changeCycle=0,cur_changeCycle=0,to_view=8017
info|2019-12-12 19:59:13.816701|[P2P][Service] heartBeat,connected count=3
info|2019-12-12 19:59:14.592447|[g:1][CONSENSUS][PBFT]Trigger fast-viewchange,view=8017,toView=8017,minView=8018,INFO=,reqNum=16,curNum=16,GenIdx=0,Cview=8018,view=8017,fromIdx=3,fromNode=ae77f5f3...,fromIp=127.0.0.1:30302,hash=f723565c...,nodeIdx=2,myNode=8f375bb6...
info|2019-12-12 19:59:14.592603|[g:1][CONSENSUS][PBFT]checkAndChangeView: Reach consensus,org_view=8017,org_changeCycle=0,cur_changeCycle=0,to_view=8018
info|2019-12-12 19:59:14.592608|[g:1][CONSENSUS][PBFT]checkTimeout Succ,view=8018,toView=8018,nodeIdx=2,changeCycle=0,myNode=8f375bb6...,timecost=0.155
info|2019-12-12 19:59:15.593033|[g:1][CONSENSUS][SEALER]++++++++++++++++ Generating seal on,blkNum=17,tx=0,nodeIdx=2,hash=9265edea...
info|2019-12-12 19:59:15.597580|[g:1][CONSENSUS][PBFT]checkTimeout Succ,view=8018,toView=8019,nodeIdx=2,changeCycle=0,myNode=8f375bb6...,timecost=0.152
info|2019-12-12 19:59:15.598241|[g:1][CONSENSUS][PBFT]checkAndChangeView: Reach consensus,org_view=8018,org_changeCycle=0,cur_changeCycle=0,to_view=8019
info|2019-12-12 19:59:16.597845|[g:1][CONSENSUS]addRawPrepare,height=17,reqIdx=3,hash=be3fcefe...
info|2019-12-12 19:59:16.598050|[g:1][CONSENSUS][PBFT]checkTimeout Succ,view=8019,toView=8020,nodeIdx=2,changeCycle=0,myNode=8f375bb6...,timecost=0.143
info|2019-12-12 19:59:16.600297|[g:1][CONSENSUS][PBFT]checkAndChangeView: Reach consensus,org_view=8019,org_changeCycle=0,cur_changeCycle=0,to_view=8020
info|2019-12-12 19:59:17.602004|[g:1][CONSENSUS]addRawPrepare,height=17,reqIdx=0,hash=504e9416...
info|2019-12-12 19:59:17.602161|[g:1][CONSENSUS][PBFT]checkTimeout Succ,view=8020,toView=8021,nodeIdx=2,changeCycle=0,myNode=8f375bb6...,timecost=0.138
info|2019-12-12 19:59:17.603993|[g:1][CONSENSUS][PBFT]checkAndChangeView: Reach consensus,org_view=8020,org_changeCycle=0,cur_changeCycle=0,to_view=8021
info|2019-12-12 19:59:18.605597|[g:1][CONSENSUS]addRawPrepare,height=17,reqIdx=1,hash=af7fb5c7...
info|2019-12-12 19:59:18.605764|[g:1][CONSENSUS][PBFT]checkTimeout Succ,view=8021,toView=8022,nodeIdx=2,changeCycle=0,myNode=8f375bb6...,timecost=0.147
info|2019-12-12 19:59:18.606955|[g:1][CONSENSUS][PBFT]checkAndChangeView: Reach consensus,org_view=8021,org_changeCycle=0,cur_changeCycle=0,to_view=8022
info|2019-12-12 19:59:19.606801|[g:1][CONSENSUS][SEALER]++++++++++++++++ Generating seal on,blkNum=17,tx=0,nodeIdx=2,hash=04bf6a61...
info|2019-12-12 19:59:19.612331|[g:1][CONSENSUS][PBFT]checkTimeout Succ,view=8022,toView=8023,nodeIdx=2,changeCycle=0,myNode=8f375bb6...,timecost=0.15
info|2019-12-12 19:59:19.612939|[g:1][CONSENSUS][PBFT]checkAndChangeView: Reach consensus,org_view=8022,org_changeCycle=0,cur_changeCycle=0,to_view=8023
info|2019-12-12 19:59:20.611873|[g:1][CONSENSUS]addRawPrepare,height=17,reqIdx=3,hash=f46107ad...
info|2019-12-12 19:59:20.612076|[g:1][CONSENSUS][PBFT]checkTimeout Succ,view=8023,toView=8024,nodeIdx=2,changeCycle=0,myNode=8f375bb6...,timecost=0.145
info|2019-12-12 19:59:20.615312|[g:1][CONSENSUS][PBFT]checkAndChangeView: Reach consensus,org_view=8023,org_changeCycle=0,cur_changeCycle=0,to_view=8024
info|2019-12-12 19:59:21.615127|[g:1][CONSENSUS]addRawPrepare,height=17,reqIdx=0,hash=aa86aabe...
info|2019-12-12 19:59:21.615295|[g:1][CONSENSUS][PBFT]checkTimeout Succ,view=8024,toView=8025,nodeIdx=2,changeCycle=0,myNode=8f375bb6...,timecost=0.149
info|2019-12-12 19:59:21.617682|[g:1][CONSENSUS][PBFT]checkAndChangeView: Reach consensus,org_view=8024,org_changeCycle=0,cur_changeCycle=0,to_view=8025
info|2019-12-12 19:59:22.619866|[g:1][CONSENSUS]addRawPrepare,height=17,reqIdx=1,hash=9713f5d3...
info|2019-12-12 19:59:22.620020|[g:1][CONSENSUS][PBFT]checkTimeout Succ,view=8025,toView=8026,nodeIdx=2,changeCycle=0,myNode=8f375bb6...,timecost=0.138
info|2019-12-12 19:59:22.621653|[g:1][CONSENSUS][PBFT]checkAndChangeView: Reach consensus,org_view=8025,org_changeCycle=0,cur_changeCycle=0,to_view=8026
info|2019-12-12 19:59:23.621556|[g:1][CONSENSUS][SEALER]++++++++++++++++ Generating seal on,blkNum=17,tx=0,nodeIdx=2,hash=214ba8e5...
info|2019-12-12 19:59:23.625999|[g:1][CONSENSUS][PBFT]checkTimeout Succ,view=8026,toView=8027,nodeIdx=2,changeCycle=0,myNode=8f375bb6...,timecost=0.168
info|2019-12-12 19:59:23.626710|[g:1][CONSENSUS][PBFT]checkAndChangeView: Reach consensus,org_view=8026,org_changeCycle=0,cur_changeCycle=0,to_view=8027
info|2019-12-12 19:59:23.817014|[P2P][Service] heartBeat,connected count=3
info|2019-12-12 19:59:24.625714|[g:1][CONSENSUS]addRawPrepare,height=17,reqIdx=3,hash=f5d7731f...
info|2019-12-12 19:59:24.625922|[g:1][CONSENSUS][PBFT]checkTimeout Succ,view=8027,toView=8028,nodeIdx=2,changeCycle=0,myNode=8f375bb6...,timecost=0.143
info|2019-12-12 19:59:24.629008|[g:1][CONSENSUS][PBFT]checkAndChangeView: Reach consensus,org_view=8027,org_changeCycle=0,cur_changeCycle=0,to_view=8028
info|2019-12-12 19:59:25.629703|[g:1][CONSENSUS]addRawPrepare,height=17,reqIdx=0,hash=f749bf93...
info|2019-12-12 19:59:25.629892|[g:1][CONSENSUS][PBFT]checkTimeout Succ,view=8028,toView=8029,nodeIdx=2,changeCycle=0,myNode=8f375bb6...,timecost=0.17
info|2019-12-12 19:59:25.631530|[g:1][CONSENSUS][PBFT]checkAndChangeView: Reach consensus,org_view=8028,org_changeCycle=0,cur_changeCycle=0,to_view=8029
info|2019-12-12 19:59:26.632975|[g:1][CONSENSUS]addRawPrepare,height=17,reqIdx=1,hash=148d9d5b...
info|2019-12-12 19:59:26.633143|[g:1][CONSENSUS][PBFT]checkTimeout Succ,view=8029,toView=8030,nodeIdx=2,changeCycle=0,myNode=8f375bb6...,timecost=0.149
info|2019-12-12 19:59:26.635434|[g:1][CONSENSUS][PBFT]checkAndChangeView: Reach consensus,org_view=8029,org_changeCycle=0,cur_changeCycle=0,to_view=8030
info|2019-12-12 19:59:27.635720|[g:1][CONSENSUS][SEALER]++++++++++++++++ Generating seal on,blkNum=17,tx=0,nodeIdx=2,hash=a836b695...
info|2019-12-12 19:59:27.640376|[g:1][CONSENSUS][PBFT]checkTimeout Succ,view=8030,toView=8031,nodeIdx=2,changeCycle=0,myNode=8f375bb6...,timecost=0.162
info|2019-12-12 19:59:27.641077|[g:1][CONSENSUS][PBFT]checkAndChangeView: Reach consensus,org_view=8030,org_changeCycle=0,cur_changeCycle=0,to_view=8031
info|2019-12-12 19:59:28.640687|[g:1][CONSENSUS]addRawPrepare,height=17,reqIdx=3,hash=f508422f...
info|2019-12-12 19:59:28.640900|[g:1][CONSENSUS][PBFT]checkTimeout Succ,view=8031,toView=8032,nodeIdx=2,changeCycle=0,myNode=8f375bb6...,timecost=0.155
info|2019-12-12 19:59:28.644080|[g:1][CONSENSUS][PBFT]checkAndChangeView: Reach consensus,org_view=8031,org_changeCycle=0,cur_changeCycle=0,to_view=8032
info|2019-12-12 19:59:29.645744|[g:1][CONSENSUS]addRawPrepare,height=17,reqIdx=0,hash=5944096d...
info|2019-12-12 19:59:29.645928|[g:1][CONSENSUS][PBFT]checkTimeout Succ,view=8032,toView=8033,nodeIdx=2,changeCycle=0,myNode=8f375bb6...,timecost=0.168
info|2019-12-12 19:59:29.646141|[g:1][CONSENSUS][PBFT]checkAndChangeView: Reach consensus,org_view=8032,org_changeCycle=0,cur_changeCycle=0,to_view=8033
info|2019-12-12 19:59:30.649763|[g:1][CONSENSUS]addRawPrepare,height=17,reqIdx=1,hash=3a2e1ec9...
info|2019-12-12 19:59:30.649924|[g:1][CONSENSUS][PBFT]checkTimeout Succ,view=8033,toView=8034,nodeIdx=2,changeCycle=0,myNode=8f375bb6...,timecost=0.144
info|2019-12-12 19:59:30.651565|[g:1][CONSENSUS][PBFT]checkAndChangeView: Reach consensus,org_view=8033,org_changeCycle=0,cur_changeCycle=0,to_view=8034
info|2019-12-12 19:59:31.651907|[g:1][CONSENSUS][SEALER]++++++++++++++++ Generating seal on,blkNum=17,tx=0,nodeIdx=2,hash=103b8e9a...
info|2019-12-12 19:59:31.656145|[g:1][CONSENSUS][PBFT]checkTimeout Succ,view=8034,toView=8035,nodeIdx=2,changeCycle=0,myNode=8f375bb6...,timecost=0.149
info|2019-12-12 19:59:31.656900|[g:1][CONSENSUS][PBFT]checkAndChangeView: Reach consensus,org_view=8034,org_changeCycle=0,cur_changeCycle=0,to_view=8035
info|2019-12-12 19:59:32.659439|[g:1][CONSENSUS]addRawPrepare,height=17,reqIdx=3,hash=c2991e5c...
info|2019-12-12 19:59:32.659642|[g:1][CONSENSUS][PBFT]checkTimeout Succ,view=8035,toView=8036,nodeIdx=2,changeCycle=0,myNode=8f375bb6...,timecost=0.146
info|2019-12-12 19:59:32.662946|[g:1][CONSENSUS][PBFT]checkAndChangeView: Reach consensus,org_view=8035,org_changeCycle=0,cur_changeCycle=0,to_view=8036
info|2019-12-12 19:59:33.665658|[g:1][CONSENSUS][PBFT]Trigger fast-viewchange,view=8036,toView=8036,minView=8037,INFO=,reqNum=16,curNum=16,GenIdx=3,Cview=8037,view=8036,fromIdx=3,fromNode=ae77f5f3...,fromIp=127.0.0.1:30302,hash=f723565c...,nodeIdx=2,myNode=8f375bb6...
info|2019-12-12 19:59:33.665820|[g:1][CONSENSUS][PBFT]checkAndChangeView: Reach consensus,org_view=8036,org_changeCycle=0,cur_changeCycle=0,to_view=8037
info|2019-12-12 19:59:33.665824|[g:1][CONSENSUS][PBFT]checkTimeout Succ,view=8037,toView=8037,nodeIdx=2,changeCycle=0,myNode=8f375bb6...,timecost=0.139
info|2019-12-12 19:59:33.817809|[P2P][Service] heartBeat,connected count=3
info|2019-12-12 19:59:34.670998|[g:1][CONSENSUS]addRawPrepare,height=17,reqIdx=1,hash=656af677...
info|2019-12-12 19:59:34.671177|[g:1][CONSENSUS][PBFT]checkTimeout Succ,view=8037,toView=8038,nodeIdx=2,changeCycle=0,myNode=8f375bb6...,timecost=0.158
info|2019-12-12 19:59:34.672734|[g:1][CONSENSUS][PBFT]checkAndChangeView: Reach consensus,org_view=8037,org_changeCycle=0,cur_changeCycle=0,to_view=8038
info|2019-12-12 19:59:35.673251|[g:1][CONSENSUS][SEALER]++++++++++++++++ Generating seal on,blkNum=17,tx=0,nodeIdx=2,hash=56e4e880...
info|2019-12-12 19:59:35.678995|[g:1][CONSENSUS][PBFT]checkTimeout Succ,view=8038,toView=8039,nodeIdx=2,changeCycle=0,myNode=8f375bb6...,timecost=0.152
info|2019-12-12 19:59:35.679645|[g:1][CONSENSUS][PBFT]checkAndChangeView: Reach consensus,org_view=8038,org_changeCycle=0,cur_changeCycle=0,to_view=8039
info|2019-12-12 19:59:36.678824|[g:1][CONSENSUS]addRawPrepare,height=17,reqIdx=3,hash=e418164c...
info|2019-12-12 19:59:36.679037|[g:1][CONSENSUS][PBFT]checkTimeout Succ,view=8039,toView=8040,nodeIdx=2,changeCycle=0,myNode=8f375bb6...,timecost=0.151
info|2019-12-12 19:59:36.681419|[g:1][CONSENSUS][PBFT]checkAndChangeView: Reach consensus,org_view=8039,org_changeCycle=0,cur_changeCycle=0,to_view=8040
info|2019-12-12 19:59:37.683676|[g:1][CONSENSUS]addRawPrepare,height=17,reqIdx=0,hash=39c03b34...
info|2019-12-12 19:59:37.683845|[g:1][CONSENSUS][PBFT]checkTimeout Succ,view=8040,toView=8041,nodeIdx=2,changeCycle=0,myNode=8f375bb6...,timecost=0.15
info|2019-12-12 19:59:37.686301|[g:1][CONSENSUS][PBFT]checkAndChangeView: Reach consensus,org_view=8040,org_changeCycle=0,cur_changeCycle=0,to_view=8041
info|2019-12-12 19:59:38.688159|[g:1][CONSENSUS][PBFT]Trigger fast-viewchange,view=8041,toView=8041,minView=8042,INFO=,reqNum=16,curNum=16,GenIdx=3,Cview=8042,view=8041,fromIdx=3,fromNode=ae77f5f3...,fromIp=127.0.0.1:30302,hash=f723565c...,nodeIdx=2,myNode=8f375bb6...
info|2019-12-12 19:59:38.688322|[g:1][CONSENSUS][PBFT]checkAndChangeView: Reach consensus,org_view=8041,org_changeCycle=0,cur_changeCycle=0,to_view=8042
info|2019-12-12 19:59:38.688325|[g:1][CONSENSUS][PBFT]checkTimeout Succ,view=8042,toView=8042,nodeIdx=2,changeCycle=0,myNode=8f375bb6...,timecost=0.138
info|2019-12-12 19:59:39.688082|[g:1][CONSENSUS][SEALER]++++++++++++++++ Generating seal on,blkNum=17,tx=0,nodeIdx=2,hash=4cae1d96...
info|2019-12-12 19:59:39.693464|[g:1][CONSENSUS][PBFT]checkTimeout Succ,view=8042,toView=8043,nodeIdx=2,changeCycle=0,myNode=8f375bb6...,timecost=0.141
info|2019-12-12 19:59:39.693896|[g:1][CONSENSUS][PBFT]checkAndChangeView: Reach consensus,org_view=8042,org_changeCycle=0,cur_changeCycle=0,to_view=8043
info|2019-12-12 19:59:40.693882|[g:1][CONSENSUS]addRawPrepare,height=17,reqIdx=3,hash=25c30b48...
info|2019-12-12 19:59:40.694080|[g:1][CONSENSUS][PBFT]checkTimeout Succ,view=8043,toView=8044,nodeIdx=2,changeCycle=0,myNode=8f375bb6...,timecost=0.14
info|2019-12-12 19:59:40.696445|[g:1][CONSENSUS][PBFT]checkAndChangeView: Reach consensus,org_view=8043,org_changeCycle=0,cur_changeCycle=0,to_view=8044
info|2019-12-12 19:59:41.699378|[g:1][CONSENSUS]addRawPrepare,height=17,reqIdx=0,hash=f164c9f1...
info|2019-12-12 19:59:41.699526|[g:1][CONSENSUS][PBFT]checkTimeout Succ,view=8044,toView=8045,nodeIdx=2,changeCycle=0,myNode=8f375bb6...,timecost=0.133
info|2019-12-12 19:59:41.700845|[g:1][CONSENSUS][PBFT]checkAndChangeView: Reach consensus,org_view=8044,org_changeCycle=0,cur_changeCycle=0,to_view=8045
info|2019-12-12 19:59:42.702371|[g:1][CONSENSUS]addRawPrepare,height=17,reqIdx=1,hash=bc25bfcc...
info|2019-12-12 19:59:42.702536|[g:1][CONSENSUS][PBFT]checkTimeout Succ,view=8045,toView=8046,nodeIdx=2,changeCycle=0,myNode=8f375bb6...,timecost=0.148
info|2019-12-12 19:59:42.704957|[g:1][CONSENSUS][PBFT]checkAndChangeView: Reach consensus,org_view=8045,org_changeCycle=0,cur_changeCycle=0,to_view=8046
info|2019-12-12 19:59:43.704763|[g:1][CONSENSUS][SEALER]++++++++++++++++ Generating seal on,blkNum=17,tx=0,nodeIdx=2,hash=6d28b5b2...
info|2019-12-12 19:59:43.709989|[g:1][CONSENSUS][PBFT]checkTimeout Succ,view=8046,toView=8047,nodeIdx=2,changeCycle=0,myNode=8f375bb6...,timecost=0.162
info|2019-12-12 19:59:43.710638|[g:1][CONSENSUS][PBFT]checkAndChangeView: Reach consensus,org_view=8046,org_changeCycle=0,cur_changeCycle=0,to_view=8047
info|2019-12-12 19:59:43.818685|[P2P][Service] heartBeat,connected count=3
info|2019-12-12 19:59:44.709141|[g:1][CONSENSUS]addRawPrepare,height=17,reqIdx=3,hash=c58ba240...
info|2019-12-12 19:59:44.709378|[g:1][CONSENSUS][PBFT]checkTimeout Succ,view=8047,toView=8048,nodeIdx=2,changeCycle=0,myNode=8f375bb6...,timecost=0.146
info|2019-12-12 19:59:44.713086|[g:1][CONSENSUS][PBFT]checkAndChangeView: Reach consensus,org_view=8047,org_changeCycle=0,cur_changeCycle=0,to_view=8048
info|2019-12-12 19:59:45.716138|[g:1][CONSENSUS]addRawPrepare,height=17,reqIdx=0,hash=292cb5d4...
info|2019-12-12 19:59:45.716300|[g:1][CONSENSUS][PBFT]checkTimeout Succ,view=8048,toView=8049,nodeIdx=2,changeCycle=0,myNode=8f375bb6...,timecost=0.145
info|2019-12-12 19:59:45.718123|[g:1][CONSENSUS][PBFT]checkAndChangeView: Reach consensus,org_view=8048,org_changeCycle=0,cur_changeCycle=0,to_view=8049
info|2019-12-12 19:59:46.720386|[g:1][CONSENSUS]addRawPrepare,height=17,reqIdx=1,hash=c3cde393...
info|2019-12-12 19:59:46.720555|[g:1][CONSENSUS][PBFT]checkTimeout Succ,view=8049,toView=8050,nodeIdx=2,changeCycle=0,myNode=8f375bb6...,timecost=0.154
info|2019-12-12 19:59:46.721642|[g:1][CONSENSUS][PBFT]checkAndChangeView: Reach consensus,org_view=8049,org_changeCycle=0,cur_changeCycle=0,to_view=8050
info|2019-12-12 19:59:47.722109|[g:1][CONSENSUS][SEALER]++++++++++++++++ Generating seal on,blkNum=17,tx=0,nodeIdx=2,hash=7374c2bb...
info|2019-12-12 19:59:47.726461|[g:1][CONSENSUS][PBFT]checkTimeout Succ,view=8050,toView=8051,nodeIdx=2,changeCycle=0,myNode=8f375bb6...,timecost=0.146
info|2019-12-12 19:59:47.727115|[g:1][CONSENSUS][PBFT]checkAndChangeView: Reach consensus,org_view=8050,org_changeCycle=0,cur_changeCycle=0,to_view=8051
info|2019-12-12 19:59:48.725810|[g:1][CONSENSUS]addRawPrepare,height=17,reqIdx=3,hash=f6a65d63...
info|2019-12-12 19:59:48.726009|[g:1][CONSENSUS][PBFT]checkTimeout Succ,view=8051,toView=8052,nodeIdx=2,changeCycle=0,myNode=8f375bb6...,timecost=0.142
info|2019-12-12 19:59:48.728585|[g:1][CONSENSUS][PBFT]checkAndChangeView: Reach consensus,org_view=8051,org_changeCycle=0,cur_changeCycle=0,to_view=8052
info|2019-12-12 19:59:49.730067|[g:1][CONSENSUS]addRawPrepare,height=17,reqIdx=0,hash=92aaf209...
info|2019-12-12 19:59:49.730223|[g:1][CONSENSUS][PBFT]checkTimeout Succ,view=8052,toView=8053,nodeIdx=2,changeCycle=0,myNode=8f375bb6...,timecost=0.14
info|2019-12-12 19:59:49.730449|[g:1][CONSENSUS][PBFT]checkAndChangeView: Reach consensus,org_view=8052,org_changeCycle=0,cur_changeCycle=0,to_view=8053
info|2019-12-12 19:59:50.734242|[g:1][CONSENSUS]addRawPrepare,height=17,reqIdx=1,hash=4404ea2d...
info|2019-12-12 19:59:50.734403|[g:1][CONSENSUS][PBFT]checkTimeout Succ,view=8053,toView=8054,nodeIdx=2,changeCycle=0,myNode=8f375bb6...,timecost=0.158
info|2019-12-12 19:59:50.736108|[g:1][CONSENSUS][PBFT]checkAndChangeView: Reach consensus,org_view=8053,org_changeCycle=0,cur_changeCycle=0,to_view=8054
info|2019-12-12 19:59:51.737119|[g:1][CONSENSUS][SEALER]++++++++++++++++ Generating seal on,blkNum=17,tx=0,nodeIdx=2,hash=5f70dbb5...
info|2019-12-12 19:59:51.741995|[g:1][CONSENSUS][PBFT]checkTimeout Succ,view=8054,toView=8055,nodeIdx=2,changeCycle=0,myNode=8f375bb6...,timecost=0.14
info|2019-12-12 19:59:51.742436|[g:1][CONSENSUS][PBFT]checkAndChangeView: Reach consensus,org_view=8054,org_changeCycle=0,cur_changeCycle=0,to_view=8055
info|2019-12-12 19:59:52.741271|[g:1][CONSENSUS]addRawPrepare,height=17,reqIdx=3,hash=5c0c6cf8...
info|2019-12-12 19:59:52.741471|[g:1][CONSENSUS][PBFT]checkTimeout Succ,view=8055,toView=8056,nodeIdx=2,changeCycle=0,myNode=8f375bb6...,timecost=0.142
info|2019-12-12 19:59:52.744076|[g:1][CONSENSUS][PBFT]checkAndChangeView: Reach consensus,org_view=8055,org_changeCycle=0,cur_changeCycle=0,to_view=8056
info|2019-12-12 19:59:53.745888|[g:1][CONSENSUS]addRawPrepare,height=17,reqIdx=0,hash=b4f1c5c6...
info|2019-12-12 19:59:53.746076|[g:1][CONSENSUS][PBFT]checkTimeout Succ,view=8056,toView=8057,nodeIdx=2,changeCycle=0,myNode=8f375bb6...,timecost=0.171
info|2019-12-12 19:59:53.747755|[g:1][CONSENSUS][PBFT]checkAndChangeView: Reach consensus,org_view=8056,org_changeCycle=0,cur_changeCycle=0,to_view=8057
info|2019-12-12 19:59:53.819136|[P2P][Service] heartBeat,connected count=3
info|2019-12-12 19:59:54.751986|[g:1][CONSENSUS]addRawPrepare,height=17,reqIdx=1,hash=c85e19f6...
info|2019-12-12 19:59:54.752175|[g:1][CONSENSUS][PBFT]checkTimeout Succ,view=8057,toView=8058,nodeIdx=2,changeCycle=0,myNode=8f375bb6...,timecost=0.164
info|2019-12-12 19:59:54.752402|[g:1][CONSENSUS][PBFT]checkAndChangeView: Reach consensus,org_view=8057,org_changeCycle=0,cur_changeCycle=0,to_view=8058
info|2019-12-12 19:59:55.753419|[g:1][CONSENSUS][SEALER]++++++++++++++++ Generating seal on,blkNum=17,tx=0,nodeIdx=2,hash=8d18e0f1...
info|2019-12-12 19:59:55.758154|[g:1][CONSENSUS][PBFT]checkTimeout Succ,view=8058,toView=8059,nodeIdx=2,changeCycle=0,myNode=8f375bb6...,timecost=0.164
info|2019-12-12 19:59:55.758876|[g:1][CONSENSUS][PBFT]checkAndChangeView: Reach consensus,org_view=8058,org_changeCycle=0,cur_changeCycle=0,to_view=8059
info|2019-12-12 19:59:56.758472|[g:1][CONSENSUS]addRawPrepare,height=17,reqIdx=3,hash=1ec18961...
info|2019-12-12 19:59:56.758667|[g:1][CONSENSUS][PBFT]checkTimeout Succ,view=8059,toView=8060,nodeIdx=2,changeCycle=0,myNode=8f375bb6...,timecost=0.137
info|2019-12-12 19:59:56.761057|[g:1][CONSENSUS][PBFT]checkAndChangeView: Reach consensus,org_view=8059,org_changeCycle=0,cur_changeCycle=0,to_view=8060
info|2019-12-12 19:59:57.763854|[g:1][CONSENSUS]addRawPrepare,height=17,reqIdx=0,hash=c0a8485b...
info|2019-12-12 19:59:57.764014|[g:1][CONSENSUS][PBFT]checkTimeout Succ,view=8060,toView=8061,nodeIdx=2,changeCycle=0,myNode=8f375bb6...,timecost=0.143
info|2019-12-12 19:59:57.766588|[g:1][CONSENSUS][PBFT]checkAndChangeView: Reach consensus,org_view=8060,org_changeCycle=0,cur_changeCycle=0,to_view=8061
info|2019-12-12 19:59:58.768358|[g:1][CONSENSUS]addRawPrepare,height=17,reqIdx=1,hash=7407f547...
info|2019-12-12 19:59:58.768521|[g:1][CONSENSUS][PBFT]checkTimeout Succ,view=8061,toView=8062,nodeIdx=2,changeCycle=0,myNode=8f375bb6...,timecost=0.146
info|2019-12-12 19:59:58.769659|[g:1][CONSENSUS][PBFT]checkAndChangeView: Reach consensus,org_view=8061,org_changeCycle=0,cur_changeCycle=0,to_view=8062
info|2019-12-12 19:59:59.769761|[g:1][CONSENSUS][SEALER]++++++++++++++++ Generating seal on,blkNum=17,tx=0,nodeIdx=2,hash=83b9ade5...
info|2019-12-12 19:59:59.774281|[g:1][CONSENSUS][PBFT]checkTimeout Succ,view=8062,toView=8063,nodeIdx=2,changeCycle=0,myNode=8f375bb6...,timecost=0.157
info|2019-12-12 19:59:59.774913|[g:1][CONSENSUS][PBFT]checkAndChangeView: Reach consensus,org_view=8062,org_changeCycle=0,cur_changeCycle=0,to_view=8063
